
---------------------------------------------------------
|  1| 99|112|126|129|134|133|130|137|123|141|119|145|115|
---------------------------------------------------------
|122|140|118|101|114|128|127|  1|150|109|147|113|  1|  0|
---------------------------------------------------------
| 97|110|124|142|136|131|132|135|125|139|121|143|117|  0|
---------------------------------------------------------
|102|120|138|116|103| 96| 46|148|107|  1|111|149| 43| 37|
---------------------------------------------------------
|108| 95|104| 98|144| 51|105| 54| 44| 47| 40| 39| 36|  0|
---------------------------------------------------------
|  1|100| 62| 57| 94| 48|146| 49| 31|  1| 34| 45| 35| 41|
---------------------------------------------------------
| 64|106| 93| 63| 53| 27| 56| 30| 52| 42| 33| 38| 24| 18|
---------------------------------------------------------
|  0| 69| 55| 60| 59| 92| 50| 29| 23| 32| 26| 20| 19| 80|
---------------------------------------------------------
|  0| 66| 61| 91| 65| 58| 25| 74| 28| 15| 21| 78| 16| 22|
---------------------------------------------------------
| 71| 77| 67| 68|  1| 72| 90|  1| 10| 76| 14| 17| 82|  0|
---------------------------------------------------------
| 81|  0| 73|  0| 89|  0|  8|  0| 88|  0| 13|  0|  0|  0|
---------------------------------------------------------
| 75|  0| 79|  0| 70|  0|  2|  1| 11| 12|  0| 84|  0|  0|
---------------------------------------------------------
|  0| 83|  5|  0|  0| 87|  9|  6|  0| 86|  0|  0|  0|  0|
---------------------------------------------------------
|  3|  0|  0| 85|  7|  4|  1|  0|  0|  0|  0|  0|  0|  0|
---------------------------------------------------------

| n = 14 | k = 10 | coverage = 159, 81.12244897959184%
 Time 306.74
 Name 7_14x14_minizinc

