
-----------------------------------------
| 51| 57| 62|  1| 67| 68| 71| 56| 75|  1|
-----------------------------------------
| 84| 43| 53|  1| 64| 58| 65| 70|  0| 54|
-----------------------------------------
| 55| 49| 59| 60| 63| 69| 66| 73| 46| 77|
-----------------------------------------
| 45| 82| 41| 26| 25|  1| 72| 22| 52|  1|
-----------------------------------------
| 30|  0| 47| 61| 19| 24| 23| 44| 79| 48|
-----------------------------------------
| 80| 39| 28| 27| 40| 74|  1| 50| 20| 14|
-----------------------------------------
|  1| 32| 78| 17| 31| 21| 42| 16|  3| 81|
-----------------------------------------
| 37|  2| 29| 38| 76|  1|  9| 83| 12| 18|
-----------------------------------------
| 34|  0|  6| 33| 15|  0| 10|  1| 11|  5|
-----------------------------------------
|  4| 35| 36|  0|  8|  0| 13|  7|  0|  0|
-----------------------------------------

| n = 10 | k = 9 | coverage = 92, 92.0%
 Time 301.19
 Name 17_10x10_minizinc

