
---------------------------------------------------------
| 49|  0|161|  0| 57| 10|165|174|  0|  6| 24|  0|  9| 30|
---------------------------------------------------------
|159|  0| 47| 53|163|176| 86|  8|167|172| 11| 28| 22|  5|
---------------------------------------------------------
|108| 51|157| 59| 45| 55| 12| 90|  4| 26|169|  7| 32|166|
---------------------------------------------------------
|151|  0|110|104|  0| 88| 43| 84| 14| 13|170|164|  3| 20|
---------------------------------------------------------
|112|106|149|155| 61| 82|100|  2| 92|171| 40| 18|168| 34|
---------------------------------------------------------
|147|153| 63| 80|102| 41| 94|  0| 42| 16| 15| 36|162|  1|
---------------------------------------------------------
|  0|114|101|143|  0| 98| 44| 39|173| 38|140|119| 21|158|
---------------------------------------------------------
|103|145| 78| 65| 46|141|175| 96|  0| 17| 23|160|138|121|
---------------------------------------------------------
|116| 67|105| 99|109| 91| 37|139| 25|142|117| 19|156|134|
---------------------------------------------------------
|  0| 76|  0| 48| 58| 97|111|144|115|137|130|136|123|  0|
---------------------------------------------------------
| 69|118| 60|107| 93| 35| 89|  0|  0| 27|125|135|132|154|
---------------------------------------------------------
| 62| 68| 74|120| 50| 56| 95|113|146|128| 83|152|127|133|
---------------------------------------------------------
| 72| 71| 64| 54| 33| 75|124| 87| 29| 79|148|131|  0|  0|
---------------------------------------------------------
| 66|  0| 70| 73|122| 52| 31| 77|126| 85|  0| 81|150|129|
---------------------------------------------------------

| n = 14 | k = 10 | coverage = 185, 94.38775510204081%
 Time 300.001
 Name 18_14x14_clingo

