
-----------------------------------------
| 53| 59| 58| 67| 66| 71| 70| 75| 50| 79|
-----------------------------------------
| 60| 65| 55| 61| 56| 45| 52| 81| 72|  0|
-----------------------------------------
| 57| 51|  1| 64| 69| 68| 73|  3| 77| 48|
-----------------------------------------
| 92| 62| 63| 37| 47| 54| 43| 38| 83| 74|
-----------------------------------------
| 30| 35| 49| 80| 34| 39|  5| 76| 46|  0|
-----------------------------------------
| 31| 90| 32| 18| 19| 78| 36| 41| 40| 85|
-----------------------------------------
| 14| 28| 33| 15| 82| 20| 21|  7|  2| 44|
-----------------------------------------
| 88| 29| 16| 25|  8| 17|  4| 42| 87|  1|
-----------------------------------------
|  1| 12| 26| 84| 13| 23| 22| 91|  9|  0|
-----------------------------------------
|  0| 86| 27| 10| 24|  6| 11|  1|  0| 89|
-----------------------------------------

| n = 10 | k = 4 | coverage = 95, 95.0%
 Time 301.26
 Name 18_10x10_minizinc

