
-----------------------------------------
| 53| 59| 60| 67| 68| 71| 72| 75|  1|  3|
-----------------------------------------
| 58|  1| 55| 61| 62| 77| 66|  1| 74|  1|
-----------------------------------------
| 57| 51| 65| 50| 69| 70| 73| 79|  5| 78|
-----------------------------------------
|  1| 56| 43| 44| 63| 64| 82| 76| 83|  1|
-----------------------------------------
| 49| 38| 52| 39| 48| 35| 81| 86| 80|  7|
-----------------------------------------
| 54| 41| 46| 45| 42| 84| 27| 85| 31|  1|
-----------------------------------------
| 36| 47| 40| 23| 37| 19| 33| 15|  9|  0|
-----------------------------------------
|  6|  1| 10| 16| 30| 25| 11| 29| 22|  0|
-----------------------------------------
| 12| 34|  4|  1| 21| 18| 17| 26| 13|  0|
-----------------------------------------
|  2|  8| 14| 32|  0| 28|  1| 20|  0| 24|
-----------------------------------------

| n = 10 | k = 10 | coverage = 95, 95.0%
 Time 301.25
 Name 10_10x10_minizinc

