
-------------------------------------------------
| 74| 84| 83| 96|  1| 97|102|101| 91|105|106|109|
-------------------------------------------------
| 80| 79| 76| 75| 85| 98| 89| 95|104|111|112|  1|
-------------------------------------------------
| 86| 72| 82| 81| 94| 68| 99|100|103| 93|107|108|
-------------------------------------------------
| 65| 78| 77| 70| 73| 87| 64| 58|113|110|117|114|
-------------------------------------------------
| 59| 88| 63|  1| 66| 92|  3| 52|118| 60|  1|129|
-------------------------------------------------
| 45| 67| 57| 90| 49| 71| 53| 62| 56|115|116|119|
-------------------------------------------------
|  1| 61| 47| 69| 55| 44| 54|  5| 50|120|127|  1|
-------------------------------------------------
| 25| 43| 24| 30| 29| 51| 48|  2| 36|  6|121|122|
-------------------------------------------------
| 22| 28| 27| 41| 46| 32| 42| 33|  7|125|  1|  8|
-------------------------------------------------
|  0| 23| 17| 26| 16| 31|  9| 34|  4| 38|124|123|
-------------------------------------------------
| 19| 20|  1| 13| 39|  1| 14| 40| 35|128| 10|  0|
-------------------------------------------------
|  0| 15| 21| 18|  0| 11| 37|130| 12|  0|  0|126|
-------------------------------------------------

| n = 12 | k = 9 | coverage = 138, 95.83333333333333%
 Time 302.71
 Name 16_12x12_minizinc

