
-------------------------------------------------
| 73|  1| 82|  1| 93| 96|101|100| 97| 92|105|104|
-------------------------------------------------
| 83|  2| 75| 89| 84| 78| 95| 94|103|102|111| 70|
-------------------------------------------------
| 65| 71| 85| 80| 77| 91| 98| 99| 90| 72|106|107|
-------------------------------------------------
|  4| 81| 67|114| 87| 86| 76|110| 64|109| 68|113|
-------------------------------------------------
| 69| 63| 58| 79|118|112| 62| 88| 74|108|121|  0|
-------------------------------------------------
| 55|  6|116| 61| 60| 54|120| 50|123| 66|115| 46|
-------------------------------------------------
|130| 47| 57| 56|122| 43| 26|  1| 22| 48|  1|119|
-------------------------------------------------
|  8| 53|  1| 45| 59| 29| 52|125| 28|117| 44|  0|
-------------------------------------------------
| 49|128| 10| 27| 33|124| 41| 24| 38| 20| 30| 15|
-------------------------------------------------
|  1|  1| 51|126| 12| 25| 31| 18|127| 17| 36| 42|
-------------------------------------------------
|  0|  1|  5| 35|  0| 16|  9| 39| 21| 40| 13| 32|
-------------------------------------------------
|  3|  0|  0| 14|  7| 37| 23|129| 11| 34| 19|  0|
-------------------------------------------------

| n = 12 | k = 8 | coverage = 137, 95.13888888888889%
 Time 302.77
 Name 3_12x12_minizinc

