
-------------------------------------------------
| 92| 82| 81| 91| 77| 74| 85| 71| 68| 63|  0| 67|
-------------------------------------------------
|  0| 52| 90|  1| 83| 89| 75| 72|  1| 69| 66| 61|
-------------------------------------------------
| 84|  1| 80| 79| 76| 27|  1| 87| 73| 70| 65| 30|
-------------------------------------------------
| 50|  1| 54| 88| 22|  0| 31| 25| 34| 28| 59| 64|
-------------------------------------------------
| 17| 86| 20| 78| 29| 23|  1| 26| 33| 62| 32|  2|
-------------------------------------------------
| 18| 48| 19| 56|  1| 24| 35| 60| 10| 36| 39| 57|
-------------------------------------------------
|  0| 15| 16| 11| 21| 58| 12|  3| 37| 43|  4|  0|
-------------------------------------------------
|  0|  9| 46|  0| 14|  5| 42|  8| 38|  0| 55| 41|
-------------------------------------------------
|  0|  0| 13|  7| 44|  0|  0|  0| 45|  6|  0|  0|
-------------------------------------------------
|  0|  0|  0|  0|  0|  0|  0| 40|  0| 49|  0| 53|
-------------------------------------------------
|  0|  0|  0|  0|  0|  0|  0| 47|  0|  0|  0|  0|
-------------------------------------------------
|  0|  0|  0|  0|  0|  0|  0|  0|  0|  0| 51|  0|
-------------------------------------------------

| n = 12 | k = 7 | coverage = 98, 68.05555555555556%
 Time 302.75
 Name 10_12x12_minizinc

