
---------------------------------
| 33| 38| 41| 46| 45| 42| 49| 30|
---------------------------------
| 39| 48| 35| 40| 51| 32| 22|  0|
---------------------------------
| 52| 31| 36| 43| 44| 47| 28|  1|
---------------------------------
| 11| 37| 50| 25| 34| 24|  1| 20|
---------------------------------
| 29|  3|  9| 10|  1| 23|  0| 26|
---------------------------------
|  6| 13| 27|  5|  1| 12| 18| 21|
---------------------------------
|  1|  7|  8|  2| 17|  1|  1| 14|
---------------------------------
|  0|  4| 15|  0|  1| 16| 19|  0|
---------------------------------

| n = 8 | k = 8 | coverage = 59, 92.1875%
 Time 300.48
 Name 7_8x8_minizinc

