
---------------------------------------------------------
| 32| 26| 40| 75| 41| 11| 33| 71| 45| 67| 29| 59| 53|  0|
---------------------------------------------------------
| 38| 77| 34| 28| 35| 73| 43|  9| 31| 61| 55| 65| 27|  0|
---------------------------------------------------------
| 24| 30| 81| 42|  5| 39| 13|  0| 69| 47| 17| 23| 57| 51|
---------------------------------------------------------
| 79| 36|  3| 37|134| 85|  7|128| 15| 89| 63| 49| 19| 25|
---------------------------------------------------------
|  1| 22|168| 83| 44|118|132| 87| 48|126| 21| 91|173|  0|
---------------------------------------------------------
|166|  0|114|136|110|  0| 46|120|130|137|175|124|  0|  0|
---------------------------------------------------------
| 20|138|164|170|116| 98|  0| 50|125|122|133|139| 93|171|
---------------------------------------------------------
|  0|172|158|112|162|108|163| 96|135| 52|127|177|  0|141|
---------------------------------------------------------
|156| 18|140|106|157| 94|100|123|165|131| 56|143|169| 95|
---------------------------------------------------------
|174| 12|154|160|142|104|155|161| 54|121|167|129|107|145|
---------------------------------------------------------
| 16| 78|144| 10|152|159| 92|102|153| 58|109|119| 97|103|
---------------------------------------------------------
|146|176| 14| 72| 66|  8| 62|  4|  0| 88| 99|105|147|113|
---------------------------------------------------------
| 76| 70| 80|150|  0|  2| 84| 90| 60|151|117|111|101|  0|
---------------------------------------------------------
|178|148| 74| 68| 82| 64|  6|  0| 86|  0|  0|149|115|  0|
---------------------------------------------------------

| n = 14 | k = 7 | coverage = 184, 93.87755102040816%
 Time 299.968
 Name 19_14x14_clingo

