
-----------------------------------------------------------------
|  0|  0|227|232|186|213|223|204|190|200| 94| 44|142|148|  0|  0|
-----------------------------------------------------------------
|229|234|184|211|225|  0|188|215| 92|206|192|198| 96| 42|140|146|
-----------------------------------------------------------------
|182|164|230|233|  1|237|167|221|202|196| 46|208|150|144| 50| 40|
-----------------------------------------------------------------
|236|231|201|166|209|226|217|239|169| 90|152|194| 48| 98|  1|138|
-----------------------------------------------------------------
|199|180|162|228|235|168|207|165|219| 32|210| 88|  1|132| 38| 52|
-----------------------------------------------------------------
| 16|238| 73|203|224|158| 69|171|  1|154|161| 34|100| 86|136|130|
-----------------------------------------------------------------
|178|197| 18|160| 71|205|170|156|163|  0| 30|212|134| 36| 54| 84|
-----------------------------------------------------------------
| 20| 14|176| 75| 24|222|173| 67| 28|159|216|102| 56| 82|128|  0|
-----------------------------------------------------------------
|195|  8| 22|185|179|172| 26|220| 15|108|127|157|214|104| 58| 80|
-----------------------------------------------------------------
| 12|187|  4|174| 77|183| 13|175| 65|218| 17|106| 21| 62|153|126|
-----------------------------------------------------------------
|  6|193| 10|181| 11|177| 79| 29|110|125| 63|129|155|149| 78| 60|
-----------------------------------------------------------------
|189|  2| 49| 35|  0|  0| 53|123| 81| 27|133| 19| 64| 23|124|151|
-----------------------------------------------------------------
| 47| 37|191|  9| 51|121| 31|112|  3| 61| 66| 25|131|  1|147| 76|
-----------------------------------------------------------------
| 41| 95| 45| 91| 33| 55|  5| 83|105|114|  1|135|113| 70|141|122|
-----------------------------------------------------------------
|  0| 89| 39| 97|  7| 85|119|101| 59|109|115| 68|118|137| 74|145|
-----------------------------------------------------------------
|  0| 43| 93| 87|  0| 99| 57|107|117|103|116|111| 72|143|120|139|
-----------------------------------------------------------------

| n = 16 | k = 6 | coverage = 244, 95.3125%
 Time 299.999
 Name 16_16x16_clingo

