
---------------------------------------------------------
| 99|112|126|129|134|133|130|137|138|141|142|121|146|145|
---------------------------------------------------------
|109|118|101|114|128|127|136|155|  0|123|148|143|152|  0|
---------------------------------------------------------
|110| 97|111|124|131|132|135|125|139|140|119|144|147|  0|
---------------------------------------------------------
|120|107|116|103|113| 50|153| 47|117|  1|149|150| 41|154|
---------------------------------------------------------
| 95|108|122| 53| 54| 49|115| 48|151| 44| 43| 40| 35| 36|
---------------------------------------------------------
| 64| 63|105|  2| 60| 55| 52|  1| 45| 30| 29| 34|156| 39|
---------------------------------------------------------
|106| 93| 62| 61| 51| 56| 26| 57| 46| 21| 42| 37| 38| 33|
---------------------------------------------------------
| 65| 66|  1| 58|  4| 59|  1| 23| 28| 27| 32| 31| 16| 11|
---------------------------------------------------------
| 79|104| 91| 76| 82| 73|  6| 24| 19| 88|  3| 13|  0|  0|
---------------------------------------------------------
| 68| 67| 77| 71| 89| 78|  1| 86| 25| 22| 17| 14|  9| 18|
---------------------------------------------------------
|102| 81| 74| 80| 75| 84|  0|  8|  1|  5| 90| 20| 15|  0|
---------------------------------------------------------
|  0| 70| 69| 87|  1|  1|  0|  0|  0|  0| 12|  7|  0|  0|
---------------------------------------------------------
| 83|100|  0| 72|  0| 96|  0|  0| 10| 92|  0|  0|  0|  0|
---------------------------------------------------------
|  0|  0| 85| 98|  1|  0|  0| 94|  0|  0|  0|  0|  0|  0|
---------------------------------------------------------

| n = 14 | k = 9 | coverage = 164, 83.6734693877551%
 Time 305.46
 Name 15_14x14_minizinc

