
-----------------------------------------------------------------
|107|238| 11|113| 15|121|100|117| 28|125|  0|  0| 32|114| 20|  0|
-----------------------------------------------------------------
|  9|  1|109| 19| 98|115|106|123|  0|  0| 30| 24|165| 16| 34|116|
-----------------------------------------------------------------
|236|105|  1| 13|111| 17|119|102|108| 26|127| 14|112| 22|167| 18|
-----------------------------------------------------------------
|  0|  7| 21| 96|237|104|174| 68| 81| 80|110|163|169|147|118| 36|
-----------------------------------------------------------------
|103|234| 99|233|176| 94| 83| 82|172|161| 12|129|120| 38|175|145|
-----------------------------------------------------------------
|  5|231|178| 23| 97|235| 66| 79| 70| 87| 78|159|177|171|149| 40|
-----------------------------------------------------------------
|232|101|  3|225| 75| 25| 92| 85| 84|170|131| 10|151|122|143|173|
-----------------------------------------------------------------
|229|180| 73| 95| 90|223| 77| 64| 89| 72|157| 76|189|179| 42|124|
-----------------------------------------------------------------
| 67|230|227|186| 71| 93| 27| 86|  0|133|168|153|  8|141|187|181|
-----------------------------------------------------------------
|182|192| 69|228|221| 88| 62| 91| 29|155| 74|191|166|183|126| 44|
-----------------------------------------------------------------
|  0| 65|184|  1|188|  0|220|  1| 60|193|135|  6|140| 46|139|185|
-----------------------------------------------------------------
|194|215|190| 63|226|219| 45| 31|197|136| 58|132|137|164|142|128|
-----------------------------------------------------------------
|  0| 53|207|217| 47|222|199|218| 56|210|195|138|  4|130| 48|162|
-----------------------------------------------------------------
|213|196| 49|224| 61| 43| 33|204| 37|216|134|  1| 50|156|150|144|
-----------------------------------------------------------------
| 51|205| 55|209|200|201| 59| 41|212| 54|208|  0|148|  2|160|154|
-----------------------------------------------------------------
|  0|211|198|203| 57|  0|202| 35|206| 39|214| 52|158|152|146|  0|
-----------------------------------------------------------------

| n = 16 | k = 5 | coverage = 242, 94.53125%
 Time 299.999
 Name 4_16x16_clingo

