
-----------------------------------------------------------------
| 69| 19|221|227| 65| 15|  5|231|114| 11|173|108|177|239|169|163|
-----------------------------------------------------------------
|219|225| 67| 17|  0|229| 63| 13|  7|110|116|237|171|165|179|  0|
-----------------------------------------------------------------
| 21| 71|150|223| 33|  3| 57|112|233|120|  9|175|106|183|161|167|
-----------------------------------------------------------------
|  0|217| 23|213|148| 61| 35| 45|144| 41|235|118|132|157|104|181|
-----------------------------------------------------------------
|  0|152| 73| 31|  1| 55|146| 59| 37| 47|122|140|185|191|134|159|
-----------------------------------------------------------------
| 75| 25|215|234|211|238| 51|  6| 43|142| 39|130|136|102|155|189|
-----------------------------------------------------------------
|154| 83| 29| 79| 53|188|209| 56| 49|  4|138|124|193|187|  0|151|
-----------------------------------------------------------------
| 27| 77|232| 93|236| 54|  8|190|127|141|128|  2|  0|153|100|198|
-----------------------------------------------------------------
| 85|156| 81| 52|105| 91|186|207| 58|192|125|195|126|196|149| 76|
-----------------------------------------------------------------
|  0|230|103| 89| 95| 10|107|129|143|197|139|194|147| 78|200| 98|
-----------------------------------------------------------------
|158| 87| 50|228|178|131|205|184|109| 60|145|123| 34| 96| 74| 80|
-----------------------------------------------------------------
| 48|101|160| 97| 12|218|180|133|199|137| 36| 62| 72|121| 32|202|
-----------------------------------------------------------------
|162|  0|226|176|  0|203|  0|216|182|111| 70| 24| 94|204| 82|119|
-----------------------------------------------------------------
|224| 46| 99| 14|220|214|172|201|135| 38|  0|113| 64| 26| 88| 30|
-----------------------------------------------------------------
|  0|164|222| 44|174|168| 18| 40|210| 68| 22|  0|206| 92|117| 84|
-----------------------------------------------------------------
|  0|  0|  0|166| 16| 42|212|170| 20|  0|208| 66|115| 86| 28| 90|
-----------------------------------------------------------------

| n = 16 | k = 4 | coverage = 242, 94.53125%
 Time 299.991
 Name 10_16x16_clingo

