
---------------------------------
| 27| 37| 31|  0| 32| 26| 44| 53|
---------------------------------
| 33|  4| 25| 28| 42| 51|  5| 24|
---------------------------------
| 39| 29| 35| 34|  3| 30| 55| 46|
---------------------------------
|  2| 23|  6| 40| 49| 48| 22|  7|
---------------------------------
|  0| 41| 19|  1| 36| 57| 16| 50|
---------------------------------
| 21|  8| 38| 15| 54| 47|  9| 20|
---------------------------------
|  0| 17| 43| 10| 11| 18| 52| 14|
---------------------------------
|  0|  0| 13| 56| 45| 12|  0|  0|
---------------------------------

| n = 8 | k = 5 | coverage = 57, 89.0625%
 Time 9.999
 Name 0_8x8_clingo

