
---------------------------------
| 27|  0|  0|  0|  0|  0| 63| 53|
---------------------------------
| 17|  0| 25| 31| 57| 51| 14|  0|
---------------------------------
| 23| 29| 19| 49| 39| 61| 55| 10|
---------------------------------
|  2| 15|  0| 59| 33| 12| 41| 16|
---------------------------------
|  0| 21|  4|  1| 47| 37|  8|  0|
---------------------------------
| 13|  3|  9| 35|  6| 43| 18|  0|
---------------------------------
|  0|  0|  0| 45|  7| 22|  0|  0|
---------------------------------
|  0| 11|  5| 24|  0|  0|  0| 20|
---------------------------------

| n = 8 | k = 5 | coverage = 44, 68.75%
 Time 0.418
 Name 0_8x8_clingo

