
---------------------------------------------------------
|  2|100|111|  1|126|129|134|133|138|137|123|141|142|145|
---------------------------------------------------------
|112|118|124|102|113|107|128|127|132|150|140|147| 97|151|
---------------------------------------------------------
| 98|  4|114|109|122| 48|131|136|135|125|139|121|143|144|
---------------------------------------------------------
|116|110|120|  3|104|115|105|130|152|119|148| 99|149| 95|
---------------------------------------------------------
| 43| 96|  6|108| 50| 49| 46|117| 54|101| 55| 40|146| 36|
---------------------------------------------------------
| 37| 31| 41| 47|  5|106| 52|103| 53| 42| 61| 34| 93|  0|
---------------------------------------------------------
| 94| 45| 35|  8| 62| 68| 51| 44| 30| 56| 67| 57| 38|  0|
---------------------------------------------------------
| 33| 39| 29| 23| 24|  7| 60| 66| 69| 59| 32| 63| 73| 91|
---------------------------------------------------------
| 27| 92| 22| 17| 10| 64| 70| 28| 58| 65| 71| 77| 78|  0|
---------------------------------------------------------
| 20| 15| 25|  0| 21| 26|  9|  0| 72| 79| 80|  0| 89| 75|
---------------------------------------------------------
| 90|  0| 19| 13|  0| 12|  0|  0| 82|  0| 83| 76|  0|  0|
---------------------------------------------------------
|  0| 18| 88| 14|  0| 11| 84|  0| 81| 74|  0|  0|  0| 87|
---------------------------------------------------------
|  0|  0|  0|  0| 86|  0|  0|  0|  0|  0|  0| 85|  0|  0|
---------------------------------------------------------
|  0|  0| 16|  0|  0|  0|  0|  0|  0|  0|  0|  0|  0|  0|
---------------------------------------------------------

| n = 14 | k = 1 | coverage = 152, 77.55102040816327%
 Time 310.38
 Name 000_14x14_minizinc

