
---------------------------------
| 32| 37| 43| 42| 47| 46| 27|  2|
---------------------------------
| 41| 40| 30| 35| 25|  4| 49|  1|
---------------------------------
|  1| 34| 39| 45| 44|  1| 48| 29|
---------------------------------
| 38| 28| 54| 23| 33| 51|  6|  0|
---------------------------------
| 56| 21| 36| 26|  3| 50| 31| 53|
---------------------------------
| 13|  7| 17| 52| 14| 20|  1|  8|
---------------------------------
| 19|  1| 11|  5| 24| 10| 55| 18|
---------------------------------
|  9| 15|  1| 12|  0| 16| 22|  0|
---------------------------------

| n = 8 | k = 6 | coverage = 56, 87.5%
 Time 300.65
 Name Optimization_1_8x8_minizinc


---------------------------------
| 32| 37| 43| 42| 47| 46| 27|  2|
---------------------------------
| 41| 40| 30| 35| 25|  4| 49|  1|
---------------------------------
|  1| 34| 39| 45| 44|  1| 48| 29|
---------------------------------
| 38| 28| 54| 23| 33| 51|  6|  0|
---------------------------------
| 56| 21| 36| 26|  3| 50| 31| 53|
---------------------------------
| 13|  7| 17| 52| 14| 20|  1|  8|
---------------------------------
| 19|  1| 11|  5| 24| 10| 55| 18|
---------------------------------
|  9| 15|  1| 12|  0| 16| 22|  0|
---------------------------------

| n = 8 | k = 6 | coverage = 56, 87.5%
 Time 304.31
 Name Optimization_2_8x8_minizinc


---------------------------------
| 32| 38| 35| 45| 48| 41| 56|  2|
---------------------------------
| 33| 47| 30| 36| 37|  4| 50|  1|
---------------------------------
|  1| 34| 40| 46| 43|  1| 39| 54|
---------------------------------
| 42| 31| 49| 28| 17| 52|  6|  0|
---------------------------------
| 51| 22| 44| 14|  3| 26| 19| 13|
---------------------------------
| 29| 16| 53| 24|  9| 15|  1|  8|
---------------------------------
| 55|  1| 20| 25| 12|  5| 11| 21|
---------------------------------
| 18| 27|  1|  7|  0| 23| 10|  0|
---------------------------------

| n = 8 | k = 6 | coverage = 56, 87.5%
 Time 304.46
 Name Optimization_3_8x8_minizinc


---------------------------------
| 36| 37| 32| 33| 28| 41| 44|  2|
---------------------------------
| 53| 27| 38| 39| 42|  4| 26|  1|
---------------------------------
|  1| 34| 35| 30| 31|  1| 43| 46|
---------------------------------
| 25| 51| 29| 40| 14| 24|  6|  0|
---------------------------------
|  0| 17|  7| 49|  3| 45| 48| 22|
---------------------------------
|  9| 23| 13| 12| 50| 16|  1|  8|
---------------------------------
| 15|  1| 19|  5| 47| 10| 20| 54|
---------------------------------
| 21| 11|  1|  0| 18| 52|  0|  0|
---------------------------------

| n = 8 | k = 6 | coverage = 54, 84.375%
 Time 311.86
 Name Optimization_4_8x8_minizinc


---------------------------------
| 35| 34| 31| 38| 39| 30| 27|  2|
---------------------------------
| 53| 40| 37| 32| 29| 24| 41|  1|
---------------------------------
|  1| 33| 36| 22| 28|  1|  4| 25|
---------------------------------
| 42| 51| 14| 15| 46| 20| 26| 43|
---------------------------------
|  0| 13| 44| 18|  3| 45| 23|  6|
---------------------------------
|  9| 16| 49| 12| 17| 48|  1| 52|
---------------------------------
|  0|  1| 11|  5| 47| 54|  8| 21|
---------------------------------
|  0|  7|  1|  0| 10| 19| 50|  0|
---------------------------------

| n = 8 | k = 6 | coverage = 54, 84.375%
 Time 312.14
 Name Optimization_5_8x8_minizinc

