
-----------------------------------------------------------------
|  0|  0|118|211|  0|  0|110|  0|217|156|193|227|221|152|  0|179|
-----------------------------------------------------------------
|207|  0|203|114|199|122|215|158|195|106|219|154|231|177|223|150|
-----------------------------------------------------------------
| 65|116|209|120|213|112|197|108| 10|160|229|191|225|176|181|175|
-----------------------------------------------------------------
|  0|205| 63|201|124|198| 12| 98|104|182|164|178|183|189|148|174|
-----------------------------------------------------------------
| 73| 67|  0|200| 14|100|  0|  8|162| 96|  1|168|  0|136|173|187|
-----------------------------------------------------------------
| 20| 61| 75| 69|196|126|204|102|184|166|180|134|  3|185|172|146|
-----------------------------------------------------------------
|  0| 71| 22| 16|202| 79|194|128|  6|132| 94|163|170| 11|138|171|
-----------------------------------------------------------------
| 59| 18| 47| 77|192|206|  4|133| 92|186|  0|  5|167|161|144| 13|
-----------------------------------------------------------------
| 45| 24| 57| 51| 81|131|190|208|130|135|165|  0|  9| 15|169|140|
-----------------------------------------------------------------
| 55| 49| 43| 26|  0|  2| 83| 90|188|210|  7|137| 48|142|159|153|
-----------------------------------------------------------------
| 41|  0| 53| 84|129| 88|  0|123| 85| 23| 89|212| 17|155| 46|  0|
-----------------------------------------------------------------
|  0|113| 39| 29| 28|121|127| 25|103|214|139| 21| 91| 50|151|157|
-----------------------------------------------------------------
| 37| 64| 82|111| 86| 27| 30|216|125| 87|101| 52|149| 19| 93| 44|
-----------------------------------------------------------------
| 76| 70|115| 62| 31|109|119|105| 32|141|147| 38| 99| 42|224|230|
-----------------------------------------------------------------
| 66| 35| 74| 80|117|  0| 58|  0|218| 36| 54|143|222|228|  0| 95|
-----------------------------------------------------------------
| 72| 78| 68| 33| 60|  0|107| 34| 56|145|220|  0| 40| 97|232|226|
-----------------------------------------------------------------

| n = 16 | k = 9 | coverage = 240, 93.75%
 Time 299.997
 Name 8_16x16_clingo

