
---------------------------------
| 33| 38| 45|  1| 37| 46|  1|  2|
---------------------------------
|  1| 32| 35| 44| 43| 21| 39|  0|
---------------------------------
| 36| 31| 40|  1|  0|  1|  4| 19|
---------------------------------
| 30|  0| 34| 13| 42| 41| 23|  0|
---------------------------------
| 29| 11|  5|  1| 25|  1| 17|  6|
---------------------------------
|  7| 28| 27| 12| 15|  8|  1| 20|
---------------------------------
|  0| 14|  9|  3| 24| 18|  1|  0|
---------------------------------
|  0|  0| 26| 16| 10|  0| 22|  1|
---------------------------------

| n = 8 | k = 10 | coverage = 55, 85.9375%
 Time 300.46
 Name 6_8x8_minizinc

