
-------------------------------------------------
|130|  1|  5| 51| 45|124| 77| 55| 18| 63| 73| 67|
-------------------------------------------------
|  3| 49|128|129|  7| 53| 43|122| 75| 69| 20| 61|
-------------------------------------------------
| 85|127|  1| 47|126| 79|  9| 72| 57| 16| 65| 71|
-------------------------------------------------
|  0| 97| 83|  1|103| 37|120| 41| 11| 74| 59| 22|
-------------------------------------------------
|125| 87|101| 35| 81|  1| 70| 88| 14| 24| 13| 76|
-------------------------------------------------
| 99|  2| 95| 66|  1|105| 39|118| 15| 86|104| 26|
-------------------------------------------------
| 89|123| 33|  4| 93| 68| 90| 12|102|  1| 78| 84|
-------------------------------------------------
| 31|  6| 91| 94| 64| 10|107| 17|116| 82| 28|106|
-------------------------------------------------
|121|  1| 29|  8|  1| 92|114|100|  0|108|  1| 80|
-------------------------------------------------
|  0| 54| 48| 62| 96| 25| 19|109|112| 34| 40| 30|
-------------------------------------------------
| 50|119| 58| 27| 46|115| 98| 23| 42|111|110| 36|
-------------------------------------------------
| 56|  0| 52|117| 60| 21| 44|113|  1| 38| 32|  0|
-------------------------------------------------

| n = 12 | k = 10 | coverage = 139, 96.52777777777777%
 Time 300.001
 Name 14_12x12_clingo

