
---------------------------------------------------------
|137|  1| 82| 72|141| 44|122|  3| 90| 40| 13|  7|153|163|
---------------------------------------------------------
| 80| 74|139| 46| 84| 70|143| 42|124|  5|151|165| 15|  9|
---------------------------------------------------------
|  0|135| 54| 76|  2|120|126| 88|145| 92| 38| 11|161|155|
---------------------------------------------------------
| 52| 78|  4|118| 48| 86| 68|  1|128|149| 96|157|167| 17|
---------------------------------------------------------
|133| 56| 50|  1| 57| 60|109|147| 94| 63|169| 36|  0|159|
---------------------------------------------------------
|  0|  6|116| 58|107| 66|  1| 61|  1|130|136| 98| 19| 25|
---------------------------------------------------------
|  1|131|105| 55| 62| 59|  1|111|134|171| 65| 23| 34|100|
---------------------------------------------------------
|  8|114| 12|146|103| 53| 64|142| 75| 49|132|138| 27| 21|
---------------------------------------------------------
| 14|148|129|112| 18|144| 77| 51|113|140|173| 67|102| 32|
---------------------------------------------------------
|  0| 10| 16|101| 79|110| 20| 73|  1|106| 47| 33|175| 29|
---------------------------------------------------------
| 97| 87|150|127|158|119| 81|108| 22|115| 69|104| 30| 35|
---------------------------------------------------------
|152|  1| 99| 93| 83|125|164|117| 71| 45|172| 37| 31|177|
---------------------------------------------------------
| 89| 95| 85|156|182|160|121|168|178| 24| 41|179|174| 28|
---------------------------------------------------------
|  0|154| 91|  0|123|166|180|162| 43|170|176| 26| 39|181|
---------------------------------------------------------

| n = 14 | k = 9 | coverage = 190, 96.93877551020408%
 Time 299.996
 Name 2_14x14_clingo

