MiniZinc to FlatZinc converter, version 2.5.3, build 220798393
Copyright (C) 2014-2020 Monash University, NICTA, Data61
Parsing file(s) /mnt/HDD/elenzi/Dovier/AR-Knights_Tour/assets/logs/16_14x14_minizinc/knights_tour.mzn', '/mnt/HDD/elenzi/Dovier/AR-Knights_Tour/assets/logs/16_14x14_minizinc/database.dzn' ...
processing file '/mnt/HDD/elenzi/Dovier/MiniZincIDE-2.5.3-bundle-linux-x86_64/share/minizinc/std/stdlib.mzn'
processing file '/mnt/HDD/elenzi/Dovier/MiniZincIDE-2.5.3-bundle-linux-x86_64/share/minizinc/std/stdlib/stdlib_internal.mzn'
processing file '/mnt/HDD/elenzi/Dovier/MiniZincIDE-2.5.3-bundle-linux-x86_64/share/minizinc/std/stdlib/stdlib_random.mzn'
processing file '/mnt/HDD/elenzi/Dovier/MiniZincIDE-2.5.3-bundle-linux-x86_64/share/minizinc/std/stdlib/stdlib_enum.mzn'
processing file '/mnt/HDD/elenzi/Dovier/MiniZincIDE-2.5.3-bundle-linux-x86_64/share/minizinc/std/stdlib/stdlib_debug.mzn'
processing file '/mnt/HDD/elenzi/Dovier/MiniZincIDE-2.5.3-bundle-linux-x86_64/share/minizinc/std/stdlib/stdlib_reflect.mzn'
processing file '/mnt/HDD/elenzi/Dovier/MiniZincIDE-2.5.3-bundle-linux-x86_64/share/minizinc/std/stdlib/stdlib_string.mzn'
processing file '/mnt/HDD/elenzi/Dovier/MiniZincIDE-2.5.3-bundle-linux-x86_64/share/minizinc/std/stdlib/stdlib_coercion.mzn'
processing file '/mnt/HDD/elenzi/Dovier/MiniZincIDE-2.5.3-bundle-linux-x86_64/share/minizinc/std/stdlib/stdlib_sort.mzn'
processing file '/mnt/HDD/elenzi/Dovier/MiniZincIDE-2.5.3-bundle-linux-x86_64/share/minizinc/std/stdlib/stdlib_array.mzn'
processing file '/mnt/HDD/elenzi/Dovier/MiniZincIDE-2.5.3-bundle-linux-x86_64/share/minizinc/std/stdlib/stdlib_ite.mzn'
processing file '/mnt/HDD/elenzi/Dovier/MiniZincIDE-2.5.3-bundle-linux-x86_64/share/minizinc/std/stdlib/stdlib_set.mzn'
processing file '/mnt/HDD/elenzi/Dovier/MiniZincIDE-2.5.3-bundle-linux-x86_64/share/minizinc/std/stdlib/stdlib_logic.mzn'
processing file '/mnt/HDD/elenzi/Dovier/MiniZincIDE-2.5.3-bundle-linux-x86_64/share/minizinc/std/stdlib/stdlib_math.mzn'
processing file '/mnt/HDD/elenzi/Dovier/MiniZincIDE-2.5.3-bundle-linux-x86_64/share/minizinc/std/stdlib/stdlib_compare.mzn'
processing file '/mnt/HDD/elenzi/Dovier/MiniZincIDE-2.5.3-bundle-linux-x86_64/share/minizinc/std/stdlib/stdlib_opt.mzn'
processing file '/mnt/HDD/elenzi/Dovier/MiniZincIDE-2.5.3-bundle-linux-x86_64/share/minizinc/std/stdlib/stdlib_ann.mzn'
processing file '/mnt/HDD/elenzi/Dovier/MiniZincIDE-2.5.3-bundle-linux-x86_64/share/minizinc/std/stdlib/stdlib_language.mzn'
processing file '/mnt/HDD/elenzi/Dovier/MiniZincIDE-2.5.3-bundle-linux-x86_64/share/minizinc/std/flatzinc_builtins.mzn'
processing file '/mnt/HDD/elenzi/Dovier/MiniZincIDE-2.5.3-bundle-linux-x86_64/share/minizinc/std/solver_redefinitions.mzn'
processing file '/mnt/HDD/elenzi/Dovier/MiniZincIDE-2.5.3-bundle-linux-x86_64/share/minizinc/std/fzn_if_then_else_partiality.mzn'
processing file '/mnt/HDD/elenzi/Dovier/MiniZincIDE-2.5.3-bundle-linux-x86_64/share/minizinc/std/fzn_if_then_else_var_set.mzn'
processing file '/mnt/HDD/elenzi/Dovier/MiniZincIDE-2.5.3-bundle-linux-x86_64/share/minizinc/std/fzn_if_then_else_set.mzn'
processing file '/mnt/HDD/elenzi/Dovier/MiniZincIDE-2.5.3-bundle-linux-x86_64/share/minizinc/std/fzn_if_then_else_var_opt_float.mzn'
processing file '/mnt/HDD/elenzi/Dovier/MiniZincIDE-2.5.3-bundle-linux-x86_64/share/minizinc/std/fzn_if_then_else_var_float.mzn'
processing file '/mnt/HDD/elenzi/Dovier/MiniZincIDE-2.5.3-bundle-linux-x86_64/share/minizinc/std/fzn_if_then_else_opt_float.mzn'
processing file '/mnt/HDD/elenzi/Dovier/MiniZincIDE-2.5.3-bundle-linux-x86_64/share/minizinc/std/fzn_if_then_else_float.mzn'
processing file '/mnt/HDD/elenzi/Dovier/MiniZincIDE-2.5.3-bundle-linux-x86_64/share/minizinc/std/fzn_if_then_else_var_opt_bool.mzn'
processing file '/mnt/HDD/elenzi/Dovier/MiniZincIDE-2.5.3-bundle-linux-x86_64/share/minizinc/std/fzn_if_then_else_var_bool.mzn'
processing file '/mnt/HDD/elenzi/Dovier/MiniZincIDE-2.5.3-bundle-linux-x86_64/share/minizinc/std/fzn_if_then_else_opt_bool.mzn'
processing file '/mnt/HDD/elenzi/Dovier/MiniZincIDE-2.5.3-bundle-linux-x86_64/share/minizinc/std/fzn_if_then_else_bool.mzn'
processing file '/mnt/HDD/elenzi/Dovier/MiniZincIDE-2.5.3-bundle-linux-x86_64/share/minizinc/std/fzn_if_then_else_var_opt_int.mzn'
processing file '/mnt/HDD/elenzi/Dovier/MiniZincIDE-2.5.3-bundle-linux-x86_64/share/minizinc/std/fzn_if_then_else_var_int.mzn'
processing file '/mnt/HDD/elenzi/Dovier/MiniZincIDE-2.5.3-bundle-linux-x86_64/share/minizinc/std/fzn_if_then_else_opt_int.mzn'
processing file '/mnt/HDD/elenzi/Dovier/MiniZincIDE-2.5.3-bundle-linux-x86_64/share/minizinc/std/fzn_if_then_else_int.mzn'
processing file '/mnt/HDD/elenzi/Dovier/MiniZincIDE-2.5.3-bundle-linux-x86_64/share/minizinc/std/count_fn.mzn'
processing file '/mnt/HDD/elenzi/Dovier/MiniZincIDE-2.5.3-bundle-linux-x86_64/share/minizinc/std/count.mzn'
processing file '/mnt/HDD/elenzi/Dovier/MiniZincIDE-2.5.3-bundle-linux-x86_64/share/minizinc/std/count_lt.mzn'
processing file '/mnt/HDD/elenzi/Dovier/MiniZincIDE-2.5.3-bundle-linux-x86_64/share/minizinc/std/fzn_count_lt_par_reif.mzn'
processing file '/mnt/HDD/elenzi/Dovier/MiniZincIDE-2.5.3-bundle-linux-x86_64/share/minizinc/std/fzn_count_lt_reif.mzn'
processing file '/mnt/HDD/elenzi/Dovier/MiniZincIDE-2.5.3-bundle-linux-x86_64/share/minizinc/std/fzn_count_lt_par.mzn'
processing file '/mnt/HDD/elenzi/Dovier/MiniZincIDE-2.5.3-bundle-linux-x86_64/share/minizinc/std/fzn_count_lt.mzn'
processing file '/mnt/HDD/elenzi/Dovier/MiniZincIDE-2.5.3-bundle-linux-x86_64/share/minizinc/std/count_gt.mzn'
processing file '/mnt/HDD/elenzi/Dovier/MiniZincIDE-2.5.3-bundle-linux-x86_64/share/minizinc/std/fzn_count_gt_reif.mzn'
processing file '/mnt/HDD/elenzi/Dovier/MiniZincIDE-2.5.3-bundle-linux-x86_64/share/minizinc/std/fzn_count_gt_par_reif.mzn'
processing file '/mnt/HDD/elenzi/Dovier/MiniZincIDE-2.5.3-bundle-linux-x86_64/share/minizinc/std/fzn_count_gt.mzn'
processing file '/mnt/HDD/elenzi/Dovier/MiniZincIDE-2.5.3-bundle-linux-x86_64/share/minizinc/std/fzn_count_gt_par.mzn'
processing file '/mnt/HDD/elenzi/Dovier/MiniZincIDE-2.5.3-bundle-linux-x86_64/share/minizinc/std/count_neq.mzn'
processing file '/mnt/HDD/elenzi/Dovier/MiniZincIDE-2.5.3-bundle-linux-x86_64/share/minizinc/std/fzn_count_neq_reif.mzn'
processing file '/mnt/HDD/elenzi/Dovier/MiniZincIDE-2.5.3-bundle-linux-x86_64/share/minizinc/std/fzn_count_neq_par_reif.mzn'
processing file '/mnt/HDD/elenzi/Dovier/MiniZincIDE-2.5.3-bundle-linux-x86_64/share/minizinc/std/fzn_count_neq.mzn'
processing file '/mnt/HDD/elenzi/Dovier/MiniZincIDE-2.5.3-bundle-linux-x86_64/share/minizinc/std/fzn_count_neq_par.mzn'
processing file '/mnt/HDD/elenzi/Dovier/MiniZincIDE-2.5.3-bundle-linux-x86_64/share/minizinc/std/count_leq.mzn'
processing file '/mnt/HDD/elenzi/Dovier/MiniZincIDE-2.5.3-bundle-linux-x86_64/share/minizinc/std/fzn_count_leq_reif.mzn'
processing file '/mnt/HDD/elenzi/Dovier/MiniZincIDE-2.5.3-bundle-linux-x86_64/share/minizinc/std/fzn_count_leq_par_reif.mzn'
processing file '/mnt/HDD/elenzi/Dovier/MiniZincIDE-2.5.3-bundle-linux-x86_64/share/minizinc/std/fzn_count_leq.mzn'
processing file '/mnt/HDD/elenzi/Dovier/MiniZincIDE-2.5.3-bundle-linux-x86_64/share/minizinc/std/fzn_count_leq_par.mzn'
processing file '/mnt/HDD/elenzi/Dovier/MiniZincIDE-2.5.3-bundle-linux-x86_64/share/minizinc/std/count_geq.mzn'
processing file '/mnt/HDD/elenzi/Dovier/MiniZincIDE-2.5.3-bundle-linux-x86_64/share/minizinc/std/fzn_count_geq_reif.mzn'
processing file '/mnt/HDD/elenzi/Dovier/MiniZincIDE-2.5.3-bundle-linux-x86_64/share/minizinc/std/fzn_count_geq_par_reif.mzn'
processing file '/mnt/HDD/elenzi/Dovier/MiniZincIDE-2.5.3-bundle-linux-x86_64/share/minizinc/std/fzn_count_geq.mzn'
processing file '/mnt/HDD/elenzi/Dovier/MiniZincIDE-2.5.3-bundle-linux-x86_64/share/minizinc/std/fzn_count_geq_par.mzn'
processing file '/mnt/HDD/elenzi/Dovier/MiniZincIDE-2.5.3-bundle-linux-x86_64/share/minizinc/std/count_eq.mzn'
processing file '/mnt/HDD/elenzi/Dovier/MiniZincIDE-2.5.3-bundle-linux-x86_64/share/minizinc/std/fzn_count_eq_par_reif.mzn'
processing file '/mnt/HDD/elenzi/Dovier/MiniZincIDE-2.5.3-bundle-linux-x86_64/share/minizinc/gecode//fzn_count_eq_reif.mzn'
processing file '/mnt/HDD/elenzi/Dovier/MiniZincIDE-2.5.3-bundle-linux-x86_64/share/minizinc/std/fzn_count_eq_par.mzn'
processing file '/mnt/HDD/elenzi/Dovier/MiniZincIDE-2.5.3-bundle-linux-x86_64/share/minizinc/gecode//fzn_count_eq.mzn'
processing file '/mnt/HDD/elenzi/Dovier/MiniZincIDE-2.5.3-bundle-linux-x86_64/share/minizinc/gecode//redefinitions-2.5.2.mzn'
processing file '/mnt/HDD/elenzi/Dovier/MiniZincIDE-2.5.3-bundle-linux-x86_64/share/minizinc/std/redefinitions-2.3.3.mzn'
processing file '/mnt/HDD/elenzi/Dovier/MiniZincIDE-2.5.3-bundle-linux-x86_64/share/minizinc/std/redefinitions-2.2.1.mzn'
processing file '/mnt/HDD/elenzi/Dovier/MiniZincIDE-2.5.3-bundle-linux-x86_64/share/minizinc/std/redefinitions-2.1.1.mzn'
processing file '/mnt/HDD/elenzi/Dovier/MiniZincIDE-2.5.3-bundle-linux-x86_64/share/minizinc/std/redefinitions-2.1.mzn'
processing file '/mnt/HDD/elenzi/Dovier/MiniZincIDE-2.5.3-bundle-linux-x86_64/share/minizinc/gecode//redefinitions-2.0.2.mzn'
processing file '/mnt/HDD/elenzi/Dovier/MiniZincIDE-2.5.3-bundle-linux-x86_64/share/minizinc/gecode//redefinitions-2.0.mzn'
processing file '/mnt/HDD/elenzi/Dovier/MiniZincIDE-2.5.3-bundle-linux-x86_64/share/minizinc/gecode//redefinitions.mzn'
processing file '/mnt/HDD/elenzi/Dovier/AR-Knights_Tour/assets/logs/16_14x14_minizinc/knights_tour.mzn'
processing file '/mnt/HDD/elenzi/Dovier/MiniZincIDE-2.5.3-bundle-linux-x86_64/share/minizinc/std/globals.mzn'
processing file '/mnt/HDD/elenzi/Dovier/MiniZincIDE-2.5.3-bundle-linux-x86_64/share/minizinc/std/weighted_spanning_tree.mzn'
processing file '/mnt/HDD/elenzi/Dovier/MiniZincIDE-2.5.3-bundle-linux-x86_64/share/minizinc/std/fzn_dwst_reif.mzn'
processing file '/mnt/HDD/elenzi/Dovier/MiniZincIDE-2.5.3-bundle-linux-x86_64/share/minizinc/std/fzn_dwst.mzn'
processing file '/mnt/HDD/elenzi/Dovier/MiniZincIDE-2.5.3-bundle-linux-x86_64/share/minizinc/std/fzn_wst_reif.mzn'
processing file '/mnt/HDD/elenzi/Dovier/MiniZincIDE-2.5.3-bundle-linux-x86_64/share/minizinc/std/fzn_wst.mzn'
processing file '/mnt/HDD/elenzi/Dovier/MiniZincIDE-2.5.3-bundle-linux-x86_64/share/minizinc/std/value_precede_chain.mzn'
processing file '/mnt/HDD/elenzi/Dovier/MiniZincIDE-2.5.3-bundle-linux-x86_64/share/minizinc/std/value_precede_chain_set.mzn'
processing file '/mnt/HDD/elenzi/Dovier/MiniZincIDE-2.5.3-bundle-linux-x86_64/share/minizinc/std/fzn_value_precede_chain_set_reif.mzn'
processing file '/mnt/HDD/elenzi/Dovier/MiniZincIDE-2.5.3-bundle-linux-x86_64/share/minizinc/std/fzn_value_precede_chain_set.mzn'
processing file '/mnt/HDD/elenzi/Dovier/MiniZincIDE-2.5.3-bundle-linux-x86_64/share/minizinc/std/value_precede_chain_int.mzn'
processing file '/mnt/HDD/elenzi/Dovier/MiniZincIDE-2.5.3-bundle-linux-x86_64/share/minizinc/std/fzn_value_precede_chain_int_reif.mzn'
processing file '/mnt/HDD/elenzi/Dovier/MiniZincIDE-2.5.3-bundle-linux-x86_64/share/minizinc/std/fzn_value_precede_chain_int.mzn'
processing file '/mnt/HDD/elenzi/Dovier/MiniZincIDE-2.5.3-bundle-linux-x86_64/share/minizinc/std/value_precede.mzn'
processing file '/mnt/HDD/elenzi/Dovier/MiniZincIDE-2.5.3-bundle-linux-x86_64/share/minizinc/std/value_precede_set.mzn'
processing file '/mnt/HDD/elenzi/Dovier/MiniZincIDE-2.5.3-bundle-linux-x86_64/share/minizinc/std/fzn_value_precede_set_reif.mzn'
processing file '/mnt/HDD/elenzi/Dovier/MiniZincIDE-2.5.3-bundle-linux-x86_64/share/minizinc/gecode//fzn_value_precede_set.mzn'
processing file '/mnt/HDD/elenzi/Dovier/MiniZincIDE-2.5.3-bundle-linux-x86_64/share/minizinc/std/fzn_value_precede_int_opt.mzn'
processing file '/mnt/HDD/elenzi/Dovier/MiniZincIDE-2.5.3-bundle-linux-x86_64/share/minizinc/std/value_precede_int.mzn'
processing file '/mnt/HDD/elenzi/Dovier/MiniZincIDE-2.5.3-bundle-linux-x86_64/share/minizinc/std/fzn_value_precede_int_reif.mzn'
processing file '/mnt/HDD/elenzi/Dovier/MiniZincIDE-2.5.3-bundle-linux-x86_64/share/minizinc/gecode//fzn_value_precede_int.mzn'
processing file '/mnt/HDD/elenzi/Dovier/MiniZincIDE-2.5.3-bundle-linux-x86_64/share/minizinc/std/tree.mzn'
processing file '/mnt/HDD/elenzi/Dovier/MiniZincIDE-2.5.3-bundle-linux-x86_64/share/minizinc/std/fzn_dtree_enum_reif.mzn'
processing file '/mnt/HDD/elenzi/Dovier/MiniZincIDE-2.5.3-bundle-linux-x86_64/share/minizinc/std/fzn_dtree_enum.mzn'
processing file '/mnt/HDD/elenzi/Dovier/MiniZincIDE-2.5.3-bundle-linux-x86_64/share/minizinc/std/fzn_dtree_int_reif.mzn'
processing file '/mnt/HDD/elenzi/Dovier/MiniZincIDE-2.5.3-bundle-linux-x86_64/share/minizinc/std/fzn_dtree_int.mzn'
processing file '/mnt/HDD/elenzi/Dovier/MiniZincIDE-2.5.3-bundle-linux-x86_64/share/minizinc/std/fzn_tree_enum_reif.mzn'
processing file '/mnt/HDD/elenzi/Dovier/MiniZincIDE-2.5.3-bundle-linux-x86_64/share/minizinc/std/fzn_tree_enum.mzn'
processing file '/mnt/HDD/elenzi/Dovier/MiniZincIDE-2.5.3-bundle-linux-x86_64/share/minizinc/std/fzn_tree_int_reif.mzn'
processing file '/mnt/HDD/elenzi/Dovier/MiniZincIDE-2.5.3-bundle-linux-x86_64/share/minizinc/std/fzn_tree_int.mzn'
processing file '/mnt/HDD/elenzi/Dovier/MiniZincIDE-2.5.3-bundle-linux-x86_64/share/minizinc/std/table.mzn'
processing file '/mnt/HDD/elenzi/Dovier/MiniZincIDE-2.5.3-bundle-linux-x86_64/share/minizinc/std/fzn_table_int_opt.mzn'
processing file '/mnt/HDD/elenzi/Dovier/MiniZincIDE-2.5.3-bundle-linux-x86_64/share/minizinc/std/table_int.mzn'
processing file '/mnt/HDD/elenzi/Dovier/MiniZincIDE-2.5.3-bundle-linux-x86_64/share/minizinc/gecode//fzn_table_int_reif.mzn'
processing file '/mnt/HDD/elenzi/Dovier/MiniZincIDE-2.5.3-bundle-linux-x86_64/share/minizinc/gecode//fzn_table_int.mzn'
processing file '/mnt/HDD/elenzi/Dovier/MiniZincIDE-2.5.3-bundle-linux-x86_64/share/minizinc/std/table_bool.mzn'
processing file '/mnt/HDD/elenzi/Dovier/MiniZincIDE-2.5.3-bundle-linux-x86_64/share/minizinc/gecode//fzn_table_bool_reif.mzn'
processing file '/mnt/HDD/elenzi/Dovier/MiniZincIDE-2.5.3-bundle-linux-x86_64/share/minizinc/gecode//fzn_table_bool.mzn'
processing file '/mnt/HDD/elenzi/Dovier/MiniZincIDE-2.5.3-bundle-linux-x86_64/share/minizinc/std/symmetric_all_different.mzn'
processing file '/mnt/HDD/elenzi/Dovier/MiniZincIDE-2.5.3-bundle-linux-x86_64/share/minizinc/std/fzn_symmetric_all_different_reif.mzn'
processing file '/mnt/HDD/elenzi/Dovier/MiniZincIDE-2.5.3-bundle-linux-x86_64/share/minizinc/std/fzn_symmetric_all_different.mzn'
processing file '/mnt/HDD/elenzi/Dovier/MiniZincIDE-2.5.3-bundle-linux-x86_64/share/minizinc/std/analyse_all_different.mzn'
processing file '/mnt/HDD/elenzi/Dovier/MiniZincIDE-2.5.3-bundle-linux-x86_64/share/minizinc/std/sum_set.mzn'
processing file '/mnt/HDD/elenzi/Dovier/MiniZincIDE-2.5.3-bundle-linux-x86_64/share/minizinc/std/fzn_sum_set_reif.mzn'
processing file '/mnt/HDD/elenzi/Dovier/MiniZincIDE-2.5.3-bundle-linux-x86_64/share/minizinc/gecode//fzn_sum_set.mzn'
processing file '/mnt/HDD/elenzi/Dovier/MiniZincIDE-2.5.3-bundle-linux-x86_64/share/minizinc/std/sum_pred.mzn'
processing file '/mnt/HDD/elenzi/Dovier/MiniZincIDE-2.5.3-bundle-linux-x86_64/share/minizinc/std/fzn_sum_pred_reif.mzn'
processing file '/mnt/HDD/elenzi/Dovier/MiniZincIDE-2.5.3-bundle-linux-x86_64/share/minizinc/gecode//fzn_sum_pred.mzn'
processing file '/mnt/HDD/elenzi/Dovier/MiniZincIDE-2.5.3-bundle-linux-x86_64/share/minizinc/std/subgraph.mzn'
processing file '/mnt/HDD/elenzi/Dovier/MiniZincIDE-2.5.3-bundle-linux-x86_64/share/minizinc/std/fzn_subgraph_enum_reif.mzn'
processing file '/mnt/HDD/elenzi/Dovier/MiniZincIDE-2.5.3-bundle-linux-x86_64/share/minizinc/std/fzn_subgraph_enum.mzn'
processing file '/mnt/HDD/elenzi/Dovier/MiniZincIDE-2.5.3-bundle-linux-x86_64/share/minizinc/std/fzn_subgraph_int_reif.mzn'
processing file '/mnt/HDD/elenzi/Dovier/MiniZincIDE-2.5.3-bundle-linux-x86_64/share/minizinc/std/fzn_subgraph_int.mzn'
processing file '/mnt/HDD/elenzi/Dovier/MiniZincIDE-2.5.3-bundle-linux-x86_64/share/minizinc/std/subcircuit.mzn'
processing file '/mnt/HDD/elenzi/Dovier/MiniZincIDE-2.5.3-bundle-linux-x86_64/share/minizinc/std/fzn_subcircuit_reif.mzn'
processing file '/mnt/HDD/elenzi/Dovier/MiniZincIDE-2.5.3-bundle-linux-x86_64/share/minizinc/std/alldifferent.mzn'
processing file '/mnt/HDD/elenzi/Dovier/MiniZincIDE-2.5.3-bundle-linux-x86_64/share/minizinc/std/fzn_subcircuit.mzn'
processing file '/mnt/HDD/elenzi/Dovier/MiniZincIDE-2.5.3-bundle-linux-x86_64/share/minizinc/std/strict_lex2.mzn'
processing file '/mnt/HDD/elenzi/Dovier/MiniZincIDE-2.5.3-bundle-linux-x86_64/share/minizinc/std/fzn_strict_lex2_reif.mzn'
processing file '/mnt/HDD/elenzi/Dovier/MiniZincIDE-2.5.3-bundle-linux-x86_64/share/minizinc/std/fzn_strict_lex2.mzn'
processing file '/mnt/HDD/elenzi/Dovier/MiniZincIDE-2.5.3-bundle-linux-x86_64/share/minizinc/std/strictly_increasing.mzn'
processing file '/mnt/HDD/elenzi/Dovier/MiniZincIDE-2.5.3-bundle-linux-x86_64/share/minizinc/std/fzn_strictly_increasing_bool_reif.mzn'
processing file '/mnt/HDD/elenzi/Dovier/MiniZincIDE-2.5.3-bundle-linux-x86_64/share/minizinc/std/fzn_strictly_increasing_bool.mzn'
processing file '/mnt/HDD/elenzi/Dovier/MiniZincIDE-2.5.3-bundle-linux-x86_64/share/minizinc/std/fzn_strictly_increasing_int_reif.mzn'
processing file '/mnt/HDD/elenzi/Dovier/MiniZincIDE-2.5.3-bundle-linux-x86_64/share/minizinc/std/fzn_strictly_increasing_int_opt.mzn'
processing file '/mnt/HDD/elenzi/Dovier/MiniZincIDE-2.5.3-bundle-linux-x86_64/share/minizinc/std/fzn_strictly_increasing_int.mzn'
processing file '/mnt/HDD/elenzi/Dovier/MiniZincIDE-2.5.3-bundle-linux-x86_64/share/minizinc/std/strictly_decreasing.mzn'
processing file '/mnt/HDD/elenzi/Dovier/MiniZincIDE-2.5.3-bundle-linux-x86_64/share/minizinc/std/fzn_strictly_decreasing_bool_reif.mzn'
processing file '/mnt/HDD/elenzi/Dovier/MiniZincIDE-2.5.3-bundle-linux-x86_64/share/minizinc/std/fzn_strictly_decreasing_bool.mzn'
processing file '/mnt/HDD/elenzi/Dovier/MiniZincIDE-2.5.3-bundle-linux-x86_64/share/minizinc/std/fzn_strictly_decreasing_int_reif.mzn'
processing file '/mnt/HDD/elenzi/Dovier/MiniZincIDE-2.5.3-bundle-linux-x86_64/share/minizinc/std/fzn_strictly_decreasing_int.mzn'
processing file '/mnt/HDD/elenzi/Dovier/MiniZincIDE-2.5.3-bundle-linux-x86_64/share/minizinc/std/steiner.mzn'
processing file '/mnt/HDD/elenzi/Dovier/MiniZincIDE-2.5.3-bundle-linux-x86_64/share/minizinc/std/fzn_dsteiner_reif.mzn'
processing file '/mnt/HDD/elenzi/Dovier/MiniZincIDE-2.5.3-bundle-linux-x86_64/share/minizinc/std/fzn_dsteiner.mzn'
processing file '/mnt/HDD/elenzi/Dovier/MiniZincIDE-2.5.3-bundle-linux-x86_64/share/minizinc/std/fzn_steiner_reif.mzn'
processing file '/mnt/HDD/elenzi/Dovier/MiniZincIDE-2.5.3-bundle-linux-x86_64/share/minizinc/std/fzn_steiner.mzn'
processing file '/mnt/HDD/elenzi/Dovier/MiniZincIDE-2.5.3-bundle-linux-x86_64/share/minizinc/std/span.mzn'
processing file '/mnt/HDD/elenzi/Dovier/MiniZincIDE-2.5.3-bundle-linux-x86_64/share/minizinc/std/fzn_span_reif.mzn'
processing file '/mnt/HDD/elenzi/Dovier/MiniZincIDE-2.5.3-bundle-linux-x86_64/share/minizinc/std/fzn_span.mzn'
processing file '/mnt/HDD/elenzi/Dovier/MiniZincIDE-2.5.3-bundle-linux-x86_64/share/minizinc/std/sort_fn.mzn'
processing file '/mnt/HDD/elenzi/Dovier/MiniZincIDE-2.5.3-bundle-linux-x86_64/share/minizinc/std/sort.mzn'
processing file '/mnt/HDD/elenzi/Dovier/MiniZincIDE-2.5.3-bundle-linux-x86_64/share/minizinc/std/fzn_sort_reif.mzn'
processing file '/mnt/HDD/elenzi/Dovier/MiniZincIDE-2.5.3-bundle-linux-x86_64/share/minizinc/gecode//fzn_sort.mzn'
processing file '/mnt/HDD/elenzi/Dovier/MiniZincIDE-2.5.3-bundle-linux-x86_64/share/minizinc/std/sliding_sum.mzn'
processing file '/mnt/HDD/elenzi/Dovier/MiniZincIDE-2.5.3-bundle-linux-x86_64/share/minizinc/std/fzn_sliding_sum_reif.mzn'
processing file '/mnt/HDD/elenzi/Dovier/MiniZincIDE-2.5.3-bundle-linux-x86_64/share/minizinc/std/fzn_sliding_sum.mzn'
processing file '/mnt/HDD/elenzi/Dovier/MiniZincIDE-2.5.3-bundle-linux-x86_64/share/minizinc/std/seq_precede_chain.mzn'
processing file '/mnt/HDD/elenzi/Dovier/MiniZincIDE-2.5.3-bundle-linux-x86_64/share/minizinc/std/fzn_seq_precede_chain_set_reif.mzn'
processing file '/mnt/HDD/elenzi/Dovier/MiniZincIDE-2.5.3-bundle-linux-x86_64/share/minizinc/std/fzn_seq_precede_chain_set.mzn'
processing file '/mnt/HDD/elenzi/Dovier/MiniZincIDE-2.5.3-bundle-linux-x86_64/share/minizinc/std/fzn_seq_precede_chain_int_reif.mzn'
processing file '/mnt/HDD/elenzi/Dovier/MiniZincIDE-2.5.3-bundle-linux-x86_64/share/minizinc/std/fzn_seq_precede_chain_int.mzn'
processing file '/mnt/HDD/elenzi/Dovier/MiniZincIDE-2.5.3-bundle-linux-x86_64/share/minizinc/std/roots_fn.mzn'
processing file '/mnt/HDD/elenzi/Dovier/MiniZincIDE-2.5.3-bundle-linux-x86_64/share/minizinc/std/roots.mzn'
processing file '/mnt/HDD/elenzi/Dovier/MiniZincIDE-2.5.3-bundle-linux-x86_64/share/minizinc/std/fzn_roots_reif.mzn'
processing file '/mnt/HDD/elenzi/Dovier/MiniZincIDE-2.5.3-bundle-linux-x86_64/share/minizinc/gecode//fzn_roots.mzn'
processing file '/mnt/HDD/elenzi/Dovier/MiniZincIDE-2.5.3-bundle-linux-x86_64/share/minizinc/std/regular_regexp.mzn'
processing file '/mnt/HDD/elenzi/Dovier/MiniZincIDE-2.5.3-bundle-linux-x86_64/share/minizinc/std/fzn_regular_regexp.mzn'
processing file '/mnt/HDD/elenzi/Dovier/MiniZincIDE-2.5.3-bundle-linux-x86_64/share/minizinc/std/regular_set.mzn'
processing file '/mnt/HDD/elenzi/Dovier/MiniZincIDE-2.5.3-bundle-linux-x86_64/share/minizinc/std/fzn_regular_set_reif.mzn'
processing file '/mnt/HDD/elenzi/Dovier/MiniZincIDE-2.5.3-bundle-linux-x86_64/share/minizinc/std/fzn_regular_set.mzn'
processing file '/mnt/HDD/elenzi/Dovier/MiniZincIDE-2.5.3-bundle-linux-x86_64/share/minizinc/std/regular_nfa.mzn'
processing file '/mnt/HDD/elenzi/Dovier/MiniZincIDE-2.5.3-bundle-linux-x86_64/share/minizinc/std/fzn_regular_nfa_set_reif.mzn'
processing file '/mnt/HDD/elenzi/Dovier/MiniZincIDE-2.5.3-bundle-linux-x86_64/share/minizinc/std/fzn_regular_nfa_set.mzn'
processing file '/mnt/HDD/elenzi/Dovier/MiniZincIDE-2.5.3-bundle-linux-x86_64/share/minizinc/std/fzn_regular_nfa_reif.mzn'
processing file '/mnt/HDD/elenzi/Dovier/MiniZincIDE-2.5.3-bundle-linux-x86_64/share/minizinc/std/fzn_regular_nfa.mzn'
processing file '/mnt/HDD/elenzi/Dovier/MiniZincIDE-2.5.3-bundle-linux-x86_64/share/minizinc/std/regular.mzn'
processing file '/mnt/HDD/elenzi/Dovier/MiniZincIDE-2.5.3-bundle-linux-x86_64/share/minizinc/std/fzn_regular_reif.mzn'
processing file '/mnt/HDD/elenzi/Dovier/MiniZincIDE-2.5.3-bundle-linux-x86_64/share/minizinc/gecode//fzn_regular.mzn'
processing file '/mnt/HDD/elenzi/Dovier/MiniZincIDE-2.5.3-bundle-linux-x86_64/share/minizinc/std/reachable.mzn'
processing file '/mnt/HDD/elenzi/Dovier/MiniZincIDE-2.5.3-bundle-linux-x86_64/share/minizinc/std/fzn_dreachable_enum_reif.mzn'
processing file '/mnt/HDD/elenzi/Dovier/MiniZincIDE-2.5.3-bundle-linux-x86_64/share/minizinc/std/fzn_dreachable_enum.mzn'
processing file '/mnt/HDD/elenzi/Dovier/MiniZincIDE-2.5.3-bundle-linux-x86_64/share/minizinc/std/fzn_dreachable_int_reif.mzn'
processing file '/mnt/HDD/elenzi/Dovier/MiniZincIDE-2.5.3-bundle-linux-x86_64/share/minizinc/std/fzn_dreachable_int.mzn'
processing file '/mnt/HDD/elenzi/Dovier/MiniZincIDE-2.5.3-bundle-linux-x86_64/share/minizinc/std/fzn_reachable_enum_reif.mzn'
processing file '/mnt/HDD/elenzi/Dovier/MiniZincIDE-2.5.3-bundle-linux-x86_64/share/minizinc/std/fzn_reachable_enum.mzn'
processing file '/mnt/HDD/elenzi/Dovier/MiniZincIDE-2.5.3-bundle-linux-x86_64/share/minizinc/std/fzn_reachable_int_reif.mzn'
processing file '/mnt/HDD/elenzi/Dovier/MiniZincIDE-2.5.3-bundle-linux-x86_64/share/minizinc/std/fzn_reachable_int.mzn'
processing file '/mnt/HDD/elenzi/Dovier/MiniZincIDE-2.5.3-bundle-linux-x86_64/share/minizinc/std/range_fn.mzn'
processing file '/mnt/HDD/elenzi/Dovier/MiniZincIDE-2.5.3-bundle-linux-x86_64/share/minizinc/std/range.mzn'
processing file '/mnt/HDD/elenzi/Dovier/MiniZincIDE-2.5.3-bundle-linux-x86_64/share/minizinc/std/fzn_range_reif.mzn'
processing file '/mnt/HDD/elenzi/Dovier/MiniZincIDE-2.5.3-bundle-linux-x86_64/share/minizinc/gecode//fzn_range.mzn'
processing file '/mnt/HDD/elenzi/Dovier/MiniZincIDE-2.5.3-bundle-linux-x86_64/share/minizinc/std/piecewise_linear.mzn'
processing file '/mnt/HDD/elenzi/Dovier/MiniZincIDE-2.5.3-bundle-linux-x86_64/share/minizinc/std/fzn_piecewise_linear_reif.mzn'
processing file '/mnt/HDD/elenzi/Dovier/MiniZincIDE-2.5.3-bundle-linux-x86_64/share/minizinc/std/fzn_piecewise_linear.mzn'
processing file '/mnt/HDD/elenzi/Dovier/MiniZincIDE-2.5.3-bundle-linux-x86_64/share/minizinc/std/partition_set.mzn'
processing file '/mnt/HDD/elenzi/Dovier/MiniZincIDE-2.5.3-bundle-linux-x86_64/share/minizinc/std/fzn_partition_set_reif.mzn'
processing file '/mnt/HDD/elenzi/Dovier/MiniZincIDE-2.5.3-bundle-linux-x86_64/share/minizinc/gecode//fzn_partition_set.mzn'
processing file '/mnt/HDD/elenzi/Dovier/MiniZincIDE-2.5.3-bundle-linux-x86_64/share/minizinc/std/nvalue_fn.mzn'
processing file '/mnt/HDD/elenzi/Dovier/MiniZincIDE-2.5.3-bundle-linux-x86_64/share/minizinc/std/nvalue.mzn'
processing file '/mnt/HDD/elenzi/Dovier/MiniZincIDE-2.5.3-bundle-linux-x86_64/share/minizinc/std/fzn_nvalue_reif.mzn'
processing file '/mnt/HDD/elenzi/Dovier/MiniZincIDE-2.5.3-bundle-linux-x86_64/share/minizinc/gecode//fzn_nvalue.mzn'
processing file '/mnt/HDD/elenzi/Dovier/MiniZincIDE-2.5.3-bundle-linux-x86_64/share/minizinc/std/neural_net.mzn'
processing file '/mnt/HDD/elenzi/Dovier/MiniZincIDE-2.5.3-bundle-linux-x86_64/share/minizinc/std/fzn_neural_net_reif.mzn'
processing file '/mnt/HDD/elenzi/Dovier/MiniZincIDE-2.5.3-bundle-linux-x86_64/share/minizinc/std/fzn_neural_net.mzn'
processing file '/mnt/HDD/elenzi/Dovier/MiniZincIDE-2.5.3-bundle-linux-x86_64/share/minizinc/std/network_flow.mzn'
processing file '/mnt/HDD/elenzi/Dovier/MiniZincIDE-2.5.3-bundle-linux-x86_64/share/minizinc/std/fzn_network_flow_cost_reif.mzn'
processing file '/mnt/HDD/elenzi/Dovier/MiniZincIDE-2.5.3-bundle-linux-x86_64/share/minizinc/std/fzn_network_flow_cost.mzn'
processing file '/mnt/HDD/elenzi/Dovier/MiniZincIDE-2.5.3-bundle-linux-x86_64/share/minizinc/std/fzn_network_flow_reif.mzn'
processing file '/mnt/HDD/elenzi/Dovier/MiniZincIDE-2.5.3-bundle-linux-x86_64/share/minizinc/std/fzn_network_flow.mzn'
processing file '/mnt/HDD/elenzi/Dovier/MiniZincIDE-2.5.3-bundle-linux-x86_64/share/minizinc/std/minimum.mzn'
processing file '/mnt/HDD/elenzi/Dovier/MiniZincIDE-2.5.3-bundle-linux-x86_64/share/minizinc/std/member.mzn'
processing file '/mnt/HDD/elenzi/Dovier/MiniZincIDE-2.5.3-bundle-linux-x86_64/share/minizinc/std/set_member.mzn'
processing file '/mnt/HDD/elenzi/Dovier/MiniZincIDE-2.5.3-bundle-linux-x86_64/share/minizinc/std/fzn_set_member_reif.mzn'
processing file '/mnt/HDD/elenzi/Dovier/MiniZincIDE-2.5.3-bundle-linux-x86_64/share/minizinc/std/fzn_set_member.mzn'
processing file '/mnt/HDD/elenzi/Dovier/MiniZincIDE-2.5.3-bundle-linux-x86_64/share/minizinc/std/member_set.mzn'
processing file '/mnt/HDD/elenzi/Dovier/MiniZincIDE-2.5.3-bundle-linux-x86_64/share/minizinc/std/fzn_member_set_reif.mzn'
processing file '/mnt/HDD/elenzi/Dovier/MiniZincIDE-2.5.3-bundle-linux-x86_64/share/minizinc/std/fzn_member_set.mzn'
processing file '/mnt/HDD/elenzi/Dovier/MiniZincIDE-2.5.3-bundle-linux-x86_64/share/minizinc/std/member_int.mzn'
processing file '/mnt/HDD/elenzi/Dovier/MiniZincIDE-2.5.3-bundle-linux-x86_64/share/minizinc/gecode//fzn_member_int_reif.mzn'
processing file '/mnt/HDD/elenzi/Dovier/MiniZincIDE-2.5.3-bundle-linux-x86_64/share/minizinc/gecode//fzn_member_int.mzn'
processing file '/mnt/HDD/elenzi/Dovier/MiniZincIDE-2.5.3-bundle-linux-x86_64/share/minizinc/std/member_float.mzn'
processing file '/mnt/HDD/elenzi/Dovier/MiniZincIDE-2.5.3-bundle-linux-x86_64/share/minizinc/std/fzn_member_float_reif.mzn'
processing file '/mnt/HDD/elenzi/Dovier/MiniZincIDE-2.5.3-bundle-linux-x86_64/share/minizinc/std/fzn_member_float.mzn'
processing file '/mnt/HDD/elenzi/Dovier/MiniZincIDE-2.5.3-bundle-linux-x86_64/share/minizinc/std/member_bool.mzn'
processing file '/mnt/HDD/elenzi/Dovier/MiniZincIDE-2.5.3-bundle-linux-x86_64/share/minizinc/gecode//fzn_member_bool_reif.mzn'
processing file '/mnt/HDD/elenzi/Dovier/MiniZincIDE-2.5.3-bundle-linux-x86_64/share/minizinc/gecode//fzn_member_bool.mzn'
processing file '/mnt/HDD/elenzi/Dovier/MiniZincIDE-2.5.3-bundle-linux-x86_64/share/minizinc/std/mdd_nondet.mzn'
processing file '/mnt/HDD/elenzi/Dovier/MiniZincIDE-2.5.3-bundle-linux-x86_64/share/minizinc/std/fzn_mdd_nondet_reif.mzn'
processing file '/mnt/HDD/elenzi/Dovier/MiniZincIDE-2.5.3-bundle-linux-x86_64/share/minizinc/std/fzn_mdd_nondet.mzn'
processing file '/mnt/HDD/elenzi/Dovier/MiniZincIDE-2.5.3-bundle-linux-x86_64/share/minizinc/std/mdd.mzn'
processing file '/mnt/HDD/elenzi/Dovier/MiniZincIDE-2.5.3-bundle-linux-x86_64/share/minizinc/std/fzn_mdd_reif.mzn'
processing file '/mnt/HDD/elenzi/Dovier/MiniZincIDE-2.5.3-bundle-linux-x86_64/share/minizinc/std/fzn_mdd.mzn'
processing file '/mnt/HDD/elenzi/Dovier/MiniZincIDE-2.5.3-bundle-linux-x86_64/share/minizinc/std/maximum.mzn'
processing file '/mnt/HDD/elenzi/Dovier/MiniZincIDE-2.5.3-bundle-linux-x86_64/share/minizinc/std/link_set_to_booleans.mzn'
processing file '/mnt/HDD/elenzi/Dovier/MiniZincIDE-2.5.3-bundle-linux-x86_64/share/minizinc/std/fzn_link_set_to_booleans_reif.mzn'
processing file '/mnt/HDD/elenzi/Dovier/MiniZincIDE-2.5.3-bundle-linux-x86_64/share/minizinc/gecode//fzn_link_set_to_booleans.mzn'
processing file '/mnt/HDD/elenzi/Dovier/MiniZincIDE-2.5.3-bundle-linux-x86_64/share/minizinc/std/lex2.mzn'
processing file '/mnt/HDD/elenzi/Dovier/MiniZincIDE-2.5.3-bundle-linux-x86_64/share/minizinc/std/fzn_lex2_reif.mzn'
processing file '/mnt/HDD/elenzi/Dovier/MiniZincIDE-2.5.3-bundle-linux-x86_64/share/minizinc/std/fzn_lex2.mzn'
processing file '/mnt/HDD/elenzi/Dovier/MiniZincIDE-2.5.3-bundle-linux-x86_64/share/minizinc/std/lex_less.mzn'
processing file '/mnt/HDD/elenzi/Dovier/MiniZincIDE-2.5.3-bundle-linux-x86_64/share/minizinc/std/lex_less_set.mzn'
processing file '/mnt/HDD/elenzi/Dovier/MiniZincIDE-2.5.3-bundle-linux-x86_64/share/minizinc/std/fzn_lex_less_set_reif.mzn'
processing file '/mnt/HDD/elenzi/Dovier/MiniZincIDE-2.5.3-bundle-linux-x86_64/share/minizinc/std/fzn_lex_less_set.mzn'
processing file '/mnt/HDD/elenzi/Dovier/MiniZincIDE-2.5.3-bundle-linux-x86_64/share/minizinc/std/lex_less_int.mzn'
processing file '/mnt/HDD/elenzi/Dovier/MiniZincIDE-2.5.3-bundle-linux-x86_64/share/minizinc/std/fzn_lex_less_int_reif.mzn'
processing file '/mnt/HDD/elenzi/Dovier/MiniZincIDE-2.5.3-bundle-linux-x86_64/share/minizinc/gecode//fzn_lex_less_int.mzn'
processing file '/mnt/HDD/elenzi/Dovier/MiniZincIDE-2.5.3-bundle-linux-x86_64/share/minizinc/std/lex_less_float.mzn'
processing file '/mnt/HDD/elenzi/Dovier/MiniZincIDE-2.5.3-bundle-linux-x86_64/share/minizinc/std/fzn_lex_less_float_reif.mzn'
processing file '/mnt/HDD/elenzi/Dovier/MiniZincIDE-2.5.3-bundle-linux-x86_64/share/minizinc/std/fzn_lex_less_float.mzn'
processing file '/mnt/HDD/elenzi/Dovier/MiniZincIDE-2.5.3-bundle-linux-x86_64/share/minizinc/std/lex_less_bool.mzn'
processing file '/mnt/HDD/elenzi/Dovier/MiniZincIDE-2.5.3-bundle-linux-x86_64/share/minizinc/std/fzn_lex_less_bool_reif.mzn'
processing file '/mnt/HDD/elenzi/Dovier/MiniZincIDE-2.5.3-bundle-linux-x86_64/share/minizinc/gecode//fzn_lex_less_bool.mzn'
processing file '/mnt/HDD/elenzi/Dovier/MiniZincIDE-2.5.3-bundle-linux-x86_64/share/minizinc/std/lex_lesseq.mzn'
processing file '/mnt/HDD/elenzi/Dovier/MiniZincIDE-2.5.3-bundle-linux-x86_64/share/minizinc/std/lex_lesseq_set.mzn'
processing file '/mnt/HDD/elenzi/Dovier/MiniZincIDE-2.5.3-bundle-linux-x86_64/share/minizinc/std/fzn_lex_lesseq_set_reif.mzn'
processing file '/mnt/HDD/elenzi/Dovier/MiniZincIDE-2.5.3-bundle-linux-x86_64/share/minizinc/std/fzn_lex_lesseq_set.mzn'
processing file '/mnt/HDD/elenzi/Dovier/MiniZincIDE-2.5.3-bundle-linux-x86_64/share/minizinc/std/lex_lesseq_int.mzn'
processing file '/mnt/HDD/elenzi/Dovier/MiniZincIDE-2.5.3-bundle-linux-x86_64/share/minizinc/std/fzn_lex_lesseq_int_reif.mzn'
processing file '/mnt/HDD/elenzi/Dovier/MiniZincIDE-2.5.3-bundle-linux-x86_64/share/minizinc/gecode//fzn_lex_lesseq_int.mzn'
processing file '/mnt/HDD/elenzi/Dovier/MiniZincIDE-2.5.3-bundle-linux-x86_64/share/minizinc/std/lex_lesseq_float.mzn'
processing file '/mnt/HDD/elenzi/Dovier/MiniZincIDE-2.5.3-bundle-linux-x86_64/share/minizinc/std/fzn_lex_lesseq_float_reif.mzn'
processing file '/mnt/HDD/elenzi/Dovier/MiniZincIDE-2.5.3-bundle-linux-x86_64/share/minizinc/std/fzn_lex_lesseq_float.mzn'
processing file '/mnt/HDD/elenzi/Dovier/MiniZincIDE-2.5.3-bundle-linux-x86_64/share/minizinc/std/lex_lesseq_bool.mzn'
processing file '/mnt/HDD/elenzi/Dovier/MiniZincIDE-2.5.3-bundle-linux-x86_64/share/minizinc/std/fzn_lex_lesseq_bool_reif.mzn'
processing file '/mnt/HDD/elenzi/Dovier/MiniZincIDE-2.5.3-bundle-linux-x86_64/share/minizinc/gecode//fzn_lex_lesseq_bool.mzn'
processing file '/mnt/HDD/elenzi/Dovier/MiniZincIDE-2.5.3-bundle-linux-x86_64/share/minizinc/std/lex_greatereq.mzn'
processing file '/mnt/HDD/elenzi/Dovier/MiniZincIDE-2.5.3-bundle-linux-x86_64/share/minizinc/std/lex_greater.mzn'
processing file '/mnt/HDD/elenzi/Dovier/MiniZincIDE-2.5.3-bundle-linux-x86_64/share/minizinc/std/knapsack.mzn'
processing file '/mnt/HDD/elenzi/Dovier/MiniZincIDE-2.5.3-bundle-linux-x86_64/share/minizinc/std/fzn_knapsack_reif.mzn'
processing file '/mnt/HDD/elenzi/Dovier/MiniZincIDE-2.5.3-bundle-linux-x86_64/share/minizinc/std/fzn_knapsack.mzn'
processing file '/mnt/HDD/elenzi/Dovier/MiniZincIDE-2.5.3-bundle-linux-x86_64/share/minizinc/std/inverse_set.mzn'
processing file '/mnt/HDD/elenzi/Dovier/MiniZincIDE-2.5.3-bundle-linux-x86_64/share/minizinc/std/fzn_inverse_set_reif.mzn'
processing file '/mnt/HDD/elenzi/Dovier/MiniZincIDE-2.5.3-bundle-linux-x86_64/share/minizinc/gecode//fzn_inverse_set.mzn'
processing file '/mnt/HDD/elenzi/Dovier/MiniZincIDE-2.5.3-bundle-linux-x86_64/share/minizinc/std/inverse_in_range.mzn'
processing file '/mnt/HDD/elenzi/Dovier/MiniZincIDE-2.5.3-bundle-linux-x86_64/share/minizinc/std/fzn_inverse_in_range_reif.mzn'
processing file '/mnt/HDD/elenzi/Dovier/MiniZincIDE-2.5.3-bundle-linux-x86_64/share/minizinc/std/fzn_inverse_in_range.mzn'
processing file '/mnt/HDD/elenzi/Dovier/MiniZincIDE-2.5.3-bundle-linux-x86_64/share/minizinc/std/inverse_fn.mzn'
processing file '/mnt/HDD/elenzi/Dovier/MiniZincIDE-2.5.3-bundle-linux-x86_64/share/minizinc/std/inverse.mzn'
processing file '/mnt/HDD/elenzi/Dovier/MiniZincIDE-2.5.3-bundle-linux-x86_64/share/minizinc/std/fzn_inverse_reif.mzn'
processing file '/mnt/HDD/elenzi/Dovier/MiniZincIDE-2.5.3-bundle-linux-x86_64/share/minizinc/gecode//fzn_inverse.mzn'
processing file '/mnt/HDD/elenzi/Dovier/MiniZincIDE-2.5.3-bundle-linux-x86_64/share/minizinc/std/int_set_channel.mzn'
processing file '/mnt/HDD/elenzi/Dovier/MiniZincIDE-2.5.3-bundle-linux-x86_64/share/minizinc/std/fzn_int_set_channel_reif.mzn'
processing file '/mnt/HDD/elenzi/Dovier/MiniZincIDE-2.5.3-bundle-linux-x86_64/share/minizinc/gecode//fzn_int_set_channel.mzn'
processing file '/mnt/HDD/elenzi/Dovier/MiniZincIDE-2.5.3-bundle-linux-x86_64/share/minizinc/std/increasing.mzn'
processing file '/mnt/HDD/elenzi/Dovier/MiniZincIDE-2.5.3-bundle-linux-x86_64/share/minizinc/std/increasing_set.mzn'
processing file '/mnt/HDD/elenzi/Dovier/MiniZincIDE-2.5.3-bundle-linux-x86_64/share/minizinc/std/fzn_increasing_set_reif.mzn'
processing file '/mnt/HDD/elenzi/Dovier/MiniZincIDE-2.5.3-bundle-linux-x86_64/share/minizinc/std/fzn_increasing_set.mzn'
processing file '/mnt/HDD/elenzi/Dovier/MiniZincIDE-2.5.3-bundle-linux-x86_64/share/minizinc/std/increasing_int.mzn'
processing file '/mnt/HDD/elenzi/Dovier/MiniZincIDE-2.5.3-bundle-linux-x86_64/share/minizinc/std/fzn_increasing_int_reif.mzn'
processing file '/mnt/HDD/elenzi/Dovier/MiniZincIDE-2.5.3-bundle-linux-x86_64/share/minizinc/gecode//fzn_increasing_int.mzn'
processing file '/mnt/HDD/elenzi/Dovier/MiniZincIDE-2.5.3-bundle-linux-x86_64/share/minizinc/std/increasing_float.mzn'
processing file '/mnt/HDD/elenzi/Dovier/MiniZincIDE-2.5.3-bundle-linux-x86_64/share/minizinc/std/fzn_increasing_float_reif.mzn'
processing file '/mnt/HDD/elenzi/Dovier/MiniZincIDE-2.5.3-bundle-linux-x86_64/share/minizinc/std/fzn_increasing_float.mzn'
processing file '/mnt/HDD/elenzi/Dovier/MiniZincIDE-2.5.3-bundle-linux-x86_64/share/minizinc/std/increasing_bool.mzn'
processing file '/mnt/HDD/elenzi/Dovier/MiniZincIDE-2.5.3-bundle-linux-x86_64/share/minizinc/std/fzn_increasing_bool_reif.mzn'
processing file '/mnt/HDD/elenzi/Dovier/MiniZincIDE-2.5.3-bundle-linux-x86_64/share/minizinc/gecode//fzn_increasing_bool.mzn'
processing file '/mnt/HDD/elenzi/Dovier/MiniZincIDE-2.5.3-bundle-linux-x86_64/share/minizinc/std/global_cardinality_low_up_closed.mzn'
processing file '/mnt/HDD/elenzi/Dovier/MiniZincIDE-2.5.3-bundle-linux-x86_64/share/minizinc/std/fzn_global_cardinality_low_up_closed_reif.mzn'
processing file '/mnt/HDD/elenzi/Dovier/MiniZincIDE-2.5.3-bundle-linux-x86_64/share/minizinc/gecode//fzn_global_cardinality_low_up_closed.mzn'
processing file '/mnt/HDD/elenzi/Dovier/MiniZincIDE-2.5.3-bundle-linux-x86_64/share/minizinc/std/global_cardinality_low_up.mzn'
processing file '/mnt/HDD/elenzi/Dovier/MiniZincIDE-2.5.3-bundle-linux-x86_64/share/minizinc/std/fzn_global_cardinality_low_up_reif.mzn'
processing file '/mnt/HDD/elenzi/Dovier/MiniZincIDE-2.5.3-bundle-linux-x86_64/share/minizinc/gecode//fzn_global_cardinality_low_up.mzn'
processing file '/mnt/HDD/elenzi/Dovier/MiniZincIDE-2.5.3-bundle-linux-x86_64/share/minizinc/std/global_cardinality_closed_fn.mzn'
processing file '/mnt/HDD/elenzi/Dovier/MiniZincIDE-2.5.3-bundle-linux-x86_64/share/minizinc/std/global_cardinality_closed.mzn'
processing file '/mnt/HDD/elenzi/Dovier/MiniZincIDE-2.5.3-bundle-linux-x86_64/share/minizinc/std/fzn_global_cardinality_closed_reif.mzn'
processing file '/mnt/HDD/elenzi/Dovier/MiniZincIDE-2.5.3-bundle-linux-x86_64/share/minizinc/gecode//fzn_global_cardinality_closed.mzn'
processing file '/mnt/HDD/elenzi/Dovier/MiniZincIDE-2.5.3-bundle-linux-x86_64/share/minizinc/std/global_cardinality_fn.mzn'
processing file '/mnt/HDD/elenzi/Dovier/MiniZincIDE-2.5.3-bundle-linux-x86_64/share/minizinc/std/global_cardinality.mzn'
processing file '/mnt/HDD/elenzi/Dovier/MiniZincIDE-2.5.3-bundle-linux-x86_64/share/minizinc/std/fzn_global_cardinality_reif.mzn'
processing file '/mnt/HDD/elenzi/Dovier/MiniZincIDE-2.5.3-bundle-linux-x86_64/share/minizinc/gecode//fzn_global_cardinality.mzn'
processing file '/mnt/HDD/elenzi/Dovier/MiniZincIDE-2.5.3-bundle-linux-x86_64/share/minizinc/std/geost.mzn'
processing file '/mnt/HDD/elenzi/Dovier/MiniZincIDE-2.5.3-bundle-linux-x86_64/share/minizinc/std/fzn_geost_nonoverlap_k_reif.mzn'
processing file '/mnt/HDD/elenzi/Dovier/MiniZincIDE-2.5.3-bundle-linux-x86_64/share/minizinc/std/fzn_geost_nonoverlap_k.mzn'
processing file '/mnt/HDD/elenzi/Dovier/MiniZincIDE-2.5.3-bundle-linux-x86_64/share/minizinc/std/fzn_geost_smallest_bb_reif.mzn'
processing file '/mnt/HDD/elenzi/Dovier/MiniZincIDE-2.5.3-bundle-linux-x86_64/share/minizinc/std/fzn_geost_smallest_bb.mzn'
processing file '/mnt/HDD/elenzi/Dovier/MiniZincIDE-2.5.3-bundle-linux-x86_64/share/minizinc/std/fzn_geost_bb_reif.mzn'
processing file '/mnt/HDD/elenzi/Dovier/MiniZincIDE-2.5.3-bundle-linux-x86_64/share/minizinc/std/fzn_geost_bb.mzn'
processing file '/mnt/HDD/elenzi/Dovier/MiniZincIDE-2.5.3-bundle-linux-x86_64/share/minizinc/std/fzn_geost_reif.mzn'
processing file '/mnt/HDD/elenzi/Dovier/MiniZincIDE-2.5.3-bundle-linux-x86_64/share/minizinc/std/fzn_geost.mzn'
processing file '/mnt/HDD/elenzi/Dovier/MiniZincIDE-2.5.3-bundle-linux-x86_64/share/minizinc/std/exactly.mzn'
processing file '/mnt/HDD/elenzi/Dovier/MiniZincIDE-2.5.3-bundle-linux-x86_64/share/minizinc/std/exactly_set.mzn'
processing file '/mnt/HDD/elenzi/Dovier/MiniZincIDE-2.5.3-bundle-linux-x86_64/share/minizinc/std/fzn_exactly_set_reif.mzn'
processing file '/mnt/HDD/elenzi/Dovier/MiniZincIDE-2.5.3-bundle-linux-x86_64/share/minizinc/gecode//fzn_exactly_set.mzn'
processing file '/mnt/HDD/elenzi/Dovier/MiniZincIDE-2.5.3-bundle-linux-x86_64/share/minizinc/std/exactly_int.mzn'
processing file '/mnt/HDD/elenzi/Dovier/MiniZincIDE-2.5.3-bundle-linux-x86_64/share/minizinc/std/fzn_exactly_int_reif.mzn'
processing file '/mnt/HDD/elenzi/Dovier/MiniZincIDE-2.5.3-bundle-linux-x86_64/share/minizinc/std/fzn_exactly_int.mzn'
processing file '/mnt/HDD/elenzi/Dovier/MiniZincIDE-2.5.3-bundle-linux-x86_64/share/minizinc/std/exactly.mzn.deprecated.mzn'
processing file '/mnt/HDD/elenzi/Dovier/MiniZincIDE-2.5.3-bundle-linux-x86_64/share/minizinc/std/exactly.mzn.deprecated.mzn'
processing file '/mnt/HDD/elenzi/Dovier/MiniZincIDE-2.5.3-bundle-linux-x86_64/share/minizinc/std/exactly.mzn.deprecated.mzn'
processing file '/mnt/HDD/elenzi/Dovier/MiniZincIDE-2.5.3-bundle-linux-x86_64/share/minizinc/std//exactly.mzn.deprecated.mzn'
processing file '/mnt/HDD/elenzi/Dovier/MiniZincIDE-2.5.3-bundle-linux-x86_64/share/minizinc/std/exactly.mzn.deprecated.mzn'
processing file '/mnt/HDD/elenzi/Dovier/MiniZincIDE-2.5.3-bundle-linux-x86_64/share/minizinc/std/exactly.mzn.deprecated.mzn'
processing file '/mnt/HDD/elenzi/Dovier/MiniZincIDE-2.5.3-bundle-linux-x86_64/share/minizinc/std/element.mzn'
processing file '/mnt/HDD/elenzi/Dovier/MiniZincIDE-2.5.3-bundle-linux-x86_64/share/minizinc/std/element_set.mzn'
processing file '/mnt/HDD/elenzi/Dovier/MiniZincIDE-2.5.3-bundle-linux-x86_64/share/minizinc/std/element_int.mzn'
processing file '/mnt/HDD/elenzi/Dovier/MiniZincIDE-2.5.3-bundle-linux-x86_64/share/minizinc/std/element_float.mzn'
processing file '/mnt/HDD/elenzi/Dovier/MiniZincIDE-2.5.3-bundle-linux-x86_64/share/minizinc/std/element_bool.mzn'
processing file '/mnt/HDD/elenzi/Dovier/MiniZincIDE-2.5.3-bundle-linux-x86_64/share/minizinc/std/distribute_fn.mzn'
processing file '/mnt/HDD/elenzi/Dovier/MiniZincIDE-2.5.3-bundle-linux-x86_64/share/minizinc/std/distribute.mzn'
processing file '/mnt/HDD/elenzi/Dovier/MiniZincIDE-2.5.3-bundle-linux-x86_64/share/minizinc/std/fzn_distribute_reif.mzn'
processing file '/mnt/HDD/elenzi/Dovier/MiniZincIDE-2.5.3-bundle-linux-x86_64/share/minizinc/std/fzn_distribute.mzn'
processing file '/mnt/HDD/elenzi/Dovier/MiniZincIDE-2.5.3-bundle-linux-x86_64/share/minizinc/std/disjunctive_strict_opt.mzn'
processing file '/mnt/HDD/elenzi/Dovier/MiniZincIDE-2.5.3-bundle-linux-x86_64/share/minizinc/std/fzn_disjunctive_strict_opt_reif.mzn'
processing file '/mnt/HDD/elenzi/Dovier/MiniZincIDE-2.5.3-bundle-linux-x86_64/share/minizinc/std/fzn_disjunctive_strict_opt.mzn'
processing file '/mnt/HDD/elenzi/Dovier/MiniZincIDE-2.5.3-bundle-linux-x86_64/share/minizinc/std/disjunctive_opt.mzn'
processing file '/mnt/HDD/elenzi/Dovier/MiniZincIDE-2.5.3-bundle-linux-x86_64/share/minizinc/std/fzn_disjunctive_opt_reif.mzn'
processing file '/mnt/HDD/elenzi/Dovier/MiniZincIDE-2.5.3-bundle-linux-x86_64/share/minizinc/std/fzn_disjunctive_opt.mzn'
processing file '/mnt/HDD/elenzi/Dovier/MiniZincIDE-2.5.3-bundle-linux-x86_64/share/minizinc/std/disjunctive_strict.mzn'
processing file '/mnt/HDD/elenzi/Dovier/MiniZincIDE-2.5.3-bundle-linux-x86_64/share/minizinc/std/fzn_disjunctive_strict_reif.mzn'
processing file '/mnt/HDD/elenzi/Dovier/MiniZincIDE-2.5.3-bundle-linux-x86_64/share/minizinc/gecode//fzn_disjunctive_strict.mzn'
processing file '/mnt/HDD/elenzi/Dovier/MiniZincIDE-2.5.3-bundle-linux-x86_64/share/minizinc/gecode//fzn_cumulative.mzn'
processing file '/mnt/HDD/elenzi/Dovier/MiniZincIDE-2.5.3-bundle-linux-x86_64/share/minizinc/std/disjunctive.mzn'
processing file '/mnt/HDD/elenzi/Dovier/MiniZincIDE-2.5.3-bundle-linux-x86_64/share/minizinc/std/fzn_disjunctive_reif.mzn'
processing file '/mnt/HDD/elenzi/Dovier/MiniZincIDE-2.5.3-bundle-linux-x86_64/share/minizinc/std/fzn_disjunctive.mzn'
processing file '/mnt/HDD/elenzi/Dovier/MiniZincIDE-2.5.3-bundle-linux-x86_64/share/minizinc/std/disjoint.mzn'
processing file '/mnt/HDD/elenzi/Dovier/MiniZincIDE-2.5.3-bundle-linux-x86_64/share/minizinc/std/fzn_disjoint_reif.mzn'
processing file '/mnt/HDD/elenzi/Dovier/MiniZincIDE-2.5.3-bundle-linux-x86_64/share/minizinc/gecode//fzn_disjoint.mzn'
processing file '/mnt/HDD/elenzi/Dovier/MiniZincIDE-2.5.3-bundle-linux-x86_64/share/minizinc/std/diffn_nonstrict_k.mzn'
processing file '/mnt/HDD/elenzi/Dovier/MiniZincIDE-2.5.3-bundle-linux-x86_64/share/minizinc/std/fzn_diffn_nonstrict_k_reif.mzn'
processing file '/mnt/HDD/elenzi/Dovier/MiniZincIDE-2.5.3-bundle-linux-x86_64/share/minizinc/std/fzn_diffn_nonstrict_k.mzn'
processing file '/mnt/HDD/elenzi/Dovier/MiniZincIDE-2.5.3-bundle-linux-x86_64/share/minizinc/std/diffn_k.mzn'
processing file '/mnt/HDD/elenzi/Dovier/MiniZincIDE-2.5.3-bundle-linux-x86_64/share/minizinc/std/fzn_diffn_k_reif.mzn'
processing file '/mnt/HDD/elenzi/Dovier/MiniZincIDE-2.5.3-bundle-linux-x86_64/share/minizinc/std/fzn_diffn_k.mzn'
processing file '/mnt/HDD/elenzi/Dovier/MiniZincIDE-2.5.3-bundle-linux-x86_64/share/minizinc/std/diffn_nonstrict.mzn'
processing file '/mnt/HDD/elenzi/Dovier/MiniZincIDE-2.5.3-bundle-linux-x86_64/share/minizinc/std/fzn_diffn_nonstrict_reif.mzn'
processing file '/mnt/HDD/elenzi/Dovier/MiniZincIDE-2.5.3-bundle-linux-x86_64/share/minizinc/std/fzn_diffn_nonstrict.mzn'
processing file '/mnt/HDD/elenzi/Dovier/MiniZincIDE-2.5.3-bundle-linux-x86_64/share/minizinc/std/diffn.mzn'
processing file '/mnt/HDD/elenzi/Dovier/MiniZincIDE-2.5.3-bundle-linux-x86_64/share/minizinc/std/fzn_diffn_reif.mzn'
processing file '/mnt/HDD/elenzi/Dovier/MiniZincIDE-2.5.3-bundle-linux-x86_64/share/minizinc/gecode//fzn_diffn.mzn'
processing file '/mnt/HDD/elenzi/Dovier/MiniZincIDE-2.5.3-bundle-linux-x86_64/share/minizinc/std/decreasing.mzn'
processing file '/mnt/HDD/elenzi/Dovier/MiniZincIDE-2.5.3-bundle-linux-x86_64/share/minizinc/std/decreasing_set.mzn'
processing file '/mnt/HDD/elenzi/Dovier/MiniZincIDE-2.5.3-bundle-linux-x86_64/share/minizinc/std/fzn_decreasing_set.mzn'
processing file '/mnt/HDD/elenzi/Dovier/MiniZincIDE-2.5.3-bundle-linux-x86_64/share/minizinc/std/decreasing_int.mzn'
processing file '/mnt/HDD/elenzi/Dovier/MiniZincIDE-2.5.3-bundle-linux-x86_64/share/minizinc/gecode//fzn_decreasing_int.mzn'
processing file '/mnt/HDD/elenzi/Dovier/MiniZincIDE-2.5.3-bundle-linux-x86_64/share/minizinc/std/decreasing_float.mzn'
processing file '/mnt/HDD/elenzi/Dovier/MiniZincIDE-2.5.3-bundle-linux-x86_64/share/minizinc/std/fzn_decreasing_float.mzn'
processing file '/mnt/HDD/elenzi/Dovier/MiniZincIDE-2.5.3-bundle-linux-x86_64/share/minizinc/std/decreasing_bool.mzn'
processing file '/mnt/HDD/elenzi/Dovier/MiniZincIDE-2.5.3-bundle-linux-x86_64/share/minizinc/std/fzn_decreasing_bool_reif.mzn'
processing file '/mnt/HDD/elenzi/Dovier/MiniZincIDE-2.5.3-bundle-linux-x86_64/share/minizinc/gecode//fzn_decreasing_bool.mzn'
processing file '/mnt/HDD/elenzi/Dovier/MiniZincIDE-2.5.3-bundle-linux-x86_64/share/minizinc/std/dag.mzn'
processing file '/mnt/HDD/elenzi/Dovier/MiniZincIDE-2.5.3-bundle-linux-x86_64/share/minizinc/std/fzn_dag_reif.mzn'
processing file '/mnt/HDD/elenzi/Dovier/MiniZincIDE-2.5.3-bundle-linux-x86_64/share/minizinc/std/fzn_dag.mzn'
processing file '/mnt/HDD/elenzi/Dovier/MiniZincIDE-2.5.3-bundle-linux-x86_64/share/minizinc/std/cumulative_opt.mzn'
processing file '/mnt/HDD/elenzi/Dovier/MiniZincIDE-2.5.3-bundle-linux-x86_64/share/minizinc/std/fzn_cumulative_opt_reif.mzn'
processing file '/mnt/HDD/elenzi/Dovier/MiniZincIDE-2.5.3-bundle-linux-x86_64/share/minizinc/std/fzn_cumulative_opt.mzn'
processing file '/mnt/HDD/elenzi/Dovier/MiniZincIDE-2.5.3-bundle-linux-x86_64/share/minizinc/std/cumulative.mzn'
processing file '/mnt/HDD/elenzi/Dovier/MiniZincIDE-2.5.3-bundle-linux-x86_64/share/minizinc/std/fzn_cumulative_reif.mzn'
processing file '/mnt/HDD/elenzi/Dovier/MiniZincIDE-2.5.3-bundle-linux-x86_64/share/minizinc/std/cost_regular.mzn'
processing file '/mnt/HDD/elenzi/Dovier/MiniZincIDE-2.5.3-bundle-linux-x86_64/share/minizinc/std/fzn_cost_regular_reif.mzn'
processing file '/mnt/HDD/elenzi/Dovier/MiniZincIDE-2.5.3-bundle-linux-x86_64/share/minizinc/std/fzn_cost_regular.mzn'
processing file '/mnt/HDD/elenzi/Dovier/MiniZincIDE-2.5.3-bundle-linux-x86_64/share/minizinc/std/cost_mdd.mzn'
processing file '/mnt/HDD/elenzi/Dovier/MiniZincIDE-2.5.3-bundle-linux-x86_64/share/minizinc/std/fzn_cost_mdd_reif.mzn'
processing file '/mnt/HDD/elenzi/Dovier/MiniZincIDE-2.5.3-bundle-linux-x86_64/share/minizinc/std/fzn_cost_mdd.mzn'
processing file '/mnt/HDD/elenzi/Dovier/MiniZincIDE-2.5.3-bundle-linux-x86_64/share/minizinc/std/connected.mzn'
processing file '/mnt/HDD/elenzi/Dovier/MiniZincIDE-2.5.3-bundle-linux-x86_64/share/minizinc/std/fzn_dconnected_reif.mzn'
processing file '/mnt/HDD/elenzi/Dovier/MiniZincIDE-2.5.3-bundle-linux-x86_64/share/minizinc/std/fzn_dconnected.mzn'
processing file '/mnt/HDD/elenzi/Dovier/MiniZincIDE-2.5.3-bundle-linux-x86_64/share/minizinc/std/fzn_connected_reif.mzn'
processing file '/mnt/HDD/elenzi/Dovier/MiniZincIDE-2.5.3-bundle-linux-x86_64/share/minizinc/std/fzn_connected.mzn'
processing file '/mnt/HDD/elenzi/Dovier/MiniZincIDE-2.5.3-bundle-linux-x86_64/share/minizinc/std/circuit.mzn'
processing file '/mnt/HDD/elenzi/Dovier/MiniZincIDE-2.5.3-bundle-linux-x86_64/share/minizinc/std/fzn_circuit_reif.mzn'
processing file '/mnt/HDD/elenzi/Dovier/MiniZincIDE-2.5.3-bundle-linux-x86_64/share/minizinc/gecode//fzn_circuit.mzn'
processing file '/mnt/HDD/elenzi/Dovier/MiniZincIDE-2.5.3-bundle-linux-x86_64/share/minizinc/std/bounded_path.mzn'
processing file '/mnt/HDD/elenzi/Dovier/MiniZincIDE-2.5.3-bundle-linux-x86_64/share/minizinc/std/fzn_bounded_dpath_enum_reif.mzn'
processing file '/mnt/HDD/elenzi/Dovier/MiniZincIDE-2.5.3-bundle-linux-x86_64/share/minizinc/std/path.mzn'
processing file '/mnt/HDD/elenzi/Dovier/MiniZincIDE-2.5.3-bundle-linux-x86_64/share/minizinc/std/fzn_dpath_enum_reif.mzn'
processing file '/mnt/HDD/elenzi/Dovier/MiniZincIDE-2.5.3-bundle-linux-x86_64/share/minizinc/std/fzn_dpath_enum.mzn'
processing file '/mnt/HDD/elenzi/Dovier/MiniZincIDE-2.5.3-bundle-linux-x86_64/share/minizinc/std/fzn_dpath_int_reif.mzn'
processing file '/mnt/HDD/elenzi/Dovier/MiniZincIDE-2.5.3-bundle-linux-x86_64/share/minizinc/std/fzn_dpath_int.mzn'
processing file '/mnt/HDD/elenzi/Dovier/MiniZincIDE-2.5.3-bundle-linux-x86_64/share/minizinc/std/fzn_path_enum_reif.mzn'
processing file '/mnt/HDD/elenzi/Dovier/MiniZincIDE-2.5.3-bundle-linux-x86_64/share/minizinc/std/fzn_path_enum.mzn'
processing file '/mnt/HDD/elenzi/Dovier/MiniZincIDE-2.5.3-bundle-linux-x86_64/share/minizinc/std/fzn_path_int_reif.mzn'
processing file '/mnt/HDD/elenzi/Dovier/MiniZincIDE-2.5.3-bundle-linux-x86_64/share/minizinc/std/fzn_path_int.mzn'
processing file '/mnt/HDD/elenzi/Dovier/MiniZincIDE-2.5.3-bundle-linux-x86_64/share/minizinc/std/fzn_bounded_dpath_enum.mzn'
processing file '/mnt/HDD/elenzi/Dovier/MiniZincIDE-2.5.3-bundle-linux-x86_64/share/minizinc/std/fzn_bounded_dpath_int_reif.mzn'
processing file '/mnt/HDD/elenzi/Dovier/MiniZincIDE-2.5.3-bundle-linux-x86_64/share/minizinc/std/fzn_bounded_dpath_int.mzn'
processing file '/mnt/HDD/elenzi/Dovier/MiniZincIDE-2.5.3-bundle-linux-x86_64/share/minizinc/std/fzn_bounded_path_enum_reif.mzn'
processing file '/mnt/HDD/elenzi/Dovier/MiniZincIDE-2.5.3-bundle-linux-x86_64/share/minizinc/std/fzn_bounded_path_enum.mzn'
processing file '/mnt/HDD/elenzi/Dovier/MiniZincIDE-2.5.3-bundle-linux-x86_64/share/minizinc/std/fzn_bounded_path_int_reif.mzn'
processing file '/mnt/HDD/elenzi/Dovier/MiniZincIDE-2.5.3-bundle-linux-x86_64/share/minizinc/std/fzn_bounded_path_int.mzn'
processing file '/mnt/HDD/elenzi/Dovier/MiniZincIDE-2.5.3-bundle-linux-x86_64/share/minizinc/std/bin_packing_load_fn.mzn'
processing file '/mnt/HDD/elenzi/Dovier/MiniZincIDE-2.5.3-bundle-linux-x86_64/share/minizinc/gecode//fzn_bin_packing_load.mzn'
processing file '/mnt/HDD/elenzi/Dovier/MiniZincIDE-2.5.3-bundle-linux-x86_64/share/minizinc/std/bin_packing_load.mzn'
processing file '/mnt/HDD/elenzi/Dovier/MiniZincIDE-2.5.3-bundle-linux-x86_64/share/minizinc/std/fzn_bin_packing_load_reif.mzn'
processing file '/mnt/HDD/elenzi/Dovier/MiniZincIDE-2.5.3-bundle-linux-x86_64/share/minizinc/std/bin_packing_capa.mzn'
processing file '/mnt/HDD/elenzi/Dovier/MiniZincIDE-2.5.3-bundle-linux-x86_64/share/minizinc/std/fzn_bin_packing_capa_reif.mzn'
processing file '/mnt/HDD/elenzi/Dovier/MiniZincIDE-2.5.3-bundle-linux-x86_64/share/minizinc/gecode//fzn_bin_packing_capa.mzn'
processing file '/mnt/HDD/elenzi/Dovier/MiniZincIDE-2.5.3-bundle-linux-x86_64/share/minizinc/std/bin_packing.mzn'
processing file '/mnt/HDD/elenzi/Dovier/MiniZincIDE-2.5.3-bundle-linux-x86_64/share/minizinc/std/fzn_bin_packing_reif.mzn'
processing file '/mnt/HDD/elenzi/Dovier/MiniZincIDE-2.5.3-bundle-linux-x86_64/share/minizinc/gecode//fzn_bin_packing.mzn'
processing file '/mnt/HDD/elenzi/Dovier/MiniZincIDE-2.5.3-bundle-linux-x86_64/share/minizinc/std/at_most1.mzn'
processing file '/mnt/HDD/elenzi/Dovier/MiniZincIDE-2.5.3-bundle-linux-x86_64/share/minizinc/std/fzn_at_most1_reif.mzn'
processing file '/mnt/HDD/elenzi/Dovier/MiniZincIDE-2.5.3-bundle-linux-x86_64/share/minizinc/std/fzn_at_most1.mzn'
processing file '/mnt/HDD/elenzi/Dovier/MiniZincIDE-2.5.3-bundle-linux-x86_64/share/minizinc/std/at_most.mzn'
processing file '/mnt/HDD/elenzi/Dovier/MiniZincIDE-2.5.3-bundle-linux-x86_64/share/minizinc/std/fzn_at_most_set_reif.mzn'
processing file '/mnt/HDD/elenzi/Dovier/MiniZincIDE-2.5.3-bundle-linux-x86_64/share/minizinc/gecode//fzn_at_most_set.mzn'
processing file '/mnt/HDD/elenzi/Dovier/MiniZincIDE-2.5.3-bundle-linux-x86_64/share/minizinc/std/fzn_at_most_int_reif.mzn'
processing file '/mnt/HDD/elenzi/Dovier/MiniZincIDE-2.5.3-bundle-linux-x86_64/share/minizinc/gecode//fzn_at_most_int.mzn'
processing file '/mnt/HDD/elenzi/Dovier/MiniZincIDE-2.5.3-bundle-linux-x86_64/share/minizinc/std/at_most.mzn.deprecated.mzn'
processing file '/mnt/HDD/elenzi/Dovier/MiniZincIDE-2.5.3-bundle-linux-x86_64/share/minizinc/std/at_most.mzn.deprecated.mzn'
processing file '/mnt/HDD/elenzi/Dovier/MiniZincIDE-2.5.3-bundle-linux-x86_64/share/minizinc/std/at_most.mzn.deprecated.mzn'
processing file '/mnt/HDD/elenzi/Dovier/MiniZincIDE-2.5.3-bundle-linux-x86_64/share/minizinc/std//at_most.mzn.deprecated.mzn'
processing file '/mnt/HDD/elenzi/Dovier/MiniZincIDE-2.5.3-bundle-linux-x86_64/share/minizinc/std/at_most.mzn.deprecated.mzn'
processing file '/mnt/HDD/elenzi/Dovier/MiniZincIDE-2.5.3-bundle-linux-x86_64/share/minizinc/std/at_most.mzn.deprecated.mzn'
processing file '/mnt/HDD/elenzi/Dovier/MiniZincIDE-2.5.3-bundle-linux-x86_64/share/minizinc/std/at_least.mzn'
processing file '/mnt/HDD/elenzi/Dovier/MiniZincIDE-2.5.3-bundle-linux-x86_64/share/minizinc/std/fzn_at_least_set_reif.mzn'
processing file '/mnt/HDD/elenzi/Dovier/MiniZincIDE-2.5.3-bundle-linux-x86_64/share/minizinc/gecode//fzn_at_least_set.mzn'
processing file '/mnt/HDD/elenzi/Dovier/MiniZincIDE-2.5.3-bundle-linux-x86_64/share/minizinc/std/fzn_at_least_int_reif.mzn'
processing file '/mnt/HDD/elenzi/Dovier/MiniZincIDE-2.5.3-bundle-linux-x86_64/share/minizinc/gecode//fzn_at_least_int.mzn'
processing file '/mnt/HDD/elenzi/Dovier/MiniZincIDE-2.5.3-bundle-linux-x86_64/share/minizinc/std/at_least.mzn.deprecated.mzn'
processing file '/mnt/HDD/elenzi/Dovier/MiniZincIDE-2.5.3-bundle-linux-x86_64/share/minizinc/std/at_least.mzn.deprecated.mzn'
processing file '/mnt/HDD/elenzi/Dovier/MiniZincIDE-2.5.3-bundle-linux-x86_64/share/minizinc/std/at_least.mzn.deprecated.mzn'
processing file '/mnt/HDD/elenzi/Dovier/MiniZincIDE-2.5.3-bundle-linux-x86_64/share/minizinc/std//at_least.mzn.deprecated.mzn'
processing file '/mnt/HDD/elenzi/Dovier/MiniZincIDE-2.5.3-bundle-linux-x86_64/share/minizinc/std/at_least.mzn.deprecated.mzn'
processing file '/mnt/HDD/elenzi/Dovier/MiniZincIDE-2.5.3-bundle-linux-x86_64/share/minizinc/std/at_least.mzn.deprecated.mzn'
processing file '/mnt/HDD/elenzi/Dovier/MiniZincIDE-2.5.3-bundle-linux-x86_64/share/minizinc/std/arg_max.mzn'
processing file '/mnt/HDD/elenzi/Dovier/MiniZincIDE-2.5.3-bundle-linux-x86_64/share/minizinc/std/arg_max_float.mzn'
processing file '/mnt/HDD/elenzi/Dovier/MiniZincIDE-2.5.3-bundle-linux-x86_64/share/minizinc/std/fzn_arg_max_float.mzn'
processing file '/mnt/HDD/elenzi/Dovier/MiniZincIDE-2.5.3-bundle-linux-x86_64/share/minizinc/std/arg_max_bool.mzn'
processing file '/mnt/HDD/elenzi/Dovier/MiniZincIDE-2.5.3-bundle-linux-x86_64/share/minizinc/gecode//fzn_arg_max_bool.mzn'
processing file '/mnt/HDD/elenzi/Dovier/MiniZincIDE-2.5.3-bundle-linux-x86_64/share/minizinc/std/arg_max_int.mzn'
processing file '/mnt/HDD/elenzi/Dovier/MiniZincIDE-2.5.3-bundle-linux-x86_64/share/minizinc/gecode//fzn_arg_max_int.mzn'
processing file '/mnt/HDD/elenzi/Dovier/MiniZincIDE-2.5.3-bundle-linux-x86_64/share/minizinc/std/arg_min.mzn'
processing file '/mnt/HDD/elenzi/Dovier/MiniZincIDE-2.5.3-bundle-linux-x86_64/share/minizinc/std/arg_min_float.mzn'
processing file '/mnt/HDD/elenzi/Dovier/MiniZincIDE-2.5.3-bundle-linux-x86_64/share/minizinc/std/fzn_arg_min_float.mzn'
processing file '/mnt/HDD/elenzi/Dovier/MiniZincIDE-2.5.3-bundle-linux-x86_64/share/minizinc/std/arg_min_bool.mzn'
processing file '/mnt/HDD/elenzi/Dovier/MiniZincIDE-2.5.3-bundle-linux-x86_64/share/minizinc/gecode//fzn_arg_min_bool.mzn'
processing file '/mnt/HDD/elenzi/Dovier/MiniZincIDE-2.5.3-bundle-linux-x86_64/share/minizinc/std/arg_min_int.mzn'
processing file '/mnt/HDD/elenzi/Dovier/MiniZincIDE-2.5.3-bundle-linux-x86_64/share/minizinc/gecode//fzn_arg_min_int.mzn'
processing file '/mnt/HDD/elenzi/Dovier/MiniZincIDE-2.5.3-bundle-linux-x86_64/share/minizinc/std/arg_sort.mzn'
processing file '/mnt/HDD/elenzi/Dovier/MiniZincIDE-2.5.3-bundle-linux-x86_64/share/minizinc/std/arg_sort_float.mzn'
processing file '/mnt/HDD/elenzi/Dovier/MiniZincIDE-2.5.3-bundle-linux-x86_64/share/minizinc/std/fzn_arg_sort_float_reif.mzn'
processing file '/mnt/HDD/elenzi/Dovier/MiniZincIDE-2.5.3-bundle-linux-x86_64/share/minizinc/std/fzn_arg_sort_float.mzn'
processing file '/mnt/HDD/elenzi/Dovier/MiniZincIDE-2.5.3-bundle-linux-x86_64/share/minizinc/std/arg_sort_int.mzn'
processing file '/mnt/HDD/elenzi/Dovier/MiniZincIDE-2.5.3-bundle-linux-x86_64/share/minizinc/std/fzn_arg_sort_int_reif.mzn'
processing file '/mnt/HDD/elenzi/Dovier/MiniZincIDE-2.5.3-bundle-linux-x86_64/share/minizinc/std/fzn_arg_sort_int.mzn'
processing file '/mnt/HDD/elenzi/Dovier/MiniZincIDE-2.5.3-bundle-linux-x86_64/share/minizinc/std/among_fn.mzn'
processing file '/mnt/HDD/elenzi/Dovier/MiniZincIDE-2.5.3-bundle-linux-x86_64/share/minizinc/gecode//fzn_among.mzn'
processing file '/mnt/HDD/elenzi/Dovier/MiniZincIDE-2.5.3-bundle-linux-x86_64/share/minizinc/std/among.mzn'
processing file '/mnt/HDD/elenzi/Dovier/MiniZincIDE-2.5.3-bundle-linux-x86_64/share/minizinc/std/fzn_among_reif.mzn'
processing file '/mnt/HDD/elenzi/Dovier/MiniZincIDE-2.5.3-bundle-linux-x86_64/share/minizinc/std/alternative.mzn'
processing file '/mnt/HDD/elenzi/Dovier/MiniZincIDE-2.5.3-bundle-linux-x86_64/share/minizinc/std/fzn_alternative_reif.mzn'
processing file '/mnt/HDD/elenzi/Dovier/MiniZincIDE-2.5.3-bundle-linux-x86_64/share/minizinc/std/fzn_alternative.mzn'
processing file '/mnt/HDD/elenzi/Dovier/MiniZincIDE-2.5.3-bundle-linux-x86_64/share/minizinc/std/all_equal.mzn'
processing file '/mnt/HDD/elenzi/Dovier/MiniZincIDE-2.5.3-bundle-linux-x86_64/share/minizinc/std/fzn_all_equal_set_reif.mzn'
processing file '/mnt/HDD/elenzi/Dovier/MiniZincIDE-2.5.3-bundle-linux-x86_64/share/minizinc/std/fzn_all_equal_set.mzn'
processing file '/mnt/HDD/elenzi/Dovier/MiniZincIDE-2.5.3-bundle-linux-x86_64/share/minizinc/std/fzn_all_equal_int_reif.mzn'
processing file '/mnt/HDD/elenzi/Dovier/MiniZincIDE-2.5.3-bundle-linux-x86_64/share/minizinc/gecode//fzn_all_equal_int.mzn'
processing file '/mnt/HDD/elenzi/Dovier/MiniZincIDE-2.5.3-bundle-linux-x86_64/share/minizinc/std/all_disjoint.mzn'
processing file '/mnt/HDD/elenzi/Dovier/MiniZincIDE-2.5.3-bundle-linux-x86_64/share/minizinc/std/fzn_all_disjoint_reif.mzn'
processing file '/mnt/HDD/elenzi/Dovier/MiniZincIDE-2.5.3-bundle-linux-x86_64/share/minizinc/std/fzn_all_disjoint.mzn'
processing file '/mnt/HDD/elenzi/Dovier/MiniZincIDE-2.5.3-bundle-linux-x86_64/share/minizinc/std/alldifferent_except_0.mzn'
processing file '/mnt/HDD/elenzi/Dovier/MiniZincIDE-2.5.3-bundle-linux-x86_64/share/minizinc/std/fzn_alldifferent_except_0_reif.mzn'
processing file '/mnt/HDD/elenzi/Dovier/MiniZincIDE-2.5.3-bundle-linux-x86_64/share/minizinc/std/alldifferent_except.mzn'
processing file '/mnt/HDD/elenzi/Dovier/MiniZincIDE-2.5.3-bundle-linux-x86_64/share/minizinc/std/fzn_alldifferent_except_reif.mzn'
processing file '/mnt/HDD/elenzi/Dovier/MiniZincIDE-2.5.3-bundle-linux-x86_64/share/minizinc/std/fzn_alldifferent_except.mzn'
processing file '/mnt/HDD/elenzi/Dovier/MiniZincIDE-2.5.3-bundle-linux-x86_64/share/minizinc/gecode//fzn_alldifferent_except_0.mzn'
processing file '/mnt/HDD/elenzi/Dovier/MiniZincIDE-2.5.3-bundle-linux-x86_64/share/minizinc/std/all_different.mzn'
processing file '/mnt/HDD/elenzi/Dovier/MiniZincIDE-2.5.3-bundle-linux-x86_64/share/minizinc/std/fzn_all_different_set_reif.mzn'
processing file '/mnt/HDD/elenzi/Dovier/MiniZincIDE-2.5.3-bundle-linux-x86_64/share/minizinc/std/fzn_all_different_set.mzn'
processing file '/mnt/HDD/elenzi/Dovier/MiniZincIDE-2.5.3-bundle-linux-x86_64/share/minizinc/std/fzn_all_different_int_reif.mzn'
processing file '/mnt/HDD/elenzi/Dovier/MiniZincIDE-2.5.3-bundle-linux-x86_64/share/minizinc/gecode//fzn_all_different_int.mzn'
processing data file '/mnt/HDD/elenzi/Dovier/AR-Knights_Tour/assets/logs/16_14x14_minizinc/database.dzn'
 done parsing (0.04 s)
Flattening ...
	CompilePass: Flatten with '/mnt/HDD/elenzi/Dovier/MiniZincIDE-2.5.3-bundle-linux-x86_64/share/minizinc/gecode/' library ...
MIP domains ... done (3.63 s)
Optimizing ... done (3.84 s)
Converting to old FlatZinc ... done (4.18 s)
 done (4.18 s)
 done (4.22 s), max stack depth 16
Maximum memory 92 Mbytes.
      % SOLVING PHASE
FZN solver plugin, compiled  Nov 24 2020  23:00:32
Using FZN solver /mnt/HDD/elenzi/Dovier/MiniZincIDE-2.5.3-bundle-linux-x86_64/bin/fzn-gecode for solving, parameters: -a -p 4 -t 300000 
Warning, replacing unsupported annotation indomain_middle with indomain_median
Warning, ignored search annotation: impact
Warning, ignored search annotation: outdomain_max
Warning, replacing unsupported annotation indomain_interval with indomain_split
Warning, replacing unsupported annotation indomain_interval with indomain_split
[[98,95,90,91,94,44,45,3,41,40,49,36,37,1
88,54,96,50,27,89,55,42,47,5,39,30,0,34
97,1,93,92,2,23,46,43,57,51,38,35,61,28
56,86,52,25,48,29,87,53,7,33,59,26,32,0
62,68,58,16,21,4,17,31,22,71,13,1,0,63
84,14,64,1,72,18,75,85,15,9,24,69,1,0
66,60,70,12,6,19,1,20,73,79,0,11,65,0
0,82,8,74,0,0,0,77,83,0,67,1,0,0
0,0,0,0,10,0,0,0,0,0,81,0,0,0
0,0,80,0,76,0,0,0,0,0,0,0,0,0
0,0,0,0,0,0,0,0,0,0,0,0,1,0
0,0,0,78,0,0,0,0,0,1,0,0,0,0
0,0,0,0,0,0,0,0,0,0,0,0,0,0
0,0,0,0,0,0,0,0,0,0,0,0,0,0]]
----------
[[101,100,94,91,97,47,46,3,42,43,38,39,34,1
92,89,99,54,96,93,31,45,48,5,35,30,0,0
102,1,98,95,2,52,49,44,33,40,41,36,37,32
59,90,87,62,56,29,24,50,7,25,28,21,16,0
73,64,61,4,85,51,58,27,26,20,14,1,0,19
88,57,75,1,60,6,72,22,12,9,23,18,1,0
77,71,66,63,53,83,1,8,74,0,0,0,17,0
0,86,55,81,0,70,76,0,0,10,11,1,0,0
69,79,65,68,78,0,0,0,0,0,0,0,0,15
0,0,84,0,0,0,0,0,0,0,0,13,0,0
0,67,0,0,0,80,0,0,0,0,0,0,1,0
0,0,0,82,0,0,0,0,0,1,0,0,0,0
0,0,0,0,0,0,0,0,0,0,0,0,0,0
0,0,0,0,0,0,0,0,0,0,0,0,0,0]]
----------
[[105,104,98,95,101,48,49,3,45,44,41,40,37,1
96,93,103,57,100,97,32,46,51,5,36,33,0,0
106,1,102,99,2,55,50,47,34,43,42,39,38,35
60,94,91,65,59,30,27,53,7,26,31,22,19,0
74,67,62,4,89,52,61,28,29,23,17,1,0,20
92,58,76,1,63,77,12,25,15,9,24,21,1,0
69,72,6,64,54,87,1,79,14,0,13,0,18,0
0,90,56,78,75,10,83,0,11,0,16,1,0,0
70,71,66,8,85,80,0,0,81,0,0,0,0,0
0,0,88,73,0,0,0,0,0,0,0,0,0,0
0,68,0,0,82,0,0,0,0,0,0,0,1,0
0,0,0,86,0,0,0,0,0,1,0,0,0,0
0,0,0,0,0,84,0,0,0,0,0,0,0,0
0,0,0,0,0,0,0,0,0,0,0,0,0,0]]
----------
[[109,108,102,99,105,51,50,3,46,47,42,43,38,1
100,97,107,58,104,101,35,49,52,5,39,34,0,0
110,1,106,103,2,56,53,48,37,44,45,40,41,36
63,98,95,66,60,33,28,54,7,29,32,25,20,0
77,68,65,4,93,55,62,31,30,24,18,1,13,23
96,61,79,1,64,78,84,26,16,9,27,22,1,0
70,75,6,67,57,91,1,80,0,0,0,11,21,15
0,94,59,81,76,82,87,86,0,14,19,1,0,0
73,72,69,8,89,83,0,12,0,0,0,0,17,0
0,0,92,74,0,10,88,85,0,0,0,0,0,0
0,71,0,0,90,0,0,0,0,0,0,0,1,0
0,0,0,0,0,0,0,0,0,1,0,0,0,0
0,0,0,0,0,0,0,0,0,0,0,0,0,0
0,0,0,0,0,0,0,0,0,0,0,0,0,0]]
----------
[[113,112,106,103,109,52,53,3,49,48,45,44,41,1
104,101,111,61,108,105,36,50,55,5,40,37,0,0
114,1,110,107,2,59,54,51,38,47,46,43,42,39
64,102,99,69,63,34,31,57,7,30,35,26,23,0
78,71,66,4,97,56,65,32,33,27,21,1,17,24
100,62,80,1,67,81,87,29,16,9,28,25,1,0
73,76,6,68,58,95,1,83,89,88,18,19,22,15
0,98,60,82,79,85,91,86,0,14,11,1,0,0
74,75,70,8,93,84,0,12,90,0,0,20,13,0
0,0,96,77,0,10,92,0,0,0,0,0,0,0
0,72,0,0,94,0,0,0,0,0,0,0,1,0
0,0,0,0,0,0,0,0,0,1,0,0,0,0
0,0,0,0,0,0,0,0,0,0,0,0,0,0
0,0,0,0,0,0,0,0,0,0,0,0,0,0]]
----------
[[117,111,58,68,69,75,74,3,65,59,78,55,49,1
64,46,115,109,56,70,67,73,76,82,51,61,116,0
113,1,66,60,2,71,77,72,5,63,57,80,53,47
44,62,48,34,107,54,35,30,39,81,84,114,27,118
38,20,42,4,50,32,26,79,33,7,41,1,45,112
0,14,36,1,24,105,52,37,28,86,83,29,1,25
18,40,22,91,6,92,1,95,85,31,9,43,110,0
12,0,16,94,103,93,87,17,88,97,104,1,23,0
0,0,0,8,89,15,90,99,0,11,21,0,0,108
0,10,0,0,96,101,0,13,19,102,0,106,0,0
0,0,0,0,0,0,0,100,0,0,0,0,1,0
0,0,0,0,0,98,0,0,0,1,0,0,0,0
0,0,0,0,0,0,0,0,0,0,0,0,0,0
0,0,0,0,0,0,0,0,0,0,0,0,0,0]]
----------
[[122,111,121,115,118,56,57,3,53,52,49,48,45,1
0,69,120,66,60,117,116,54,59,42,39,0,0,0
109,1,113,119,2,64,58,55,5,51,50,47,46,43
71,74,67,62,68,114,36,61,40,37,44,41,31,0
78,107,77,72,65,4,81,112,34,7,33,1,26,27
88,73,76,1,79,70,63,38,35,30,23,29,1,0
105,80,86,75,6,83,1,32,110,87,9,28,25,24
84,90,95,94,15,14,91,85,11,21,104,1,0,0
0,103,82,8,93,96,13,19,89,108,0,0,22,0
0,0,92,97,12,17,16,0,0,102,20,106,0,0
101,0,10,0,0,0,98,0,18,0,0,0,1,0
0,0,99,0,0,0,0,0,100,1,0,0,0,0
0,0,0,0,0,0,0,0,0,0,0,0,0,0
0,0,0,0,0,0,0,0,0,0,0,0,0,0]]
----------
   Done (overall time 305.26 s).
