
---------------------------------------------------------
|122|111|121|115|118| 56| 57|  3| 53| 52| 49| 48| 45|  1|
---------------------------------------------------------
|  0| 69|120| 66| 60|117|116| 54| 59| 42| 39|  0|  0|  0|
---------------------------------------------------------
|109|  1|113|119|  2| 64| 58| 55|  5| 51| 50| 47| 46| 43|
---------------------------------------------------------
| 71| 74| 67| 62| 68|114| 36| 61| 40| 37| 44| 41| 31|  0|
---------------------------------------------------------
| 78|107| 77| 72| 65|  4| 81|112| 34|  7| 33|  1| 26| 27|
---------------------------------------------------------
| 88| 73| 76|  1| 79| 70| 63| 38| 35| 30| 23| 29|  1|  0|
---------------------------------------------------------
|105| 80| 86| 75|  6| 83|  1| 32|110| 87|  9| 28| 25| 24|
---------------------------------------------------------
| 84| 90| 95| 94| 15| 14| 91| 85| 11| 21|104|  1|  0|  0|
---------------------------------------------------------
|  0|103| 82|  8| 93| 96| 13| 19| 89|108|  0|  0| 22|  0|
---------------------------------------------------------
|  0|  0| 92| 97| 12| 17| 16|  0|  0|102| 20|106|  0|  0|
---------------------------------------------------------
|101|  0| 10|  0|  0|  0| 98|  0| 18|  0|  0|  0|  1|  0|
---------------------------------------------------------
|  0|  0| 99|  0|  0|  0|  0|  0|100|  1|  0|  0|  0|  0|
---------------------------------------------------------
|  0|  0|  0|  0|  0|  0|  0|  0|  0|  0|  0|  0|  0|  0|
---------------------------------------------------------
|  0|  0|  0|  0|  0|  0|  0|  0|  0|  0|  0|  0|  0|  0|
---------------------------------------------------------

| n = 14 | k = 9 | coverage = 130, 66.3265306122449%
 Time 305.26
 Name 16_14x14_minizinc

