
-----------------------------------------------------------------
|208|111|105|222|121|115|  0|154|164| 46|236| 42|160| 34|  4| 38|
-----------------------------------------------------------------
|103|220|206|113|107|224|119|104|234|156|162| 48|  2| 40|118| 32|
-----------------------------------------------------------------
|204|210|109|123|117|102|152|166|  0|238| 44|158|120|179| 36|  6|
-----------------------------------------------------------------
|218|101|214|  1|127|168|226|232|106|148|122|181| 50|116| 30|177|
-----------------------------------------------------------------
|212|202|125|170|100|  3|129|150|124|230|108|146|112|175|  8|  0|
-----------------------------------------------------------------
|  0|216| 99|200|182|172|126|228|131|144|183| 52|135|  0|114| 28|
-----------------------------------------------------------------
|237|198|180| 98| 93|134|  5|142|128| 18|133|110|173|139| 56| 10|
-----------------------------------------------------------------
|178| 97| 91|184|174| 96|  0|132|  0|185| 22|137| 54| 12| 26|141|
-----------------------------------------------------------------
|196|235|176| 95|136|  7|140| 94| 20|130| 16|171| 24| 70|161| 58|
-----------------------------------------------------------------
|  0| 89|194| 77|186|  0| 90|  9|187|169| 67| 68| 14|165|143| 72|
-----------------------------------------------------------------
| 25| 79|233| 87| 84|138|  0| 71| 92| 66|205|167| 65|159| 60|163|
-----------------------------------------------------------------
|231|192| 23|188| 75| 88| 82|189| 11| 69|  0| 64|203|145| 74|157|
-----------------------------------------------------------------
| 81| 27| 85| 86| 21| 35| 73| 47| 80|207| 13| 63| 76| 62|201|  0|
-----------------------------------------------------------------
|  0|229|190| 37|215|221| 19| 41|191| 49| 78| 53|147| 57|155|  0|
-----------------------------------------------------------------
| 29| 83|225|  0| 33| 39|213|219| 45| 15|209|195| 61|151|  0|199|
-----------------------------------------------------------------
|227|  0| 31|  0|223|217| 43| 17|211|193| 51|149| 55|197| 59|153|
-----------------------------------------------------------------

| n = 16 | k = 6 | coverage = 243, 94.921875%
 Time 300.0
 Name 17_16x16_clingo

