
-----------------------------------------
| 50| 59| 65| 68| 69| 64| 73| 51| 45|  0|
-----------------------------------------
| 63| 70| 52| 57|  1|  1| 47| 62|  0|  1|
-----------------------------------------
| 78| 48| 61| 67| 66| 71| 53| 75| 49| 43|
-----------------------------------------
| 72| 54| 76| 46| 55| 77| 60|  2| 40|  1|
-----------------------------------------
| 85| 80| 81| 20| 58| 44|  1|  3| 41|  4|
-----------------------------------------
| 19| 74| 56| 25| 79| 22| 28| 42|  0| 38|
-----------------------------------------
| 82| 83| 21| 24| 18| 27|  5| 35|  6| 39|
-----------------------------------------
|  0| 17| 12|  9| 23| 26|  8| 30| 36| 33|
-----------------------------------------
|  1| 84| 13| 16| 10|  7| 29|  1| 37| 32|
-----------------------------------------
| 15| 14|  0| 86| 11|  1|  0| 34| 31|  0|
-----------------------------------------

| n = 10 | k = 8 | coverage = 93, 93.0%
 Time 301.2
 Name 3_10x10_minizinc

