
---------------------------------------------------------
|  0|  0|  0|108| 58|135| 82|  0| 62|131| 74|127|  0|123|
---------------------------------------------------------
|  0| 50| 56|  9|139| 90| 60|133| 80| 94| 64|121| 72|  0|
---------------------------------------------------------
| 54|  7|110| 88|106| 84|137| 92|  1| 76|129| 68|125|119|
---------------------------------------------------------
| 48|  1| 52|141| 11| 73| 55| 78|  0| 66| 96|157|175| 70|
---------------------------------------------------------
|  5|112| 46| 71| 86|104| 13| 75|149|  0|173|  1|117|155|
---------------------------------------------------------
| 44|118|143|  1|  1| 53|147| 57| 15| 98|159|153|171|177|
---------------------------------------------------------
|114|  3| 69|120|145| 59|102| 51| 77|151| 17|167| 45|115|
---------------------------------------------------------
|144| 42|116|162| 67|122|176|170|100| 81| 47|161|  4|169|
---------------------------------------------------------
|158|128|146|124| 61|  1|166| 79| 49|172|165| 19|113| 43|
---------------------------------------------------------
| 40|142|160| 65|164| 93| 20|174|168|105| 83|  2|163|  6|
---------------------------------------------------------
|130|156|126|148| 18| 63| 97|103| 85| 24| 21|107| 41|111|
---------------------------------------------------------
|140| 38|136|  1| 95| 30| 91| 22| 99| 33|  1| 37|  8| 25|
---------------------------------------------------------
|154|132| 34|  1|150| 16|101| 87| 26| 12| 29| 23|109| 39|
---------------------------------------------------------
| 36|138|152|134| 32| 89| 28| 14| 31|  0| 35| 10| 27|  0|
---------------------------------------------------------

| n = 14 | k = 9 | coverage = 185, 94.38775510204081%
 Time 300.001
 Name 14_14x14_clingo

