
-------------------------------------------------
| 75| 82| 92| 97| 96|101|100| 93|104|105| 87|109|
-------------------------------------------------
|  1| 76| 77| 84| 90| 95|106|103| 89|111|110|123|
-------------------------------------------------
| 80| 73| 88| 94| 99| 98| 91|102|108| 85|107| 61|
-------------------------------------------------
| 74| 64| 78| 79| 86| 67| 58| 83|113| 63|121|112|
-------------------------------------------------
|  0|  1| 71| 34| 60| 81| 39| 65| 40| 54| 59|  2|
-------------------------------------------------
| 66| 72| 62| 28| 69|  1| 38| 56| 33|115|114|119|
-------------------------------------------------
|  3| 22| 32| 70| 36| 37| 31| 41| 52| 42|  4| 57|
-------------------------------------------------
| 18| 68| 26| 27| 30| 43| 46| 35| 49| 55|117|116|
-------------------------------------------------
| 24|  5| 20| 17| 23| 29| 47| 50| 44|  1| 51|  6|
-------------------------------------------------
|  0| 16| 25| 11| 45| 48| 21|  0| 53|  8|118|  0|
-------------------------------------------------
|  7|  0| 15| 14| 19|  0|  0| 10|  0|122|  0|  0|
-------------------------------------------------
|  0|  0|  9|  0| 13| 12|  0|124|  0|  0|  0|120|
-------------------------------------------------

| n = 12 | k = 4 | coverage = 127, 88.19444444444444%
 Time 302.77
 Name 13_12x12_minizinc

