
---------------------------------------------------------
|105|104|101|100|109| 96| 93|112|113| 92| 89|116|117| 88|
---------------------------------------------------------
|139| 77|107|106| 99|110|111| 94| 91|114|115| 90|120|  5|
---------------------------------------------------------
|  1|103|102| 79| 98|  1| 78| 95|125| 87|118|  3| 86|119|
---------------------------------------------------------
| 75|137| 48| 45|108| 97| 51| 85| 76| 38|123| 34|  7|122|
---------------------------------------------------------
| 50| 43| 54|135| 81| 47| 42| 80| 53|127| 74| 84|121| 32|
---------------------------------------------------------
| 39| 73| 31| 46|  1|133| 83| 49| 40| 82| 36| 30|124|  9|
---------------------------------------------------------
| 29| 52| 41| 56|  1| 44| 22| 55|129| 28|126| 72|130| 68|
---------------------------------------------------------
| 71| 37|  1| 33| 20| 57|131|  1| 24| 14|132| 66| 11|  0|
---------------------------------------------------------
|  0| 27| 61|  8| 58| 23| 18| 12|  1|  1| 26|128| 70|136|
---------------------------------------------------------
| 63| 69| 35| 25| 59| 10| 60|  0| 16|  0| 64|134|  0| 13|
---------------------------------------------------------
|  0|  0|  2| 67|  6|  0| 21|  0| 62|  0|  0| 15|138|  0|
---------------------------------------------------------
|  0| 65|  0|  0|  0|  0|  0|  0| 19|  0|  0|  0|  1|  0|
---------------------------------------------------------
|  0|  0|  0|  4|  0|  0|  0|  0|  0|  0| 17|140|  0|  1|
---------------------------------------------------------
|  0|  0|  0|  0|  0|  0|  0|  0|  0|  0|  0|  0|  0|  0|
---------------------------------------------------------

| n = 14 | k = 10 | coverage = 149, 76.0204081632653%
 Time 3604.33
 Name 13_14x14_minizinc

