
-----------------------------------------------------------------
|158|  0|  0| 83|221|164|205|227|217|236|209|232|  0| 19|113|228|
-----------------------------------------------------------------
| 79|  0|156|162|203|225|219|238|207|101|215| 21|211|230|123| 17|
-----------------------------------------------------------------
|154|160| 81|223| 85|163|166|  0|229|  0|234|103|125|111|226|115|
-----------------------------------------------------------------
|151| 77|155|201|168|  0|231|165| 99| 82|235|213| 23|121| 15|109|
-----------------------------------------------------------------
| 73|152|149| 87|161|199| 97| 84|233| 88| 25| 92|105|127|117|224|
-----------------------------------------------------------------
|147|153| 75|157| 95|170|  0|174|167|237| 80|178|119| 94|107| 13|
-----------------------------------------------------------------
|150| 71| 93|112| 89|159|197|239| 86|176| 90| 27|129| 11|222| 96|
-----------------------------------------------------------------
| 39|145|116| 69| 35|110|172|169| 31|102|131| 78|180| 98| 28|  9|
-----------------------------------------------------------------
|126|148| 37| 91|114|195| 33|108|133|  0| 29|100| 26| 36|182|220|
-----------------------------------------------------------------
|143| 41|124|118| 67| 50|135| 46|171|  0|104| 38| 76|218|  7| 30|
-----------------------------------------------------------------
|146|128|141| 52|193|120| 65|192|106| 44|206| 24| 34|184|  0|216|
-----------------------------------------------------------------
|  0| 54| 43|122|  0|137| 48|173| 63|190| 40| 74| 59| 22| 32|  5|
-----------------------------------------------------------------
|138|144|130|139| 45|191|194|  0| 42|208| 61|204|186| 16|214| 20|
-----------------------------------------------------------------
| 56|185|140|189|132|  0| 64| 49|175|202|188|210| 72| 57|  3| 14|
-----------------------------------------------------------------
|142|136|181| 60|  2| 47|177|196|  6| 68| 53|200| 10|212| 18|  0|
-----------------------------------------------------------------
|183| 58|187|134|179| 62|  4| 66| 51|198|  8| 70| 55|  0| 12|  1|
-----------------------------------------------------------------

| n = 16 | k = 6 | coverage = 244, 95.3125%
 Time 300.002
 Name 7_16x16_clingo

