
-------------------------
|  2| 25| 19|  1| 22| 16|
-------------------------
| 21| 26| 20| 14| 17| 35|
-------------------------
| 27|  4| 23| 24| 18| 12|
-------------------------
| 28|  7|  8|  3| 33| 15|
-------------------------
|  6| 29| 11| 32| 10|  0|
-------------------------
|  9| 30|  5| 31| 13| 34|
-------------------------

| n = 6 | k = 1 | coverage = 35, 97.22222222222223%
 Time 1.29
 Name 0_6x6_minizincinput_orderindomain_intervalcomplete


-------------------------
|  2| 25| 19|  1| 22| 16|
-------------------------
| 21| 26| 20| 14| 17| 35|
-------------------------
| 27|  4| 23| 24| 18| 12|
-------------------------
| 28|  7|  8|  3| 33| 15|
-------------------------
|  6| 29| 11| 32| 10|  0|
-------------------------
|  9| 30|  5| 31| 13| 34|
-------------------------

| n = 6 | k = 1 | coverage = 35, 97.22222222222223%
 Time 1.29
 Name 0_6x6_minizincinput_orderindomain_mediancomplete


-------------------------
|  2| 25| 19|  1| 22| 16|
-------------------------
| 21| 26| 20| 14| 17| 35|
-------------------------
| 27|  4| 23| 24| 18| 12|
-------------------------
| 28|  7|  8|  3| 33| 15|
-------------------------
|  6| 29| 11| 32| 10|  0|
-------------------------
|  9| 30|  5| 31| 13| 34|
-------------------------

| n = 6 | k = 1 | coverage = 35, 97.22222222222223%
 Time 1.29
 Name 0_6x6_minizincinput_orderindomain_mincomplete


-------------------------
|  2| 25| 19|  1| 22| 16|
-------------------------
| 21| 26| 20| 14| 17| 35|
-------------------------
| 27|  4| 23| 24| 18| 12|
-------------------------
| 28|  7|  8|  3| 33| 15|
-------------------------
|  6| 29| 11| 32| 10|  0|
-------------------------
|  9| 30|  5| 31| 13| 34|
-------------------------

| n = 6 | k = 1 | coverage = 35, 97.22222222222223%
 Time 1.29
 Name 0_6x6_minizincinput_orderoutdomain_maxcomplete


-------------------------
|  2| 25| 19|  1| 22| 16|
-------------------------
| 21| 26| 20| 14| 17| 35|
-------------------------
| 27|  4| 23| 24| 18| 12|
-------------------------
| 28|  7|  8|  3| 33| 15|
-------------------------
|  6| 29| 11| 32| 10|  0|
-------------------------
|  9| 30|  5| 31| 13| 34|
-------------------------

| n = 6 | k = 1 | coverage = 35, 97.22222222222223%
 Time 1.29
 Name 0_6x6_minizincinput_orderoutdomain_randomcomplete


-------------------------
|  2| 25| 19|  1| 22| 16|
-------------------------
| 21| 26| 20| 14| 17| 35|
-------------------------
| 27|  4| 23| 24| 18| 12|
-------------------------
| 28|  7|  8|  3| 33| 15|
-------------------------
|  6| 29| 11| 32| 10|  0|
-------------------------
|  9| 30|  5| 31| 13| 34|
-------------------------

| n = 6 | k = 1 | coverage = 35, 97.22222222222223%
 Time 1.29
 Name 0_6x6_minizincoccurrenceindomain_intervalcomplete


-------------------------
|  2| 25| 19|  1| 22| 16|
-------------------------
| 21| 26| 20| 14| 17| 35|
-------------------------
| 27|  4| 23| 24| 18| 12|
-------------------------
| 28|  7|  8|  3| 33| 15|
-------------------------
|  6| 29| 11| 32| 10|  0|
-------------------------
|  9| 30|  5| 31| 13| 34|
-------------------------

| n = 6 | k = 1 | coverage = 35, 97.22222222222223%
 Time 1.29
 Name 0_6x6_minizincoccurrenceindomain_mediancomplete


-------------------------
|  2| 25| 19|  1| 22| 16|
-------------------------
| 21| 26| 20| 14| 17| 35|
-------------------------
| 27|  4| 23| 24| 18| 12|
-------------------------
| 28|  7|  8|  3| 33| 15|
-------------------------
|  6| 29| 11| 32| 10|  0|
-------------------------
|  9| 30|  5| 31| 13| 34|
-------------------------

| n = 6 | k = 1 | coverage = 35, 97.22222222222223%
 Time 1.29
 Name 0_6x6_minizincoccurrenceindomain_splitcomplete


-------------------------
|  2| 25| 19|  1| 22| 16|
-------------------------
| 21| 26| 20| 14| 17| 35|
-------------------------
| 27|  4| 23| 24| 18| 12|
-------------------------
| 28|  7|  8|  3| 33| 15|
-------------------------
|  6| 29| 11| 32| 10|  0|
-------------------------
|  9| 30|  5| 31| 13| 34|
-------------------------

| n = 6 | k = 1 | coverage = 35, 97.22222222222223%
 Time 1.29
 Name 0_6x6_minizincfirst_failindomain_maxcomplete


-------------------------
|  2| 25| 19|  1| 22| 16|
-------------------------
| 21| 26| 20| 14| 17| 35|
-------------------------
| 27|  4| 23| 24| 18| 12|
-------------------------
| 28|  7|  8|  3| 33| 15|
-------------------------
|  6| 29| 11| 32| 10|  0|
-------------------------
|  9| 30|  5| 31| 13| 34|
-------------------------

| n = 6 | k = 1 | coverage = 35, 97.22222222222223%
 Time 1.29
 Name 0_6x6_minizincfirst_failindomain_mediancomplete


-------------------------
|  2| 25| 19|  1| 22| 16|
-------------------------
| 21| 26| 20| 14| 17| 35|
-------------------------
| 27|  4| 23| 24| 18| 12|
-------------------------
| 28|  7|  8|  3| 33| 15|
-------------------------
|  6| 29| 11| 32| 10|  0|
-------------------------
|  9| 30|  5| 31| 13| 34|
-------------------------

| n = 6 | k = 1 | coverage = 35, 97.22222222222223%
 Time 1.29
 Name 0_6x6_minizincfirst_failindomain_reverse_splitcomplete


-------------------------
|  2| 25| 19|  1| 22| 16|
-------------------------
| 21| 26| 20| 14| 17| 35|
-------------------------
| 27|  4| 23| 24| 18| 12|
-------------------------
| 28|  7|  8|  3| 33| 15|
-------------------------
|  6| 29| 11| 32| 10|  0|
-------------------------
|  9| 30|  5| 31| 13| 34|
-------------------------

| n = 6 | k = 1 | coverage = 35, 97.22222222222223%
 Time 1.29
 Name 0_6x6_minizincanti_first_failindomain_mediancomplete


-------------------------
|  2| 25| 19|  1| 22| 16|
-------------------------
| 21| 26| 20| 14| 17| 35|
-------------------------
| 27|  4| 23| 24| 18| 12|
-------------------------
| 28|  7|  8|  3| 33| 15|
-------------------------
|  6| 29| 11| 32| 10|  0|
-------------------------
|  9| 30|  5| 31| 13| 34|
-------------------------

| n = 6 | k = 1 | coverage = 35, 97.22222222222223%
 Time 1.29
 Name 0_6x6_minizincanti_first_failindomain_randomcomplete


-------------------------
|  2| 25| 19|  1| 22| 16|
-------------------------
| 21| 26| 20| 14| 17| 35|
-------------------------
| 27|  4| 23| 24| 18| 12|
-------------------------
| 28|  7|  8|  3| 33| 15|
-------------------------
|  6| 29| 11| 32| 10|  0|
-------------------------
|  9| 30|  5| 31| 13| 34|
-------------------------

| n = 6 | k = 1 | coverage = 35, 97.22222222222223%
 Time 1.29
 Name 0_6x6_minizincmost_constrainedindomain_splitcomplete


-------------------------
|  2| 25| 19|  1| 22| 16|
-------------------------
| 21| 26| 20| 14| 17| 35|
-------------------------
| 27|  4| 23| 24| 18| 12|
-------------------------
| 28|  7|  8|  3| 33| 15|
-------------------------
|  6| 29| 11| 32| 10|  0|
-------------------------
|  9| 30|  5| 31| 13| 34|
-------------------------

| n = 6 | k = 1 | coverage = 35, 97.22222222222223%
 Time 1.29
 Name 0_6x6_minizincdom_w_degindomaincomplete


-------------------------
|  2| 25| 19|  1| 22| 16|
-------------------------
| 21| 26| 20| 14| 17| 35|
-------------------------
| 27|  4| 23| 24| 18| 12|
-------------------------
| 28|  7|  8|  3| 33| 15|
-------------------------
|  6| 29| 11| 32| 10|  0|
-------------------------
|  9| 30|  5| 31| 13| 34|
-------------------------

| n = 6 | k = 1 | coverage = 35, 97.22222222222223%
 Time 1.29
 Name 0_6x6_minizincdom_w_degoutdomain_mincomplete


-------------------------
|  2| 25| 19|  1| 22| 16|
-------------------------
| 21| 26| 20| 14| 17| 35|
-------------------------
| 27|  4| 23| 24| 18| 12|
-------------------------
| 28|  7|  8|  3| 33| 15|
-------------------------
|  6| 29| 11| 32| 10|  0|
-------------------------
|  9| 30|  5| 31| 13| 34|
-------------------------

| n = 6 | k = 1 | coverage = 35, 97.22222222222223%
 Time 1.3
 Name 0_6x6_minizincinput_orderindomain_maxcomplete


-------------------------
|  2| 25| 19|  1| 22| 16|
-------------------------
| 21| 26| 20| 14| 17| 35|
-------------------------
| 27|  4| 23| 24| 18| 12|
-------------------------
| 28|  7|  8|  3| 33| 15|
-------------------------
|  6| 29| 11| 32| 10|  0|
-------------------------
|  9| 30|  5| 31| 13| 34|
-------------------------

| n = 6 | k = 1 | coverage = 35, 97.22222222222223%
 Time 1.3
 Name 0_6x6_minizincinput_orderindomain_middlecomplete


-------------------------
|  2| 25| 19|  1| 22| 16|
-------------------------
| 21| 26| 20| 14| 17| 35|
-------------------------
| 27|  4| 23| 24| 18| 12|
-------------------------
| 28|  7|  8|  3| 33| 15|
-------------------------
|  6| 29| 11| 32| 10|  0|
-------------------------
|  9| 30|  5| 31| 13| 34|
-------------------------

| n = 6 | k = 1 | coverage = 35, 97.22222222222223%
 Time 1.3
 Name 0_6x6_minizincinput_orderindomain_randomcomplete


-------------------------
|  2| 25| 19|  1| 22| 16|
-------------------------
| 21| 26| 20| 14| 17| 35|
-------------------------
| 27|  4| 23| 24| 18| 12|
-------------------------
| 28|  7|  8|  3| 33| 15|
-------------------------
|  6| 29| 11| 32| 10|  0|
-------------------------
|  9| 30|  5| 31| 13| 34|
-------------------------

| n = 6 | k = 1 | coverage = 35, 97.22222222222223%
 Time 1.3
 Name 0_6x6_minizincinput_orderindomain_reverse_splitcomplete


-------------------------
|  2| 25| 19|  1| 22| 16|
-------------------------
| 21| 26| 20| 14| 17| 35|
-------------------------
| 27|  4| 23| 24| 18| 12|
-------------------------
| 28|  7|  8|  3| 33| 15|
-------------------------
|  6| 29| 11| 32| 10|  0|
-------------------------
|  9| 30|  5| 31| 13| 34|
-------------------------

| n = 6 | k = 1 | coverage = 35, 97.22222222222223%
 Time 1.3
 Name 0_6x6_minizincinput_orderindomain_split_randomcomplete


-------------------------
|  2| 25| 19|  1| 22| 16|
-------------------------
| 21| 26| 20| 14| 17| 35|
-------------------------
| 27|  4| 23| 24| 18| 12|
-------------------------
| 28|  7|  8|  3| 33| 15|
-------------------------
|  6| 29| 11| 32| 10|  0|
-------------------------
|  9| 30|  5| 31| 13| 34|
-------------------------

| n = 6 | k = 1 | coverage = 35, 97.22222222222223%
 Time 1.3
 Name 0_6x6_minizincinput_orderoutdomain_mediancomplete


-------------------------
|  2| 25| 19|  1| 22| 16|
-------------------------
| 21| 26| 20| 14| 17| 35|
-------------------------
| 27|  4| 23| 24| 18| 12|
-------------------------
| 28|  7|  8|  3| 33| 15|
-------------------------
|  6| 29| 11| 32| 10|  0|
-------------------------
|  9| 30|  5| 31| 13| 34|
-------------------------

| n = 6 | k = 1 | coverage = 35, 97.22222222222223%
 Time 1.3
 Name 0_6x6_minizincoccurrenceindomaincomplete


-------------------------
|  2| 25| 19|  1| 22| 16|
-------------------------
| 21| 26| 20| 14| 17| 35|
-------------------------
| 27|  4| 23| 24| 18| 12|
-------------------------
| 28|  7|  8|  3| 33| 15|
-------------------------
|  6| 29| 11| 32| 10|  0|
-------------------------
|  9| 30|  5| 31| 13| 34|
-------------------------

| n = 6 | k = 1 | coverage = 35, 97.22222222222223%
 Time 1.3
 Name 0_6x6_minizincoccurrenceindomain_middlecomplete


-------------------------
|  2| 25| 19|  1| 22| 16|
-------------------------
| 21| 26| 20| 14| 17| 35|
-------------------------
| 27|  4| 23| 24| 18| 12|
-------------------------
| 28|  7|  8|  3| 33| 15|
-------------------------
|  6| 29| 11| 32| 10|  0|
-------------------------
|  9| 30|  5| 31| 13| 34|
-------------------------

| n = 6 | k = 1 | coverage = 35, 97.22222222222223%
 Time 1.3
 Name 0_6x6_minizincoccurrenceindomain_mincomplete


-------------------------
|  2| 25| 19|  1| 22| 16|
-------------------------
| 21| 26| 20| 14| 17| 35|
-------------------------
| 27|  4| 23| 24| 18| 12|
-------------------------
| 28|  7|  8|  3| 33| 15|
-------------------------
|  6| 29| 11| 32| 10|  0|
-------------------------
|  9| 30|  5| 31| 13| 34|
-------------------------

| n = 6 | k = 1 | coverage = 35, 97.22222222222223%
 Time 1.3
 Name 0_6x6_minizincfirst_failindomaincomplete


-------------------------
|  2| 25| 19|  1| 22| 16|
-------------------------
| 21| 26| 20| 14| 17| 35|
-------------------------
| 27|  4| 23| 24| 18| 12|
-------------------------
| 28|  7|  8|  3| 33| 15|
-------------------------
|  6| 29| 11| 32| 10|  0|
-------------------------
|  9| 30|  5| 31| 13| 34|
-------------------------

| n = 6 | k = 1 | coverage = 35, 97.22222222222223%
 Time 1.3
 Name 0_6x6_minizincfirst_failindomain_intervalcomplete


-------------------------
|  2| 25| 19|  1| 22| 16|
-------------------------
| 21| 26| 20| 14| 17| 35|
-------------------------
| 27|  4| 23| 24| 18| 12|
-------------------------
| 28|  7|  8|  3| 33| 15|
-------------------------
|  6| 29| 11| 32| 10|  0|
-------------------------
|  9| 30|  5| 31| 13| 34|
-------------------------

| n = 6 | k = 1 | coverage = 35, 97.22222222222223%
 Time 1.3
 Name 0_6x6_minizincfirst_failoutdomain_maxcomplete


-------------------------
|  2| 25| 19|  1| 22| 16|
-------------------------
| 21| 26| 20| 14| 17| 35|
-------------------------
| 27|  4| 23| 24| 18| 12|
-------------------------
| 28|  7|  8|  3| 33| 15|
-------------------------
|  6| 29| 11| 32| 10|  0|
-------------------------
|  9| 30|  5| 31| 13| 34|
-------------------------

| n = 6 | k = 1 | coverage = 35, 97.22222222222223%
 Time 1.3
 Name 0_6x6_minizincfirst_failoutdomain_mediancomplete


-------------------------
|  2| 25| 19|  1| 22| 16|
-------------------------
| 21| 26| 20| 14| 17| 35|
-------------------------
| 27|  4| 23| 24| 18| 12|
-------------------------
| 28|  7|  8|  3| 33| 15|
-------------------------
|  6| 29| 11| 32| 10|  0|
-------------------------
|  9| 30|  5| 31| 13| 34|
-------------------------

| n = 6 | k = 1 | coverage = 35, 97.22222222222223%
 Time 1.3
 Name 0_6x6_minizincfirst_failoutdomain_mincomplete


-------------------------
|  2| 25| 19|  1| 22| 16|
-------------------------
| 21| 26| 20| 14| 17| 35|
-------------------------
| 27|  4| 23| 24| 18| 12|
-------------------------
| 28|  7|  8|  3| 33| 15|
-------------------------
|  6| 29| 11| 32| 10|  0|
-------------------------
|  9| 30|  5| 31| 13| 34|
-------------------------

| n = 6 | k = 1 | coverage = 35, 97.22222222222223%
 Time 1.3
 Name 0_6x6_minizincanti_first_failindomaincomplete


-------------------------
|  2| 25| 19|  1| 22| 16|
-------------------------
| 21| 26| 20| 14| 17| 35|
-------------------------
| 27|  4| 23| 24| 18| 12|
-------------------------
| 28|  7|  8|  3| 33| 15|
-------------------------
|  6| 29| 11| 32| 10|  0|
-------------------------
|  9| 30|  5| 31| 13| 34|
-------------------------

| n = 6 | k = 1 | coverage = 35, 97.22222222222223%
 Time 1.3
 Name 0_6x6_minizincanti_first_failindomain_intervalcomplete


-------------------------
|  2| 25| 19|  1| 22| 16|
-------------------------
| 21| 26| 20| 14| 17| 35|
-------------------------
| 27|  4| 23| 24| 18| 12|
-------------------------
| 28|  7|  8|  3| 33| 15|
-------------------------
|  6| 29| 11| 32| 10|  0|
-------------------------
|  9| 30|  5| 31| 13| 34|
-------------------------

| n = 6 | k = 1 | coverage = 35, 97.22222222222223%
 Time 1.3
 Name 0_6x6_minizincanti_first_failoutdomain_maxcomplete


-------------------------
|  2| 25| 19|  1| 22| 16|
-------------------------
| 21| 26| 20| 14| 17| 35|
-------------------------
| 27|  4| 23| 24| 18| 12|
-------------------------
| 28|  7|  8|  3| 33| 15|
-------------------------
|  6| 29| 11| 32| 10|  0|
-------------------------
|  9| 30|  5| 31| 13| 34|
-------------------------

| n = 6 | k = 1 | coverage = 35, 97.22222222222223%
 Time 1.3
 Name 0_6x6_minizincanti_first_failoutdomain_mediancomplete


-------------------------
|  2| 25| 19|  1| 22| 16|
-------------------------
| 21| 26| 20| 14| 17| 35|
-------------------------
| 27|  4| 23| 24| 18| 12|
-------------------------
| 28|  7|  8|  3| 33| 15|
-------------------------
|  6| 29| 11| 32| 10|  0|
-------------------------
|  9| 30|  5| 31| 13| 34|
-------------------------

| n = 6 | k = 1 | coverage = 35, 97.22222222222223%
 Time 1.3
 Name 0_6x6_minizincanti_first_failoutdomain_randomcomplete


-------------------------
|  2| 25| 19|  1| 22| 16|
-------------------------
| 21| 26| 20| 14| 17| 35|
-------------------------
| 27|  4| 23| 24| 18| 12|
-------------------------
| 28|  7|  8|  3| 33| 15|
-------------------------
|  6| 29| 11| 32| 10|  0|
-------------------------
|  9| 30|  5| 31| 13| 34|
-------------------------

| n = 6 | k = 1 | coverage = 35, 97.22222222222223%
 Time 1.3
 Name 0_6x6_minizincmost_constrainedindomain_intervalcomplete


-------------------------
|  2| 25| 19|  1| 22| 16|
-------------------------
| 21| 26| 20| 14| 17| 35|
-------------------------
| 27|  4| 23| 24| 18| 12|
-------------------------
| 28|  7|  8|  3| 33| 15|
-------------------------
|  6| 29| 11| 32| 10|  0|
-------------------------
|  9| 30|  5| 31| 13| 34|
-------------------------

| n = 6 | k = 1 | coverage = 35, 97.22222222222223%
 Time 1.3
 Name 0_6x6_minizincmost_constrainedindomain_maxcomplete


-------------------------
|  2| 25| 19|  1| 22| 16|
-------------------------
| 21| 26| 20| 14| 17| 35|
-------------------------
| 27|  4| 23| 24| 18| 12|
-------------------------
| 28|  7|  8|  3| 33| 15|
-------------------------
|  6| 29| 11| 32| 10|  0|
-------------------------
|  9| 30|  5| 31| 13| 34|
-------------------------

| n = 6 | k = 1 | coverage = 35, 97.22222222222223%
 Time 1.3
 Name 0_6x6_minizincmost_constrainedindomain_mediancomplete


-------------------------
|  2| 25| 19|  1| 22| 16|
-------------------------
| 21| 26| 20| 14| 17| 35|
-------------------------
| 27|  4| 23| 24| 18| 12|
-------------------------
| 28|  7|  8|  3| 33| 15|
-------------------------
|  6| 29| 11| 32| 10|  0|
-------------------------
|  9| 30|  5| 31| 13| 34|
-------------------------

| n = 6 | k = 1 | coverage = 35, 97.22222222222223%
 Time 1.3
 Name 0_6x6_minizincmost_constrainedindomain_reverse_splitcomplete


-------------------------
|  2| 25| 19|  1| 22| 16|
-------------------------
| 21| 26| 20| 14| 17| 35|
-------------------------
| 27|  4| 23| 24| 18| 12|
-------------------------
| 28|  7|  8|  3| 33| 15|
-------------------------
|  6| 29| 11| 32| 10|  0|
-------------------------
|  9| 30|  5| 31| 13| 34|
-------------------------

| n = 6 | k = 1 | coverage = 35, 97.22222222222223%
 Time 1.3
 Name 0_6x6_minizincmost_constrainedoutdomain_mediancomplete


-------------------------
|  2| 25| 19|  1| 22| 16|
-------------------------
| 21| 26| 20| 14| 17| 35|
-------------------------
| 27|  4| 23| 24| 18| 12|
-------------------------
| 28|  7|  8|  3| 33| 15|
-------------------------
|  6| 29| 11| 32| 10|  0|
-------------------------
|  9| 30|  5| 31| 13| 34|
-------------------------

| n = 6 | k = 1 | coverage = 35, 97.22222222222223%
 Time 1.3
 Name 0_6x6_minizincdom_w_degindomain_middlecomplete


-------------------------
|  2| 25| 19|  1| 22| 16|
-------------------------
| 21| 26| 20| 14| 17| 35|
-------------------------
| 27|  4| 23| 24| 18| 12|
-------------------------
| 28|  7|  8|  3| 33| 15|
-------------------------
|  6| 29| 11| 32| 10|  0|
-------------------------
|  9| 30|  5| 31| 13| 34|
-------------------------

| n = 6 | k = 1 | coverage = 35, 97.22222222222223%
 Time 1.3
 Name 0_6x6_minizincdom_w_degindomain_randomcomplete


-------------------------
|  2| 25| 19|  1| 22| 16|
-------------------------
| 21| 26| 20| 14| 17| 35|
-------------------------
| 27|  4| 23| 24| 18| 12|
-------------------------
| 28|  7|  8|  3| 33| 15|
-------------------------
|  6| 29| 11| 32| 10|  0|
-------------------------
|  9| 30|  5| 31| 13| 34|
-------------------------

| n = 6 | k = 1 | coverage = 35, 97.22222222222223%
 Time 1.3
 Name 0_6x6_minizincdom_w_degindomain_splitcomplete


-------------------------
|  2| 25| 19|  1| 22| 16|
-------------------------
| 21| 26| 20| 14| 17| 35|
-------------------------
| 27|  4| 23| 24| 18| 12|
-------------------------
| 28|  7|  8|  3| 33| 15|
-------------------------
|  6| 29| 11| 32| 10|  0|
-------------------------
|  9| 30|  5| 31| 13| 34|
-------------------------

| n = 6 | k = 1 | coverage = 35, 97.22222222222223%
 Time 1.3
 Name 0_6x6_minizincdom_w_degindomain_split_randomcomplete


-------------------------
|  2| 25| 19|  1| 22| 16|
-------------------------
| 21| 26| 20| 14| 17| 35|
-------------------------
| 27|  4| 23| 24| 18| 12|
-------------------------
| 28|  7|  8|  3| 33| 15|
-------------------------
|  6| 29| 11| 32| 10|  0|
-------------------------
|  9| 30|  5| 31| 13| 34|
-------------------------

| n = 6 | k = 1 | coverage = 35, 97.22222222222223%
 Time 1.3
 Name 0_6x6_minizincdom_w_degoutdomain_mediancomplete


-------------------------
|  2| 25| 19|  1| 22| 16|
-------------------------
| 21| 26| 20| 14| 17| 35|
-------------------------
| 27|  4| 23| 24| 18| 12|
-------------------------
| 28|  7|  8|  3| 33| 15|
-------------------------
|  6| 29| 11| 32| 10|  0|
-------------------------
|  9| 30|  5| 31| 13| 34|
-------------------------

| n = 6 | k = 1 | coverage = 35, 97.22222222222223%
 Time 1.3
 Name 0_6x6_minizincimpactindomain_intervalcomplete


-------------------------
|  2| 25| 19|  1| 22| 16|
-------------------------
| 21| 26| 20| 14| 17| 35|
-------------------------
| 27|  4| 23| 24| 18| 12|
-------------------------
| 28|  7|  8|  3| 33| 15|
-------------------------
|  6| 29| 11| 32| 10|  0|
-------------------------
|  9| 30|  5| 31| 13| 34|
-------------------------

| n = 6 | k = 1 | coverage = 35, 97.22222222222223%
 Time 1.3
 Name 0_6x6_minizincimpactindomain_maxcomplete


-------------------------
|  2| 25| 19|  1| 22| 16|
-------------------------
| 21| 26| 20| 14| 17| 35|
-------------------------
| 27|  4| 23| 24| 18| 12|
-------------------------
| 28|  7|  8|  3| 33| 15|
-------------------------
|  6| 29| 11| 32| 10|  0|
-------------------------
|  9| 30|  5| 31| 13| 34|
-------------------------

| n = 6 | k = 1 | coverage = 35, 97.22222222222223%
 Time 1.3
 Name 0_6x6_minizincimpactindomain_mincomplete


-------------------------
|  2| 25| 19|  1| 22| 16|
-------------------------
| 21| 26| 20| 14| 17| 35|
-------------------------
| 27|  4| 23| 24| 18| 12|
-------------------------
| 28|  7|  8|  3| 33| 15|
-------------------------
|  6| 29| 11| 32| 10|  0|
-------------------------
|  9| 30|  5| 31| 13| 34|
-------------------------

| n = 6 | k = 1 | coverage = 35, 97.22222222222223%
 Time 1.3
 Name 0_6x6_minizincimpactindomain_splitcomplete


-------------------------
|  2| 25| 19|  1| 22| 16|
-------------------------
| 21| 26| 20| 14| 17| 35|
-------------------------
| 27|  4| 23| 24| 18| 12|
-------------------------
| 28|  7|  8|  3| 33| 15|
-------------------------
|  6| 29| 11| 32| 10|  0|
-------------------------
|  9| 30|  5| 31| 13| 34|
-------------------------

| n = 6 | k = 1 | coverage = 35, 97.22222222222223%
 Time 1.3
 Name 0_6x6_minizincimpactoutdomain_mediancomplete


-------------------------
|  2| 25| 19|  1| 22| 16|
-------------------------
| 21| 26| 20| 14| 17| 35|
-------------------------
| 27|  4| 23| 24| 18| 12|
-------------------------
| 28|  7|  8|  3| 33| 15|
-------------------------
|  6| 29| 11| 32| 10|  0|
-------------------------
|  9| 30|  5| 31| 13| 34|
-------------------------

| n = 6 | k = 1 | coverage = 35, 97.22222222222223%
 Time 1.3
 Name 0_6x6_minizincmax_regretindomain_randomcomplete


-------------------------
|  2| 25| 19|  1| 22| 16|
-------------------------
| 21| 26| 20| 14| 17| 35|
-------------------------
| 27|  4| 23| 24| 18| 12|
-------------------------
| 28|  7|  8|  3| 33| 15|
-------------------------
|  6| 29| 11| 32| 10|  0|
-------------------------
|  9| 30|  5| 31| 13| 34|
-------------------------

| n = 6 | k = 1 | coverage = 35, 97.22222222222223%
 Time 1.3
 Name 0_6x6_minizincmax_regretindomain_reverse_splitcomplete


-------------------------
|  2| 25| 19|  1| 22| 16|
-------------------------
| 21| 26| 20| 14| 17| 35|
-------------------------
| 27|  4| 23| 24| 18| 12|
-------------------------
| 28|  7|  8|  3| 33| 15|
-------------------------
|  6| 29| 11| 32| 10|  0|
-------------------------
|  9| 30|  5| 31| 13| 34|
-------------------------

| n = 6 | k = 1 | coverage = 35, 97.22222222222223%
 Time 1.3
 Name 0_6x6_minizincmax_regretoutdomain_maxcomplete


-------------------------
|  2| 25| 19|  1| 22| 16|
-------------------------
| 21| 26| 20| 14| 17| 35|
-------------------------
| 27|  4| 23| 24| 18| 12|
-------------------------
| 28|  7|  8|  3| 33| 15|
-------------------------
|  6| 29| 11| 32| 10|  0|
-------------------------
|  9| 30|  5| 31| 13| 34|
-------------------------

| n = 6 | k = 1 | coverage = 35, 97.22222222222223%
 Time 1.3
 Name 0_6x6_minizincsmallestindomaincomplete


-------------------------
|  2| 25| 19|  1| 22| 16|
-------------------------
| 21| 26| 20| 14| 17| 35|
-------------------------
| 27|  4| 23| 24| 18| 12|
-------------------------
| 28|  7|  8|  3| 33| 15|
-------------------------
|  6| 29| 11| 32| 10|  0|
-------------------------
|  9| 30|  5| 31| 13| 34|
-------------------------

| n = 6 | k = 1 | coverage = 35, 97.22222222222223%
 Time 1.3
 Name 0_6x6_minizincsmallestindomain_maxcomplete


-------------------------
|  2| 25| 19|  1| 22| 16|
-------------------------
| 21| 26| 20| 14| 17| 35|
-------------------------
| 27|  4| 23| 24| 18| 12|
-------------------------
| 28|  7|  8|  3| 33| 15|
-------------------------
|  6| 29| 11| 32| 10|  0|
-------------------------
|  9| 30|  5| 31| 13| 34|
-------------------------

| n = 6 | k = 1 | coverage = 35, 97.22222222222223%
 Time 1.3
 Name 0_6x6_minizincsmallestindomain_mincomplete


-------------------------
|  2| 25| 19|  1| 22| 16|
-------------------------
| 21| 26| 20| 14| 17| 35|
-------------------------
| 27|  4| 23| 24| 18| 12|
-------------------------
| 28|  7|  8|  3| 33| 15|
-------------------------
|  6| 29| 11| 32| 10|  0|
-------------------------
|  9| 30|  5| 31| 13| 34|
-------------------------

| n = 6 | k = 1 | coverage = 35, 97.22222222222223%
 Time 1.3
 Name 0_6x6_minizincsmallestindomain_splitcomplete


-------------------------
|  2| 25| 19|  1| 22| 16|
-------------------------
| 21| 26| 20| 14| 17| 35|
-------------------------
| 27|  4| 23| 24| 18| 12|
-------------------------
| 28|  7|  8|  3| 33| 15|
-------------------------
|  6| 29| 11| 32| 10|  0|
-------------------------
|  9| 30|  5| 31| 13| 34|
-------------------------

| n = 6 | k = 1 | coverage = 35, 97.22222222222223%
 Time 1.3
 Name 0_6x6_minizincsmallestindomain_split_randomcomplete


-------------------------
|  2| 25| 19|  1| 22| 16|
-------------------------
| 21| 26| 20| 14| 17| 35|
-------------------------
| 27|  4| 23| 24| 18| 12|
-------------------------
| 28|  7|  8|  3| 33| 15|
-------------------------
|  6| 29| 11| 32| 10|  0|
-------------------------
|  9| 30|  5| 31| 13| 34|
-------------------------

| n = 6 | k = 1 | coverage = 35, 97.22222222222223%
 Time 1.3
 Name 0_6x6_minizincsmallestoutdomain_mediancomplete


-------------------------
|  2| 25| 19|  1| 22| 16|
-------------------------
| 21| 26| 20| 14| 17| 35|
-------------------------
| 27|  4| 23| 24| 18| 12|
-------------------------
| 28|  7|  8|  3| 33| 15|
-------------------------
|  6| 29| 11| 32| 10|  0|
-------------------------
|  9| 30|  5| 31| 13| 34|
-------------------------

| n = 6 | k = 1 | coverage = 35, 97.22222222222223%
 Time 1.3
 Name 0_6x6_minizincsmallestoutdomain_randomcomplete


-------------------------
|  2| 25| 19|  1| 22| 16|
-------------------------
| 21| 26| 20| 14| 17| 35|
-------------------------
| 27|  4| 23| 24| 18| 12|
-------------------------
| 28|  7|  8|  3| 33| 15|
-------------------------
|  6| 29| 11| 32| 10|  0|
-------------------------
|  9| 30|  5| 31| 13| 34|
-------------------------

| n = 6 | k = 1 | coverage = 35, 97.22222222222223%
 Time 1.3
 Name 0_6x6_minizinclargestindomain_maxcomplete


-------------------------
|  2| 25| 19|  1| 22| 16|
-------------------------
| 21| 26| 20| 14| 17| 35|
-------------------------
| 27|  4| 23| 24| 18| 12|
-------------------------
| 28|  7|  8|  3| 33| 15|
-------------------------
|  6| 29| 11| 32| 10|  0|
-------------------------
|  9| 30|  5| 31| 13| 34|
-------------------------

| n = 6 | k = 1 | coverage = 35, 97.22222222222223%
 Time 1.3
 Name 0_6x6_minizinclargestindomain_mediancomplete


-------------------------
|  2| 25| 19|  1| 22| 16|
-------------------------
| 21| 26| 20| 14| 17| 35|
-------------------------
| 27|  4| 23| 24| 18| 12|
-------------------------
| 28|  7|  8|  3| 33| 15|
-------------------------
|  6| 29| 11| 32| 10|  0|
-------------------------
|  9| 30|  5| 31| 13| 34|
-------------------------

| n = 6 | k = 1 | coverage = 35, 97.22222222222223%
 Time 1.3
 Name 0_6x6_minizinclargestindomain_mincomplete


-------------------------
|  2| 25| 19|  1| 22| 16|
-------------------------
| 21| 26| 20| 14| 17| 35|
-------------------------
| 27|  4| 23| 24| 18| 12|
-------------------------
| 28|  7|  8|  3| 33| 15|
-------------------------
|  6| 29| 11| 32| 10|  0|
-------------------------
|  9| 30|  5| 31| 13| 34|
-------------------------

| n = 6 | k = 1 | coverage = 35, 97.22222222222223%
 Time 1.31
 Name 0_6x6_minizincinput_orderindomaincomplete


-------------------------
|  2| 25| 19|  1| 22| 16|
-------------------------
| 21| 26| 20| 14| 17| 35|
-------------------------
| 27|  4| 23| 24| 18| 12|
-------------------------
| 28|  7|  8|  3| 33| 15|
-------------------------
|  6| 29| 11| 32| 10|  0|
-------------------------
|  9| 30|  5| 31| 13| 34|
-------------------------

| n = 6 | k = 1 | coverage = 35, 97.22222222222223%
 Time 1.31
 Name 0_6x6_minizincinput_orderoutdomain_mincomplete


-------------------------
|  2| 25| 19|  1| 22| 16|
-------------------------
| 21| 26| 20| 14| 17| 35|
-------------------------
| 27|  4| 23| 24| 18| 12|
-------------------------
| 28|  7|  8|  3| 33| 15|
-------------------------
|  6| 29| 11| 32| 10|  0|
-------------------------
|  9| 30|  5| 31| 13| 34|
-------------------------

| n = 6 | k = 1 | coverage = 35, 97.22222222222223%
 Time 1.31
 Name 0_6x6_minizincoccurrenceoutdomain_randomcomplete


-------------------------
|  2| 25| 19|  1| 22| 16|
-------------------------
| 21| 26| 20| 14| 17| 35|
-------------------------
| 27|  4| 23| 24| 18| 12|
-------------------------
| 28|  7|  8|  3| 33| 15|
-------------------------
|  6| 29| 11| 32| 10|  0|
-------------------------
|  9| 30|  5| 31| 13| 34|
-------------------------

| n = 6 | k = 1 | coverage = 35, 97.22222222222223%
 Time 1.31
 Name 0_6x6_minizincfirst_failindomain_middlecomplete


-------------------------
|  2| 25| 19|  1| 22| 16|
-------------------------
| 21| 26| 20| 14| 17| 35|
-------------------------
| 27|  4| 23| 24| 18| 12|
-------------------------
| 28|  7|  8|  3| 33| 15|
-------------------------
|  6| 29| 11| 32| 10|  0|
-------------------------
|  9| 30|  5| 31| 13| 34|
-------------------------

| n = 6 | k = 1 | coverage = 35, 97.22222222222223%
 Time 1.31
 Name 0_6x6_minizincfirst_failindomain_mincomplete


-------------------------
|  2| 25| 19|  1| 22| 16|
-------------------------
| 21| 26| 20| 14| 17| 35|
-------------------------
| 27|  4| 23| 24| 18| 12|
-------------------------
| 28|  7|  8|  3| 33| 15|
-------------------------
|  6| 29| 11| 32| 10|  0|
-------------------------
|  9| 30|  5| 31| 13| 34|
-------------------------

| n = 6 | k = 1 | coverage = 35, 97.22222222222223%
 Time 1.31
 Name 0_6x6_minizincfirst_failindomain_randomcomplete


-------------------------
|  2| 25| 19|  1| 22| 16|
-------------------------
| 21| 26| 20| 14| 17| 35|
-------------------------
| 27|  4| 23| 24| 18| 12|
-------------------------
| 28|  7|  8|  3| 33| 15|
-------------------------
|  6| 29| 11| 32| 10|  0|
-------------------------
|  9| 30|  5| 31| 13| 34|
-------------------------

| n = 6 | k = 1 | coverage = 35, 97.22222222222223%
 Time 1.31
 Name 0_6x6_minizincfirst_failindomain_split_randomcomplete


-------------------------
|  2| 25| 19|  1| 22| 16|
-------------------------
| 21| 26| 20| 14| 17| 35|
-------------------------
| 27|  4| 23| 24| 18| 12|
-------------------------
| 28|  7|  8|  3| 33| 15|
-------------------------
|  6| 29| 11| 32| 10|  0|
-------------------------
|  9| 30|  5| 31| 13| 34|
-------------------------

| n = 6 | k = 1 | coverage = 35, 97.22222222222223%
 Time 1.31
 Name 0_6x6_minizincfirst_failoutdomain_randomcomplete


-------------------------
|  2| 25| 19|  1| 22| 16|
-------------------------
| 21| 26| 20| 14| 17| 35|
-------------------------
| 27|  4| 23| 24| 18| 12|
-------------------------
| 28|  7|  8|  3| 33| 15|
-------------------------
|  6| 29| 11| 32| 10|  0|
-------------------------
|  9| 30|  5| 31| 13| 34|
-------------------------

| n = 6 | k = 1 | coverage = 35, 97.22222222222223%
 Time 1.31
 Name 0_6x6_minizincanti_first_failindomain_maxcomplete


-------------------------
|  2| 25| 19|  1| 22| 16|
-------------------------
| 21| 26| 20| 14| 17| 35|
-------------------------
| 27|  4| 23| 24| 18| 12|
-------------------------
| 28|  7|  8|  3| 33| 15|
-------------------------
|  6| 29| 11| 32| 10|  0|
-------------------------
|  9| 30|  5| 31| 13| 34|
-------------------------

| n = 6 | k = 1 | coverage = 35, 97.22222222222223%
 Time 1.31
 Name 0_6x6_minizincanti_first_failindomain_splitcomplete


-------------------------
|  2| 25| 19|  1| 22| 16|
-------------------------
| 21| 26| 20| 14| 17| 35|
-------------------------
| 27|  4| 23| 24| 18| 12|
-------------------------
| 28|  7|  8|  3| 33| 15|
-------------------------
|  6| 29| 11| 32| 10|  0|
-------------------------
|  9| 30|  5| 31| 13| 34|
-------------------------

| n = 6 | k = 1 | coverage = 35, 97.22222222222223%
 Time 1.31
 Name 0_6x6_minizincanti_first_failindomain_split_randomcomplete


-------------------------
|  2| 25| 19|  1| 22| 16|
-------------------------
| 21| 26| 20| 14| 17| 35|
-------------------------
| 27|  4| 23| 24| 18| 12|
-------------------------
| 28|  7|  8|  3| 33| 15|
-------------------------
|  6| 29| 11| 32| 10|  0|
-------------------------
|  9| 30|  5| 31| 13| 34|
-------------------------

| n = 6 | k = 1 | coverage = 35, 97.22222222222223%
 Time 1.31
 Name 0_6x6_minizincmost_constrainedindomaincomplete


-------------------------
|  2| 25| 19|  1| 22| 16|
-------------------------
| 21| 26| 20| 14| 17| 35|
-------------------------
| 27|  4| 23| 24| 18| 12|
-------------------------
| 28|  7|  8|  3| 33| 15|
-------------------------
|  6| 29| 11| 32| 10|  0|
-------------------------
|  9| 30|  5| 31| 13| 34|
-------------------------

| n = 6 | k = 1 | coverage = 35, 97.22222222222223%
 Time 1.31
 Name 0_6x6_minizincmost_constrainedindomain_middlecomplete


-------------------------
|  2| 25| 19|  1| 22| 16|
-------------------------
| 21| 26| 20| 14| 17| 35|
-------------------------
| 27|  4| 23| 24| 18| 12|
-------------------------
| 28|  7|  8|  3| 33| 15|
-------------------------
|  6| 29| 11| 32| 10|  0|
-------------------------
|  9| 30|  5| 31| 13| 34|
-------------------------

| n = 6 | k = 1 | coverage = 35, 97.22222222222223%
 Time 1.31
 Name 0_6x6_minizincmost_constrainedindomain_mincomplete


-------------------------
|  2| 25| 19|  1| 22| 16|
-------------------------
| 21| 26| 20| 14| 17| 35|
-------------------------
| 27|  4| 23| 24| 18| 12|
-------------------------
| 28|  7|  8|  3| 33| 15|
-------------------------
|  6| 29| 11| 32| 10|  0|
-------------------------
|  9| 30|  5| 31| 13| 34|
-------------------------

| n = 6 | k = 1 | coverage = 35, 97.22222222222223%
 Time 1.31
 Name 0_6x6_minizincmost_constrainedindomain_randomcomplete


-------------------------
|  2| 25| 19|  1| 22| 16|
-------------------------
| 21| 26| 20| 14| 17| 35|
-------------------------
| 27|  4| 23| 24| 18| 12|
-------------------------
| 28|  7|  8|  3| 33| 15|
-------------------------
|  6| 29| 11| 32| 10|  0|
-------------------------
|  9| 30|  5| 31| 13| 34|
-------------------------

| n = 6 | k = 1 | coverage = 35, 97.22222222222223%
 Time 1.31
 Name 0_6x6_minizincmost_constrainedoutdomain_maxcomplete


-------------------------
|  2| 25| 19|  1| 22| 16|
-------------------------
| 21| 26| 20| 14| 17| 35|
-------------------------
| 27|  4| 23| 24| 18| 12|
-------------------------
| 28|  7|  8|  3| 33| 15|
-------------------------
|  6| 29| 11| 32| 10|  0|
-------------------------
|  9| 30|  5| 31| 13| 34|
-------------------------

| n = 6 | k = 1 | coverage = 35, 97.22222222222223%
 Time 1.31
 Name 0_6x6_minizincmost_constrainedoutdomain_mincomplete


-------------------------
|  2| 25| 19|  1| 22| 16|
-------------------------
| 21| 26| 20| 14| 17| 35|
-------------------------
| 27|  4| 23| 24| 18| 12|
-------------------------
| 28|  7|  8|  3| 33| 15|
-------------------------
|  6| 29| 11| 32| 10|  0|
-------------------------
|  9| 30|  5| 31| 13| 34|
-------------------------

| n = 6 | k = 1 | coverage = 35, 97.22222222222223%
 Time 1.31
 Name 0_6x6_minizincdom_w_degindomain_intervalcomplete


-------------------------
|  2| 25| 19|  1| 22| 16|
-------------------------
| 21| 26| 20| 14| 17| 35|
-------------------------
| 27|  4| 23| 24| 18| 12|
-------------------------
| 28|  7|  8|  3| 33| 15|
-------------------------
|  6| 29| 11| 32| 10|  0|
-------------------------
|  9| 30|  5| 31| 13| 34|
-------------------------

| n = 6 | k = 1 | coverage = 35, 97.22222222222223%
 Time 1.31
 Name 0_6x6_minizincdom_w_degindomain_mediancomplete


-------------------------
|  2| 25| 19|  1| 22| 16|
-------------------------
| 21| 26| 20| 14| 17| 35|
-------------------------
| 27|  4| 23| 24| 18| 12|
-------------------------
| 28|  7|  8|  3| 33| 15|
-------------------------
|  6| 29| 11| 32| 10|  0|
-------------------------
|  9| 30|  5| 31| 13| 34|
-------------------------

| n = 6 | k = 1 | coverage = 35, 97.22222222222223%
 Time 1.31
 Name 0_6x6_minizincdom_w_degindomain_mincomplete


-------------------------
|  2| 25| 19|  1| 22| 16|
-------------------------
| 21| 26| 20| 14| 17| 35|
-------------------------
| 27|  4| 23| 24| 18| 12|
-------------------------
| 28|  7|  8|  3| 33| 15|
-------------------------
|  6| 29| 11| 32| 10|  0|
-------------------------
|  9| 30|  5| 31| 13| 34|
-------------------------

| n = 6 | k = 1 | coverage = 35, 97.22222222222223%
 Time 1.31
 Name 0_6x6_minizincimpactindomain_mediancomplete


-------------------------
|  2| 25| 19|  1| 22| 16|
-------------------------
| 21| 26| 20| 14| 17| 35|
-------------------------
| 27|  4| 23| 24| 18| 12|
-------------------------
| 28|  7|  8|  3| 33| 15|
-------------------------
|  6| 29| 11| 32| 10|  0|
-------------------------
|  9| 30|  5| 31| 13| 34|
-------------------------

| n = 6 | k = 1 | coverage = 35, 97.22222222222223%
 Time 1.31
 Name 0_6x6_minizincimpactindomain_randomcomplete


-------------------------
|  2| 25| 19|  1| 22| 16|
-------------------------
| 21| 26| 20| 14| 17| 35|
-------------------------
| 27|  4| 23| 24| 18| 12|
-------------------------
| 28|  7|  8|  3| 33| 15|
-------------------------
|  6| 29| 11| 32| 10|  0|
-------------------------
|  9| 30|  5| 31| 13| 34|
-------------------------

| n = 6 | k = 1 | coverage = 35, 97.22222222222223%
 Time 1.31
 Name 0_6x6_minizincimpactindomain_split_randomcomplete


-------------------------
|  2| 25| 19|  1| 22| 16|
-------------------------
| 21| 26| 20| 14| 17| 35|
-------------------------
| 27|  4| 23| 24| 18| 12|
-------------------------
| 28|  7|  8|  3| 33| 15|
-------------------------
|  6| 29| 11| 32| 10|  0|
-------------------------
|  9| 30|  5| 31| 13| 34|
-------------------------

| n = 6 | k = 1 | coverage = 35, 97.22222222222223%
 Time 1.31
 Name 0_6x6_minizincimpactoutdomain_mincomplete


-------------------------
|  2| 25| 19|  1| 22| 16|
-------------------------
| 21| 26| 20| 14| 17| 35|
-------------------------
| 27|  4| 23| 24| 18| 12|
-------------------------
| 28|  7|  8|  3| 33| 15|
-------------------------
|  6| 29| 11| 32| 10|  0|
-------------------------
|  9| 30|  5| 31| 13| 34|
-------------------------

| n = 6 | k = 1 | coverage = 35, 97.22222222222223%
 Time 1.31
 Name 0_6x6_minizincimpactoutdomain_randomcomplete


-------------------------
|  2| 25| 19|  1| 22| 16|
-------------------------
| 21| 26| 20| 14| 17| 35|
-------------------------
| 27|  4| 23| 24| 18| 12|
-------------------------
| 28|  7|  8|  3| 33| 15|
-------------------------
|  6| 29| 11| 32| 10|  0|
-------------------------
|  9| 30|  5| 31| 13| 34|
-------------------------

| n = 6 | k = 1 | coverage = 35, 97.22222222222223%
 Time 1.31
 Name 0_6x6_minizincmax_regretindomaincomplete


-------------------------
|  2| 25| 19|  1| 22| 16|
-------------------------
| 21| 26| 20| 14| 17| 35|
-------------------------
| 27|  4| 23| 24| 18| 12|
-------------------------
| 28|  7|  8|  3| 33| 15|
-------------------------
|  6| 29| 11| 32| 10|  0|
-------------------------
|  9| 30|  5| 31| 13| 34|
-------------------------

| n = 6 | k = 1 | coverage = 35, 97.22222222222223%
 Time 1.31
 Name 0_6x6_minizincmax_regretindomain_maxcomplete


-------------------------
|  2| 25| 19|  1| 22| 16|
-------------------------
| 21| 26| 20| 14| 17| 35|
-------------------------
| 27|  4| 23| 24| 18| 12|
-------------------------
| 28|  7|  8|  3| 33| 15|
-------------------------
|  6| 29| 11| 32| 10|  0|
-------------------------
|  9| 30|  5| 31| 13| 34|
-------------------------

| n = 6 | k = 1 | coverage = 35, 97.22222222222223%
 Time 1.31
 Name 0_6x6_minizincmax_regretindomain_middlecomplete


-------------------------
|  2| 25| 19|  1| 22| 16|
-------------------------
| 21| 26| 20| 14| 17| 35|
-------------------------
| 27|  4| 23| 24| 18| 12|
-------------------------
| 28|  7|  8|  3| 33| 15|
-------------------------
|  6| 29| 11| 32| 10|  0|
-------------------------
|  9| 30|  5| 31| 13| 34|
-------------------------

| n = 6 | k = 1 | coverage = 35, 97.22222222222223%
 Time 1.31
 Name 0_6x6_minizincmax_regretindomain_mincomplete


-------------------------
|  2| 25| 19|  1| 22| 16|
-------------------------
| 21| 26| 20| 14| 17| 35|
-------------------------
| 27|  4| 23| 24| 18| 12|
-------------------------
| 28|  7|  8|  3| 33| 15|
-------------------------
|  6| 29| 11| 32| 10|  0|
-------------------------
|  9| 30|  5| 31| 13| 34|
-------------------------

| n = 6 | k = 1 | coverage = 35, 97.22222222222223%
 Time 1.31
 Name 0_6x6_minizincmax_regretoutdomain_mediancomplete


-------------------------
|  2| 25| 19|  1| 22| 16|
-------------------------
| 21| 26| 20| 14| 17| 35|
-------------------------
| 27|  4| 23| 24| 18| 12|
-------------------------
| 28|  7|  8|  3| 33| 15|
-------------------------
|  6| 29| 11| 32| 10|  0|
-------------------------
|  9| 30|  5| 31| 13| 34|
-------------------------

| n = 6 | k = 1 | coverage = 35, 97.22222222222223%
 Time 1.31
 Name 0_6x6_minizincmax_regretoutdomain_mincomplete


-------------------------
|  2| 25| 19|  1| 22| 16|
-------------------------
| 21| 26| 20| 14| 17| 35|
-------------------------
| 27|  4| 23| 24| 18| 12|
-------------------------
| 28|  7|  8|  3| 33| 15|
-------------------------
|  6| 29| 11| 32| 10|  0|
-------------------------
|  9| 30|  5| 31| 13| 34|
-------------------------

| n = 6 | k = 1 | coverage = 35, 97.22222222222223%
 Time 1.31
 Name 0_6x6_minizincmax_regretoutdomain_randomcomplete


-------------------------
|  2| 25| 19|  1| 22| 16|
-------------------------
| 21| 26| 20| 14| 17| 35|
-------------------------
| 27|  4| 23| 24| 18| 12|
-------------------------
| 28|  7|  8|  3| 33| 15|
-------------------------
|  6| 29| 11| 32| 10|  0|
-------------------------
|  9| 30|  5| 31| 13| 34|
-------------------------

| n = 6 | k = 1 | coverage = 35, 97.22222222222223%
 Time 1.31
 Name 0_6x6_minizincsmallestindomain_mediancomplete


-------------------------
|  2| 25| 19|  1| 22| 16|
-------------------------
| 21| 26| 20| 14| 17| 35|
-------------------------
| 27|  4| 23| 24| 18| 12|
-------------------------
| 28|  7|  8|  3| 33| 15|
-------------------------
|  6| 29| 11| 32| 10|  0|
-------------------------
|  9| 30|  5| 31| 13| 34|
-------------------------

| n = 6 | k = 1 | coverage = 35, 97.22222222222223%
 Time 1.31
 Name 0_6x6_minizincsmallestindomain_middlecomplete


-------------------------
|  2| 25| 19|  1| 22| 16|
-------------------------
| 21| 26| 20| 14| 17| 35|
-------------------------
| 27|  4| 23| 24| 18| 12|
-------------------------
| 28|  7|  8|  3| 33| 15|
-------------------------
|  6| 29| 11| 32| 10|  0|
-------------------------
|  9| 30|  5| 31| 13| 34|
-------------------------

| n = 6 | k = 1 | coverage = 35, 97.22222222222223%
 Time 1.31
 Name 0_6x6_minizincsmallestindomain_randomcomplete


-------------------------
|  2| 25| 19|  1| 22| 16|
-------------------------
| 21| 26| 20| 14| 17| 35|
-------------------------
| 27|  4| 23| 24| 18| 12|
-------------------------
| 28|  7|  8|  3| 33| 15|
-------------------------
|  6| 29| 11| 32| 10|  0|
-------------------------
|  9| 30|  5| 31| 13| 34|
-------------------------

| n = 6 | k = 1 | coverage = 35, 97.22222222222223%
 Time 1.31
 Name 0_6x6_minizincsmallestoutdomain_maxcomplete


-------------------------
|  2| 25| 19|  1| 22| 16|
-------------------------
| 21| 26| 20| 14| 17| 35|
-------------------------
| 27|  4| 23| 24| 18| 12|
-------------------------
| 28|  7|  8|  3| 33| 15|
-------------------------
|  6| 29| 11| 32| 10|  0|
-------------------------
|  9| 30|  5| 31| 13| 34|
-------------------------

| n = 6 | k = 1 | coverage = 35, 97.22222222222223%
 Time 1.31
 Name 0_6x6_minizinclargestindomain_intervalcomplete


-------------------------
|  2| 25| 19|  1| 22| 16|
-------------------------
| 21| 26| 20| 14| 17| 35|
-------------------------
| 27|  4| 23| 24| 18| 12|
-------------------------
| 28|  7|  8|  3| 33| 15|
-------------------------
|  6| 29| 11| 32| 10|  0|
-------------------------
|  9| 30|  5| 31| 13| 34|
-------------------------

| n = 6 | k = 1 | coverage = 35, 97.22222222222223%
 Time 1.31
 Name 0_6x6_minizinclargestindomain_splitcomplete


-------------------------
|  2| 25| 19|  1| 22| 16|
-------------------------
| 21| 26| 20| 14| 17| 35|
-------------------------
| 27|  4| 23| 24| 18| 12|
-------------------------
| 28|  7|  8|  3| 33| 15|
-------------------------
|  6| 29| 11| 32| 10|  0|
-------------------------
|  9| 30|  5| 31| 13| 34|
-------------------------

| n = 6 | k = 1 | coverage = 35, 97.22222222222223%
 Time 1.32
 Name 0_6x6_minizincinput_orderindomain_splitcomplete


-------------------------
|  2| 25| 19|  1| 22| 16|
-------------------------
| 21| 26| 20| 14| 17| 35|
-------------------------
| 27|  4| 23| 24| 18| 12|
-------------------------
| 28|  7|  8|  3| 33| 15|
-------------------------
|  6| 29| 11| 32| 10|  0|
-------------------------
|  9| 30|  5| 31| 13| 34|
-------------------------

| n = 6 | k = 1 | coverage = 35, 97.22222222222223%
 Time 1.32
 Name 0_6x6_minizincoccurrenceindomain_maxcomplete


-------------------------
|  2| 25| 19|  1| 22| 16|
-------------------------
| 21| 26| 20| 14| 17| 35|
-------------------------
| 27|  4| 23| 24| 18| 12|
-------------------------
| 28|  7|  8|  3| 33| 15|
-------------------------
|  6| 29| 11| 32| 10|  0|
-------------------------
|  9| 30|  5| 31| 13| 34|
-------------------------

| n = 6 | k = 1 | coverage = 35, 97.22222222222223%
 Time 1.32
 Name 0_6x6_minizincanti_first_failindomain_mincomplete


-------------------------
|  2| 25| 19|  1| 22| 16|
-------------------------
| 21| 26| 20| 14| 17| 35|
-------------------------
| 27|  4| 23| 24| 18| 12|
-------------------------
| 28|  7|  8|  3| 33| 15|
-------------------------
|  6| 29| 11| 32| 10|  0|
-------------------------
|  9| 30|  5| 31| 13| 34|
-------------------------

| n = 6 | k = 1 | coverage = 35, 97.22222222222223%
 Time 1.32
 Name 0_6x6_minizincanti_first_failindomain_reverse_splitcomplete


-------------------------
|  2| 25| 19|  1| 22| 16|
-------------------------
| 21| 26| 20| 14| 17| 35|
-------------------------
| 27|  4| 23| 24| 18| 12|
-------------------------
| 28|  7|  8|  3| 33| 15|
-------------------------
|  6| 29| 11| 32| 10|  0|
-------------------------
|  9| 30|  5| 31| 13| 34|
-------------------------

| n = 6 | k = 1 | coverage = 35, 97.22222222222223%
 Time 1.32
 Name 0_6x6_minizincanti_first_failoutdomain_mincomplete


-------------------------
|  2| 25| 19|  1| 22| 16|
-------------------------
| 21| 26| 20| 14| 17| 35|
-------------------------
| 27|  4| 23| 24| 18| 12|
-------------------------
| 28|  7|  8|  3| 33| 15|
-------------------------
|  6| 29| 11| 32| 10|  0|
-------------------------
|  9| 30|  5| 31| 13| 34|
-------------------------

| n = 6 | k = 1 | coverage = 35, 97.22222222222223%
 Time 1.32
 Name 0_6x6_minizincdom_w_degindomain_maxcomplete


-------------------------
|  2| 25| 19|  1| 22| 16|
-------------------------
| 21| 26| 20| 14| 17| 35|
-------------------------
| 27|  4| 23| 24| 18| 12|
-------------------------
| 28|  7|  8|  3| 33| 15|
-------------------------
|  6| 29| 11| 32| 10|  0|
-------------------------
|  9| 30|  5| 31| 13| 34|
-------------------------

| n = 6 | k = 1 | coverage = 35, 97.22222222222223%
 Time 1.32
 Name 0_6x6_minizincdom_w_degindomain_reverse_splitcomplete


-------------------------
|  2| 25| 19|  1| 22| 16|
-------------------------
| 21| 26| 20| 14| 17| 35|
-------------------------
| 27|  4| 23| 24| 18| 12|
-------------------------
| 28|  7|  8|  3| 33| 15|
-------------------------
|  6| 29| 11| 32| 10|  0|
-------------------------
|  9| 30|  5| 31| 13| 34|
-------------------------

| n = 6 | k = 1 | coverage = 35, 97.22222222222223%
 Time 1.32
 Name 0_6x6_minizincdom_w_degoutdomain_randomcomplete


-------------------------
|  2| 25| 19|  1| 22| 16|
-------------------------
| 21| 26| 20| 14| 17| 35|
-------------------------
| 27|  4| 23| 24| 18| 12|
-------------------------
| 28|  7|  8|  3| 33| 15|
-------------------------
|  6| 29| 11| 32| 10|  0|
-------------------------
|  9| 30|  5| 31| 13| 34|
-------------------------

| n = 6 | k = 1 | coverage = 35, 97.22222222222223%
 Time 1.32
 Name 0_6x6_minizincimpactindomain_reverse_splitcomplete


-------------------------
|  2| 25| 19|  1| 22| 16|
-------------------------
| 21| 26| 20| 14| 17| 35|
-------------------------
| 27|  4| 23| 24| 18| 12|
-------------------------
| 28|  7|  8|  3| 33| 15|
-------------------------
|  6| 29| 11| 32| 10|  0|
-------------------------
|  9| 30|  5| 31| 13| 34|
-------------------------

| n = 6 | k = 1 | coverage = 35, 97.22222222222223%
 Time 1.32
 Name 0_6x6_minizincimpactoutdomain_maxcomplete


-------------------------
|  2| 25| 19|  1| 22| 16|
-------------------------
| 21| 26| 20| 14| 17| 35|
-------------------------
| 27|  4| 23| 24| 18| 12|
-------------------------
| 28|  7|  8|  3| 33| 15|
-------------------------
|  6| 29| 11| 32| 10|  0|
-------------------------
|  9| 30|  5| 31| 13| 34|
-------------------------

| n = 6 | k = 1 | coverage = 35, 97.22222222222223%
 Time 1.32
 Name 0_6x6_minizincmax_regretindomain_intervalcomplete


-------------------------
|  2| 25| 19|  1| 22| 16|
-------------------------
| 21| 26| 20| 14| 17| 35|
-------------------------
| 27|  4| 23| 24| 18| 12|
-------------------------
| 28|  7|  8|  3| 33| 15|
-------------------------
|  6| 29| 11| 32| 10|  0|
-------------------------
|  9| 30|  5| 31| 13| 34|
-------------------------

| n = 6 | k = 1 | coverage = 35, 97.22222222222223%
 Time 1.32
 Name 0_6x6_minizincmax_regretindomain_mediancomplete


-------------------------
|  2| 25| 19|  1| 22| 16|
-------------------------
| 21| 26| 20| 14| 17| 35|
-------------------------
| 27|  4| 23| 24| 18| 12|
-------------------------
| 28|  7|  8|  3| 33| 15|
-------------------------
|  6| 29| 11| 32| 10|  0|
-------------------------
|  9| 30|  5| 31| 13| 34|
-------------------------

| n = 6 | k = 1 | coverage = 35, 97.22222222222223%
 Time 1.32
 Name 0_6x6_minizincmax_regretindomain_splitcomplete


-------------------------
|  2| 25| 19|  1| 22| 16|
-------------------------
| 21| 26| 20| 14| 17| 35|
-------------------------
| 27|  4| 23| 24| 18| 12|
-------------------------
| 28|  7|  8|  3| 33| 15|
-------------------------
|  6| 29| 11| 32| 10|  0|
-------------------------
|  9| 30|  5| 31| 13| 34|
-------------------------

| n = 6 | k = 1 | coverage = 35, 97.22222222222223%
 Time 1.32
 Name 0_6x6_minizincsmallestindomain_reverse_splitcomplete


-------------------------
|  2| 25| 19|  1| 22| 16|
-------------------------
| 21| 26| 20| 14| 17| 35|
-------------------------
| 27|  4| 23| 24| 18| 12|
-------------------------
| 28|  7|  8|  3| 33| 15|
-------------------------
|  6| 29| 11| 32| 10|  0|
-------------------------
|  9| 30|  5| 31| 13| 34|
-------------------------

| n = 6 | k = 1 | coverage = 35, 97.22222222222223%
 Time 1.32
 Name 0_6x6_minizincsmallestoutdomain_mincomplete


-------------------------
|  2| 25| 19|  1| 22| 16|
-------------------------
| 21| 26| 20| 14| 17| 35|
-------------------------
| 27|  4| 23| 24| 18| 12|
-------------------------
| 28|  7|  8|  3| 33| 15|
-------------------------
|  6| 29| 11| 32| 10|  0|
-------------------------
|  9| 30|  5| 31| 13| 34|
-------------------------

| n = 6 | k = 1 | coverage = 35, 97.22222222222223%
 Time 1.32
 Name 0_6x6_minizinclargestindomain_randomcomplete


-------------------------
|  2| 25| 19|  1| 22| 16|
-------------------------
| 21| 26| 20| 14| 17| 35|
-------------------------
| 27|  4| 23| 24| 18| 12|
-------------------------
| 28|  7|  8|  3| 33| 15|
-------------------------
|  6| 29| 11| 32| 10|  0|
-------------------------
|  9| 30|  5| 31| 13| 34|
-------------------------

| n = 6 | k = 1 | coverage = 35, 97.22222222222223%
 Time 1.32
 Name 0_6x6_minizinclargestindomain_reverse_splitcomplete


-------------------------
|  2| 25| 19|  1| 22| 16|
-------------------------
| 21| 26| 20| 14| 17| 35|
-------------------------
| 27|  4| 23| 24| 18| 12|
-------------------------
| 28|  7|  8|  3| 33| 15|
-------------------------
|  6| 29| 11| 32| 10|  0|
-------------------------
|  9| 30|  5| 31| 13| 34|
-------------------------

| n = 6 | k = 1 | coverage = 35, 97.22222222222223%
 Time 1.32
 Name 0_6x6_minizinclargestindomain_split_randomcomplete


-------------------------
|  2| 25| 19|  1| 22| 16|
-------------------------
| 21| 26| 20| 14| 17| 35|
-------------------------
| 27|  4| 23| 24| 18| 12|
-------------------------
| 28|  7|  8|  3| 33| 15|
-------------------------
|  6| 29| 11| 32| 10|  0|
-------------------------
|  9| 30|  5| 31| 13| 34|
-------------------------

| n = 6 | k = 1 | coverage = 35, 97.22222222222223%
 Time 1.32
 Name 0_6x6_minizinclargestoutdomain_maxcomplete


-------------------------
|  2| 25| 19|  1| 22| 16|
-------------------------
| 21| 26| 20| 14| 17| 35|
-------------------------
| 27|  4| 23| 24| 18| 12|
-------------------------
| 28|  7|  8|  3| 33| 15|
-------------------------
|  6| 29| 11| 32| 10|  0|
-------------------------
|  9| 30|  5| 31| 13| 34|
-------------------------

| n = 6 | k = 1 | coverage = 35, 97.22222222222223%
 Time 1.32
 Name 0_6x6_minizinclargestoutdomain_mediancomplete


-------------------------
|  2| 25| 19|  1| 22| 16|
-------------------------
| 21| 26| 20| 14| 17| 35|
-------------------------
| 27|  4| 23| 24| 18| 12|
-------------------------
| 28|  7|  8|  3| 33| 15|
-------------------------
|  6| 29| 11| 32| 10|  0|
-------------------------
|  9| 30|  5| 31| 13| 34|
-------------------------

| n = 6 | k = 1 | coverage = 35, 97.22222222222223%
 Time 1.32
 Name 0_6x6_minizinclargestoutdomain_mincomplete


-------------------------
|  2| 25| 19|  1| 22| 16|
-------------------------
| 21| 26| 20| 14| 17| 35|
-------------------------
| 27|  4| 23| 24| 18| 12|
-------------------------
| 28|  7|  8|  3| 33| 15|
-------------------------
|  6| 29| 11| 32| 10|  0|
-------------------------
|  9| 30|  5| 31| 13| 34|
-------------------------

| n = 6 | k = 1 | coverage = 35, 97.22222222222223%
 Time 1.32
 Name 0_6x6_minizinclargestoutdomain_randomcomplete


-------------------------
|  2| 25| 19|  1| 22| 16|
-------------------------
| 21| 26| 20| 14| 17| 35|
-------------------------
| 27|  4| 23| 24| 18| 12|
-------------------------
| 28|  7|  8|  3| 33| 15|
-------------------------
|  6| 29| 11| 32| 10|  0|
-------------------------
|  9| 30|  5| 31| 13| 34|
-------------------------

| n = 6 | k = 1 | coverage = 35, 97.22222222222223%
 Time 1.33
 Name 0_6x6_minizincoccurrenceoutdomain_mincomplete


-------------------------
|  2| 25| 19|  1| 22| 16|
-------------------------
| 21| 26| 20| 14| 17| 35|
-------------------------
| 27|  4| 23| 24| 18| 12|
-------------------------
| 28|  7|  8|  3| 33| 15|
-------------------------
|  6| 29| 11| 32| 10|  0|
-------------------------
|  9| 30|  5| 31| 13| 34|
-------------------------

| n = 6 | k = 1 | coverage = 35, 97.22222222222223%
 Time 1.33
 Name 0_6x6_minizincimpactindomaincomplete


-------------------------
|  2| 25| 19|  1| 22| 16|
-------------------------
| 21| 26| 20| 14| 17| 35|
-------------------------
| 27|  4| 23| 24| 18| 12|
-------------------------
| 28|  7|  8|  3| 33| 15|
-------------------------
|  6| 29| 11| 32| 10|  0|
-------------------------
|  9| 30|  5| 31| 13| 34|
-------------------------

| n = 6 | k = 1 | coverage = 35, 97.22222222222223%
 Time 1.33
 Name 0_6x6_minizincmax_regretindomain_split_randomcomplete


-------------------------
|  2| 25| 19|  1| 22| 16|
-------------------------
| 21| 26| 20| 14| 17| 35|
-------------------------
| 27|  4| 23| 24| 18| 12|
-------------------------
| 28|  7|  8|  3| 33| 15|
-------------------------
|  6| 29| 11| 32| 10|  0|
-------------------------
|  9| 30|  5| 31| 13| 34|
-------------------------

| n = 6 | k = 1 | coverage = 35, 97.22222222222223%
 Time 1.33
 Name 0_6x6_minizinclargestindomain_middlecomplete


-------------------------
|  2| 25| 19|  1| 22| 16|
-------------------------
| 21| 26| 20| 14| 17| 35|
-------------------------
| 27|  4| 23| 24| 18| 12|
-------------------------
| 28|  7|  8|  3| 33| 15|
-------------------------
|  6| 29| 11| 32| 10|  0|
-------------------------
|  9| 30|  5| 31| 13| 34|
-------------------------

| n = 6 | k = 1 | coverage = 35, 97.22222222222223%
 Time 1.34
 Name 0_6x6_minizincfirst_failindomain_splitcomplete


-------------------------
|  2| 25| 19|  1| 22| 16|
-------------------------
| 21| 26| 20| 14| 17| 35|
-------------------------
| 27|  4| 23| 24| 18| 12|
-------------------------
| 28|  7|  8|  3| 33| 15|
-------------------------
|  6| 29| 11| 32| 10|  0|
-------------------------
|  9| 30|  5| 31| 13| 34|
-------------------------

| n = 6 | k = 1 | coverage = 35, 97.22222222222223%
 Time 1.34
 Name 0_6x6_minizincanti_first_failindomain_middlecomplete


-------------------------
|  2| 25| 19|  1| 22| 16|
-------------------------
| 21| 26| 20| 14| 17| 35|
-------------------------
| 27|  4| 23| 24| 18| 12|
-------------------------
| 28|  7|  8|  3| 33| 15|
-------------------------
|  6| 29| 11| 32| 10|  0|
-------------------------
|  9| 30|  5| 31| 13| 34|
-------------------------

| n = 6 | k = 1 | coverage = 35, 97.22222222222223%
 Time 1.34
 Name 0_6x6_minizincmost_constrainedindomain_split_randomcomplete


-------------------------
|  2| 25| 19|  1| 22| 16|
-------------------------
| 21| 26| 20| 14| 17| 35|
-------------------------
| 27|  4| 23| 24| 18| 12|
-------------------------
| 28|  7|  8|  3| 33| 15|
-------------------------
|  6| 29| 11| 32| 10|  0|
-------------------------
|  9| 30|  5| 31| 13| 34|
-------------------------

| n = 6 | k = 1 | coverage = 35, 97.22222222222223%
 Time 1.34
 Name 0_6x6_minizincmost_constrainedoutdomain_randomcomplete


-------------------------
|  2| 25| 19|  1| 22| 16|
-------------------------
| 21| 26| 20| 14| 17| 35|
-------------------------
| 27|  4| 23| 24| 18| 12|
-------------------------
| 28|  7|  8|  3| 33| 15|
-------------------------
|  6| 29| 11| 32| 10|  0|
-------------------------
|  9| 30|  5| 31| 13| 34|
-------------------------

| n = 6 | k = 1 | coverage = 35, 97.22222222222223%
 Time 1.34
 Name 0_6x6_minizincimpactindomain_middlecomplete


-------------------------
|  2| 25| 19|  1| 22| 16|
-------------------------
| 21| 26| 20| 14| 17| 35|
-------------------------
| 27|  4| 23| 24| 18| 12|
-------------------------
| 28|  7|  8|  3| 33| 15|
-------------------------
|  6| 29| 11| 32| 10|  0|
-------------------------
|  9| 30|  5| 31| 13| 34|
-------------------------

| n = 6 | k = 1 | coverage = 35, 97.22222222222223%
 Time 1.35
 Name 0_6x6_minizincoccurrenceindomain_split_randomcomplete


-------------------------
|  2| 25| 19|  1| 22| 16|
-------------------------
| 21| 26| 20| 14| 17| 35|
-------------------------
| 27|  4| 23| 24| 18| 12|
-------------------------
| 28|  7|  8|  3| 33| 15|
-------------------------
|  6| 29| 11| 32| 10|  0|
-------------------------
|  9| 30|  5| 31| 13| 34|
-------------------------

| n = 6 | k = 1 | coverage = 35, 97.22222222222223%
 Time 1.35
 Name 0_6x6_minizincdom_w_degoutdomain_maxcomplete


-------------------------
|  2| 25| 19|  1| 22| 16|
-------------------------
| 21| 26| 20| 14| 17| 35|
-------------------------
| 27|  4| 23| 24| 18| 12|
-------------------------
| 28|  7|  8|  3| 33| 15|
-------------------------
|  6| 29| 11| 32| 10|  0|
-------------------------
|  9| 30|  5| 31| 13| 34|
-------------------------

| n = 6 | k = 1 | coverage = 35, 97.22222222222223%
 Time 1.35
 Name 0_6x6_minizincsmallestindomain_intervalcomplete


-------------------------
|  2| 25| 19|  1| 22| 16|
-------------------------
| 21| 26| 20| 14| 17| 35|
-------------------------
| 27|  4| 23| 24| 18| 12|
-------------------------
| 28|  7|  8|  3| 33| 15|
-------------------------
|  6| 29| 11| 32| 10|  0|
-------------------------
|  9| 30|  5| 31| 13| 34|
-------------------------

| n = 6 | k = 1 | coverage = 35, 97.22222222222223%
 Time 1.35
 Name 0_6x6_minizinclargestindomaincomplete


-------------------------
|  2| 25| 19|  1| 22| 16|
-------------------------
| 21| 26| 20| 14| 17| 35|
-------------------------
| 27|  4| 23| 24| 18| 12|
-------------------------
| 28|  7|  8|  3| 33| 15|
-------------------------
|  6| 29| 11| 32| 10|  0|
-------------------------
|  9| 30|  5| 31| 13| 34|
-------------------------

| n = 6 | k = 1 | coverage = 35, 97.22222222222223%
 Time 1.36
 Name 0_6x6_minizincoccurrenceoutdomain_maxcomplete


-------------------------
|  2| 25| 19|  1| 22| 16|
-------------------------
| 21| 26| 20| 14| 17| 35|
-------------------------
| 27|  4| 23| 24| 18| 12|
-------------------------
| 28|  7|  8|  3| 33| 15|
-------------------------
|  6| 29| 11| 32| 10|  0|
-------------------------
|  9| 30|  5| 31| 13| 34|
-------------------------

| n = 6 | k = 1 | coverage = 35, 97.22222222222223%
 Time 1.38
 Name 0_6x6_minizincoccurrenceindomain_randomcomplete


-------------------------
|  2| 25| 19|  1| 22| 16|
-------------------------
| 21| 26| 20| 14| 17| 35|
-------------------------
| 27|  4| 23| 24| 18| 12|
-------------------------
| 28|  7|  8|  3| 33| 15|
-------------------------
|  6| 29| 11| 32| 10|  0|
-------------------------
|  9| 30|  5| 31| 13| 34|
-------------------------

| n = 6 | k = 1 | coverage = 35, 97.22222222222223%
 Time 1.39
 Name 0_6x6_minizincoccurrenceindomain_reverse_splitcomplete


-------------------------
|  2| 25| 19|  1| 22| 16|
-------------------------
| 21| 26| 20| 14| 17| 35|
-------------------------
| 27|  4| 23| 24| 18| 12|
-------------------------
| 28|  7|  8|  3| 33| 15|
-------------------------
|  6| 29| 11| 32| 10|  0|
-------------------------
|  9| 30|  5| 31| 13| 34|
-------------------------

| n = 6 | k = 1 | coverage = 35, 97.22222222222223%
 Time 1.39
 Name 0_6x6_minizincoccurrenceoutdomain_mediancomplete

