
-------------------------------------------------
|  2| 73| 83|  1| 82| 96| 95|100| 99| 92|103|104|
-------------------------------------------------
| 89| 74|  4| 75| 93|114| 84| 94|109|102|  0| 90|
-------------------------------------------------
| 71| 81| 91| 85|  6| 80| 98| 97| 86|101|106|105|
-------------------------------------------------
| 72| 87| 76|  3| 77| 66|112|111| 36|107| 88|  0|
-------------------------------------------------
| 35| 69| 79| 68| 78|  8| 38| 32| 42|108| 23|  0|
-------------------------------------------------
| 41| 70| 37| 31|  5| 30| 64|110|113| 34| 44|  0|
-------------------------------------------------
| 67| 33| 43| 28| 47| 29| 10| 40| 46| 25| 15| 21|
-------------------------------------------------
| 24| 39| 49|  7| 52| 62| 16| 27| 13| 19|  0|  0|
-------------------------------------------------
| 51| 65| 26| 45| 18| 12| 11| 48|  0|  0|  0| 17|
-------------------------------------------------
|  0| 22| 57| 54|  9| 50| 60| 14|  0|  0|  0|  0|
-------------------------------------------------
| 63| 53|  0| 20| 59| 56|  0|  0|  0|  0|  0|  0|
-------------------------------------------------
|  0|  0| 61| 55|  0|  0|  0| 58|  0|  0|  0|  0|
-------------------------------------------------

| n = 12 | k = 1 | coverage = 114, 79.16666666666667%
 Time 303.9
 Name 0_12x12_minizinc

