
-----------------------------------------
|  2| 60| 51|  1|  6| 68| 47| 88| 78|  0|
-----------------------------------------
| 57|  0|  4| 62| 49| 43| 76| 82| 72| 90|
-----------------------------------------
| 58| 69| 59| 53| 66|  8| 70| 45| 86| 80|
-----------------------------------------
| 73| 55| 64|  3| 41| 50| 84| 74| 92| 46|
-----------------------------------------
| 67| 56| 71| 61| 10|  5| 42| 48| 14| 93|
-----------------------------------------
|  0| 75| 65| 83| 52| 39| 12| 18| 44| 94|
-----------------------------------------
| 27| 32| 54| 37| 63| 85|  7| 40| 91| 16|
-----------------------------------------
| 77| 35| 29| 34| 81| 38| 20| 87| 17| 11|
-----------------------------------------
| 30| 25| 79| 33| 26| 21| 15|  9| 22| 89|
-----------------------------------------
|  0| 31| 28| 23| 36|  0| 24| 19| 13|  0|
-----------------------------------------

| n = 10 | k = 1 | coverage = 94, 94.0%
 Time 301.75
 Name 0_10x10_minizinc

