
---------------------------------
|  2| 33| 46|  1| 62| 37|  7|  0|
---------------------------------
| 44| 50| 40| 35| 45| 11| 60|  0|
---------------------------------
| 38|  4| 31| 48| 39|  5| 47|  9|
---------------------------------
| 29| 42| 52|  3| 49| 43| 13| 58|
---------------------------------
|  6| 36| 27| 41| 26| 56| 18| 53|
---------------------------------
| 25| 30| 21| 54| 12| 51| 24| 15|
---------------------------------
| 34|  8| 59| 28| 19| 20| 55| 16|
---------------------------------
| 61| 23| 32| 10| 57| 14| 17| 22|
---------------------------------

| n = 8 | k = 1 | coverage = 62, 96.875%
 Time 300.77
 Name 0_8x8_minizinc

