
-------------------------------------
|  2| 41| 42|  1| 47| 32| 46| 77|  0|
-------------------------------------
| 40|  0| 53| 43| 44| 50| 49| 30|  0|
-------------------------------------
| 39|  4| 38| 52| 51| 45| 34| 48| 75|
-------------------------------------
| 60| 55| 61|  3| 36| 54| 28| 22| 68|
-------------------------------------
|  6| 37| 62| 56| 59|  5| 66| 73| 26|
-------------------------------------
| 21| 58| 57| 63| 64| 67| 24| 70| 20|
-------------------------------------
| 35|  8| 19| 13| 27| 16|  7| 76| 71|
-------------------------------------
| 17| 23| 12| 31| 65| 11| 69| 18| 72|
-------------------------------------
| 10| 33| 15| 25| 14| 29| 74|  9| 78|
-------------------------------------

| n = 9 | k = 1 | coverage = 78, 96.29629629629629%
 Time 301.09
 Name 0_9x9_minizinc

