
-----------------------------
|  2| 25| 30|  1| 34| 33| 38|
-----------------------------
| 28| 39| 21| 35| 40| 48|  0|
-----------------------------
| 23|  4| 27| 32| 19| 36| 31|
-----------------------------
| 41| 26| 37|  3| 29| 42| 17|
-----------------------------
|  6| 12| 18| 24| 15|  5| 11|
-----------------------------
| 20| 43|  8| 14|  9| 47| 44|
-----------------------------
| 10| 16| 22| 45| 46| 13|  7|
-----------------------------

| n = 7 | k = 1 | coverage = 48, 97.95918367346938%
 Time 16.89
 Name 0_7x7_minizincinput_orderindomain_mediancomplete


-----------------------------
|  2| 25| 30|  1| 34| 33| 38|
-----------------------------
| 28| 39| 21| 35| 40| 48|  0|
-----------------------------
| 23|  4| 27| 32| 19| 36| 31|
-----------------------------
| 41| 26| 37|  3| 29| 42| 17|
-----------------------------
|  6| 12| 18| 24| 15|  5| 11|
-----------------------------
| 20| 43|  8| 14|  9| 47| 44|
-----------------------------
| 10| 16| 22| 45| 46| 13|  7|
-----------------------------

| n = 7 | k = 1 | coverage = 48, 97.95918367346938%
 Time 16.12
 Name 0_7x7_minizincinput_orderindomain_middlecomplete


-----------------------------
|  2| 25| 30|  1| 34| 33| 38|
-----------------------------
| 28| 39| 21| 35| 40| 48|  0|
-----------------------------
| 23|  4| 27| 32| 19| 36| 31|
-----------------------------
| 41| 26| 37|  3| 29| 42| 17|
-----------------------------
|  6| 12| 18| 24| 15|  5| 11|
-----------------------------
| 20| 43|  8| 14|  9| 47| 44|
-----------------------------
| 10| 16| 22| 45| 46| 13|  7|
-----------------------------

| n = 7 | k = 1 | coverage = 48, 97.95918367346938%
 Time 16.32
 Name 0_7x7_minizincimpactindomain_mediancomplete


-----------------------------
|  2| 25| 30|  1| 34| 33| 38|
-----------------------------
| 28| 39| 21| 35| 40| 48|  0|
-----------------------------
| 23|  4| 27| 32| 19| 36| 31|
-----------------------------
| 41| 26| 37|  3| 29| 42| 17|
-----------------------------
|  6| 12| 18| 24| 15|  5| 11|
-----------------------------
| 20| 43|  8| 14|  9| 47| 44|
-----------------------------
| 10| 16| 22| 45| 46| 13|  7|
-----------------------------

| n = 7 | k = 1 | coverage = 48, 97.95918367346938%
 Time 17.1
 Name 0_7x7_minizincimpactindomain_middlecomplete


-----------------------------
|  2| 25| 30|  1| 34| 33| 38|
-----------------------------
| 28| 39| 21| 35| 40| 48|  0|
-----------------------------
| 23|  4| 27| 32| 19| 36| 31|
-----------------------------
| 41| 26| 37|  3| 29| 42| 17|
-----------------------------
|  6| 12| 18| 24| 15|  5| 11|
-----------------------------
| 20| 43|  8| 14|  9| 47| 44|
-----------------------------
| 10| 16| 22| 45| 46| 13|  7|
-----------------------------

| n = 7 | k = 1 | coverage = 48, 97.95918367346938%
 Time 17.18
 Name 0_7x7_minizincsmallestindomain_mediancomplete


-----------------------------
|  2| 25| 30|  1| 34| 33| 38|
-----------------------------
| 28| 39| 21| 35| 40| 48|  0|
-----------------------------
| 23|  4| 27| 32| 19| 36| 31|
-----------------------------
| 41| 26| 37|  3| 29| 42| 17|
-----------------------------
|  6| 12| 18| 24| 15|  5| 11|
-----------------------------
| 20| 43|  8| 14|  9| 47| 44|
-----------------------------
| 10| 16| 22| 45| 46| 13|  7|
-----------------------------

| n = 7 | k = 1 | coverage = 48, 97.95918367346938%
 Time 16.19
 Name 0_7x7_minizincsmallestindomain_middlecomplete

