
-----------------------------------------------------------------
|  0|154|160|  0|  4| 77|164|122|168| 86| 36|213| 67| 61|231|  0|
-----------------------------------------------------------------
|158|108|  2| 79|162|124|  6| 88|209| 71|170| 84| 38|215| 65|  0|
-----------------------------------------------------------------
|152| 81|156|113|  8|  0| 75|166|120| 34|211| 69| 63| 82| 59|229|
-----------------------------------------------------------------
|106|111|110| 83|126|115| 90|116| 73|207|125|172| 57| 40|217| 80|
-----------------------------------------------------------------
|  0|150|128| 10|112| 85| 16|117| 32|118| 20|205|127|174|227|181|
-----------------------------------------------------------------
|130|104|109|  0| 14| 92|114|  0| 18|123| 30| 55| 42|183| 78|219|
-----------------------------------------------------------------
|148| 97| 12|  9|107| 21| 87| 13|119| 22|203|129|176|221|179|225|
-----------------------------------------------------------------
|102|132|101| 23| 94| 11|  0| 24|201| 15|121| 28| 53| 44|185| 76|
-----------------------------------------------------------------
| 99|146| 95| 98|  7|105| 19| 89|  0| 26| 51|178|131|189|223|177|
-----------------------------------------------------------------
|134|100| 25|103| 93| 96| 45|199| 17|  0|  0|191| 46|175| 74|187|
-----------------------------------------------------------------
|220| 29|144|  1|  0|  5| 91|  0|  0| 49|180|  0| 72|133| 48|137|
-----------------------------------------------------------------
|142|136|218| 27|210| 43|197| 47| 66| 60|193|184|  0|139|173|  0|
-----------------------------------------------------------------
|216|222| 31|138|  3|  0|208| 58|195|182| 64| 70|200| 50|135|141|
-----------------------------------------------------------------
| 33|140|230|212|226|155| 41|159| 62| 68|  0| 52|186|192|198|171|
-----------------------------------------------------------------
|232|214|224| 37|  0|161|151|206| 56|165|147|202|196|169|143|190|
-----------------------------------------------------------------
|  0| 35|  0|228|153| 39|157|163|149|204| 54|167|145|188|194|  0|
-----------------------------------------------------------------

| n = 16 | k = 9 | coverage = 240, 93.75%
 Time 299.967
 Name 14_16x16_clingo

