
---------------------------------------------------------
| 99|112|126|129|134|133|130|137|138|141|142|121|146|145|
---------------------------------------------------------
|108|  1|101|114|128|127|136|115| 96|123|148|143|152|159|
---------------------------------------------------------
| 87| 97|110|124|131|132|135|125|139|140|119|144|147|  0|
---------------------------------------------------------
| 93|106| 89|103|116| 90|113| 98|117| 94| 84|150|157|154|
---------------------------------------------------------
|  0| 85| 95|104|122|100| 43| 92| 86| 44| 39|  1| 38|149|
---------------------------------------------------------
| 53| 91|  1| 27|105|118| 88|111| 41| 82| 40|151|156|155|
---------------------------------------------------------
| 83| 25| 51|120|102|  1|107| 45| 42| 37| 46| 36| 54| 32|
---------------------------------------------------------
|  4| 55| 29| 59| 49| 62| 33|  3|109| 58| 80| 30|153|158|
---------------------------------------------------------
| 23| 81|  6| 20| 31| 17| 47| 60| 35| 48| 11| 56| 34| 52|
---------------------------------------------------------
|  8|  2| 57| 19| 61| 22| 64| 15|  5| 78| 28| 50|160|  0|
---------------------------------------------------------
| 79| 21|  1| 68| 18| 65| 71|  0| 26| 13|  0|  9|  0|  0|
---------------------------------------------------------
|  0| 10| 16| 63| 73| 66| 24| 67| 76|  7|  1|  0|  0|  0|
---------------------------------------------------------
|  0| 77| 70|  0| 14| 69| 74|  0|  0|  0|  0|  0|  0|  0|
---------------------------------------------------------
|  0|  0| 12| 75| 72|  0|  0|  0|  0|  0|  0|  0|  0|  0|
---------------------------------------------------------

| n = 14 | k = 6 | coverage = 165, 84.18367346938776%
 Time 305.36
 Name 5_14x14_minizinc

