
---------------------------------
|  2| 32|  1| 37| 43| 44| 47| 40|
---------------------------------
| 33| 39| 48| 34| 52| 38| 56|  0|
---------------------------------
| 30|  4| 35| 41| 46| 45| 42| 49|
---------------------------------
| 25| 31| 28| 50| 36| 54| 24| 18|
---------------------------------
|  6| 13| 27|  1| 26| 20| 51|  0|
---------------------------------
| 29| 23|  1| 15|  1|  3| 16| 22|
---------------------------------
| 11|  8| 19|  1|  7| 12|  0| 53|
---------------------------------
| 21|  0|  9| 10| 17| 55|  5| 14|
---------------------------------

| n = 8 | k = 5 | coverage = 60, 93.75%
 Time 300.49
 Name 13_8x8_minizinc

