
---------------------------------------------------------
|106| 71| 42|179|169| 67|165| 43|114|  0|161| 52|118|  1|
---------------------------------------------------------
| 40|177|108| 69| 44|  1|112| 65|163| 50|116|  0|  1|  0|
---------------------------------------------------------
|  0|104| 73|171|110|167| 41| 48| 45| 63|150|159| 54|120|
---------------------------------------------------------
| 75| 38|175| 37|  1| 46| 64|174|148|121| 47|122|152|157|
---------------------------------------------------------
|102| 35| 34|180|173| 39| 14|119| 62|172| 61|155| 57| 56|
---------------------------------------------------------
| 36| 77|100|  1| 16| 66|176|146|123| 49|151| 58|124|154|
---------------------------------------------------------
| 33| 32| 81| 88|178| 12|117| 68|170| 60|126| 59|153| 55|
---------------------------------------------------------
| 79| 98| 84| 18| 99| 85|168| 10|144|125| 51|149|156|  0|
---------------------------------------------------------
| 30| 31| 90| 83| 86|  8|101|115| 70|128|  0|140| 53|  0|
---------------------------------------------------------
| 92| 17| 96| 82| 20| 97| 87|166|103|142|127|130|147|158|
---------------------------------------------------------
| 29| 28| 25| 19|  6| 80|113| 72| 89|164|138|160|129|  0|
---------------------------------------------------------
| 23| 94| 15| 26|111| 22| 95| 78|136|105|132|145|135|141|
---------------------------------------------------------
| 13| 27| 21|  1|  9|  4| 74|107|  5| 91|162|139|  1|131|
---------------------------------------------------------
|  0|  0| 11|  2| 24|109|  7| 93| 76|134|  3|133|143|137|
---------------------------------------------------------

| n = 14 | k = 7 | coverage = 186, 94.89795918367346%
 Time 300.001
 Name 4_14x14_clingo

