
---------------------------------------------------------
| 99|113|114|129|130|136|135|125|139|144|143|148|  1|100|
---------------------------------------------------------
|116|107| 97|115|133|127|128|134|145|123|  1|102| 92|150|
---------------------------------------------------------
|111|101|131|112|  1|132|138|137|142|141|146|149| 98| 88|
---------------------------------------------------------
|105|118|109| 95|117|126|108| 91|121|147|104| 90|152| 94|
---------------------------------------------------------
| 83| 77|103|124|110| 93|119|140|106|156|151| 96| 86|161|
---------------------------------------------------------
|120| 74| 85| 79| 69|162| 89|158|153| 82|157|154|  1|  0|
---------------------------------------------------------
| 75| 81|122| 76| 87| 33| 67| 80| 34| 29|  1| 84|159| 28|
---------------------------------------------------------
| 44| 39| 72| 71| 45| 78|160| 31| 21|155| 20| 30| 16| 11|
---------------------------------------------------------
| 70| 73| 42| 41| 35| 65| 23| 36| 27| 32|  3| 13| 26|  0|
---------------------------------------------------------
| 52| 46| 37| 47| 40| 43| 53| 19|  0| 22|  0| 18|  9| 14|
---------------------------------------------------------
| 58| 68| 54| 48| 63| 49| 38| 25| 55|  5| 15| 24|  0|  0|
---------------------------------------------------------
|  0| 50| 60|  0|  0|  2| 57| 51| 17|  0|  0|  7| 12|  0|
---------------------------------------------------------
| 66| 56|  0| 61| 62|  0|  0|  4|  0|  0|  0|  8|  0|  0|
---------------------------------------------------------
|  0|  0| 64|  0|  0| 59|  0|  1|  0|  6|  0|  0|  0| 10|
---------------------------------------------------------

| n = 14 | k = 6 | coverage = 167, 85.20408163265306%
 Time 306.84
 Name 10_14x14_minizinc

