
-------------------------------------------------
| 83| 78| 68| 82| 79|  0|107| 86| 92|118|128|  0|
-------------------------------------------------
| 66| 72| 81|  0| 73| 84| 90|120|105|  0| 94|116|
-------------------------------------------------
| 76| 85| 80| 70| 52| 77|  0|109| 88| 98|103|126|
-------------------------------------------------
|  0| 64| 74| 75| 93| 71|102| 48|122|111|114| 96|
-------------------------------------------------
| 87|  0| 91| 54|104| 50| 95| 69|100| 46|124|101|
-------------------------------------------------
| 62|  0| 58|  3| 65| 47|106|  4| 42| 99|113|112|
-------------------------------------------------
|  0| 89| 63| 49| 56|  5| 67| 97|108|  2| 44| 38|
-------------------------------------------------
| 53| 60|  1| 11| 45|  0| 18|  7|  6| 40|110|115|
-------------------------------------------------
| 39|  0| 51| 61| 20|  9|  0| 10| 28|117| 36|  0|
-------------------------------------------------
| 33| 55| 37| 43| 13| 12|  0| 16| 21|  8| 30|123|
-------------------------------------------------
|  0| 41| 31| 22| 59| 17| 27| 26|119|125| 23| 34|
-------------------------------------------------
|  0| 35| 57| 15| 29| 24| 14| 19| 25| 32|121|127|
-------------------------------------------------

| n = 12 | k = 10 | coverage = 137, 95.13888888888889%
 Time 300.002
 Name 11_12x12_clingo

