
-----------------------------------------
| 50| 59|  1| 67|  1|  1| 66| 72| 73| 76|
-----------------------------------------
| 83| 45| 52| 61| 68| 69| 75| 78| 64|  0|
-----------------------------------------
| 57| 48|  1| 47| 65|  1| 70| 71| 74| 23|
-----------------------------------------
| 43| 81| 63| 54|  1| 77| 24| 25| 80| 62|
-----------------------------------------
| 46| 55| 30| 79| 49| 20| 13| 60| 21|  0|
-----------------------------------------
| 32| 41| 44| 53| 56| 26| 27| 22| 11| 82|
-----------------------------------------
|  1|  1| 34| 28| 18| 51| 58| 15|  2| 19|
-----------------------------------------
| 36|  0| 39| 42|  8| 29| 16|  5| 84|  9|
-----------------------------------------
| 37|  1| 38|  1| 33| 12|  0|  4| 17|  3|
-----------------------------------------
|  0|  0| 35| 10| 40|  6| 31| 14|  7|  0|
-----------------------------------------

| n = 10 | k = 10 | coverage = 93, 93.0%
 Time 301.18
 Name 7_10x10_minizinc

