
-----------------------------------------------------------------
|  0| 58| 84| 62| 52|190|  0| 94| 48|163|228| 87|232|159| 32|  0|
-----------------------------------------------------------------
| 86| 64| 54|188| 82| 92| 50|192|226| 89| 46|161| 26| 85|234|157|
-----------------------------------------------------------------
| 56|186| 60| 90|196|  1|224| 91| 96|  0|165|230| 44| 30| 24| 34|
-----------------------------------------------------------------
| 66| 88|  2| 80|202| 93|194| 25|167| 21| 98| 28| 83|240|155|236|
-----------------------------------------------------------------
|184| 74|204|198|193| 27|  0|222|189|171| 81| 19|153| 42| 36| 22|
-----------------------------------------------------------------
|206| 68| 78|  4| 95|200|191|169| 23|100|151|173| 79| 20|238| 40|
-----------------------------------------------------------------
| 76|182| 72|195| 29|103|220|187|149|134| 77| 18| 17| 38|177|  0|
-----------------------------------------------------------------
| 70|208| 31|113|  6| 97|  1|101|  0|185|102|132|175|181| 15|  1|
-----------------------------------------------------------------
|180|111|137|210|197|218|105|147|136| 75| 16|183|104|130| 65|179|
-----------------------------------------------------------------
|135| 33|115|  8|107|212| 99|216| 14|145|231| 73| 67| 13|235|128|
-----------------------------------------------------------------
|117|178|109|139|164|199| 12|143|229|138| 49|106|233|126| 69| 63|
-----------------------------------------------------------------
| 35|133|119|152| 10|141|214|140| 47|205|227|120| 71| 61| 11|237|
-----------------------------------------------------------------
|  0|150|176|166|121|162|201|207|116| 51|  0|  1|108|223|124| 59|
-----------------------------------------------------------------
|131| 37|127|172|154|209|142|160|203| 45|118|225|122|  9|239|221|
-----------------------------------------------------------------
|148|174|168| 39|144|123|156| 43|213|114| 53|  3|217|110| 57|  7|
-----------------------------------------------------------------
|  0|129|146|125|170| 41|211|  0|158|  0|215|112| 55|  5|219|241|
-----------------------------------------------------------------

| n = 16 | k = 4 | coverage = 244, 95.3125%
 Time 300.001
 Name 18_16x16_clingo

