
-------------------------------------------------
| 91| 77| 87| 86|  1|110|  0|102| 23|114| 55| 98|
-------------------------------------------------
| 81| 84| 93|  7| 97| 88|106|112| 53|100|  1|116|
-------------------------------------------------
| 75| 89| 79| 85|108|  9| 99| 25|104| 21| 96| 57|
-------------------------------------------------
| 82| 83| 73| 95|  5| 27| 90| 11| 94| 51|118| 19|
-------------------------------------------------
|131|  1| 80| 22| 71|109|  1|101|  1| 17| 59|  0|
-------------------------------------------------
|  0| 20|113|  3| 29| 24| 54| 92| 13| 63| 49|120|
-------------------------------------------------
| 72|129| 31| 78|111| 69|107| 26|103| 45| 15| 61|
-------------------------------------------------
| 18|  1| 74|115| 33| 56| 30| 52| 65|  1|122| 47|
-------------------------------------------------
|127| 70| 16| 58| 76| 50| 67|105| 28|  1| 43| 38|
-------------------------------------------------
|  0| 64|125|  1|117| 35|  1| 32|  6| 40|130|124|
-------------------------------------------------
| 68| 14| 60|121| 48| 10|  4| 37| 44|126| 36| 41|
-------------------------------------------------
| 62|123| 66| 12|  2|119| 46|  8| 34| 39| 42|128|
-------------------------------------------------

| n = 12 | k = 10 | coverage = 140, 97.22222222222223%
 Time 300.001
 Name 15_12x12_clingo

