
-------------------------------------------------
|111| 28| 75|105|  1| 24|  6| 96|110| 92|102|  0|
-------------------------------------------------
| 77| 63|109| 26| 73|103|108| 22|104| 98|  1| 90|
-------------------------------------------------
| 30|113| 34|101|107|  4| 38|  8| 94|112|  1|100|
-------------------------------------------------
| 65| 79| 61|  2| 36| 71| 16|106| 20| 35| 88|114|
-------------------------------------------------
|115| 32|119| 69| 99| 40| 10| 33| 14|  1|  1|  1|
-------------------------------------------------
| 81| 67| 56| 59|121| 70| 97| 18| 37| 23|116| 86|
-------------------------------------------------
| 54|117|  1|  5| 58| 57| 42| 12| 31| 76| 39| 21|
-------------------------------------------------
|  0| 83|  1|123| 68|  7| 72| 95| 25|118| 84| 78|
-------------------------------------------------
|131| 52|  3| 60| 55| 44|130| 29| 74| 80| 19| 41|
-------------------------------------------------
| 85| 62| 48| 66|125| 51|  9| 47| 93| 27|120| 82|
-------------------------------------------------
| 50|129| 87| 53| 46|128| 91| 13|  0|124| 43| 17|
-------------------------------------------------
|  0|  1| 64|127| 89| 11| 49|126| 45| 15|  0|122|
-------------------------------------------------

| n = 12 | k = 9 | coverage = 139, 96.52777777777777%
 Time 300.001
 Name 5_12x12_clingo

