
-----------------------------------------------------------------
| 26| 49| 43| 65| 75|  0| 71|144| 79| 85|227|129|183| 89|223|  1|
-----------------------------------------------------------------
| 45| 63| 24|  1|148| 67| 77| 83|125|231|185| 87|225|131|177|  0|
-----------------------------------------------------------------
| 51| 28| 47| 41| 22| 73|146| 69|142| 81|127|229|135|181| 91|221|
-----------------------------------------------------------------
|  0| 39| 61|150|  1|  1| 20|158|116|123|140|187|112|175|133|179|
-----------------------------------------------------------------
| 59| 53| 30| 37|  1|  0|186| 33| 18|160|114|173|138|137|219| 93|
-----------------------------------------------------------------
| 72|  1| 57|163|152| 35|156|118|184| 31|121|139|189|110|136|230|
-----------------------------------------------------------------
| 55|  5| 70| 32|159|165|182|188|162| 16|171| 29|134|217| 95|108|
-----------------------------------------------------------------
|  0| 74|161|178|  0|154|124|167|120|119|141| 14| 97|191|228|215|
-----------------------------------------------------------------
|  3| 68|  7|157| 34|180|190|164|126|169| 99|132| 27|201|106|193|
-----------------------------------------------------------------
|  9|  1| 76| 66|176|155|149|122|117|143|128|199| 12|195|213|226|
-----------------------------------------------------------------
| 78| 44| 11| 36|151|105|166|192|147|101|206|  1|130| 25|203|104|
-----------------------------------------------------------------
|  0|  0| 64| 46| 13|174|153|103|196|115|145|  0|197| 10|224|211|
-----------------------------------------------------------------
| 42| 80| 38|172|107|168|194|113| 19|204|198|208| 23|209|102|205|
-----------------------------------------------------------------
| 52| 58| 84| 62| 48| 15|109|202| 92|210| 21|  1|  8| 98|216|222|
-----------------------------------------------------------------
| 82| 40| 50| 56|170| 88|  0| 17|111|200| 94|  4|214|220|207|100|
-----------------------------------------------------------------
|  0| 54| 60| 86|  0|  0|  0| 90|  0|  2|212|  0| 96|  6|  1|218|
-----------------------------------------------------------------

| n = 16 | k = 10 | coverage = 240, 93.75%
 Time 300.001
 Name 13_16x16_clingo

