
-------------------------------------------------
| 77| 78| 73| 38| 37| 34| 33| 42| 29| 30| 25| 26|
-------------------------------------------------
| 50| 45|  1|  0| 71| 40| 39| 32| 23| 24| 19|  0|
-------------------------------------------------
| 76| 75| 48| 43| 36| 35| 44| 31| 17| 27| 28|  0|
-------------------------------------------------
| 47| 52| 74| 69| 46| 41| 18| 13| 22| 21| 14|  0|
-------------------------------------------------
| 57|  1| 61| 54|  9| 67|  0| 58| 16| 15|  1|  0|
-------------------------------------------------
|  2| 49| 55| 72| 63| 56| 11| 20|  1| 12|  0|  0|
-------------------------------------------------
| 53| 59|  4|  3|  0|  7| 65| 10| 60|  0|  0|  0|
-------------------------------------------------
|  0|  0| 51|  1| 70|  8| 62|  0|  0|  0|  0|  0|
-------------------------------------------------
|  0|  0|  0|  6|  5|  0|  1|  0|  0|  0|  0|  0|
-------------------------------------------------
|  0|  0|  0|  0|  0| 68|  0| 64|  0|  0|  0|  0|
-------------------------------------------------
|  0|  0|  0|  0|  0|  0|  0|  0|  0|  0|  0|  0|
-------------------------------------------------
|  0|  0|  0|  0|  0|  0| 66|  0|  0|  0|  0|  1|
-------------------------------------------------

| n = 12 | k = 7 | coverage = 84, 58.333333333333336%
 Time 302.72
 Name 19_12x12_minizinc

