
-------------------------------------------------
|  1| 75| 84| 94| 93|  1| 97| 98|101|102|105|106|
-------------------------------------------------
| 83| 88|  1| 77| 82| 96| 91| 76|111|108|119|  0|
-------------------------------------------------
| 73| 39| 81| 86| 92| 95| 80| 99|100|103|104|107|
-------------------------------------------------
| 38| 85| 90| 41| 79| 89| 74|113| 78|109|110|117|
-------------------------------------------------
| 37| 71| 40| 87| 44|  1| 45| 50| 49|115| 25|  0|
-------------------------------------------------
| 30| 36| 35| 57| 43| 52| 46| 72| 27|  1| 15|112|
-------------------------------------------------
| 69| 22| 32| 42| 33| 55| 29| 47| 48| 51|  1| 23|
-------------------------------------------------
| 34| 28| 59| 20|  1| 16| 54| 53| 70| 17|114| 13|
-------------------------------------------------
| 61| 67| 24| 58| 12| 31|  0| 66|  9|118| 21|  0|
-------------------------------------------------
| 26|  8|  2| 65| 18| 56| 14|  0| 19| 68| 11|116|
-------------------------------------------------
|  4| 63| 60| 10|  1|  1| 64|  7|  0|  0|120|  3|
-------------------------------------------------
|  0|  0|  6|  0| 62|  0|  0|  0|  0|  5|  0|  0|
-------------------------------------------------

| n = 12 | k = 9 | coverage = 128, 88.88888888888889%
 Time 302.7
 Name 6_12x12_minizinc

