
-----------------------------------------
| 50|  1| 58| 57| 67| 68| 71| 72| 63| 76|
-----------------------------------------
| 60| 55| 52| 66| 56| 59| 65| 78| 73| 91|
-----------------------------------------
| 42| 48| 62| 45| 39| 69| 70| 61| 74| 80|
-----------------------------------------
| 53|  2| 44| 54| 64| 43|  1|  3| 89| 75|
-----------------------------------------
| 46| 40| 27| 41| 47| 37| 26| 21| 82|  5|
-----------------------------------------
| 29| 51|  4| 34| 25|  1| 84| 87| 77| 19|
-----------------------------------------
|  6| 32| 38| 49| 35| 28| 23| 24|  7|  1|
-----------------------------------------
|  1| 31| 12| 30| 36| 86| 85| 11| 17| 79|
-----------------------------------------
| 14|  8|  1| 33| 18| 13| 90| 81| 22|  9|
-----------------------------------------
|  0|  0| 16| 10| 88| 83| 20| 15| 92|  0|
-----------------------------------------

| n = 10 | k = 6 | coverage = 97, 97.0%
 Time 301.27
 Name 8_10x10_minizinc

