
---------------------------------
| 33|  1|  1| 39| 38| 44|  1| 48|
---------------------------------
| 51| 41| 35| 29| 32| 50|  3| 42|
---------------------------------
|  0| 31|  2| 36| 37| 40| 46| 52|
---------------------------------
| 43| 49|  1| 30| 27| 34| 16|  5|
---------------------------------
| 17| 28| 45|  4|  1|  1|  1| 12|
---------------------------------
| 47|  0| 15| 25|  8| 14|  7| 18|
---------------------------------
| 26| 19|  6| 11| 22| 23| 10|  1|
---------------------------------
|  1| 13| 24| 21|  1|  9| 20|  0|
---------------------------------

| n = 8 | k = 10 | coverage = 61, 95.3125%
 Time 300.48
 Name 16_8x8_minizinc

