
-----------------------------------------
| 50| 57| 66| 65| 70| 69| 62| 73| 74|  1|
-----------------------------------------
| 53| 63| 52| 59| 64|  1| 72|  1| 60| 75|
-----------------------------------------
|  1| 48| 55| 68| 67| 56| 71| 77|  3| 76|
-----------------------------------------
| 45| 51| 61| 54| 41| 79| 80| 58|  1| 87|
-----------------------------------------
| 46| 37| 43| 49| 42|  1| 38|  1| 78|  5|
-----------------------------------------
| 33| 47| 44| 39| 81| 82| 20|  1| 85| 34|
-----------------------------------------
| 15| 25| 35| 84| 11| 40| 83| 36|  7|  0|
-----------------------------------------
|  4| 31| 13| 23| 12| 18|  9| 22| 32| 26|
-----------------------------------------
| 27| 17|  2|  8| 86| 21| 14| 28|  0|  1|
-----------------------------------------
|  0|  6| 29| 19| 16| 10| 88|  1| 24| 30|
-----------------------------------------

| n = 10 | k = 10 | coverage = 97, 97.0%
 Time 301.18
 Name 13_10x10_minizinc

