
---------------------------------
| 32| 38| 39| 45|  3| 42| 48| 49|
---------------------------------
|  1| 43| 34| 40| 37| 47|  5| 44|
---------------------------------
| 36| 30| 35| 41| 31| 46| 51| 50|
---------------------------------
| 26|  1|  1| 27| 53| 52|  2|  7|
---------------------------------
|  0| 25| 28| 33| 20| 29|  1| 54|
---------------------------------
| 21| 24| 17| 55| 14|  8|  9|  4|
---------------------------------
| 15|  1| 23| 22| 11| 18| 56| 10|
---------------------------------
|  1| 19| 13| 16|  0| 12|  6|  1|
---------------------------------

| n = 8 | k = 7 | coverage = 62, 96.875%
 Time 300.49
 Name 10_8x8_minizinc

