
---------------------------------------------------------
|178| 68|110| 72|174|164|106| 76| 59|160| 63| 77|  1|  0|
---------------------------------------------------------
|112|126|176|170|108| 74| 57|162|156| 78|  1| 83| 69| 79|
---------------------------------------------------------
| 66|180| 70|120|  1|172|166|104| 55| 61|158| 65| 75| 85|
---------------------------------------------------------
|128|114|124| 62|168|118|157|154| 49| 14| 80| 71| 81| 67|
---------------------------------------------------------
| 34| 64|130|116|122| 60|102| 53|159|152| 47| 16| 87| 73|
---------------------------------------------------------
|132|  0| 32| 58|100|155|101|150| 12| 51|161| 82|  1| 18|
---------------------------------------------------------
|  0| 36|134| 96| 90|148| 10|  0|103| 45|  1| 89| 39|  0|
---------------------------------------------------------
| 40| 94| 56| 30|153| 98| 88| 99|  8|163| 84| 43| 20| 91|
---------------------------------------------------------
| 54|136| 38| 92|146| 28|  6|105| 86| 97|  3| 37|135| 41|
---------------------------------------------------------
|  0| 42|140|151|  4| 23|144| 26|  5|143|165| 22| 93| 35|
---------------------------------------------------------
|138| 52|115| 13|142|149|107| 25|179| 24| 95|133|167|137|
---------------------------------------------------------
|117| 15| 44| 50| 21|  2|177|  7|145| 27|141|171| 33|131|
---------------------------------------------------------
| 46|113| 19|121| 11|109|147|125|175|181| 31|129|139|169|
---------------------------------------------------------
| 17|119| 48|111|  0|123|  9|  1| 29|127|173|  0|  0|  0|
---------------------------------------------------------

| n = 14 | k = 6 | coverage = 186, 94.89795918367346%
 Time 300.0
 Name 10_14x14_clingo

