
---------------------------------
|  1| 35| 38| 43| 42| 47| 46| 28|
---------------------------------
| 31| 41|  0| 37| 48| 30|  7| 49|
---------------------------------
|  1| 36| 33| 40| 45| 44| 26|  3|
---------------------------------
|  0| 29| 39| 50| 32|  5|  1|  9|
---------------------------------
| 14|  8| 34| 27|  1| 11|  1| 24|
---------------------------------
|  4| 25| 12| 13| 20|  1| 19|  0|
---------------------------------
| 10| 16|  6| 23|  1| 15| 22|  0|
---------------------------------
|  0|  2|  0| 18|  1| 21|  0| 17|
---------------------------------

| n = 8 | k = 8 | coverage = 57, 89.0625%
 Time 300.48
 Name 3_8x8_minizinc

