
-----------------------------------------
| 50| 88| 54| 53| 63|  1| 66| 60| 67| 45|
-----------------------------------------
|  1| 55| 48| 86| 68| 58| 65| 43| 29| 62|
-----------------------------------------
|  2| 52|  3| 56| 51| 61|  1| 64| 47| 69|
-----------------------------------------
| 36| 46| 57|  1| 84| 70| 49| 31| 41| 27|
-----------------------------------------
| 30|  4| 34|  5| 59| 37| 23| 72| 71|  0|
-----------------------------------------
| 44| 38| 28| 19|  9| 82| 33| 39| 25|  0|
-----------------------------------------
|  6| 32|  7| 40| 35| 21| 14| 73| 74|  1|
-----------------------------------------
|  0| 42| 17| 26|  1| 11| 80| 79| 20| 75|
-----------------------------------------
| 87|  8|  1| 13| 83| 12| 22| 16|  0| 76|
-----------------------------------------
|  0| 15| 85| 10| 24|  0| 81| 78| 77| 18|
-----------------------------------------

| n = 10 | k = 7 | coverage = 94, 94.0%
 Time 301.25
 Name 6_10x10_minizinc

