
---------------------------------
| 35| 36| 43|  1| 42| 48| 51|  1|
---------------------------------
|  5|  0| 37| 38| 41| 47| 44| 50|
---------------------------------
| 34| 33|  7| 45| 46| 40|  1| 49|
---------------------------------
|  1|  3|  1| 39| 16| 11| 52|  2|
---------------------------------
| 31| 32|  1|  9| 23|  4| 14|  8|
---------------------------------
|  1| 19| 25| 18| 13| 10|  1| 22|
---------------------------------
| 30| 29| 15| 21| 26| 20|  6| 12|
---------------------------------
| 17|  0| 28| 27|  1|  1| 24|  0|
---------------------------------

| n = 8 | k = 10 | coverage = 61, 95.3125%
 Time 300.48
 Name 19_8x8_minizinc

