
-------------------------------------------------
| 78| 79| 74| 75| 70| 83| 65| 71| 66| 87| 62|127|
-------------------------------------------------
|128| 86| 80| 81| 63| 73| 68| 85| 56| 69| 55| 89|
-------------------------------------------------
| 82| 76| 77| 72| 94|  1|  1| 67| 57| 64|125| 60|
-------------------------------------------------
| 88|126| 84| 41|  1| 61| 96| 54| 40| 58| 91| 53|
-------------------------------------------------
| 37| 43| 34| 92|  1|  1| 38| 59| 98| 51| 42|123|
-------------------------------------------------
|124| 90| 39| 45| 36|  1| 28| 49| 52| 93| 24|  2|
-------------------------------------------------
|  0| 35|101| 32| 29| 47| 50|100| 26|  3|121| 44|
-------------------------------------------------
|103|122| 31| 21| 99| 30| 27| 14| 95| 46|  4| 22|
-------------------------------------------------
| 33|  1|105|108| 25|  1| 97| 48|102|119|  5|  1|
-------------------------------------------------
|120|114| 23|109| 19|106| 12| 13| 16|  9| 20|  6|
-------------------------------------------------
|  0|107|110|116|113| 15|  0|104|117|  8|  0|  7|
-------------------------------------------------
|112|118|111| 17|  0|  0|115| 10| 11| 18|  0|  0|
-------------------------------------------------

| n = 12 | k = 9 | coverage = 136, 94.44444444444444%
 Time 861.84
 Name 8_12x12_minizinc

