
-------------------------------------------------
| 73| 83| 82|  3| 94| 95|  1|100|101|104|109|108|
-------------------------------------------------
| 80|  5| 75| 85| 84| 98| 99| 93|107|110|  0|  0|
-------------------------------------------------
| 77| 71| 81| 96| 97| 92| 38|103|102|  1|106|  1|
-------------------------------------------------
|  7| 78|  1| 41| 87| 86| 35| 90| 91|105| 31| 26|
-------------------------------------------------
| 69| 79| 46| 76| 37| 36| 89| 40| 33| 28|  1| 23|
-------------------------------------------------
| 48|  9| 39| 49| 43| 42| 88| 34| 20| 25| 24| 29|
-------------------------------------------------
| 53| 67| 50| 44| 74| 47| 17| 12| 30| 16| 21|  0|
-------------------------------------------------
| 11|  2| 51| 45| 15| 10| 32| 18| 19| 22| 27| 62|
-------------------------------------------------
| 65| 55| 13| 52|  6| 72|  1| 56| 14| 60|  0|  0|
-------------------------------------------------
|  0|  0|  4| 61|  0| 54|  8|  0| 68|  0| 64|  0|
-------------------------------------------------
|  0| 63| 57|  0|  0|  0| 70|  0| 58|  0|  0|  0|
-------------------------------------------------
|  0|  0|  0|  0| 59|  0|  0|  0|  0| 66|  0|  0|
-------------------------------------------------

| n = 12 | k = 6 | coverage = 115, 79.86111111111111%
 Time 302.76
 Name 17_12x12_minizinc

