
-----------------------------------------------------------------
|188|203|224|210|225|207|228|211|  1|171|232|  0|  1|155|236|  0|
-----------------------------------------------------------------
|222|208|186|205|226|212|223|217|230|213|151| 48|234|129|  0|125|
-----------------------------------------------------------------
|201|190|220|227|189|134|209|231|173|219|169|131|153|123|157|238|
-----------------------------------------------------------------
|218|184|206|136|214|229|187|221|215|233| 46|149| 50|133|127|121|
-----------------------------------------------------------------
|192|199|216|202|132|191|176|175| 44|147|137|167|237|159| 52|  3|
-----------------------------------------------------------------
|182|204|138|196|178|200| 42|185| 34|172|235|145|135|  5|119|161|
-----------------------------------------------------------------
|197|194|180|  0|193|130|  0|174|177|139| 32|170|165|143|  9| 54|
-----------------------------------------------------------------
|118|140|195|148|198| 40|179| 28|183| 36|107|141|  7| 93|163|117|
-----------------------------------------------------------------
|152|146|120|142|128| 26|  0| 38| 96| 30|168| 91|109|103| 56| 11|
-----------------------------------------------------------------
|  2|116|150| 24|122|  0| 98|181|  0| 17|  0|105| 95| 13|115|  0|
-----------------------------------------------------------------
|  0|154|144|126|100| 22| 25| 94| 29|166| 69| 15| 89|111|101| 58|
-----------------------------------------------------------------
|114|  4| 43|  1|158|124| 59| 20| 23| 92| 19| 88| 71| 97| 70|113|
-----------------------------------------------------------------
|  0| 47|156| 55| 41|102|160| 27|164| 31| 73| 67| 68| 87| 60| 99|
-----------------------------------------------------------------
|  6|112| 10| 45|  1| 57| 35| 61| 18| 21| 90| 80| 86| 81| 66| 72|
-----------------------------------------------------------------
| 49|  0|108| 39| 53| 14|104|162| 33| 82| 65| 75| 76| 62| 85| 79|
-----------------------------------------------------------------
|110|  8| 51| 12|106| 37|  1| 16| 63|  0| 78| 84| 83| 77| 74| 64|
-----------------------------------------------------------------

| n = 16 | k = 5 | coverage = 242, 94.53125%
 Time 299.967
 Name 19_16x16_clingo

