
-----------------------------------------------------------------
|  1|197| 78|201| 62| 84|  1|233|  1| 56|166|  1|115| 48|162|  0|
-----------------------------------------------------------------
|  0|203|193| 82| 76|231| 60| 86|168|159|117| 54|164|158|113| 46|
-----------------------------------------------------------------
|195| 80|199| 64|191|176|  1|157| 58|185|167|153|163| 44| 50|160|
-----------------------------------------------------------------
|205| 66| 93|174|229| 74|189|170| 88|155|161|119| 52|147|156|111|
-----------------------------------------------------------------
| 91|  0|207| 72|178|172| 90|125|187|169|183|165|151|109| 42|145|
-----------------------------------------------------------------
| 68| 95| 89|227| 92| 99|180| 26| 32|127|121|171|181| 38|149|154|
-----------------------------------------------------------------
| 23|209| 70| 97| 87| 24| 30|101|123|173| 34|177|107| 69|143| 40|
-----------------------------------------------------------------
|  0|  1| 21| 22|225| 94| 85|182| 28|103|129| 71| 36|179|152| 67|
-----------------------------------------------------------------
|  0| 25|211|  0| 83| 20|223|  9|  2| 73|175|105|150| 49|134|141|
-----------------------------------------------------------------
|  0| 19| 81|219| 96|  7|  1| 18|184|131|  1|135|136|139| 65| 51|
-----------------------------------------------------------------
| 27|213| 15|104| 79|221| 11|  5| 75|  4|186|148| 63| 53| 47|132|
-----------------------------------------------------------------
| 17|  1|217| 98| 13|114| 77|194| 16|  3|133|138|137|130| 61|  0|
-----------------------------------------------------------------
|215| 29|106|212|102|192| 14|116|234|188|  6|204|146| 45| 55|  0|
-----------------------------------------------------------------
|224|218|100| 31|112|210|232|190|196|206|200|122|140| 59|128|  0|
-----------------------------------------------------------------
|  0|108|222|228|214| 12| 35|208|118|  8| 39|144|202|124| 43| 57|
-----------------------------------------------------------------
|220|226|216|110| 33|230|  1| 10| 37|198|120|  0| 41|142|  0|126|
-----------------------------------------------------------------

| n = 16 | k = 10 | coverage = 243, 94.921875%
 Time 299.996
 Name 9_16x16_clingo

