
---------------------------------
| 32| 38| 39| 45| 44| 49| 35| 29|
---------------------------------
|  1| 43| 34| 40| 37| 31| 46| 51|
---------------------------------
| 36| 30|  1| 41| 47| 42| 27| 33|
---------------------------------
| 26| 52| 22| 19| 25| 48| 53|  8|
---------------------------------
| 20| 17| 28| 50|  4| 10| 23|  9|
---------------------------------
| 58| 24| 54| 16| 21|  7|  6| 55|
---------------------------------
|  1| 18| 15|  2| 12| 57| 11|  5|
---------------------------------
|  0| 56| 14|  1| 13|  3|  1|  0|
---------------------------------

| n = 8 | k = 5 | coverage = 62, 96.875%
 Time 300.49
 Name 5_8x8_minizinc

