
---------------------------------------------------------
| 98|112|113|128|129|135|134|139|138|123|142|143|146|147|
---------------------------------------------------------
|111|118|100|114|132|126|131|125| 99|141|148|149| 95|153|
---------------------------------------------------------
|110| 96|130|115|133|127|137|136|121|140| 97|144|145| 48|
---------------------------------------------------------
|120|109|116|102|124| 53|119|101| 47|150| 43| 46|151| 93|
---------------------------------------------------------
| 94|108|122| 55|117|104| 49| 40| 41| 44| 54| 35| 50|  0|
---------------------------------------------------------
| 32| 57|107|106| 51| 38|103| 58|152| 45| 39| 29| 91| 33|
---------------------------------------------------------
| 61| 92| 34| 28|105| 64| 22| 23| 42| 56|  2| 52| 37| 15|
---------------------------------------------------------
| 71| 30| 59| 70| 36| 26| 60|154| 20| 21| 27| 17| 31| 89|
---------------------------------------------------------
| 90| 63| 73| 67| 62|  1| 66| 24| 25| 12| 18|  4| 13|  8|
---------------------------------------------------------
|  0| 69| 72| 78| 68| 77|  0| 14|  7|  0| 19| 10| 87|  0|
---------------------------------------------------------
|  1| 88| 65| 75| 74|  1|  5|  0|  0| 16|  0| 11|  6|  0|
---------------------------------------------------------
|  1|  0| 76|  0| 80|  0| 79|  0|  0|  9|  1| 85|  0|  0|
---------------------------------------------------------
|  0|  0| 86|  0|  0|  3| 82|  0|  0| 83|  0|  0|  0|  0|
---------------------------------------------------------
|  0|  0|  0|  0| 84|  0|  0| 81|  0|  0|  0|  0|  0|  0|
---------------------------------------------------------

| n = 14 | k = 5 | coverage = 158, 80.61224489795919%
 Time 330.94
 Name 6_14x14_minizinc

