
---------------------------------
| 33| 39|  2| 36| 45| 44|  1| 48|
---------------------------------
| 32| 49| 35| 41|  4| 50| 24| 42|
---------------------------------
| 37| 31| 34| 47| 38| 43| 46| 52|
---------------------------------
| 51| 30| 27|  6| 55| 26| 40| 22|
---------------------------------
| 29| 23| 53| 28| 18| 12| 54|  0|
---------------------------------
| 11| 17|  8| 25|  1|  5| 20| 14|
---------------------------------
| 21|  0| 13|  7| 10| 16|  1| 56|
---------------------------------
| 15|  9| 19|  1|  3|  0|  0|  1|
---------------------------------

| n = 8 | k = 5 | coverage = 60, 93.75%
 Time 300.5
 Name 12_8x8_minizinc

