
-------------------------------------------------
| 73| 83| 84| 94| 97| 98|  1|102|101|106|  1|107|
-------------------------------------------------
| 86| 89| 75| 81| 82| 92| 99|108|  1|105| 74| 68|
-------------------------------------------------
| 85| 71| 88| 95| 96| 79|100|103|104| 70|109|127|
-------------------------------------------------
| 91| 57| 87| 77| 90| 80| 62| 56|110| 76| 66| 72|
-------------------------------------------------
| 69| 63| 93| 59|  1| 58|112| 78| 64|111|125|  0|
-------------------------------------------------
| 55| 33| 38| 65| 39| 32| 46| 60| 54| 28| 50|113|
-------------------------------------------------
|  0| 67| 61| 35| 36|114| 41| 30| 48| 23|  1|123|
-------------------------------------------------
| 47| 53| 31| 40| 43| 37| 34| 44| 26| 52|115| 21|
-------------------------------------------------
|  4|  1| 45| 51| 29| 42|116| 18| 25| 19|121|  3|
-------------------------------------------------
| 10| 49|  6|120| 14|124| 27| 24|  7|117| 11| 17|
-------------------------------------------------
|  0|  2| 12|  1|  0|118| 16|126| 20| 15|  5|119|
-------------------------------------------------
|  0|  8|  1|  0|122|128| 22|  0|  0|  9|  0| 13|
-------------------------------------------------

| n = 12 | k = 8 | coverage = 135, 93.75%
 Time 302.73
 Name 0_12x12_minizinc

