MiniZinc to FlatZinc converter, version 2.5.3, build 220798393
Copyright (C) 2014-2020 Monash University, NICTA, Data61
Parsing file(s) /mnt/HDD/elenzi/Dovier/AR-Knights_Tour/assets/logs/0_12x12_minizinc/knights_tour.mzn', '/mnt/HDD/elenzi/Dovier/AR-Knights_Tour/assets/logs/0_12x12_minizinc/database.dzn' ...
processing file '/mnt/HDD/elenzi/Dovier/MiniZincIDE-2.5.3-bundle-linux-x86_64/share/minizinc/std/stdlib.mzn'
processing file '/mnt/HDD/elenzi/Dovier/MiniZincIDE-2.5.3-bundle-linux-x86_64/share/minizinc/std/stdlib/stdlib_internal.mzn'
processing file '/mnt/HDD/elenzi/Dovier/MiniZincIDE-2.5.3-bundle-linux-x86_64/share/minizinc/std/stdlib/stdlib_random.mzn'
processing file '/mnt/HDD/elenzi/Dovier/MiniZincIDE-2.5.3-bundle-linux-x86_64/share/minizinc/std/stdlib/stdlib_enum.mzn'
processing file '/mnt/HDD/elenzi/Dovier/MiniZincIDE-2.5.3-bundle-linux-x86_64/share/minizinc/std/stdlib/stdlib_debug.mzn'
processing file '/mnt/HDD/elenzi/Dovier/MiniZincIDE-2.5.3-bundle-linux-x86_64/share/minizinc/std/stdlib/stdlib_reflect.mzn'
processing file '/mnt/HDD/elenzi/Dovier/MiniZincIDE-2.5.3-bundle-linux-x86_64/share/minizinc/std/stdlib/stdlib_string.mzn'
processing file '/mnt/HDD/elenzi/Dovier/MiniZincIDE-2.5.3-bundle-linux-x86_64/share/minizinc/std/stdlib/stdlib_coercion.mzn'
processing file '/mnt/HDD/elenzi/Dovier/MiniZincIDE-2.5.3-bundle-linux-x86_64/share/minizinc/std/stdlib/stdlib_sort.mzn'
processing file '/mnt/HDD/elenzi/Dovier/MiniZincIDE-2.5.3-bundle-linux-x86_64/share/minizinc/std/stdlib/stdlib_array.mzn'
processing file '/mnt/HDD/elenzi/Dovier/MiniZincIDE-2.5.3-bundle-linux-x86_64/share/minizinc/std/stdlib/stdlib_ite.mzn'
processing file '/mnt/HDD/elenzi/Dovier/MiniZincIDE-2.5.3-bundle-linux-x86_64/share/minizinc/std/stdlib/stdlib_set.mzn'
processing file '/mnt/HDD/elenzi/Dovier/MiniZincIDE-2.5.3-bundle-linux-x86_64/share/minizinc/std/stdlib/stdlib_logic.mzn'
processing file '/mnt/HDD/elenzi/Dovier/MiniZincIDE-2.5.3-bundle-linux-x86_64/share/minizinc/std/stdlib/stdlib_math.mzn'
processing file '/mnt/HDD/elenzi/Dovier/MiniZincIDE-2.5.3-bundle-linux-x86_64/share/minizinc/std/stdlib/stdlib_compare.mzn'
processing file '/mnt/HDD/elenzi/Dovier/MiniZincIDE-2.5.3-bundle-linux-x86_64/share/minizinc/std/stdlib/stdlib_opt.mzn'
processing file '/mnt/HDD/elenzi/Dovier/MiniZincIDE-2.5.3-bundle-linux-x86_64/share/minizinc/std/stdlib/stdlib_ann.mzn'
processing file '/mnt/HDD/elenzi/Dovier/MiniZincIDE-2.5.3-bundle-linux-x86_64/share/minizinc/std/stdlib/stdlib_language.mzn'
processing file '/mnt/HDD/elenzi/Dovier/MiniZincIDE-2.5.3-bundle-linux-x86_64/share/minizinc/std/flatzinc_builtins.mzn'
processing file '/mnt/HDD/elenzi/Dovier/MiniZincIDE-2.5.3-bundle-linux-x86_64/share/minizinc/std/solver_redefinitions.mzn'
processing file '/mnt/HDD/elenzi/Dovier/MiniZincIDE-2.5.3-bundle-linux-x86_64/share/minizinc/std/fzn_if_then_else_partiality.mzn'
processing file '/mnt/HDD/elenzi/Dovier/MiniZincIDE-2.5.3-bundle-linux-x86_64/share/minizinc/std/fzn_if_then_else_var_set.mzn'
processing file '/mnt/HDD/elenzi/Dovier/MiniZincIDE-2.5.3-bundle-linux-x86_64/share/minizinc/std/fzn_if_then_else_set.mzn'
processing file '/mnt/HDD/elenzi/Dovier/MiniZincIDE-2.5.3-bundle-linux-x86_64/share/minizinc/std/fzn_if_then_else_var_opt_float.mzn'
processing file '/mnt/HDD/elenzi/Dovier/MiniZincIDE-2.5.3-bundle-linux-x86_64/share/minizinc/std/fzn_if_then_else_var_float.mzn'
processing file '/mnt/HDD/elenzi/Dovier/MiniZincIDE-2.5.3-bundle-linux-x86_64/share/minizinc/std/fzn_if_then_else_opt_float.mzn'
processing file '/mnt/HDD/elenzi/Dovier/MiniZincIDE-2.5.3-bundle-linux-x86_64/share/minizinc/std/fzn_if_then_else_float.mzn'
processing file '/mnt/HDD/elenzi/Dovier/MiniZincIDE-2.5.3-bundle-linux-x86_64/share/minizinc/std/fzn_if_then_else_var_opt_bool.mzn'
processing file '/mnt/HDD/elenzi/Dovier/MiniZincIDE-2.5.3-bundle-linux-x86_64/share/minizinc/std/fzn_if_then_else_var_bool.mzn'
processing file '/mnt/HDD/elenzi/Dovier/MiniZincIDE-2.5.3-bundle-linux-x86_64/share/minizinc/std/fzn_if_then_else_opt_bool.mzn'
processing file '/mnt/HDD/elenzi/Dovier/MiniZincIDE-2.5.3-bundle-linux-x86_64/share/minizinc/std/fzn_if_then_else_bool.mzn'
processing file '/mnt/HDD/elenzi/Dovier/MiniZincIDE-2.5.3-bundle-linux-x86_64/share/minizinc/std/fzn_if_then_else_var_opt_int.mzn'
processing file '/mnt/HDD/elenzi/Dovier/MiniZincIDE-2.5.3-bundle-linux-x86_64/share/minizinc/std/fzn_if_then_else_var_int.mzn'
processing file '/mnt/HDD/elenzi/Dovier/MiniZincIDE-2.5.3-bundle-linux-x86_64/share/minizinc/std/fzn_if_then_else_opt_int.mzn'
processing file '/mnt/HDD/elenzi/Dovier/MiniZincIDE-2.5.3-bundle-linux-x86_64/share/minizinc/std/fzn_if_then_else_int.mzn'
processing file '/mnt/HDD/elenzi/Dovier/MiniZincIDE-2.5.3-bundle-linux-x86_64/share/minizinc/std/count_fn.mzn'
processing file '/mnt/HDD/elenzi/Dovier/MiniZincIDE-2.5.3-bundle-linux-x86_64/share/minizinc/std/count.mzn'
processing file '/mnt/HDD/elenzi/Dovier/MiniZincIDE-2.5.3-bundle-linux-x86_64/share/minizinc/std/count_lt.mzn'
processing file '/mnt/HDD/elenzi/Dovier/MiniZincIDE-2.5.3-bundle-linux-x86_64/share/minizinc/std/fzn_count_lt_par_reif.mzn'
processing file '/mnt/HDD/elenzi/Dovier/MiniZincIDE-2.5.3-bundle-linux-x86_64/share/minizinc/std/fzn_count_lt_reif.mzn'
processing file '/mnt/HDD/elenzi/Dovier/MiniZincIDE-2.5.3-bundle-linux-x86_64/share/minizinc/std/fzn_count_lt_par.mzn'
processing file '/mnt/HDD/elenzi/Dovier/MiniZincIDE-2.5.3-bundle-linux-x86_64/share/minizinc/std/fzn_count_lt.mzn'
processing file '/mnt/HDD/elenzi/Dovier/MiniZincIDE-2.5.3-bundle-linux-x86_64/share/minizinc/std/count_gt.mzn'
processing file '/mnt/HDD/elenzi/Dovier/MiniZincIDE-2.5.3-bundle-linux-x86_64/share/minizinc/std/fzn_count_gt_reif.mzn'
processing file '/mnt/HDD/elenzi/Dovier/MiniZincIDE-2.5.3-bundle-linux-x86_64/share/minizinc/std/fzn_count_gt_par_reif.mzn'
processing file '/mnt/HDD/elenzi/Dovier/MiniZincIDE-2.5.3-bundle-linux-x86_64/share/minizinc/std/fzn_count_gt.mzn'
processing file '/mnt/HDD/elenzi/Dovier/MiniZincIDE-2.5.3-bundle-linux-x86_64/share/minizinc/std/fzn_count_gt_par.mzn'
processing file '/mnt/HDD/elenzi/Dovier/MiniZincIDE-2.5.3-bundle-linux-x86_64/share/minizinc/std/count_neq.mzn'
processing file '/mnt/HDD/elenzi/Dovier/MiniZincIDE-2.5.3-bundle-linux-x86_64/share/minizinc/std/fzn_count_neq_reif.mzn'
processing file '/mnt/HDD/elenzi/Dovier/MiniZincIDE-2.5.3-bundle-linux-x86_64/share/minizinc/std/fzn_count_neq_par_reif.mzn'
processing file '/mnt/HDD/elenzi/Dovier/MiniZincIDE-2.5.3-bundle-linux-x86_64/share/minizinc/std/fzn_count_neq.mzn'
processing file '/mnt/HDD/elenzi/Dovier/MiniZincIDE-2.5.3-bundle-linux-x86_64/share/minizinc/std/fzn_count_neq_par.mzn'
processing file '/mnt/HDD/elenzi/Dovier/MiniZincIDE-2.5.3-bundle-linux-x86_64/share/minizinc/std/count_leq.mzn'
processing file '/mnt/HDD/elenzi/Dovier/MiniZincIDE-2.5.3-bundle-linux-x86_64/share/minizinc/std/fzn_count_leq_reif.mzn'
processing file '/mnt/HDD/elenzi/Dovier/MiniZincIDE-2.5.3-bundle-linux-x86_64/share/minizinc/std/fzn_count_leq_par_reif.mzn'
processing file '/mnt/HDD/elenzi/Dovier/MiniZincIDE-2.5.3-bundle-linux-x86_64/share/minizinc/std/fzn_count_leq.mzn'
processing file '/mnt/HDD/elenzi/Dovier/MiniZincIDE-2.5.3-bundle-linux-x86_64/share/minizinc/std/fzn_count_leq_par.mzn'
processing file '/mnt/HDD/elenzi/Dovier/MiniZincIDE-2.5.3-bundle-linux-x86_64/share/minizinc/std/count_geq.mzn'
processing file '/mnt/HDD/elenzi/Dovier/MiniZincIDE-2.5.3-bundle-linux-x86_64/share/minizinc/std/fzn_count_geq_reif.mzn'
processing file '/mnt/HDD/elenzi/Dovier/MiniZincIDE-2.5.3-bundle-linux-x86_64/share/minizinc/std/fzn_count_geq_par_reif.mzn'
processing file '/mnt/HDD/elenzi/Dovier/MiniZincIDE-2.5.3-bundle-linux-x86_64/share/minizinc/std/fzn_count_geq.mzn'
processing file '/mnt/HDD/elenzi/Dovier/MiniZincIDE-2.5.3-bundle-linux-x86_64/share/minizinc/std/fzn_count_geq_par.mzn'
processing file '/mnt/HDD/elenzi/Dovier/MiniZincIDE-2.5.3-bundle-linux-x86_64/share/minizinc/std/count_eq.mzn'
processing file '/mnt/HDD/elenzi/Dovier/MiniZincIDE-2.5.3-bundle-linux-x86_64/share/minizinc/std/fzn_count_eq_par_reif.mzn'
processing file '/mnt/HDD/elenzi/Dovier/MiniZincIDE-2.5.3-bundle-linux-x86_64/share/minizinc/gecode//fzn_count_eq_reif.mzn'
processing file '/mnt/HDD/elenzi/Dovier/MiniZincIDE-2.5.3-bundle-linux-x86_64/share/minizinc/std/fzn_count_eq_par.mzn'
processing file '/mnt/HDD/elenzi/Dovier/MiniZincIDE-2.5.3-bundle-linux-x86_64/share/minizinc/gecode//fzn_count_eq.mzn'
processing file '/mnt/HDD/elenzi/Dovier/MiniZincIDE-2.5.3-bundle-linux-x86_64/share/minizinc/gecode//redefinitions-2.5.2.mzn'
processing file '/mnt/HDD/elenzi/Dovier/MiniZincIDE-2.5.3-bundle-linux-x86_64/share/minizinc/std/redefinitions-2.3.3.mzn'
processing file '/mnt/HDD/elenzi/Dovier/MiniZincIDE-2.5.3-bundle-linux-x86_64/share/minizinc/std/redefinitions-2.2.1.mzn'
processing file '/mnt/HDD/elenzi/Dovier/MiniZincIDE-2.5.3-bundle-linux-x86_64/share/minizinc/std/redefinitions-2.1.1.mzn'
processing file '/mnt/HDD/elenzi/Dovier/MiniZincIDE-2.5.3-bundle-linux-x86_64/share/minizinc/std/redefinitions-2.1.mzn'
processing file '/mnt/HDD/elenzi/Dovier/MiniZincIDE-2.5.3-bundle-linux-x86_64/share/minizinc/gecode//redefinitions-2.0.2.mzn'
processing file '/mnt/HDD/elenzi/Dovier/MiniZincIDE-2.5.3-bundle-linux-x86_64/share/minizinc/gecode//redefinitions-2.0.mzn'
processing file '/mnt/HDD/elenzi/Dovier/MiniZincIDE-2.5.3-bundle-linux-x86_64/share/minizinc/gecode//redefinitions.mzn'
processing file '/mnt/HDD/elenzi/Dovier/AR-Knights_Tour/assets/logs/0_12x12_minizinc/knights_tour.mzn'
processing file '/mnt/HDD/elenzi/Dovier/MiniZincIDE-2.5.3-bundle-linux-x86_64/share/minizinc/std/globals.mzn'
processing file '/mnt/HDD/elenzi/Dovier/MiniZincIDE-2.5.3-bundle-linux-x86_64/share/minizinc/std/weighted_spanning_tree.mzn'
processing file '/mnt/HDD/elenzi/Dovier/MiniZincIDE-2.5.3-bundle-linux-x86_64/share/minizinc/std/fzn_dwst_reif.mzn'
processing file '/mnt/HDD/elenzi/Dovier/MiniZincIDE-2.5.3-bundle-linux-x86_64/share/minizinc/std/fzn_dwst.mzn'
processing file '/mnt/HDD/elenzi/Dovier/MiniZincIDE-2.5.3-bundle-linux-x86_64/share/minizinc/std/fzn_wst_reif.mzn'
processing file '/mnt/HDD/elenzi/Dovier/MiniZincIDE-2.5.3-bundle-linux-x86_64/share/minizinc/std/fzn_wst.mzn'
processing file '/mnt/HDD/elenzi/Dovier/MiniZincIDE-2.5.3-bundle-linux-x86_64/share/minizinc/std/value_precede_chain.mzn'
processing file '/mnt/HDD/elenzi/Dovier/MiniZincIDE-2.5.3-bundle-linux-x86_64/share/minizinc/std/value_precede_chain_set.mzn'
processing file '/mnt/HDD/elenzi/Dovier/MiniZincIDE-2.5.3-bundle-linux-x86_64/share/minizinc/std/fzn_value_precede_chain_set_reif.mzn'
processing file '/mnt/HDD/elenzi/Dovier/MiniZincIDE-2.5.3-bundle-linux-x86_64/share/minizinc/std/fzn_value_precede_chain_set.mzn'
processing file '/mnt/HDD/elenzi/Dovier/MiniZincIDE-2.5.3-bundle-linux-x86_64/share/minizinc/std/value_precede_chain_int.mzn'
processing file '/mnt/HDD/elenzi/Dovier/MiniZincIDE-2.5.3-bundle-linux-x86_64/share/minizinc/std/fzn_value_precede_chain_int_reif.mzn'
processing file '/mnt/HDD/elenzi/Dovier/MiniZincIDE-2.5.3-bundle-linux-x86_64/share/minizinc/std/fzn_value_precede_chain_int.mzn'
processing file '/mnt/HDD/elenzi/Dovier/MiniZincIDE-2.5.3-bundle-linux-x86_64/share/minizinc/std/value_precede.mzn'
processing file '/mnt/HDD/elenzi/Dovier/MiniZincIDE-2.5.3-bundle-linux-x86_64/share/minizinc/std/value_precede_set.mzn'
processing file '/mnt/HDD/elenzi/Dovier/MiniZincIDE-2.5.3-bundle-linux-x86_64/share/minizinc/std/fzn_value_precede_set_reif.mzn'
processing file '/mnt/HDD/elenzi/Dovier/MiniZincIDE-2.5.3-bundle-linux-x86_64/share/minizinc/gecode//fzn_value_precede_set.mzn'
processing file '/mnt/HDD/elenzi/Dovier/MiniZincIDE-2.5.3-bundle-linux-x86_64/share/minizinc/std/fzn_value_precede_int_opt.mzn'
processing file '/mnt/HDD/elenzi/Dovier/MiniZincIDE-2.5.3-bundle-linux-x86_64/share/minizinc/std/value_precede_int.mzn'
processing file '/mnt/HDD/elenzi/Dovier/MiniZincIDE-2.5.3-bundle-linux-x86_64/share/minizinc/std/fzn_value_precede_int_reif.mzn'
processing file '/mnt/HDD/elenzi/Dovier/MiniZincIDE-2.5.3-bundle-linux-x86_64/share/minizinc/gecode//fzn_value_precede_int.mzn'
processing file '/mnt/HDD/elenzi/Dovier/MiniZincIDE-2.5.3-bundle-linux-x86_64/share/minizinc/std/tree.mzn'
processing file '/mnt/HDD/elenzi/Dovier/MiniZincIDE-2.5.3-bundle-linux-x86_64/share/minizinc/std/fzn_dtree_enum_reif.mzn'
processing file '/mnt/HDD/elenzi/Dovier/MiniZincIDE-2.5.3-bundle-linux-x86_64/share/minizinc/std/fzn_dtree_enum.mzn'
processing file '/mnt/HDD/elenzi/Dovier/MiniZincIDE-2.5.3-bundle-linux-x86_64/share/minizinc/std/fzn_dtree_int_reif.mzn'
processing file '/mnt/HDD/elenzi/Dovier/MiniZincIDE-2.5.3-bundle-linux-x86_64/share/minizinc/std/fzn_dtree_int.mzn'
processing file '/mnt/HDD/elenzi/Dovier/MiniZincIDE-2.5.3-bundle-linux-x86_64/share/minizinc/std/fzn_tree_enum_reif.mzn'
processing file '/mnt/HDD/elenzi/Dovier/MiniZincIDE-2.5.3-bundle-linux-x86_64/share/minizinc/std/fzn_tree_enum.mzn'
processing file '/mnt/HDD/elenzi/Dovier/MiniZincIDE-2.5.3-bundle-linux-x86_64/share/minizinc/std/fzn_tree_int_reif.mzn'
processing file '/mnt/HDD/elenzi/Dovier/MiniZincIDE-2.5.3-bundle-linux-x86_64/share/minizinc/std/fzn_tree_int.mzn'
processing file '/mnt/HDD/elenzi/Dovier/MiniZincIDE-2.5.3-bundle-linux-x86_64/share/minizinc/std/table.mzn'
processing file '/mnt/HDD/elenzi/Dovier/MiniZincIDE-2.5.3-bundle-linux-x86_64/share/minizinc/std/fzn_table_int_opt.mzn'
processing file '/mnt/HDD/elenzi/Dovier/MiniZincIDE-2.5.3-bundle-linux-x86_64/share/minizinc/std/table_int.mzn'
processing file '/mnt/HDD/elenzi/Dovier/MiniZincIDE-2.5.3-bundle-linux-x86_64/share/minizinc/gecode//fzn_table_int_reif.mzn'
processing file '/mnt/HDD/elenzi/Dovier/MiniZincIDE-2.5.3-bundle-linux-x86_64/share/minizinc/gecode//fzn_table_int.mzn'
processing file '/mnt/HDD/elenzi/Dovier/MiniZincIDE-2.5.3-bundle-linux-x86_64/share/minizinc/std/table_bool.mzn'
processing file '/mnt/HDD/elenzi/Dovier/MiniZincIDE-2.5.3-bundle-linux-x86_64/share/minizinc/gecode//fzn_table_bool_reif.mzn'
processing file '/mnt/HDD/elenzi/Dovier/MiniZincIDE-2.5.3-bundle-linux-x86_64/share/minizinc/gecode//fzn_table_bool.mzn'
processing file '/mnt/HDD/elenzi/Dovier/MiniZincIDE-2.5.3-bundle-linux-x86_64/share/minizinc/std/symmetric_all_different.mzn'
processing file '/mnt/HDD/elenzi/Dovier/MiniZincIDE-2.5.3-bundle-linux-x86_64/share/minizinc/std/fzn_symmetric_all_different_reif.mzn'
processing file '/mnt/HDD/elenzi/Dovier/MiniZincIDE-2.5.3-bundle-linux-x86_64/share/minizinc/std/fzn_symmetric_all_different.mzn'
processing file '/mnt/HDD/elenzi/Dovier/MiniZincIDE-2.5.3-bundle-linux-x86_64/share/minizinc/std/analyse_all_different.mzn'
processing file '/mnt/HDD/elenzi/Dovier/MiniZincIDE-2.5.3-bundle-linux-x86_64/share/minizinc/std/sum_set.mzn'
processing file '/mnt/HDD/elenzi/Dovier/MiniZincIDE-2.5.3-bundle-linux-x86_64/share/minizinc/std/fzn_sum_set_reif.mzn'
processing file '/mnt/HDD/elenzi/Dovier/MiniZincIDE-2.5.3-bundle-linux-x86_64/share/minizinc/gecode//fzn_sum_set.mzn'
processing file '/mnt/HDD/elenzi/Dovier/MiniZincIDE-2.5.3-bundle-linux-x86_64/share/minizinc/std/sum_pred.mzn'
processing file '/mnt/HDD/elenzi/Dovier/MiniZincIDE-2.5.3-bundle-linux-x86_64/share/minizinc/std/fzn_sum_pred_reif.mzn'
processing file '/mnt/HDD/elenzi/Dovier/MiniZincIDE-2.5.3-bundle-linux-x86_64/share/minizinc/gecode//fzn_sum_pred.mzn'
processing file '/mnt/HDD/elenzi/Dovier/MiniZincIDE-2.5.3-bundle-linux-x86_64/share/minizinc/std/subgraph.mzn'
processing file '/mnt/HDD/elenzi/Dovier/MiniZincIDE-2.5.3-bundle-linux-x86_64/share/minizinc/std/fzn_subgraph_enum_reif.mzn'
processing file '/mnt/HDD/elenzi/Dovier/MiniZincIDE-2.5.3-bundle-linux-x86_64/share/minizinc/std/fzn_subgraph_enum.mzn'
processing file '/mnt/HDD/elenzi/Dovier/MiniZincIDE-2.5.3-bundle-linux-x86_64/share/minizinc/std/fzn_subgraph_int_reif.mzn'
processing file '/mnt/HDD/elenzi/Dovier/MiniZincIDE-2.5.3-bundle-linux-x86_64/share/minizinc/std/fzn_subgraph_int.mzn'
processing file '/mnt/HDD/elenzi/Dovier/MiniZincIDE-2.5.3-bundle-linux-x86_64/share/minizinc/std/subcircuit.mzn'
processing file '/mnt/HDD/elenzi/Dovier/MiniZincIDE-2.5.3-bundle-linux-x86_64/share/minizinc/std/fzn_subcircuit_reif.mzn'
processing file '/mnt/HDD/elenzi/Dovier/MiniZincIDE-2.5.3-bundle-linux-x86_64/share/minizinc/std/alldifferent.mzn'
processing file '/mnt/HDD/elenzi/Dovier/MiniZincIDE-2.5.3-bundle-linux-x86_64/share/minizinc/std/fzn_subcircuit.mzn'
processing file '/mnt/HDD/elenzi/Dovier/MiniZincIDE-2.5.3-bundle-linux-x86_64/share/minizinc/std/strict_lex2.mzn'
processing file '/mnt/HDD/elenzi/Dovier/MiniZincIDE-2.5.3-bundle-linux-x86_64/share/minizinc/std/fzn_strict_lex2_reif.mzn'
processing file '/mnt/HDD/elenzi/Dovier/MiniZincIDE-2.5.3-bundle-linux-x86_64/share/minizinc/std/fzn_strict_lex2.mzn'
processing file '/mnt/HDD/elenzi/Dovier/MiniZincIDE-2.5.3-bundle-linux-x86_64/share/minizinc/std/strictly_increasing.mzn'
processing file '/mnt/HDD/elenzi/Dovier/MiniZincIDE-2.5.3-bundle-linux-x86_64/share/minizinc/std/fzn_strictly_increasing_bool_reif.mzn'
processing file '/mnt/HDD/elenzi/Dovier/MiniZincIDE-2.5.3-bundle-linux-x86_64/share/minizinc/std/fzn_strictly_increasing_bool.mzn'
processing file '/mnt/HDD/elenzi/Dovier/MiniZincIDE-2.5.3-bundle-linux-x86_64/share/minizinc/std/fzn_strictly_increasing_int_reif.mzn'
processing file '/mnt/HDD/elenzi/Dovier/MiniZincIDE-2.5.3-bundle-linux-x86_64/share/minizinc/std/fzn_strictly_increasing_int_opt.mzn'
processing file '/mnt/HDD/elenzi/Dovier/MiniZincIDE-2.5.3-bundle-linux-x86_64/share/minizinc/std/fzn_strictly_increasing_int.mzn'
processing file '/mnt/HDD/elenzi/Dovier/MiniZincIDE-2.5.3-bundle-linux-x86_64/share/minizinc/std/strictly_decreasing.mzn'
processing file '/mnt/HDD/elenzi/Dovier/MiniZincIDE-2.5.3-bundle-linux-x86_64/share/minizinc/std/fzn_strictly_decreasing_bool_reif.mzn'
processing file '/mnt/HDD/elenzi/Dovier/MiniZincIDE-2.5.3-bundle-linux-x86_64/share/minizinc/std/fzn_strictly_decreasing_bool.mzn'
processing file '/mnt/HDD/elenzi/Dovier/MiniZincIDE-2.5.3-bundle-linux-x86_64/share/minizinc/std/fzn_strictly_decreasing_int_reif.mzn'
processing file '/mnt/HDD/elenzi/Dovier/MiniZincIDE-2.5.3-bundle-linux-x86_64/share/minizinc/std/fzn_strictly_decreasing_int.mzn'
processing file '/mnt/HDD/elenzi/Dovier/MiniZincIDE-2.5.3-bundle-linux-x86_64/share/minizinc/std/steiner.mzn'
processing file '/mnt/HDD/elenzi/Dovier/MiniZincIDE-2.5.3-bundle-linux-x86_64/share/minizinc/std/fzn_dsteiner_reif.mzn'
processing file '/mnt/HDD/elenzi/Dovier/MiniZincIDE-2.5.3-bundle-linux-x86_64/share/minizinc/std/fzn_dsteiner.mzn'
processing file '/mnt/HDD/elenzi/Dovier/MiniZincIDE-2.5.3-bundle-linux-x86_64/share/minizinc/std/fzn_steiner_reif.mzn'
processing file '/mnt/HDD/elenzi/Dovier/MiniZincIDE-2.5.3-bundle-linux-x86_64/share/minizinc/std/fzn_steiner.mzn'
processing file '/mnt/HDD/elenzi/Dovier/MiniZincIDE-2.5.3-bundle-linux-x86_64/share/minizinc/std/span.mzn'
processing file '/mnt/HDD/elenzi/Dovier/MiniZincIDE-2.5.3-bundle-linux-x86_64/share/minizinc/std/fzn_span_reif.mzn'
processing file '/mnt/HDD/elenzi/Dovier/MiniZincIDE-2.5.3-bundle-linux-x86_64/share/minizinc/std/fzn_span.mzn'
processing file '/mnt/HDD/elenzi/Dovier/MiniZincIDE-2.5.3-bundle-linux-x86_64/share/minizinc/std/sort_fn.mzn'
processing file '/mnt/HDD/elenzi/Dovier/MiniZincIDE-2.5.3-bundle-linux-x86_64/share/minizinc/std/sort.mzn'
processing file '/mnt/HDD/elenzi/Dovier/MiniZincIDE-2.5.3-bundle-linux-x86_64/share/minizinc/std/fzn_sort_reif.mzn'
processing file '/mnt/HDD/elenzi/Dovier/MiniZincIDE-2.5.3-bundle-linux-x86_64/share/minizinc/gecode//fzn_sort.mzn'
processing file '/mnt/HDD/elenzi/Dovier/MiniZincIDE-2.5.3-bundle-linux-x86_64/share/minizinc/std/sliding_sum.mzn'
processing file '/mnt/HDD/elenzi/Dovier/MiniZincIDE-2.5.3-bundle-linux-x86_64/share/minizinc/std/fzn_sliding_sum_reif.mzn'
processing file '/mnt/HDD/elenzi/Dovier/MiniZincIDE-2.5.3-bundle-linux-x86_64/share/minizinc/std/fzn_sliding_sum.mzn'
processing file '/mnt/HDD/elenzi/Dovier/MiniZincIDE-2.5.3-bundle-linux-x86_64/share/minizinc/std/seq_precede_chain.mzn'
processing file '/mnt/HDD/elenzi/Dovier/MiniZincIDE-2.5.3-bundle-linux-x86_64/share/minizinc/std/fzn_seq_precede_chain_set_reif.mzn'
processing file '/mnt/HDD/elenzi/Dovier/MiniZincIDE-2.5.3-bundle-linux-x86_64/share/minizinc/std/fzn_seq_precede_chain_set.mzn'
processing file '/mnt/HDD/elenzi/Dovier/MiniZincIDE-2.5.3-bundle-linux-x86_64/share/minizinc/std/fzn_seq_precede_chain_int_reif.mzn'
processing file '/mnt/HDD/elenzi/Dovier/MiniZincIDE-2.5.3-bundle-linux-x86_64/share/minizinc/std/fzn_seq_precede_chain_int.mzn'
processing file '/mnt/HDD/elenzi/Dovier/MiniZincIDE-2.5.3-bundle-linux-x86_64/share/minizinc/std/roots_fn.mzn'
processing file '/mnt/HDD/elenzi/Dovier/MiniZincIDE-2.5.3-bundle-linux-x86_64/share/minizinc/std/roots.mzn'
processing file '/mnt/HDD/elenzi/Dovier/MiniZincIDE-2.5.3-bundle-linux-x86_64/share/minizinc/std/fzn_roots_reif.mzn'
processing file '/mnt/HDD/elenzi/Dovier/MiniZincIDE-2.5.3-bundle-linux-x86_64/share/minizinc/gecode//fzn_roots.mzn'
processing file '/mnt/HDD/elenzi/Dovier/MiniZincIDE-2.5.3-bundle-linux-x86_64/share/minizinc/std/regular_regexp.mzn'
processing file '/mnt/HDD/elenzi/Dovier/MiniZincIDE-2.5.3-bundle-linux-x86_64/share/minizinc/std/fzn_regular_regexp.mzn'
processing file '/mnt/HDD/elenzi/Dovier/MiniZincIDE-2.5.3-bundle-linux-x86_64/share/minizinc/std/regular_set.mzn'
processing file '/mnt/HDD/elenzi/Dovier/MiniZincIDE-2.5.3-bundle-linux-x86_64/share/minizinc/std/fzn_regular_set_reif.mzn'
processing file '/mnt/HDD/elenzi/Dovier/MiniZincIDE-2.5.3-bundle-linux-x86_64/share/minizinc/std/fzn_regular_set.mzn'
processing file '/mnt/HDD/elenzi/Dovier/MiniZincIDE-2.5.3-bundle-linux-x86_64/share/minizinc/std/regular_nfa.mzn'
processing file '/mnt/HDD/elenzi/Dovier/MiniZincIDE-2.5.3-bundle-linux-x86_64/share/minizinc/std/fzn_regular_nfa_set_reif.mzn'
processing file '/mnt/HDD/elenzi/Dovier/MiniZincIDE-2.5.3-bundle-linux-x86_64/share/minizinc/std/fzn_regular_nfa_set.mzn'
processing file '/mnt/HDD/elenzi/Dovier/MiniZincIDE-2.5.3-bundle-linux-x86_64/share/minizinc/std/fzn_regular_nfa_reif.mzn'
processing file '/mnt/HDD/elenzi/Dovier/MiniZincIDE-2.5.3-bundle-linux-x86_64/share/minizinc/std/fzn_regular_nfa.mzn'
processing file '/mnt/HDD/elenzi/Dovier/MiniZincIDE-2.5.3-bundle-linux-x86_64/share/minizinc/std/regular.mzn'
processing file '/mnt/HDD/elenzi/Dovier/MiniZincIDE-2.5.3-bundle-linux-x86_64/share/minizinc/std/fzn_regular_reif.mzn'
processing file '/mnt/HDD/elenzi/Dovier/MiniZincIDE-2.5.3-bundle-linux-x86_64/share/minizinc/gecode//fzn_regular.mzn'
processing file '/mnt/HDD/elenzi/Dovier/MiniZincIDE-2.5.3-bundle-linux-x86_64/share/minizinc/std/reachable.mzn'
processing file '/mnt/HDD/elenzi/Dovier/MiniZincIDE-2.5.3-bundle-linux-x86_64/share/minizinc/std/fzn_dreachable_enum_reif.mzn'
processing file '/mnt/HDD/elenzi/Dovier/MiniZincIDE-2.5.3-bundle-linux-x86_64/share/minizinc/std/fzn_dreachable_enum.mzn'
processing file '/mnt/HDD/elenzi/Dovier/MiniZincIDE-2.5.3-bundle-linux-x86_64/share/minizinc/std/fzn_dreachable_int_reif.mzn'
processing file '/mnt/HDD/elenzi/Dovier/MiniZincIDE-2.5.3-bundle-linux-x86_64/share/minizinc/std/fzn_dreachable_int.mzn'
processing file '/mnt/HDD/elenzi/Dovier/MiniZincIDE-2.5.3-bundle-linux-x86_64/share/minizinc/std/fzn_reachable_enum_reif.mzn'
processing file '/mnt/HDD/elenzi/Dovier/MiniZincIDE-2.5.3-bundle-linux-x86_64/share/minizinc/std/fzn_reachable_enum.mzn'
processing file '/mnt/HDD/elenzi/Dovier/MiniZincIDE-2.5.3-bundle-linux-x86_64/share/minizinc/std/fzn_reachable_int_reif.mzn'
processing file '/mnt/HDD/elenzi/Dovier/MiniZincIDE-2.5.3-bundle-linux-x86_64/share/minizinc/std/fzn_reachable_int.mzn'
processing file '/mnt/HDD/elenzi/Dovier/MiniZincIDE-2.5.3-bundle-linux-x86_64/share/minizinc/std/range_fn.mzn'
processing file '/mnt/HDD/elenzi/Dovier/MiniZincIDE-2.5.3-bundle-linux-x86_64/share/minizinc/std/range.mzn'
processing file '/mnt/HDD/elenzi/Dovier/MiniZincIDE-2.5.3-bundle-linux-x86_64/share/minizinc/std/fzn_range_reif.mzn'
processing file '/mnt/HDD/elenzi/Dovier/MiniZincIDE-2.5.3-bundle-linux-x86_64/share/minizinc/gecode//fzn_range.mzn'
processing file '/mnt/HDD/elenzi/Dovier/MiniZincIDE-2.5.3-bundle-linux-x86_64/share/minizinc/std/piecewise_linear.mzn'
processing file '/mnt/HDD/elenzi/Dovier/MiniZincIDE-2.5.3-bundle-linux-x86_64/share/minizinc/std/fzn_piecewise_linear_reif.mzn'
processing file '/mnt/HDD/elenzi/Dovier/MiniZincIDE-2.5.3-bundle-linux-x86_64/share/minizinc/std/fzn_piecewise_linear.mzn'
processing file '/mnt/HDD/elenzi/Dovier/MiniZincIDE-2.5.3-bundle-linux-x86_64/share/minizinc/std/partition_set.mzn'
processing file '/mnt/HDD/elenzi/Dovier/MiniZincIDE-2.5.3-bundle-linux-x86_64/share/minizinc/std/fzn_partition_set_reif.mzn'
processing file '/mnt/HDD/elenzi/Dovier/MiniZincIDE-2.5.3-bundle-linux-x86_64/share/minizinc/gecode//fzn_partition_set.mzn'
processing file '/mnt/HDD/elenzi/Dovier/MiniZincIDE-2.5.3-bundle-linux-x86_64/share/minizinc/std/nvalue_fn.mzn'
processing file '/mnt/HDD/elenzi/Dovier/MiniZincIDE-2.5.3-bundle-linux-x86_64/share/minizinc/std/nvalue.mzn'
processing file '/mnt/HDD/elenzi/Dovier/MiniZincIDE-2.5.3-bundle-linux-x86_64/share/minizinc/std/fzn_nvalue_reif.mzn'
processing file '/mnt/HDD/elenzi/Dovier/MiniZincIDE-2.5.3-bundle-linux-x86_64/share/minizinc/gecode//fzn_nvalue.mzn'
processing file '/mnt/HDD/elenzi/Dovier/MiniZincIDE-2.5.3-bundle-linux-x86_64/share/minizinc/std/neural_net.mzn'
processing file '/mnt/HDD/elenzi/Dovier/MiniZincIDE-2.5.3-bundle-linux-x86_64/share/minizinc/std/fzn_neural_net_reif.mzn'
processing file '/mnt/HDD/elenzi/Dovier/MiniZincIDE-2.5.3-bundle-linux-x86_64/share/minizinc/std/fzn_neural_net.mzn'
processing file '/mnt/HDD/elenzi/Dovier/MiniZincIDE-2.5.3-bundle-linux-x86_64/share/minizinc/std/network_flow.mzn'
processing file '/mnt/HDD/elenzi/Dovier/MiniZincIDE-2.5.3-bundle-linux-x86_64/share/minizinc/std/fzn_network_flow_cost_reif.mzn'
processing file '/mnt/HDD/elenzi/Dovier/MiniZincIDE-2.5.3-bundle-linux-x86_64/share/minizinc/std/fzn_network_flow_cost.mzn'
processing file '/mnt/HDD/elenzi/Dovier/MiniZincIDE-2.5.3-bundle-linux-x86_64/share/minizinc/std/fzn_network_flow_reif.mzn'
processing file '/mnt/HDD/elenzi/Dovier/MiniZincIDE-2.5.3-bundle-linux-x86_64/share/minizinc/std/fzn_network_flow.mzn'
processing file '/mnt/HDD/elenzi/Dovier/MiniZincIDE-2.5.3-bundle-linux-x86_64/share/minizinc/std/minimum.mzn'
processing file '/mnt/HDD/elenzi/Dovier/MiniZincIDE-2.5.3-bundle-linux-x86_64/share/minizinc/std/member.mzn'
processing file '/mnt/HDD/elenzi/Dovier/MiniZincIDE-2.5.3-bundle-linux-x86_64/share/minizinc/std/set_member.mzn'
processing file '/mnt/HDD/elenzi/Dovier/MiniZincIDE-2.5.3-bundle-linux-x86_64/share/minizinc/std/fzn_set_member_reif.mzn'
processing file '/mnt/HDD/elenzi/Dovier/MiniZincIDE-2.5.3-bundle-linux-x86_64/share/minizinc/std/fzn_set_member.mzn'
processing file '/mnt/HDD/elenzi/Dovier/MiniZincIDE-2.5.3-bundle-linux-x86_64/share/minizinc/std/member_set.mzn'
processing file '/mnt/HDD/elenzi/Dovier/MiniZincIDE-2.5.3-bundle-linux-x86_64/share/minizinc/std/fzn_member_set_reif.mzn'
processing file '/mnt/HDD/elenzi/Dovier/MiniZincIDE-2.5.3-bundle-linux-x86_64/share/minizinc/std/fzn_member_set.mzn'
processing file '/mnt/HDD/elenzi/Dovier/MiniZincIDE-2.5.3-bundle-linux-x86_64/share/minizinc/std/member_int.mzn'
processing file '/mnt/HDD/elenzi/Dovier/MiniZincIDE-2.5.3-bundle-linux-x86_64/share/minizinc/gecode//fzn_member_int_reif.mzn'
processing file '/mnt/HDD/elenzi/Dovier/MiniZincIDE-2.5.3-bundle-linux-x86_64/share/minizinc/gecode//fzn_member_int.mzn'
processing file '/mnt/HDD/elenzi/Dovier/MiniZincIDE-2.5.3-bundle-linux-x86_64/share/minizinc/std/member_float.mzn'
processing file '/mnt/HDD/elenzi/Dovier/MiniZincIDE-2.5.3-bundle-linux-x86_64/share/minizinc/std/fzn_member_float_reif.mzn'
processing file '/mnt/HDD/elenzi/Dovier/MiniZincIDE-2.5.3-bundle-linux-x86_64/share/minizinc/std/fzn_member_float.mzn'
processing file '/mnt/HDD/elenzi/Dovier/MiniZincIDE-2.5.3-bundle-linux-x86_64/share/minizinc/std/member_bool.mzn'
processing file '/mnt/HDD/elenzi/Dovier/MiniZincIDE-2.5.3-bundle-linux-x86_64/share/minizinc/gecode//fzn_member_bool_reif.mzn'
processing file '/mnt/HDD/elenzi/Dovier/MiniZincIDE-2.5.3-bundle-linux-x86_64/share/minizinc/gecode//fzn_member_bool.mzn'
processing file '/mnt/HDD/elenzi/Dovier/MiniZincIDE-2.5.3-bundle-linux-x86_64/share/minizinc/std/mdd_nondet.mzn'
processing file '/mnt/HDD/elenzi/Dovier/MiniZincIDE-2.5.3-bundle-linux-x86_64/share/minizinc/std/fzn_mdd_nondet_reif.mzn'
processing file '/mnt/HDD/elenzi/Dovier/MiniZincIDE-2.5.3-bundle-linux-x86_64/share/minizinc/std/fzn_mdd_nondet.mzn'
processing file '/mnt/HDD/elenzi/Dovier/MiniZincIDE-2.5.3-bundle-linux-x86_64/share/minizinc/std/mdd.mzn'
processing file '/mnt/HDD/elenzi/Dovier/MiniZincIDE-2.5.3-bundle-linux-x86_64/share/minizinc/std/fzn_mdd_reif.mzn'
processing file '/mnt/HDD/elenzi/Dovier/MiniZincIDE-2.5.3-bundle-linux-x86_64/share/minizinc/std/fzn_mdd.mzn'
processing file '/mnt/HDD/elenzi/Dovier/MiniZincIDE-2.5.3-bundle-linux-x86_64/share/minizinc/std/maximum.mzn'
processing file '/mnt/HDD/elenzi/Dovier/MiniZincIDE-2.5.3-bundle-linux-x86_64/share/minizinc/std/link_set_to_booleans.mzn'
processing file '/mnt/HDD/elenzi/Dovier/MiniZincIDE-2.5.3-bundle-linux-x86_64/share/minizinc/std/fzn_link_set_to_booleans_reif.mzn'
processing file '/mnt/HDD/elenzi/Dovier/MiniZincIDE-2.5.3-bundle-linux-x86_64/share/minizinc/gecode//fzn_link_set_to_booleans.mzn'
processing file '/mnt/HDD/elenzi/Dovier/MiniZincIDE-2.5.3-bundle-linux-x86_64/share/minizinc/std/lex2.mzn'
processing file '/mnt/HDD/elenzi/Dovier/MiniZincIDE-2.5.3-bundle-linux-x86_64/share/minizinc/std/fzn_lex2_reif.mzn'
processing file '/mnt/HDD/elenzi/Dovier/MiniZincIDE-2.5.3-bundle-linux-x86_64/share/minizinc/std/fzn_lex2.mzn'
processing file '/mnt/HDD/elenzi/Dovier/MiniZincIDE-2.5.3-bundle-linux-x86_64/share/minizinc/std/lex_less.mzn'
processing file '/mnt/HDD/elenzi/Dovier/MiniZincIDE-2.5.3-bundle-linux-x86_64/share/minizinc/std/lex_less_set.mzn'
processing file '/mnt/HDD/elenzi/Dovier/MiniZincIDE-2.5.3-bundle-linux-x86_64/share/minizinc/std/fzn_lex_less_set_reif.mzn'
processing file '/mnt/HDD/elenzi/Dovier/MiniZincIDE-2.5.3-bundle-linux-x86_64/share/minizinc/std/fzn_lex_less_set.mzn'
processing file '/mnt/HDD/elenzi/Dovier/MiniZincIDE-2.5.3-bundle-linux-x86_64/share/minizinc/std/lex_less_int.mzn'
processing file '/mnt/HDD/elenzi/Dovier/MiniZincIDE-2.5.3-bundle-linux-x86_64/share/minizinc/std/fzn_lex_less_int_reif.mzn'
processing file '/mnt/HDD/elenzi/Dovier/MiniZincIDE-2.5.3-bundle-linux-x86_64/share/minizinc/gecode//fzn_lex_less_int.mzn'
processing file '/mnt/HDD/elenzi/Dovier/MiniZincIDE-2.5.3-bundle-linux-x86_64/share/minizinc/std/lex_less_float.mzn'
processing file '/mnt/HDD/elenzi/Dovier/MiniZincIDE-2.5.3-bundle-linux-x86_64/share/minizinc/std/fzn_lex_less_float_reif.mzn'
processing file '/mnt/HDD/elenzi/Dovier/MiniZincIDE-2.5.3-bundle-linux-x86_64/share/minizinc/std/fzn_lex_less_float.mzn'
processing file '/mnt/HDD/elenzi/Dovier/MiniZincIDE-2.5.3-bundle-linux-x86_64/share/minizinc/std/lex_less_bool.mzn'
processing file '/mnt/HDD/elenzi/Dovier/MiniZincIDE-2.5.3-bundle-linux-x86_64/share/minizinc/std/fzn_lex_less_bool_reif.mzn'
processing file '/mnt/HDD/elenzi/Dovier/MiniZincIDE-2.5.3-bundle-linux-x86_64/share/minizinc/gecode//fzn_lex_less_bool.mzn'
processing file '/mnt/HDD/elenzi/Dovier/MiniZincIDE-2.5.3-bundle-linux-x86_64/share/minizinc/std/lex_lesseq.mzn'
processing file '/mnt/HDD/elenzi/Dovier/MiniZincIDE-2.5.3-bundle-linux-x86_64/share/minizinc/std/lex_lesseq_set.mzn'
processing file '/mnt/HDD/elenzi/Dovier/MiniZincIDE-2.5.3-bundle-linux-x86_64/share/minizinc/std/fzn_lex_lesseq_set_reif.mzn'
processing file '/mnt/HDD/elenzi/Dovier/MiniZincIDE-2.5.3-bundle-linux-x86_64/share/minizinc/std/fzn_lex_lesseq_set.mzn'
processing file '/mnt/HDD/elenzi/Dovier/MiniZincIDE-2.5.3-bundle-linux-x86_64/share/minizinc/std/lex_lesseq_int.mzn'
processing file '/mnt/HDD/elenzi/Dovier/MiniZincIDE-2.5.3-bundle-linux-x86_64/share/minizinc/std/fzn_lex_lesseq_int_reif.mzn'
processing file '/mnt/HDD/elenzi/Dovier/MiniZincIDE-2.5.3-bundle-linux-x86_64/share/minizinc/gecode//fzn_lex_lesseq_int.mzn'
processing file '/mnt/HDD/elenzi/Dovier/MiniZincIDE-2.5.3-bundle-linux-x86_64/share/minizinc/std/lex_lesseq_float.mzn'
processing file '/mnt/HDD/elenzi/Dovier/MiniZincIDE-2.5.3-bundle-linux-x86_64/share/minizinc/std/fzn_lex_lesseq_float_reif.mzn'
processing file '/mnt/HDD/elenzi/Dovier/MiniZincIDE-2.5.3-bundle-linux-x86_64/share/minizinc/std/fzn_lex_lesseq_float.mzn'
processing file '/mnt/HDD/elenzi/Dovier/MiniZincIDE-2.5.3-bundle-linux-x86_64/share/minizinc/std/lex_lesseq_bool.mzn'
processing file '/mnt/HDD/elenzi/Dovier/MiniZincIDE-2.5.3-bundle-linux-x86_64/share/minizinc/std/fzn_lex_lesseq_bool_reif.mzn'
processing file '/mnt/HDD/elenzi/Dovier/MiniZincIDE-2.5.3-bundle-linux-x86_64/share/minizinc/gecode//fzn_lex_lesseq_bool.mzn'
processing file '/mnt/HDD/elenzi/Dovier/MiniZincIDE-2.5.3-bundle-linux-x86_64/share/minizinc/std/lex_greatereq.mzn'
processing file '/mnt/HDD/elenzi/Dovier/MiniZincIDE-2.5.3-bundle-linux-x86_64/share/minizinc/std/lex_greater.mzn'
processing file '/mnt/HDD/elenzi/Dovier/MiniZincIDE-2.5.3-bundle-linux-x86_64/share/minizinc/std/knapsack.mzn'
processing file '/mnt/HDD/elenzi/Dovier/MiniZincIDE-2.5.3-bundle-linux-x86_64/share/minizinc/std/fzn_knapsack_reif.mzn'
processing file '/mnt/HDD/elenzi/Dovier/MiniZincIDE-2.5.3-bundle-linux-x86_64/share/minizinc/std/fzn_knapsack.mzn'
processing file '/mnt/HDD/elenzi/Dovier/MiniZincIDE-2.5.3-bundle-linux-x86_64/share/minizinc/std/inverse_set.mzn'
processing file '/mnt/HDD/elenzi/Dovier/MiniZincIDE-2.5.3-bundle-linux-x86_64/share/minizinc/std/fzn_inverse_set_reif.mzn'
processing file '/mnt/HDD/elenzi/Dovier/MiniZincIDE-2.5.3-bundle-linux-x86_64/share/minizinc/gecode//fzn_inverse_set.mzn'
processing file '/mnt/HDD/elenzi/Dovier/MiniZincIDE-2.5.3-bundle-linux-x86_64/share/minizinc/std/inverse_in_range.mzn'
processing file '/mnt/HDD/elenzi/Dovier/MiniZincIDE-2.5.3-bundle-linux-x86_64/share/minizinc/std/fzn_inverse_in_range_reif.mzn'
processing file '/mnt/HDD/elenzi/Dovier/MiniZincIDE-2.5.3-bundle-linux-x86_64/share/minizinc/std/fzn_inverse_in_range.mzn'
processing file '/mnt/HDD/elenzi/Dovier/MiniZincIDE-2.5.3-bundle-linux-x86_64/share/minizinc/std/inverse_fn.mzn'
processing file '/mnt/HDD/elenzi/Dovier/MiniZincIDE-2.5.3-bundle-linux-x86_64/share/minizinc/std/inverse.mzn'
processing file '/mnt/HDD/elenzi/Dovier/MiniZincIDE-2.5.3-bundle-linux-x86_64/share/minizinc/std/fzn_inverse_reif.mzn'
processing file '/mnt/HDD/elenzi/Dovier/MiniZincIDE-2.5.3-bundle-linux-x86_64/share/minizinc/gecode//fzn_inverse.mzn'
processing file '/mnt/HDD/elenzi/Dovier/MiniZincIDE-2.5.3-bundle-linux-x86_64/share/minizinc/std/int_set_channel.mzn'
processing file '/mnt/HDD/elenzi/Dovier/MiniZincIDE-2.5.3-bundle-linux-x86_64/share/minizinc/std/fzn_int_set_channel_reif.mzn'
processing file '/mnt/HDD/elenzi/Dovier/MiniZincIDE-2.5.3-bundle-linux-x86_64/share/minizinc/gecode//fzn_int_set_channel.mzn'
processing file '/mnt/HDD/elenzi/Dovier/MiniZincIDE-2.5.3-bundle-linux-x86_64/share/minizinc/std/increasing.mzn'
processing file '/mnt/HDD/elenzi/Dovier/MiniZincIDE-2.5.3-bundle-linux-x86_64/share/minizinc/std/increasing_set.mzn'
processing file '/mnt/HDD/elenzi/Dovier/MiniZincIDE-2.5.3-bundle-linux-x86_64/share/minizinc/std/fzn_increasing_set_reif.mzn'
processing file '/mnt/HDD/elenzi/Dovier/MiniZincIDE-2.5.3-bundle-linux-x86_64/share/minizinc/std/fzn_increasing_set.mzn'
processing file '/mnt/HDD/elenzi/Dovier/MiniZincIDE-2.5.3-bundle-linux-x86_64/share/minizinc/std/increasing_int.mzn'
processing file '/mnt/HDD/elenzi/Dovier/MiniZincIDE-2.5.3-bundle-linux-x86_64/share/minizinc/std/fzn_increasing_int_reif.mzn'
processing file '/mnt/HDD/elenzi/Dovier/MiniZincIDE-2.5.3-bundle-linux-x86_64/share/minizinc/gecode//fzn_increasing_int.mzn'
processing file '/mnt/HDD/elenzi/Dovier/MiniZincIDE-2.5.3-bundle-linux-x86_64/share/minizinc/std/increasing_float.mzn'
processing file '/mnt/HDD/elenzi/Dovier/MiniZincIDE-2.5.3-bundle-linux-x86_64/share/minizinc/std/fzn_increasing_float_reif.mzn'
processing file '/mnt/HDD/elenzi/Dovier/MiniZincIDE-2.5.3-bundle-linux-x86_64/share/minizinc/std/fzn_increasing_float.mzn'
processing file '/mnt/HDD/elenzi/Dovier/MiniZincIDE-2.5.3-bundle-linux-x86_64/share/minizinc/std/increasing_bool.mzn'
processing file '/mnt/HDD/elenzi/Dovier/MiniZincIDE-2.5.3-bundle-linux-x86_64/share/minizinc/std/fzn_increasing_bool_reif.mzn'
processing file '/mnt/HDD/elenzi/Dovier/MiniZincIDE-2.5.3-bundle-linux-x86_64/share/minizinc/gecode//fzn_increasing_bool.mzn'
processing file '/mnt/HDD/elenzi/Dovier/MiniZincIDE-2.5.3-bundle-linux-x86_64/share/minizinc/std/global_cardinality_low_up_closed.mzn'
processing file '/mnt/HDD/elenzi/Dovier/MiniZincIDE-2.5.3-bundle-linux-x86_64/share/minizinc/std/fzn_global_cardinality_low_up_closed_reif.mzn'
processing file '/mnt/HDD/elenzi/Dovier/MiniZincIDE-2.5.3-bundle-linux-x86_64/share/minizinc/gecode//fzn_global_cardinality_low_up_closed.mzn'
processing file '/mnt/HDD/elenzi/Dovier/MiniZincIDE-2.5.3-bundle-linux-x86_64/share/minizinc/std/global_cardinality_low_up.mzn'
processing file '/mnt/HDD/elenzi/Dovier/MiniZincIDE-2.5.3-bundle-linux-x86_64/share/minizinc/std/fzn_global_cardinality_low_up_reif.mzn'
processing file '/mnt/HDD/elenzi/Dovier/MiniZincIDE-2.5.3-bundle-linux-x86_64/share/minizinc/gecode//fzn_global_cardinality_low_up.mzn'
processing file '/mnt/HDD/elenzi/Dovier/MiniZincIDE-2.5.3-bundle-linux-x86_64/share/minizinc/std/global_cardinality_closed_fn.mzn'
processing file '/mnt/HDD/elenzi/Dovier/MiniZincIDE-2.5.3-bundle-linux-x86_64/share/minizinc/std/global_cardinality_closed.mzn'
processing file '/mnt/HDD/elenzi/Dovier/MiniZincIDE-2.5.3-bundle-linux-x86_64/share/minizinc/std/fzn_global_cardinality_closed_reif.mzn'
processing file '/mnt/HDD/elenzi/Dovier/MiniZincIDE-2.5.3-bundle-linux-x86_64/share/minizinc/gecode//fzn_global_cardinality_closed.mzn'
processing file '/mnt/HDD/elenzi/Dovier/MiniZincIDE-2.5.3-bundle-linux-x86_64/share/minizinc/std/global_cardinality_fn.mzn'
processing file '/mnt/HDD/elenzi/Dovier/MiniZincIDE-2.5.3-bundle-linux-x86_64/share/minizinc/std/global_cardinality.mzn'
processing file '/mnt/HDD/elenzi/Dovier/MiniZincIDE-2.5.3-bundle-linux-x86_64/share/minizinc/std/fzn_global_cardinality_reif.mzn'
processing file '/mnt/HDD/elenzi/Dovier/MiniZincIDE-2.5.3-bundle-linux-x86_64/share/minizinc/gecode//fzn_global_cardinality.mzn'
processing file '/mnt/HDD/elenzi/Dovier/MiniZincIDE-2.5.3-bundle-linux-x86_64/share/minizinc/std/geost.mzn'
processing file '/mnt/HDD/elenzi/Dovier/MiniZincIDE-2.5.3-bundle-linux-x86_64/share/minizinc/std/fzn_geost_nonoverlap_k_reif.mzn'
processing file '/mnt/HDD/elenzi/Dovier/MiniZincIDE-2.5.3-bundle-linux-x86_64/share/minizinc/std/fzn_geost_nonoverlap_k.mzn'
processing file '/mnt/HDD/elenzi/Dovier/MiniZincIDE-2.5.3-bundle-linux-x86_64/share/minizinc/std/fzn_geost_smallest_bb_reif.mzn'
processing file '/mnt/HDD/elenzi/Dovier/MiniZincIDE-2.5.3-bundle-linux-x86_64/share/minizinc/std/fzn_geost_smallest_bb.mzn'
processing file '/mnt/HDD/elenzi/Dovier/MiniZincIDE-2.5.3-bundle-linux-x86_64/share/minizinc/std/fzn_geost_bb_reif.mzn'
processing file '/mnt/HDD/elenzi/Dovier/MiniZincIDE-2.5.3-bundle-linux-x86_64/share/minizinc/std/fzn_geost_bb.mzn'
processing file '/mnt/HDD/elenzi/Dovier/MiniZincIDE-2.5.3-bundle-linux-x86_64/share/minizinc/std/fzn_geost_reif.mzn'
processing file '/mnt/HDD/elenzi/Dovier/MiniZincIDE-2.5.3-bundle-linux-x86_64/share/minizinc/std/fzn_geost.mzn'
processing file '/mnt/HDD/elenzi/Dovier/MiniZincIDE-2.5.3-bundle-linux-x86_64/share/minizinc/std/exactly.mzn'
processing file '/mnt/HDD/elenzi/Dovier/MiniZincIDE-2.5.3-bundle-linux-x86_64/share/minizinc/std/exactly_set.mzn'
processing file '/mnt/HDD/elenzi/Dovier/MiniZincIDE-2.5.3-bundle-linux-x86_64/share/minizinc/std/fzn_exactly_set_reif.mzn'
processing file '/mnt/HDD/elenzi/Dovier/MiniZincIDE-2.5.3-bundle-linux-x86_64/share/minizinc/gecode//fzn_exactly_set.mzn'
processing file '/mnt/HDD/elenzi/Dovier/MiniZincIDE-2.5.3-bundle-linux-x86_64/share/minizinc/std/exactly_int.mzn'
processing file '/mnt/HDD/elenzi/Dovier/MiniZincIDE-2.5.3-bundle-linux-x86_64/share/minizinc/std/fzn_exactly_int_reif.mzn'
processing file '/mnt/HDD/elenzi/Dovier/MiniZincIDE-2.5.3-bundle-linux-x86_64/share/minizinc/std/fzn_exactly_int.mzn'
processing file '/mnt/HDD/elenzi/Dovier/MiniZincIDE-2.5.3-bundle-linux-x86_64/share/minizinc/std/exactly.mzn.deprecated.mzn'
processing file '/mnt/HDD/elenzi/Dovier/MiniZincIDE-2.5.3-bundle-linux-x86_64/share/minizinc/std/exactly.mzn.deprecated.mzn'
processing file '/mnt/HDD/elenzi/Dovier/MiniZincIDE-2.5.3-bundle-linux-x86_64/share/minizinc/std/exactly.mzn.deprecated.mzn'
processing file '/mnt/HDD/elenzi/Dovier/MiniZincIDE-2.5.3-bundle-linux-x86_64/share/minizinc/std//exactly.mzn.deprecated.mzn'
processing file '/mnt/HDD/elenzi/Dovier/MiniZincIDE-2.5.3-bundle-linux-x86_64/share/minizinc/std/exactly.mzn.deprecated.mzn'
processing file '/mnt/HDD/elenzi/Dovier/MiniZincIDE-2.5.3-bundle-linux-x86_64/share/minizinc/std/exactly.mzn.deprecated.mzn'
processing file '/mnt/HDD/elenzi/Dovier/MiniZincIDE-2.5.3-bundle-linux-x86_64/share/minizinc/std/element.mzn'
processing file '/mnt/HDD/elenzi/Dovier/MiniZincIDE-2.5.3-bundle-linux-x86_64/share/minizinc/std/element_set.mzn'
processing file '/mnt/HDD/elenzi/Dovier/MiniZincIDE-2.5.3-bundle-linux-x86_64/share/minizinc/std/element_int.mzn'
processing file '/mnt/HDD/elenzi/Dovier/MiniZincIDE-2.5.3-bundle-linux-x86_64/share/minizinc/std/element_float.mzn'
processing file '/mnt/HDD/elenzi/Dovier/MiniZincIDE-2.5.3-bundle-linux-x86_64/share/minizinc/std/element_bool.mzn'
processing file '/mnt/HDD/elenzi/Dovier/MiniZincIDE-2.5.3-bundle-linux-x86_64/share/minizinc/std/distribute_fn.mzn'
processing file '/mnt/HDD/elenzi/Dovier/MiniZincIDE-2.5.3-bundle-linux-x86_64/share/minizinc/std/distribute.mzn'
processing file '/mnt/HDD/elenzi/Dovier/MiniZincIDE-2.5.3-bundle-linux-x86_64/share/minizinc/std/fzn_distribute_reif.mzn'
processing file '/mnt/HDD/elenzi/Dovier/MiniZincIDE-2.5.3-bundle-linux-x86_64/share/minizinc/std/fzn_distribute.mzn'
processing file '/mnt/HDD/elenzi/Dovier/MiniZincIDE-2.5.3-bundle-linux-x86_64/share/minizinc/std/disjunctive_strict_opt.mzn'
processing file '/mnt/HDD/elenzi/Dovier/MiniZincIDE-2.5.3-bundle-linux-x86_64/share/minizinc/std/fzn_disjunctive_strict_opt_reif.mzn'
processing file '/mnt/HDD/elenzi/Dovier/MiniZincIDE-2.5.3-bundle-linux-x86_64/share/minizinc/std/fzn_disjunctive_strict_opt.mzn'
processing file '/mnt/HDD/elenzi/Dovier/MiniZincIDE-2.5.3-bundle-linux-x86_64/share/minizinc/std/disjunctive_opt.mzn'
processing file '/mnt/HDD/elenzi/Dovier/MiniZincIDE-2.5.3-bundle-linux-x86_64/share/minizinc/std/fzn_disjunctive_opt_reif.mzn'
processing file '/mnt/HDD/elenzi/Dovier/MiniZincIDE-2.5.3-bundle-linux-x86_64/share/minizinc/std/fzn_disjunctive_opt.mzn'
processing file '/mnt/HDD/elenzi/Dovier/MiniZincIDE-2.5.3-bundle-linux-x86_64/share/minizinc/std/disjunctive_strict.mzn'
processing file '/mnt/HDD/elenzi/Dovier/MiniZincIDE-2.5.3-bundle-linux-x86_64/share/minizinc/std/fzn_disjunctive_strict_reif.mzn'
processing file '/mnt/HDD/elenzi/Dovier/MiniZincIDE-2.5.3-bundle-linux-x86_64/share/minizinc/gecode//fzn_disjunctive_strict.mzn'
processing file '/mnt/HDD/elenzi/Dovier/MiniZincIDE-2.5.3-bundle-linux-x86_64/share/minizinc/gecode//fzn_cumulative.mzn'
processing file '/mnt/HDD/elenzi/Dovier/MiniZincIDE-2.5.3-bundle-linux-x86_64/share/minizinc/std/disjunctive.mzn'
processing file '/mnt/HDD/elenzi/Dovier/MiniZincIDE-2.5.3-bundle-linux-x86_64/share/minizinc/std/fzn_disjunctive_reif.mzn'
processing file '/mnt/HDD/elenzi/Dovier/MiniZincIDE-2.5.3-bundle-linux-x86_64/share/minizinc/std/fzn_disjunctive.mzn'
processing file '/mnt/HDD/elenzi/Dovier/MiniZincIDE-2.5.3-bundle-linux-x86_64/share/minizinc/std/disjoint.mzn'
processing file '/mnt/HDD/elenzi/Dovier/MiniZincIDE-2.5.3-bundle-linux-x86_64/share/minizinc/std/fzn_disjoint_reif.mzn'
processing file '/mnt/HDD/elenzi/Dovier/MiniZincIDE-2.5.3-bundle-linux-x86_64/share/minizinc/gecode//fzn_disjoint.mzn'
processing file '/mnt/HDD/elenzi/Dovier/MiniZincIDE-2.5.3-bundle-linux-x86_64/share/minizinc/std/diffn_nonstrict_k.mzn'
processing file '/mnt/HDD/elenzi/Dovier/MiniZincIDE-2.5.3-bundle-linux-x86_64/share/minizinc/std/fzn_diffn_nonstrict_k_reif.mzn'
processing file '/mnt/HDD/elenzi/Dovier/MiniZincIDE-2.5.3-bundle-linux-x86_64/share/minizinc/std/fzn_diffn_nonstrict_k.mzn'
processing file '/mnt/HDD/elenzi/Dovier/MiniZincIDE-2.5.3-bundle-linux-x86_64/share/minizinc/std/diffn_k.mzn'
processing file '/mnt/HDD/elenzi/Dovier/MiniZincIDE-2.5.3-bundle-linux-x86_64/share/minizinc/std/fzn_diffn_k_reif.mzn'
processing file '/mnt/HDD/elenzi/Dovier/MiniZincIDE-2.5.3-bundle-linux-x86_64/share/minizinc/std/fzn_diffn_k.mzn'
processing file '/mnt/HDD/elenzi/Dovier/MiniZincIDE-2.5.3-bundle-linux-x86_64/share/minizinc/std/diffn_nonstrict.mzn'
processing file '/mnt/HDD/elenzi/Dovier/MiniZincIDE-2.5.3-bundle-linux-x86_64/share/minizinc/std/fzn_diffn_nonstrict_reif.mzn'
processing file '/mnt/HDD/elenzi/Dovier/MiniZincIDE-2.5.3-bundle-linux-x86_64/share/minizinc/std/fzn_diffn_nonstrict.mzn'
processing file '/mnt/HDD/elenzi/Dovier/MiniZincIDE-2.5.3-bundle-linux-x86_64/share/minizinc/std/diffn.mzn'
processing file '/mnt/HDD/elenzi/Dovier/MiniZincIDE-2.5.3-bundle-linux-x86_64/share/minizinc/std/fzn_diffn_reif.mzn'
processing file '/mnt/HDD/elenzi/Dovier/MiniZincIDE-2.5.3-bundle-linux-x86_64/share/minizinc/gecode//fzn_diffn.mzn'
processing file '/mnt/HDD/elenzi/Dovier/MiniZincIDE-2.5.3-bundle-linux-x86_64/share/minizinc/std/decreasing.mzn'
processing file '/mnt/HDD/elenzi/Dovier/MiniZincIDE-2.5.3-bundle-linux-x86_64/share/minizinc/std/decreasing_set.mzn'
processing file '/mnt/HDD/elenzi/Dovier/MiniZincIDE-2.5.3-bundle-linux-x86_64/share/minizinc/std/fzn_decreasing_set.mzn'
processing file '/mnt/HDD/elenzi/Dovier/MiniZincIDE-2.5.3-bundle-linux-x86_64/share/minizinc/std/decreasing_int.mzn'
processing file '/mnt/HDD/elenzi/Dovier/MiniZincIDE-2.5.3-bundle-linux-x86_64/share/minizinc/gecode//fzn_decreasing_int.mzn'
processing file '/mnt/HDD/elenzi/Dovier/MiniZincIDE-2.5.3-bundle-linux-x86_64/share/minizinc/std/decreasing_float.mzn'
processing file '/mnt/HDD/elenzi/Dovier/MiniZincIDE-2.5.3-bundle-linux-x86_64/share/minizinc/std/fzn_decreasing_float.mzn'
processing file '/mnt/HDD/elenzi/Dovier/MiniZincIDE-2.5.3-bundle-linux-x86_64/share/minizinc/std/decreasing_bool.mzn'
processing file '/mnt/HDD/elenzi/Dovier/MiniZincIDE-2.5.3-bundle-linux-x86_64/share/minizinc/std/fzn_decreasing_bool_reif.mzn'
processing file '/mnt/HDD/elenzi/Dovier/MiniZincIDE-2.5.3-bundle-linux-x86_64/share/minizinc/gecode//fzn_decreasing_bool.mzn'
processing file '/mnt/HDD/elenzi/Dovier/MiniZincIDE-2.5.3-bundle-linux-x86_64/share/minizinc/std/dag.mzn'
processing file '/mnt/HDD/elenzi/Dovier/MiniZincIDE-2.5.3-bundle-linux-x86_64/share/minizinc/std/fzn_dag_reif.mzn'
processing file '/mnt/HDD/elenzi/Dovier/MiniZincIDE-2.5.3-bundle-linux-x86_64/share/minizinc/std/fzn_dag.mzn'
processing file '/mnt/HDD/elenzi/Dovier/MiniZincIDE-2.5.3-bundle-linux-x86_64/share/minizinc/std/cumulative_opt.mzn'
processing file '/mnt/HDD/elenzi/Dovier/MiniZincIDE-2.5.3-bundle-linux-x86_64/share/minizinc/std/fzn_cumulative_opt_reif.mzn'
processing file '/mnt/HDD/elenzi/Dovier/MiniZincIDE-2.5.3-bundle-linux-x86_64/share/minizinc/std/fzn_cumulative_opt.mzn'
processing file '/mnt/HDD/elenzi/Dovier/MiniZincIDE-2.5.3-bundle-linux-x86_64/share/minizinc/std/cumulative.mzn'
processing file '/mnt/HDD/elenzi/Dovier/MiniZincIDE-2.5.3-bundle-linux-x86_64/share/minizinc/std/fzn_cumulative_reif.mzn'
processing file '/mnt/HDD/elenzi/Dovier/MiniZincIDE-2.5.3-bundle-linux-x86_64/share/minizinc/std/cost_regular.mzn'
processing file '/mnt/HDD/elenzi/Dovier/MiniZincIDE-2.5.3-bundle-linux-x86_64/share/minizinc/std/fzn_cost_regular_reif.mzn'
processing file '/mnt/HDD/elenzi/Dovier/MiniZincIDE-2.5.3-bundle-linux-x86_64/share/minizinc/std/fzn_cost_regular.mzn'
processing file '/mnt/HDD/elenzi/Dovier/MiniZincIDE-2.5.3-bundle-linux-x86_64/share/minizinc/std/cost_mdd.mzn'
processing file '/mnt/HDD/elenzi/Dovier/MiniZincIDE-2.5.3-bundle-linux-x86_64/share/minizinc/std/fzn_cost_mdd_reif.mzn'
processing file '/mnt/HDD/elenzi/Dovier/MiniZincIDE-2.5.3-bundle-linux-x86_64/share/minizinc/std/fzn_cost_mdd.mzn'
processing file '/mnt/HDD/elenzi/Dovier/MiniZincIDE-2.5.3-bundle-linux-x86_64/share/minizinc/std/connected.mzn'
processing file '/mnt/HDD/elenzi/Dovier/MiniZincIDE-2.5.3-bundle-linux-x86_64/share/minizinc/std/fzn_dconnected_reif.mzn'
processing file '/mnt/HDD/elenzi/Dovier/MiniZincIDE-2.5.3-bundle-linux-x86_64/share/minizinc/std/fzn_dconnected.mzn'
processing file '/mnt/HDD/elenzi/Dovier/MiniZincIDE-2.5.3-bundle-linux-x86_64/share/minizinc/std/fzn_connected_reif.mzn'
processing file '/mnt/HDD/elenzi/Dovier/MiniZincIDE-2.5.3-bundle-linux-x86_64/share/minizinc/std/fzn_connected.mzn'
processing file '/mnt/HDD/elenzi/Dovier/MiniZincIDE-2.5.3-bundle-linux-x86_64/share/minizinc/std/circuit.mzn'
processing file '/mnt/HDD/elenzi/Dovier/MiniZincIDE-2.5.3-bundle-linux-x86_64/share/minizinc/std/fzn_circuit_reif.mzn'
processing file '/mnt/HDD/elenzi/Dovier/MiniZincIDE-2.5.3-bundle-linux-x86_64/share/minizinc/gecode//fzn_circuit.mzn'
processing file '/mnt/HDD/elenzi/Dovier/MiniZincIDE-2.5.3-bundle-linux-x86_64/share/minizinc/std/bounded_path.mzn'
processing file '/mnt/HDD/elenzi/Dovier/MiniZincIDE-2.5.3-bundle-linux-x86_64/share/minizinc/std/fzn_bounded_dpath_enum_reif.mzn'
processing file '/mnt/HDD/elenzi/Dovier/MiniZincIDE-2.5.3-bundle-linux-x86_64/share/minizinc/std/path.mzn'
processing file '/mnt/HDD/elenzi/Dovier/MiniZincIDE-2.5.3-bundle-linux-x86_64/share/minizinc/std/fzn_dpath_enum_reif.mzn'
processing file '/mnt/HDD/elenzi/Dovier/MiniZincIDE-2.5.3-bundle-linux-x86_64/share/minizinc/std/fzn_dpath_enum.mzn'
processing file '/mnt/HDD/elenzi/Dovier/MiniZincIDE-2.5.3-bundle-linux-x86_64/share/minizinc/std/fzn_dpath_int_reif.mzn'
processing file '/mnt/HDD/elenzi/Dovier/MiniZincIDE-2.5.3-bundle-linux-x86_64/share/minizinc/std/fzn_dpath_int.mzn'
processing file '/mnt/HDD/elenzi/Dovier/MiniZincIDE-2.5.3-bundle-linux-x86_64/share/minizinc/std/fzn_path_enum_reif.mzn'
processing file '/mnt/HDD/elenzi/Dovier/MiniZincIDE-2.5.3-bundle-linux-x86_64/share/minizinc/std/fzn_path_enum.mzn'
processing file '/mnt/HDD/elenzi/Dovier/MiniZincIDE-2.5.3-bundle-linux-x86_64/share/minizinc/std/fzn_path_int_reif.mzn'
processing file '/mnt/HDD/elenzi/Dovier/MiniZincIDE-2.5.3-bundle-linux-x86_64/share/minizinc/std/fzn_path_int.mzn'
processing file '/mnt/HDD/elenzi/Dovier/MiniZincIDE-2.5.3-bundle-linux-x86_64/share/minizinc/std/fzn_bounded_dpath_enum.mzn'
processing file '/mnt/HDD/elenzi/Dovier/MiniZincIDE-2.5.3-bundle-linux-x86_64/share/minizinc/std/fzn_bounded_dpath_int_reif.mzn'
processing file '/mnt/HDD/elenzi/Dovier/MiniZincIDE-2.5.3-bundle-linux-x86_64/share/minizinc/std/fzn_bounded_dpath_int.mzn'
processing file '/mnt/HDD/elenzi/Dovier/MiniZincIDE-2.5.3-bundle-linux-x86_64/share/minizinc/std/fzn_bounded_path_enum_reif.mzn'
processing file '/mnt/HDD/elenzi/Dovier/MiniZincIDE-2.5.3-bundle-linux-x86_64/share/minizinc/std/fzn_bounded_path_enum.mzn'
processing file '/mnt/HDD/elenzi/Dovier/MiniZincIDE-2.5.3-bundle-linux-x86_64/share/minizinc/std/fzn_bounded_path_int_reif.mzn'
processing file '/mnt/HDD/elenzi/Dovier/MiniZincIDE-2.5.3-bundle-linux-x86_64/share/minizinc/std/fzn_bounded_path_int.mzn'
processing file '/mnt/HDD/elenzi/Dovier/MiniZincIDE-2.5.3-bundle-linux-x86_64/share/minizinc/std/bin_packing_load_fn.mzn'
processing file '/mnt/HDD/elenzi/Dovier/MiniZincIDE-2.5.3-bundle-linux-x86_64/share/minizinc/gecode//fzn_bin_packing_load.mzn'
processing file '/mnt/HDD/elenzi/Dovier/MiniZincIDE-2.5.3-bundle-linux-x86_64/share/minizinc/std/bin_packing_load.mzn'
processing file '/mnt/HDD/elenzi/Dovier/MiniZincIDE-2.5.3-bundle-linux-x86_64/share/minizinc/std/fzn_bin_packing_load_reif.mzn'
processing file '/mnt/HDD/elenzi/Dovier/MiniZincIDE-2.5.3-bundle-linux-x86_64/share/minizinc/std/bin_packing_capa.mzn'
processing file '/mnt/HDD/elenzi/Dovier/MiniZincIDE-2.5.3-bundle-linux-x86_64/share/minizinc/std/fzn_bin_packing_capa_reif.mzn'
processing file '/mnt/HDD/elenzi/Dovier/MiniZincIDE-2.5.3-bundle-linux-x86_64/share/minizinc/gecode//fzn_bin_packing_capa.mzn'
processing file '/mnt/HDD/elenzi/Dovier/MiniZincIDE-2.5.3-bundle-linux-x86_64/share/minizinc/std/bin_packing.mzn'
processing file '/mnt/HDD/elenzi/Dovier/MiniZincIDE-2.5.3-bundle-linux-x86_64/share/minizinc/std/fzn_bin_packing_reif.mzn'
processing file '/mnt/HDD/elenzi/Dovier/MiniZincIDE-2.5.3-bundle-linux-x86_64/share/minizinc/gecode//fzn_bin_packing.mzn'
processing file '/mnt/HDD/elenzi/Dovier/MiniZincIDE-2.5.3-bundle-linux-x86_64/share/minizinc/std/at_most1.mzn'
processing file '/mnt/HDD/elenzi/Dovier/MiniZincIDE-2.5.3-bundle-linux-x86_64/share/minizinc/std/fzn_at_most1_reif.mzn'
processing file '/mnt/HDD/elenzi/Dovier/MiniZincIDE-2.5.3-bundle-linux-x86_64/share/minizinc/std/fzn_at_most1.mzn'
processing file '/mnt/HDD/elenzi/Dovier/MiniZincIDE-2.5.3-bundle-linux-x86_64/share/minizinc/std/at_most.mzn'
processing file '/mnt/HDD/elenzi/Dovier/MiniZincIDE-2.5.3-bundle-linux-x86_64/share/minizinc/std/fzn_at_most_set_reif.mzn'
processing file '/mnt/HDD/elenzi/Dovier/MiniZincIDE-2.5.3-bundle-linux-x86_64/share/minizinc/gecode//fzn_at_most_set.mzn'
processing file '/mnt/HDD/elenzi/Dovier/MiniZincIDE-2.5.3-bundle-linux-x86_64/share/minizinc/std/fzn_at_most_int_reif.mzn'
processing file '/mnt/HDD/elenzi/Dovier/MiniZincIDE-2.5.3-bundle-linux-x86_64/share/minizinc/gecode//fzn_at_most_int.mzn'
processing file '/mnt/HDD/elenzi/Dovier/MiniZincIDE-2.5.3-bundle-linux-x86_64/share/minizinc/std/at_most.mzn.deprecated.mzn'
processing file '/mnt/HDD/elenzi/Dovier/MiniZincIDE-2.5.3-bundle-linux-x86_64/share/minizinc/std/at_most.mzn.deprecated.mzn'
processing file '/mnt/HDD/elenzi/Dovier/MiniZincIDE-2.5.3-bundle-linux-x86_64/share/minizinc/std/at_most.mzn.deprecated.mzn'
processing file '/mnt/HDD/elenzi/Dovier/MiniZincIDE-2.5.3-bundle-linux-x86_64/share/minizinc/std//at_most.mzn.deprecated.mzn'
processing file '/mnt/HDD/elenzi/Dovier/MiniZincIDE-2.5.3-bundle-linux-x86_64/share/minizinc/std/at_most.mzn.deprecated.mzn'
processing file '/mnt/HDD/elenzi/Dovier/MiniZincIDE-2.5.3-bundle-linux-x86_64/share/minizinc/std/at_most.mzn.deprecated.mzn'
processing file '/mnt/HDD/elenzi/Dovier/MiniZincIDE-2.5.3-bundle-linux-x86_64/share/minizinc/std/at_least.mzn'
processing file '/mnt/HDD/elenzi/Dovier/MiniZincIDE-2.5.3-bundle-linux-x86_64/share/minizinc/std/fzn_at_least_set_reif.mzn'
processing file '/mnt/HDD/elenzi/Dovier/MiniZincIDE-2.5.3-bundle-linux-x86_64/share/minizinc/gecode//fzn_at_least_set.mzn'
processing file '/mnt/HDD/elenzi/Dovier/MiniZincIDE-2.5.3-bundle-linux-x86_64/share/minizinc/std/fzn_at_least_int_reif.mzn'
processing file '/mnt/HDD/elenzi/Dovier/MiniZincIDE-2.5.3-bundle-linux-x86_64/share/minizinc/gecode//fzn_at_least_int.mzn'
processing file '/mnt/HDD/elenzi/Dovier/MiniZincIDE-2.5.3-bundle-linux-x86_64/share/minizinc/std/at_least.mzn.deprecated.mzn'
processing file '/mnt/HDD/elenzi/Dovier/MiniZincIDE-2.5.3-bundle-linux-x86_64/share/minizinc/std/at_least.mzn.deprecated.mzn'
processing file '/mnt/HDD/elenzi/Dovier/MiniZincIDE-2.5.3-bundle-linux-x86_64/share/minizinc/std/at_least.mzn.deprecated.mzn'
processing file '/mnt/HDD/elenzi/Dovier/MiniZincIDE-2.5.3-bundle-linux-x86_64/share/minizinc/std//at_least.mzn.deprecated.mzn'
processing file '/mnt/HDD/elenzi/Dovier/MiniZincIDE-2.5.3-bundle-linux-x86_64/share/minizinc/std/at_least.mzn.deprecated.mzn'
processing file '/mnt/HDD/elenzi/Dovier/MiniZincIDE-2.5.3-bundle-linux-x86_64/share/minizinc/std/at_least.mzn.deprecated.mzn'
processing file '/mnt/HDD/elenzi/Dovier/MiniZincIDE-2.5.3-bundle-linux-x86_64/share/minizinc/std/arg_max.mzn'
processing file '/mnt/HDD/elenzi/Dovier/MiniZincIDE-2.5.3-bundle-linux-x86_64/share/minizinc/std/arg_max_float.mzn'
processing file '/mnt/HDD/elenzi/Dovier/MiniZincIDE-2.5.3-bundle-linux-x86_64/share/minizinc/std/fzn_arg_max_float.mzn'
processing file '/mnt/HDD/elenzi/Dovier/MiniZincIDE-2.5.3-bundle-linux-x86_64/share/minizinc/std/arg_max_bool.mzn'
processing file '/mnt/HDD/elenzi/Dovier/MiniZincIDE-2.5.3-bundle-linux-x86_64/share/minizinc/gecode//fzn_arg_max_bool.mzn'
processing file '/mnt/HDD/elenzi/Dovier/MiniZincIDE-2.5.3-bundle-linux-x86_64/share/minizinc/std/arg_max_int.mzn'
processing file '/mnt/HDD/elenzi/Dovier/MiniZincIDE-2.5.3-bundle-linux-x86_64/share/minizinc/gecode//fzn_arg_max_int.mzn'
processing file '/mnt/HDD/elenzi/Dovier/MiniZincIDE-2.5.3-bundle-linux-x86_64/share/minizinc/std/arg_min.mzn'
processing file '/mnt/HDD/elenzi/Dovier/MiniZincIDE-2.5.3-bundle-linux-x86_64/share/minizinc/std/arg_min_float.mzn'
processing file '/mnt/HDD/elenzi/Dovier/MiniZincIDE-2.5.3-bundle-linux-x86_64/share/minizinc/std/fzn_arg_min_float.mzn'
processing file '/mnt/HDD/elenzi/Dovier/MiniZincIDE-2.5.3-bundle-linux-x86_64/share/minizinc/std/arg_min_bool.mzn'
processing file '/mnt/HDD/elenzi/Dovier/MiniZincIDE-2.5.3-bundle-linux-x86_64/share/minizinc/gecode//fzn_arg_min_bool.mzn'
processing file '/mnt/HDD/elenzi/Dovier/MiniZincIDE-2.5.3-bundle-linux-x86_64/share/minizinc/std/arg_min_int.mzn'
processing file '/mnt/HDD/elenzi/Dovier/MiniZincIDE-2.5.3-bundle-linux-x86_64/share/minizinc/gecode//fzn_arg_min_int.mzn'
processing file '/mnt/HDD/elenzi/Dovier/MiniZincIDE-2.5.3-bundle-linux-x86_64/share/minizinc/std/arg_sort.mzn'
processing file '/mnt/HDD/elenzi/Dovier/MiniZincIDE-2.5.3-bundle-linux-x86_64/share/minizinc/std/arg_sort_float.mzn'
processing file '/mnt/HDD/elenzi/Dovier/MiniZincIDE-2.5.3-bundle-linux-x86_64/share/minizinc/std/fzn_arg_sort_float_reif.mzn'
processing file '/mnt/HDD/elenzi/Dovier/MiniZincIDE-2.5.3-bundle-linux-x86_64/share/minizinc/std/fzn_arg_sort_float.mzn'
processing file '/mnt/HDD/elenzi/Dovier/MiniZincIDE-2.5.3-bundle-linux-x86_64/share/minizinc/std/arg_sort_int.mzn'
processing file '/mnt/HDD/elenzi/Dovier/MiniZincIDE-2.5.3-bundle-linux-x86_64/share/minizinc/std/fzn_arg_sort_int_reif.mzn'
processing file '/mnt/HDD/elenzi/Dovier/MiniZincIDE-2.5.3-bundle-linux-x86_64/share/minizinc/std/fzn_arg_sort_int.mzn'
processing file '/mnt/HDD/elenzi/Dovier/MiniZincIDE-2.5.3-bundle-linux-x86_64/share/minizinc/std/among_fn.mzn'
processing file '/mnt/HDD/elenzi/Dovier/MiniZincIDE-2.5.3-bundle-linux-x86_64/share/minizinc/gecode//fzn_among.mzn'
processing file '/mnt/HDD/elenzi/Dovier/MiniZincIDE-2.5.3-bundle-linux-x86_64/share/minizinc/std/among.mzn'
processing file '/mnt/HDD/elenzi/Dovier/MiniZincIDE-2.5.3-bundle-linux-x86_64/share/minizinc/std/fzn_among_reif.mzn'
processing file '/mnt/HDD/elenzi/Dovier/MiniZincIDE-2.5.3-bundle-linux-x86_64/share/minizinc/std/alternative.mzn'
processing file '/mnt/HDD/elenzi/Dovier/MiniZincIDE-2.5.3-bundle-linux-x86_64/share/minizinc/std/fzn_alternative_reif.mzn'
processing file '/mnt/HDD/elenzi/Dovier/MiniZincIDE-2.5.3-bundle-linux-x86_64/share/minizinc/std/fzn_alternative.mzn'
processing file '/mnt/HDD/elenzi/Dovier/MiniZincIDE-2.5.3-bundle-linux-x86_64/share/minizinc/std/all_equal.mzn'
processing file '/mnt/HDD/elenzi/Dovier/MiniZincIDE-2.5.3-bundle-linux-x86_64/share/minizinc/std/fzn_all_equal_set_reif.mzn'
processing file '/mnt/HDD/elenzi/Dovier/MiniZincIDE-2.5.3-bundle-linux-x86_64/share/minizinc/std/fzn_all_equal_set.mzn'
processing file '/mnt/HDD/elenzi/Dovier/MiniZincIDE-2.5.3-bundle-linux-x86_64/share/minizinc/std/fzn_all_equal_int_reif.mzn'
processing file '/mnt/HDD/elenzi/Dovier/MiniZincIDE-2.5.3-bundle-linux-x86_64/share/minizinc/gecode//fzn_all_equal_int.mzn'
processing file '/mnt/HDD/elenzi/Dovier/MiniZincIDE-2.5.3-bundle-linux-x86_64/share/minizinc/std/all_disjoint.mzn'
processing file '/mnt/HDD/elenzi/Dovier/MiniZincIDE-2.5.3-bundle-linux-x86_64/share/minizinc/std/fzn_all_disjoint_reif.mzn'
processing file '/mnt/HDD/elenzi/Dovier/MiniZincIDE-2.5.3-bundle-linux-x86_64/share/minizinc/std/fzn_all_disjoint.mzn'
processing file '/mnt/HDD/elenzi/Dovier/MiniZincIDE-2.5.3-bundle-linux-x86_64/share/minizinc/std/alldifferent_except_0.mzn'
processing file '/mnt/HDD/elenzi/Dovier/MiniZincIDE-2.5.3-bundle-linux-x86_64/share/minizinc/std/fzn_alldifferent_except_0_reif.mzn'
processing file '/mnt/HDD/elenzi/Dovier/MiniZincIDE-2.5.3-bundle-linux-x86_64/share/minizinc/std/alldifferent_except.mzn'
processing file '/mnt/HDD/elenzi/Dovier/MiniZincIDE-2.5.3-bundle-linux-x86_64/share/minizinc/std/fzn_alldifferent_except_reif.mzn'
processing file '/mnt/HDD/elenzi/Dovier/MiniZincIDE-2.5.3-bundle-linux-x86_64/share/minizinc/std/fzn_alldifferent_except.mzn'
processing file '/mnt/HDD/elenzi/Dovier/MiniZincIDE-2.5.3-bundle-linux-x86_64/share/minizinc/gecode//fzn_alldifferent_except_0.mzn'
processing file '/mnt/HDD/elenzi/Dovier/MiniZincIDE-2.5.3-bundle-linux-x86_64/share/minizinc/std/all_different.mzn'
processing file '/mnt/HDD/elenzi/Dovier/MiniZincIDE-2.5.3-bundle-linux-x86_64/share/minizinc/std/fzn_all_different_set_reif.mzn'
processing file '/mnt/HDD/elenzi/Dovier/MiniZincIDE-2.5.3-bundle-linux-x86_64/share/minizinc/std/fzn_all_different_set.mzn'
processing file '/mnt/HDD/elenzi/Dovier/MiniZincIDE-2.5.3-bundle-linux-x86_64/share/minizinc/std/fzn_all_different_int_reif.mzn'
processing file '/mnt/HDD/elenzi/Dovier/MiniZincIDE-2.5.3-bundle-linux-x86_64/share/minizinc/gecode//fzn_all_different_int.mzn'
processing data file '/mnt/HDD/elenzi/Dovier/AR-Knights_Tour/assets/logs/0_12x12_minizinc/database.dzn'
 done parsing (0.04 s)
Flattening ...
	CompilePass: Flatten with '/mnt/HDD/elenzi/Dovier/MiniZincIDE-2.5.3-bundle-linux-x86_64/share/minizinc/gecode/' library ...
MIP domains ... done (1.87 s)
Optimizing ... done (1.98 s)
Converting to old FlatZinc ... done (2.14 s)
 done (2.14 s)
 done (2.18 s), max stack depth 16
Maximum memory 53 Mbytes.
      % SOLVING PHASE
FZN solver plugin, compiled  Nov 24 2020  23:00:32
Using FZN solver /mnt/HDD/elenzi/Dovier/MiniZincIDE-2.5.3-bundle-linux-x86_64/bin/fzn-gecode for solving, parameters: -a -p 8 -t 300000 
Warning, replacing unsupported annotation indomain_middle with indomain_median
Warning, ignored search annotation: impact
Warning, ignored search annotation: outdomain_max
Warning, replacing unsupported annotation indomain_interval with indomain_split
Warning, replacing unsupported annotation indomain_interval with indomain_split
[[73,83,84,95,96,99,1,102,105,106,1,110
86,89,75,85,82,100,94,101,1,76,35,0
81,71,93,98,97,38,80,107,104,103,108,39
91,88,87,77,42,92,27,36,78,37,74,33
28,79,69,90,1,34,40,47,109,31,41,0
19,48,30,44,22,25,51,29,43,16,62,72
0,26,21,67,32,11,45,18,49,55,1,14
50,17,46,24,23,20,0,53,10,60,70,64
0,1,65,54,13,6,9,58,57,66,12,3
0,52,15,4,63,56,0,8,7,0,0,68
0,2,0,1,0,0,0,59,0,0,5,0
0,0,1,0,0,61,0,0,0,0,0,0]]
----------
[[73,83,84,95,96,99,1,102,105,106,1,110
86,89,75,81,82,100,94,101,1,112,107,116
85,71,93,98,97,79,80,39,104,103,108,38
91,88,87,77,46,92,43,33,47,40,114,109
52,23,69,90,1,78,37,42,41,30,36,0
19,20,54,48,67,44,31,45,35,49,111,32
25,50,21,22,29,58,76,55,28,34,1,51
18,17,27,56,14,65,26,60,59,53,66,113
4,1,16,10,24,74,57,63,64,70,0,3
15,0,6,0,0,12,62,72,0,61,115,68
0,2,13,1,8,0,9,0,0,0,5,0
0,0,1,0,11,0,0,0,7,0,0,0]]
----------
[[73,83,84,95,96,99,1,102,105,106,1,110
82,89,75,81,86,100,94,101,1,112,107,117
85,71,93,98,97,79,65,66,104,103,108,62
91,80,87,77,67,88,74,92,114,64,115,109
29,34,69,78,1,35,28,63,68,111,60,0
22,17,31,32,26,76,90,72,43,116,47,113
36,27,24,15,33,30,37,14,61,70,1,58
19,20,38,25,42,16,46,41,50,45,118,49
4,1,21,18,13,39,9,0,12,59,56,3
0,0,6,40,23,44,10,48,7,52,51,57
0,2,0,1,8,11,0,0,0,55,5,54
0,0,1,0,0,0,0,0,0,0,0,53]]
----------
[[73,83,84,95,96,99,1,102,105,106,1,110
82,89,75,81,86,100,94,101,1,112,107,120
85,71,93,98,97,79,65,70,104,103,108,66
91,80,87,77,67,88,74,92,114,68,118,109
33,38,69,78,1,39,32,63,72,43,64,0
26,21,35,36,30,76,90,41,50,116,111,49
40,31,28,19,37,34,61,18,45,51,1,62
23,24,42,29,14,20,15,48,11,52,47,113
4,1,25,22,17,46,16,59,53,115,60,3
0,0,6,44,27,12,55,13,58,9,54,117
0,2,0,1,8,0,0,0,57,0,5,0
0,0,1,0,0,0,10,0,7,56,119,0]]
----------
[[73,83,80,95,96,99,1,102,105,106,1,110
82,89,75,81,78,100,94,101,1,112,107,121
85,71,93,98,97,79,65,70,104,103,108,62
91,84,87,77,67,76,59,92,114,64,119,109
29,34,69,86,1,38,72,63,68,111,60,0
30,24,31,36,74,61,90,57,42,116,66,117
33,27,32,26,88,39,40,43,113,47,1,58
22,28,35,16,15,0,55,12,118,44,115,49
25,1,20,19,37,14,41,46,45,51,56,3
0,0,23,13,18,17,10,53,7,120,50,0
0,2,0,1,21,6,9,0,48,54,5,0
0,0,1,4,11,0,0,8,0,0,122,52]]
----------
[[73,83,84,95,96,99,1,102,105,106,1,110
82,89,75,81,86,100,94,101,1,112,107,124
85,71,93,98,97,79,65,66,104,103,108,62
91,80,87,77,67,88,74,92,114,64,122,109
33,38,69,78,1,42,41,63,68,111,60,0
27,24,31,40,39,76,90,72,47,116,51,120
36,35,25,22,44,43,61,19,113,70,1,58
26,29,34,37,30,21,18,45,50,49,118,53
4,1,28,23,20,46,17,59,16,115,56,3
0,0,6,32,10,13,14,48,7,52,55,117
0,2,0,1,0,123,9,15,57,119,5,54
0,0,1,8,11,12,0,121,0,0,0,0]]
----------
[[73,83,84,94,97,98,1,102,101,106,1,107
86,89,75,81,82,92,99,108,1,105,74,68
85,71,88,95,96,79,100,103,104,70,109,126
91,57,87,77,90,80,62,56,110,76,66,72
69,63,93,59,1,58,112,78,64,111,124,0
55,32,38,65,35,29,39,60,54,25,43,113
36,67,61,26,20,114,33,27,41,50,1,122
30,53,34,40,31,37,22,52,23,45,115,17
4,1,28,51,24,18,116,47,48,19,120,3
10,0,6,16,42,49,46,21,118,9,15,117
0,2,12,1,0,123,0,0,0,119,5,11
0,8,1,125,14,44,0,121,7,13,0,0]]
----------
[[73,83,84,94,97,98,1,102,101,106,1,107
86,89,75,81,82,92,99,108,1,105,74,68
85,71,88,95,96,79,100,103,104,70,109,127
91,57,87,77,90,80,62,56,110,76,66,72
69,63,93,59,1,58,112,78,64,111,125,0
55,33,38,65,39,32,46,60,54,28,50,113
0,67,61,35,36,114,41,30,48,23,1,123
47,53,31,40,43,37,34,44,26,52,115,21
4,1,45,51,29,42,116,18,25,19,121,3
10,49,6,120,14,124,27,24,7,117,11,17
0,2,12,1,0,118,16,126,20,15,5,119
0,8,1,0,122,128,22,0,0,9,0,13]]
----------
   Done (overall time 302.73 s).
