
-------------------------------------------------
| 74| 84| 83| 96| 95|100| 99| 92|103|104|107|108|
-------------------------------------------------
| 80| 79| 76| 86| 85| 94| 93|102|109|110| 65|118|
-------------------------------------------------
|  0| 72| 82| 81| 98| 97| 90|101|  1|105|106|117|
-------------------------------------------------
| 77| 78|  1| 87| 88| 91| 32|111|112| 67|116| 63|
-------------------------------------------------
| 31| 25| 70| 37| 30| 36| 26| 69| 22| 44|115|  0|
-------------------------------------------------
| 68| 75| 33| 27| 89| 71| 20| 34|113|114| 61| 46|
-------------------------------------------------
| 23| 29| 39| 73| 35| 28| 38| 24| 42| 13|  2|  9|
-------------------------------------------------
| 41| 66| 21| 47| 12| 18| 17|  3|  8|  7| 48| 59|
-------------------------------------------------
|  0| 49| 43| 16| 19| 53| 10| 40| 15| 57| 11|  4|
-------------------------------------------------
|  0|  0| 64| 51| 45| 14| 56| 55|  5|  6|  0| 50|
-------------------------------------------------
|  0|  0|  0|  0|  0| 60|  0|  0| 54|  0|  0|  0|
-------------------------------------------------
|  1|  1|  1| 62|  0|  0|  0| 58|  0|  0| 52|  0|
-------------------------------------------------

| n = 12 | k = 5 | coverage = 122, 84.72222222222223%
 Time 302.81
 Name 18_12x12_minizinc

