
-----------------------------------------
| 51| 57| 60| 66| 67| 70| 71| 74| 75| 78|
-----------------------------------------
| 58| 48| 53| 59| 62| 63| 77| 80|  1| 91|
-----------------------------------------
| 55| 49| 64| 65| 68| 69| 72| 73| 76|  1|
-----------------------------------------
| 46| 56| 50| 40| 61| 39| 82| 79| 89|  1|
-----------------------------------------
| 47| 26| 44| 54| 27| 38| 23| 37| 19| 81|
-----------------------------------------
| 22| 52| 45| 36| 42| 84| 41| 83|  0| 87|
-----------------------------------------
| 28| 34| 24| 29| 43| 25|  3| 21| 35| 17|
-----------------------------------------
|  6| 20| 10| 32| 86| 31| 14| 11| 85| 92|
-----------------------------------------
|  0| 30|  4| 18| 12|  5| 88| 33| 15|  9|
-----------------------------------------
|  2|  8|  1|  1|  0| 16| 13|  7| 90|  1|
-----------------------------------------

| n = 10 | k = 6 | coverage = 97, 97.0%
 Time 301.26
 Name 4_10x10_minizinc

