
-----------------------------------------
| 51| 58|  1| 65| 68| 62| 71| 74| 83|  0|
-----------------------------------------
|  0| 52| 53| 60| 69| 63| 70| 64| 73|  0|
-----------------------------------------
| 56| 49| 67|  1| 55| 66| 76|  2| 72| 81|
-----------------------------------------
| 50| 27| 54| 31| 30| 24| 61| 75|  1| 20|
-----------------------------------------
| 47| 33| 28| 57|  3| 78|  4| 22| 79| 13|
-----------------------------------------
| 25| 48| 29| 32| 26| 59| 77| 15| 18|  8|
-----------------------------------------
| 35| 45| 23|  5| 19| 34| 80|  6| 11| 38|
-----------------------------------------
|  0|  1| 46| 39|  1|  7| 17| 36| 10| 16|
-----------------------------------------
| 43| 37|  0| 21| 44| 82| 12|  9| 40|  1|
-----------------------------------------
|  0|  0| 41|  0|  0|  0| 42| 84| 14|  0|
-----------------------------------------

| n = 10 | k = 6 | coverage = 89, 89.0%
 Time 301.27
 Name 11_10x10_minizinc

