
-----------------------------------------
| 50| 56| 61| 60| 69| 72| 73| 76| 66|  1|
-----------------------------------------
| 59|  2| 48| 54| 63|  1| 64| 70| 75| 78|
-----------------------------------------
|  1| 52| 58| 67| 62| 71| 74| 80|  1| 68|
-----------------------------------------
| 51| 57|  4| 46| 47| 65| 43| 77|  3| 81|
-----------------------------------------
| 38| 44| 49| 55| 41|  1| 82| 83|  1| 35|
-----------------------------------------
| 88| 53| 40|  6| 84| 45| 39| 33| 79|  5|
-----------------------------------------
| 42| 36| 86| 32| 29| 28| 85| 24| 37| 15|
-----------------------------------------
|  0| 14|  8| 25| 87| 21| 31| 13|  7| 22|
-----------------------------------------
| 10|  0| 34| 16| 30| 27| 26| 20| 17| 11|
-----------------------------------------
|  0|  1| 12|  0| 23| 18| 19|  9|  0|  0|
-----------------------------------------

| n = 10 | k = 7 | coverage = 94, 94.0%
 Time 301.22
 Name 15_10x10_minizinc

