
---------------------------------
| 33| 38| 41| 46| 45| 42| 49|  2|
---------------------------------
| 39| 48| 35| 40| 34| 53| 30|  0|
---------------------------------
| 25| 31| 36| 43| 44| 47|  4| 51|
---------------------------------
| 50| 37| 23| 29| 55| 32|  3| 28|
---------------------------------
| 21| 27| 52| 14|  5| 26|  1|  6|
---------------------------------
| 54|  1| 19| 20| 15|  9|  1| 24|
---------------------------------
|  0|  1| 12|  7| 16| 22|  8| 11|
---------------------------------
|  0| 56| 18| 17| 10| 13|  1|  0|
---------------------------------

| n = 8 | k = 5 | coverage = 60, 93.75%
 Time 300.49
 Name 18_8x8_minizinc

