
---------------------------------------------------------
| 99|113|112|129|132|133|  1|137|136|126|143|142|155|  0|
---------------------------------------------------------
|109|108| 97|115|114|127|134|128|122|139|138|147| 94|144|
---------------------------------------------------------
| 95|101|111|110|131|130|135|118|123|145|124|141|140|153|
---------------------------------------------------------
|  0|107|106|  1|117|116|125| 51| 50|120|149| 96|146| 92|
---------------------------------------------------------
|  4| 93|103| 57| 47| 53| 52|121| 44| 98| 48| 58|151| 38|
---------------------------------------------------------
|105| 59|  2|104| 41|119| 49|100| 54| 60| 42| 36| 90|148|
---------------------------------------------------------
| 63|  6| 91| 45| 55|102| 39|  1| 35| 46| 56| 62| 40| 30|
---------------------------------------------------------
| 25| 71| 61| 67| 70| 43| 33| 24|  1| 64| 34| 28|150| 88|
---------------------------------------------------------
|  8| 65| 27| 89|  1| 22| 68| 37| 80| 26| 84|  9| 32|154|
---------------------------------------------------------
| 73| 23| 69| 72| 18| 31|  1| 15| 66| 11|  0|152| 86|  3|
---------------------------------------------------------
|  0| 10| 75| 29| 87| 17| 20| 78|  0| 82|  7|  0|156|  0|
---------------------------------------------------------
| 77|  0| 21| 16| 74|  0| 85|  0| 13|  0|  0|  0|  5|  0|
---------------------------------------------------------
|  0|  0| 12| 81| 19|  0| 76|  0|  0|  0|  1|  0|  0|  0|
---------------------------------------------------------
|  0| 79|  0|  0| 14| 83|  0|  0|  0|  0|  0|  0|  0|  0|
---------------------------------------------------------

| n = 14 | k = 7 | coverage = 162, 82.65306122448979%
 Time 305.55
 Name 0_14x14_minizinc

