clingo version 5.4.0
Reading from ...ts/logs/4_10x10_clingo/knights_tour.lp ...
Solving...
Answer: 1
occ(1,4,10) occ(1,10,4) occ(1,3,10) occ(1,10,10) occ(1,10,3) occ(1,2,9) occ(2,10,1) occ(3,7,7) coverage(6)
Optimization: -6
Answer: 2
occ(1,4,10) occ(1,10,4) occ(1,3,10) occ(1,10,10) occ(1,10,3) occ(1,2,9) occ(2,10,1) occ(3,7,7) coverage(7) occ(18,1,8) occ(26,1,6) occ(36,1,1) occ(76,1,3) occ(16,2,6) occ(20,2,10) occ(24,2,8) occ(28,2,4) occ(38,2,3) occ(70,2,7) occ(74,2,5) occ(78,2,1) occ(34,3,2) occ(40,3,1) occ(68,3,9) occ(14,4,7) occ(22,4,9) occ(30,4,5) occ(72,4,6) occ(32,5,3) occ(42,5,2) occ(52,5,9) occ(66,5,10) occ(12,6,8) occ(50,6,7) occ(44,7,1) occ(48,7,5) occ(54,7,10) occ(64,7,9) occ(10,8,9) occ(46,8,3) occ(56,8,8) occ(60,8,10) occ(4,9,3) occ(8,9,7) occ(62,9,8) occ(6,10,5) occ(58,10,9)
Optimization: -7
Answer: 3
occ(1,4,10) occ(1,10,4) occ(1,3,10) occ(1,10,10) occ(1,10,3) occ(1,2,9) occ(2,10,1) occ(3,7,7) coverage(9) occ(18,1,8) occ(26,1,6) occ(36,1,1) occ(68,1,5) occ(76,1,3) occ(16,2,6) occ(20,2,10) occ(24,2,8) occ(28,2,4) occ(38,2,3) occ(70,2,7) occ(74,2,5) occ(78,2,1) occ(34,3,2) occ(40,3,1) occ(66,3,6) occ(14,4,7) occ(22,4,9) occ(30,4,5) occ(72,4,6) occ(32,5,3) occ(42,5,2) occ(52,5,9) occ(64,5,5) occ(12,6,8) occ(44,6,4) occ(62,6,7) occ(46,7,6) occ(50,7,10) occ(54,7,8) occ(60,7,9) occ(10,8,9) occ(48,8,8) occ(56,8,10) occ(4,9,3) occ(5,9,6) occ(8,9,7) occ(58,9,8) occ(6,10,5) occ(7,10,8)
Optimization: -9
Answer: 4
occ(1,4,10) occ(1,10,4) occ(1,3,10) occ(1,10,10) occ(1,10,3) occ(1,2,9) occ(2,10,1) occ(3,7,7) coverage(11) occ(18,1,8) occ(26,1,6) occ(36,1,1) occ(76,1,3) occ(16,2,6) occ(20,2,10) occ(24,2,8) occ(28,2,4) occ(38,2,3) occ(74,2,5) occ(78,2,1) occ(34,3,2) occ(40,3,1) occ(14,4,7) occ(22,4,9) occ(30,4,5) occ(72,4,4) occ(32,5,3) occ(42,5,2) occ(52,5,9) occ(12,6,8) occ(50,6,7) occ(70,6,3) occ(44,7,1) occ(48,7,5) occ(54,7,8) occ(60,7,9) occ(10,8,9) occ(46,8,3) occ(56,8,10) occ(62,8,7) occ(68,8,2) occ(4,9,3) occ(5,9,6) occ(8,9,7) occ(9,9,10) occ(58,9,8) occ(66,9,4) occ(6,10,5) occ(7,10,8) occ(64,10,6)
Optimization: -11
Answer: 5
occ(1,4,10) occ(1,10,4) occ(1,3,10) occ(1,10,10) occ(1,10,3) occ(1,2,9) occ(2,10,1) occ(3,7,7) coverage(13) occ(11,1,9) occ(18,1,8) occ(26,1,6) occ(36,1,1) occ(76,1,3) occ(9,2,7) occ(16,2,6) occ(20,2,10) occ(24,2,8) occ(28,2,4) occ(38,2,3) occ(74,2,5) occ(78,2,1) occ(34,3,2) occ(40,3,1) occ(7,4,8) occ(14,4,7) occ(22,4,9) occ(30,4,5) occ(72,4,4) occ(32,5,3) occ(42,5,2) occ(52,5,9) occ(5,6,9) occ(12,6,8) occ(50,6,7) occ(70,6,3) occ(44,7,1) occ(48,7,5) occ(54,7,8) occ(60,7,9) occ(10,8,9) occ(46,8,3) occ(56,8,10) occ(62,8,7) occ(68,8,2) occ(4,9,3) occ(8,9,7) occ(58,9,8) occ(66,9,4) occ(6,10,5) occ(64,10,6)
Optimization: -13
Answer: 6
occ(1,4,10) occ(1,10,4) occ(1,3,10) occ(1,10,10) occ(1,10,3) occ(1,2,9) occ(2,10,1) occ(3,7,7) coverage(15) occ(18,1,8) occ(26,1,6) occ(36,1,1) occ(76,1,3) occ(16,2,6) occ(20,2,10) occ(24,2,8) occ(28,2,4) occ(38,2,3) occ(74,2,5) occ(78,2,1) occ(34,3,2) occ(40,3,1) occ(14,4,7) occ(22,4,9) occ(30,4,5) occ(72,4,4) occ(32,5,3) occ(42,5,2) occ(52,5,9) occ(5,6,9) occ(12,6,8) occ(50,6,7) occ(70,6,3) occ(44,7,1) occ(48,7,5) occ(54,7,8) occ(60,7,9) occ(7,8,8) occ(10,8,9) occ(46,8,3) occ(56,8,10) occ(62,8,7) occ(68,8,2) occ(4,9,3) occ(8,9,7) occ(9,9,10) occ(13,9,6) occ(58,9,8) occ(66,9,4) occ(6,10,5) occ(11,10,8) occ(64,10,6)
Optimization: -15
Answer: 7
occ(1,4,10) occ(1,10,4) occ(1,3,10) occ(1,10,10) occ(1,10,3) occ(1,2,9) occ(2,10,1) occ(3,7,7) coverage(17) occ(18,1,8) occ(26,1,6) occ(36,1,1) occ(76,1,3) occ(16,2,6) occ(20,2,10) occ(24,2,8) occ(28,2,4) occ(38,2,3) occ(74,2,5) occ(78,2,1) occ(34,3,2) occ(40,3,1) occ(14,4,7) occ(22,4,9) occ(30,4,5) occ(72,4,4) occ(32,5,3) occ(42,5,2) occ(52,5,9) occ(12,6,8) occ(50,6,7) occ(70,6,3) occ(13,7,10) occ(44,7,1) occ(48,7,5) occ(54,7,8) occ(60,7,9) occ(10,8,9) occ(11,8,8) occ(46,8,3) occ(56,8,10) occ(62,8,7) occ(68,8,2) occ(4,9,3) occ(5,9,6) occ(8,9,7) occ(9,9,10) occ(15,9,9) occ(58,9,8) occ(66,9,4) occ(6,10,5) occ(7,10,8) occ(64,10,6)
Optimization: -17
Answer: 8
occ(1,4,10) occ(1,10,4) occ(1,3,10) occ(1,10,10) occ(1,10,3) occ(1,2,9) occ(2,10,1) occ(3,7,7) coverage(19) occ(18,1,8) occ(26,1,6) occ(36,1,1) occ(76,1,3) occ(16,2,6) occ(20,2,10) occ(24,2,8) occ(28,2,4) occ(38,2,3) occ(74,2,5) occ(78,2,1) occ(34,3,2) occ(40,3,1) occ(14,4,7) occ(22,4,9) occ(30,4,5) occ(72,4,4) occ(32,5,3) occ(42,5,2) occ(52,5,9) occ(12,6,8) occ(50,6,7) occ(70,6,3) occ(13,7,10) occ(44,7,1) occ(48,7,5) occ(54,7,8) occ(60,7,9) occ(10,8,9) occ(11,8,8) occ(46,8,3) occ(56,8,10) occ(62,8,7) occ(68,8,2) occ(4,9,3) occ(5,9,6) occ(8,9,7) occ(9,9,10) occ(15,9,9) occ(58,9,8) occ(66,9,4) occ(6,10,5) occ(7,10,8) occ(17,10,7) occ(64,10,6)
Optimization: -19
Answer: 9
occ(1,4,10) occ(1,10,4) occ(1,3,10) occ(1,10,10) occ(1,10,3) occ(1,2,9) occ(2,10,1) occ(3,7,7) coverage(21) occ(18,1,8) occ(26,1,6) occ(36,1,1) occ(76,1,3) occ(16,2,6) occ(20,2,10) occ(24,2,8) occ(28,2,4) occ(38,2,3) occ(74,2,5) occ(78,2,1) occ(34,3,2) occ(40,3,1) occ(14,4,7) occ(22,4,9) occ(30,4,5) occ(72,4,4) occ(32,5,3) occ(42,5,2) occ(52,5,9) occ(12,6,8) occ(50,6,7) occ(70,6,3) occ(13,7,10) occ(44,7,1) occ(48,7,5) occ(54,7,8) occ(60,7,9) occ(10,8,9) occ(11,8,8) occ(46,8,3) occ(56,8,10) occ(62,8,7) occ(68,8,2) occ(4,9,3) occ(5,9,6) occ(8,9,7) occ(9,9,10) occ(15,9,9) occ(19,9,5) occ(58,9,8) occ(66,9,4) occ(6,10,5) occ(7,10,8) occ(17,10,7) occ(64,10,6)
Optimization: -21
Answer: 10
occ(1,4,10) occ(1,10,4) occ(1,3,10) occ(1,10,10) occ(1,10,3) occ(1,2,9) occ(2,10,1) occ(3,7,7) coverage(23) occ(18,1,8) occ(26,1,6) occ(36,1,1) occ(76,1,3) occ(16,2,6) occ(20,2,10) occ(24,2,8) occ(28,2,4) occ(38,2,3) occ(74,2,5) occ(78,2,1) occ(34,3,2) occ(40,3,1) occ(14,4,7) occ(22,4,9) occ(30,4,5) occ(72,4,4) occ(32,5,3) occ(42,5,2) occ(52,5,9) occ(12,6,8) occ(50,6,7) occ(70,6,3) occ(13,7,10) occ(21,7,6) occ(44,7,1) occ(48,7,5) occ(54,7,8) occ(60,7,9) occ(10,8,9) occ(11,8,8) occ(46,8,3) occ(56,8,10) occ(62,8,7) occ(68,8,2) occ(4,9,3) occ(5,9,6) occ(8,9,7) occ(9,9,10) occ(15,9,9) occ(19,9,5) occ(58,9,8) occ(66,9,4) occ(6,10,5) occ(7,10,8) occ(17,10,7) occ(64,10,6)
Optimization: -23
Answer: 11
occ(1,4,10) occ(1,10,4) occ(1,3,10) occ(1,10,10) occ(1,10,3) occ(1,2,9) occ(2,10,1) occ(3,7,7) coverage(25) occ(18,1,8) occ(26,1,6) occ(36,1,1) occ(76,1,3) occ(16,2,6) occ(20,2,10) occ(24,2,8) occ(28,2,4) occ(38,2,3) occ(74,2,5) occ(78,2,1) occ(34,3,2) occ(40,3,1) occ(14,4,7) occ(22,4,9) occ(30,4,5) occ(72,4,4) occ(32,5,3) occ(42,5,2) occ(52,5,9) occ(12,6,8) occ(23,6,2) occ(50,6,7) occ(70,6,3) occ(13,7,10) occ(21,7,4) occ(44,7,1) occ(48,7,5) occ(54,7,8) occ(60,7,9) occ(10,8,9) occ(11,8,8) occ(46,8,3) occ(56,8,10) occ(62,8,7) occ(68,8,2) occ(4,9,3) occ(5,9,6) occ(8,9,7) occ(9,9,10) occ(15,9,9) occ(19,9,5) occ(58,9,8) occ(66,9,4) occ(6,10,5) occ(7,10,8) occ(17,10,7) occ(64,10,6)
Optimization: -25
Answer: 12
occ(1,4,10) occ(1,10,4) occ(1,3,10) occ(1,10,10) occ(1,10,3) occ(1,2,9) occ(2,10,1) occ(3,7,7) coverage(27) occ(18,1,8) occ(26,1,6) occ(36,1,1) occ(76,1,3) occ(16,2,6) occ(20,2,10) occ(24,2,8) occ(28,2,4) occ(38,2,3) occ(74,2,5) occ(78,2,1) occ(25,3,6) occ(34,3,2) occ(40,3,1) occ(14,4,7) occ(22,4,9) occ(30,4,5) occ(72,4,4) occ(23,5,5) occ(32,5,3) occ(42,5,2) occ(52,5,9) occ(12,6,8) occ(50,6,7) occ(70,6,3) occ(13,7,10) occ(21,7,6) occ(44,7,1) occ(48,7,5) occ(54,7,8) occ(60,7,9) occ(10,8,9) occ(11,8,8) occ(46,8,3) occ(56,8,10) occ(62,8,7) occ(68,8,2) occ(4,9,3) occ(5,9,6) occ(8,9,7) occ(9,9,10) occ(15,9,9) occ(19,9,5) occ(58,9,8) occ(66,9,4) occ(6,10,5) occ(7,10,8) occ(17,10,7) occ(64,10,6)
Optimization: -27
Answer: 13
occ(1,4,10) occ(1,10,4) occ(1,3,10) occ(1,10,10) occ(1,10,3) occ(1,2,9) occ(2,10,1) occ(3,7,7) coverage(29) occ(18,1,8) occ(26,1,6) occ(36,1,1) occ(76,1,3) occ(16,2,6) occ(20,2,10) occ(24,2,8) occ(27,2,2) occ(28,2,4) occ(38,2,3) occ(74,2,5) occ(78,2,1) occ(34,3,2) occ(40,3,1) occ(14,4,7) occ(22,4,9) occ(25,4,3) occ(30,4,5) occ(72,4,4) occ(23,5,5) occ(32,5,3) occ(42,5,2) occ(52,5,9) occ(12,6,8) occ(50,6,7) occ(70,6,3) occ(13,7,10) occ(21,7,6) occ(44,7,1) occ(48,7,5) occ(54,7,8) occ(60,7,9) occ(10,8,9) occ(11,8,8) occ(46,8,3) occ(56,8,10) occ(62,8,7) occ(68,8,2) occ(4,9,3) occ(5,9,6) occ(8,9,7) occ(9,9,10) occ(15,9,9) occ(19,9,5) occ(58,9,8) occ(66,9,4) occ(6,10,5) occ(7,10,8) occ(17,10,7) occ(64,10,6)
Optimization: -29
Answer: 14
occ(1,4,10) occ(1,10,4) occ(1,3,10) occ(1,10,10) occ(1,10,3) occ(1,2,9) occ(2,10,1) occ(3,7,7) coverage(31) occ(18,1,8) occ(26,1,6) occ(29,1,4) occ(36,1,1) occ(76,1,3) occ(16,2,6) occ(20,2,10) occ(24,2,8) occ(27,2,2) occ(28,2,4) occ(38,2,3) occ(74,2,5) occ(78,2,1) occ(25,3,4) occ(34,3,2) occ(40,3,1) occ(14,4,7) occ(22,4,9) occ(30,4,5) occ(72,4,4) occ(23,5,5) occ(32,5,3) occ(42,5,2) occ(52,5,9) occ(12,6,8) occ(50,6,7) occ(70,6,3) occ(13,7,10) occ(21,7,6) occ(44,7,1) occ(48,7,5) occ(54,7,8) occ(60,7,9) occ(10,8,9) occ(11,8,8) occ(46,8,3) occ(56,8,10) occ(62,8,7) occ(68,8,2) occ(4,9,3) occ(5,9,6) occ(8,9,7) occ(9,9,10) occ(15,9,9) occ(19,9,5) occ(58,9,8) occ(66,9,4) occ(6,10,5) occ(7,10,8) occ(17,10,7) occ(64,10,6)
Optimization: -31
Answer: 15
occ(1,4,10) occ(1,10,4) occ(1,3,10) occ(1,10,10) occ(1,10,3) occ(1,2,9) occ(2,10,1) occ(3,7,7) coverage(33) occ(18,1,8) occ(26,1,6) occ(36,1,1) occ(42,1,2) occ(76,1,3) occ(16,2,6) occ(20,2,10) occ(24,2,8) occ(28,2,4) occ(38,2,3) occ(74,2,5) occ(78,2,1) occ(34,3,2) occ(40,3,1) occ(44,3,3) occ(14,4,7) occ(22,4,9) occ(30,4,5) occ(72,4,4) occ(29,5,2) occ(32,5,3) occ(46,5,4) occ(52,5,9) occ(12,6,8) occ(23,6,2) occ(31,6,4) occ(50,6,7) occ(70,6,3) occ(13,7,10) occ(21,7,4) occ(27,7,1) occ(48,7,5) occ(54,7,8) occ(60,7,9) occ(10,8,9) occ(11,8,8) occ(25,8,3) occ(56,8,10) occ(62,8,7) occ(68,8,2) occ(4,9,3) occ(5,9,6) occ(8,9,7) occ(9,9,10) occ(15,9,9) occ(19,9,5) occ(58,9,8) occ(66,9,4) occ(6,10,5) occ(7,10,8) occ(17,10,7) occ(64,10,6)
Optimization: -33
Answer: 16
occ(1,4,10) occ(1,10,4) occ(1,3,10) occ(1,10,10) occ(1,10,3) occ(1,2,9) occ(2,10,1) occ(3,7,7) coverage(35) occ(18,1,8) occ(26,1,6) occ(36,1,1) occ(76,1,3) occ(16,2,6) occ(20,2,10) occ(24,2,8) occ(28,2,4) occ(38,2,3) occ(74,2,5) occ(78,2,1) occ(25,3,6) occ(34,3,2) occ(40,3,1) occ(14,4,7) occ(22,4,9) occ(30,4,5) occ(31,4,8) occ(72,4,4) occ(23,5,5) occ(27,5,7) occ(32,5,3) occ(33,5,10) occ(42,5,2) occ(52,5,9) occ(12,6,8) occ(29,6,9) occ(50,6,7) occ(70,6,3) occ(13,7,10) occ(21,7,6) occ(44,7,1) occ(48,7,5) occ(54,7,8) occ(60,7,9) occ(10,8,9) occ(11,8,8) occ(46,8,3) occ(56,8,10) occ(62,8,7) occ(68,8,2) occ(4,9,3) occ(5,9,6) occ(8,9,7) occ(9,9,10) occ(15,9,9) occ(19,9,5) occ(58,9,8) occ(66,9,4) occ(6,10,5) occ(7,10,8) occ(17,10,7) occ(64,10,6)
Optimization: -35
Answer: 17
occ(1,4,10) occ(1,10,4) occ(1,3,10) occ(1,10,10) occ(1,10,3) occ(1,2,9) occ(2,10,1) occ(3,7,7) coverage(37) occ(18,1,8) occ(23,1,5) occ(26,1,6) occ(35,1,9) occ(36,1,1) occ(76,1,3) occ(16,2,6) occ(20,2,10) occ(24,2,8) occ(25,2,7) occ(28,2,4) occ(38,2,3) occ(74,2,5) occ(78,2,1) occ(21,3,6) occ(33,3,8) occ(34,3,2) occ(40,3,1) occ(14,4,7) occ(22,4,9) occ(27,4,8) occ(30,4,5) occ(72,4,4) occ(19,5,5) occ(31,5,7) occ(32,5,3) occ(42,5,2) occ(52,5,9) occ(12,6,8) occ(29,6,9) occ(50,6,7) occ(70,6,3) occ(17,7,6) occ(44,7,1) occ(48,7,5) occ(54,7,8) occ(60,7,9) occ(10,8,9) occ(11,8,8) occ(46,8,3) occ(56,8,10) occ(62,8,7) occ(68,8,2) occ(4,9,3) occ(5,9,6) occ(8,9,7) occ(9,9,10) occ(15,9,5) occ(58,9,8) occ(66,9,4) occ(6,10,5) occ(7,10,8) occ(13,10,7) occ(64,10,6)
Optimization: -37
Answer: 18
occ(1,4,10) occ(1,10,4) occ(1,3,10) occ(1,10,10) occ(1,10,3) occ(1,2,9) occ(2,10,1) occ(3,7,7) coverage(39) occ(18,1,8) occ(21,1,4) occ(26,1,6) occ(36,1,1) occ(76,1,3) occ(16,2,6) occ(19,2,2) occ(20,2,10) occ(24,2,8) occ(25,2,7) occ(28,2,4) occ(38,2,3) occ(74,2,5) occ(78,2,1) occ(17,3,4) occ(23,3,5) occ(34,3,2) occ(40,3,1) occ(44,3,3) occ(50,3,8) occ(14,4,7) occ(22,4,9) occ(27,4,8) occ(30,4,5) occ(48,4,6) occ(72,4,4) occ(15,5,5) occ(31,5,7) occ(32,5,3) occ(42,5,2) occ(46,5,4) occ(52,5,9) occ(12,6,8) occ(13,6,7) occ(29,6,9) occ(70,6,3) occ(33,7,6) occ(54,7,8) occ(60,7,9) occ(10,8,9) occ(11,8,8) occ(56,8,10) occ(62,8,7) occ(68,8,2) occ(4,9,3) occ(5,9,6) occ(8,9,7) occ(9,9,10) occ(35,9,5) occ(58,9,8) occ(66,9,4) occ(6,10,5) occ(7,10,8) occ(37,10,7) occ(64,10,6)
Optimization: -39
Answer: 19
occ(1,4,10) occ(1,10,4) occ(1,3,10) occ(1,10,10) occ(1,10,3) occ(1,2,9) occ(2,10,1) occ(3,7,7) coverage(41) occ(18,1,8) occ(26,1,6) occ(36,1,1) occ(42,1,2) occ(76,1,3) occ(16,2,6) occ(20,2,10) occ(24,2,8) occ(28,2,4) occ(38,2,3) occ(74,2,5) occ(78,2,1) occ(34,3,2) occ(40,3,1) occ(44,3,3) occ(14,4,7) occ(22,4,9) occ(27,4,8) occ(30,4,5) occ(72,4,4) occ(23,5,7) occ(29,5,6) occ(32,5,3) occ(33,5,2) occ(46,5,4) occ(52,5,9) occ(12,6,8) occ(25,6,9) occ(31,6,4) occ(50,6,7) occ(70,6,3) occ(13,7,10) occ(21,7,6) occ(35,7,3) occ(39,7,1) occ(48,7,5) occ(54,7,8) occ(60,7,9) occ(10,8,9) occ(11,8,8) occ(56,8,10) occ(62,8,7) occ(68,8,2) occ(4,9,3) occ(5,9,6) occ(8,9,7) occ(9,9,10) occ(15,9,9) occ(19,9,5) occ(37,9,2) occ(58,9,8) occ(66,9,4) occ(6,10,5) occ(7,10,8) occ(17,10,7) occ(64,10,6)
Optimization: -41
Answer: 20
occ(1,4,10) occ(1,10,4) occ(1,3,10) occ(1,10,10) occ(1,10,3) occ(1,2,9) occ(2,10,1) occ(3,7,7) coverage(43) occ(18,1,8) occ(26,1,6) occ(36,1,1) occ(42,1,2) occ(76,1,3) occ(16,2,6) occ(20,2,10) occ(24,2,8) occ(28,2,4) occ(38,2,3) occ(74,2,5) occ(78,2,1) occ(34,3,2) occ(40,3,1) occ(44,3,3) occ(14,4,7) occ(22,4,9) occ(27,4,8) occ(30,4,5) occ(72,4,4) occ(23,5,7) occ(29,5,6) occ(32,5,3) occ(33,5,2) occ(46,5,4) occ(52,5,9) occ(12,6,8) occ(25,6,9) occ(31,6,4) occ(50,6,7) occ(70,6,3) occ(13,7,10) occ(21,7,6) occ(35,7,3) occ(39,7,1) occ(48,7,5) occ(54,7,8) occ(60,7,9) occ(10,8,9) occ(11,8,8) occ(41,8,3) occ(56,8,10) occ(62,8,7) occ(68,8,2) occ(4,9,3) occ(5,9,6) occ(8,9,7) occ(9,9,10) occ(15,9,9) occ(19,9,5) occ(37,9,2) occ(58,9,8) occ(66,9,4) occ(6,10,5) occ(7,10,8) occ(17,10,7) occ(64,10,6)
Optimization: -43
Answer: 21
occ(1,4,10) occ(1,10,4) occ(1,3,10) occ(1,10,10) occ(1,10,3) occ(1,2,9) occ(2,10,1) occ(3,7,7) coverage(45) occ(18,1,8) occ(26,1,6) occ(36,1,1) occ(42,1,2) occ(76,1,3) occ(16,2,6) occ(20,2,10) occ(24,2,8) occ(28,2,4) occ(38,2,3) occ(74,2,5) occ(78,2,1) occ(34,3,2) occ(40,3,1) occ(44,3,3) occ(14,4,7) occ(22,4,9) occ(27,4,8) occ(30,4,5) occ(72,4,4) occ(23,5,7) occ(29,5,6) occ(32,5,3) occ(33,5,2) occ(46,5,4) occ(52,5,9) occ(12,6,8) occ(25,6,9) occ(31,6,4) occ(50,6,7) occ(70,6,3) occ(13,7,10) occ(21,7,6) occ(35,7,3) occ(39,7,1) occ(48,7,5) occ(54,7,8) occ(60,7,9) occ(10,8,9) occ(11,8,8) occ(41,8,3) occ(56,8,10) occ(62,8,7) occ(68,8,2) occ(4,9,3) occ(5,9,6) occ(8,9,7) occ(9,9,10) occ(15,9,9) occ(19,9,5) occ(37,9,2) occ(58,9,8) occ(66,9,4) occ(6,10,5) occ(7,10,8) occ(17,10,7) occ(43,10,2) occ(64,10,6)
Optimization: -45
Answer: 22
occ(1,4,10) occ(1,10,4) occ(1,3,10) occ(1,10,10) occ(1,10,3) occ(1,2,9) occ(2,10,1) occ(3,7,7) coverage(47) occ(18,1,8) occ(26,1,6) occ(36,1,1) occ(42,1,2) occ(76,1,3) occ(16,2,6) occ(20,2,10) occ(24,2,8) occ(28,2,4) occ(38,2,3) occ(74,2,5) occ(78,2,1) occ(34,3,2) occ(40,3,1) occ(44,3,3) occ(14,4,7) occ(22,4,9) occ(27,4,8) occ(30,4,5) occ(72,4,4) occ(23,5,7) occ(29,5,6) occ(32,5,3) occ(33,5,2) occ(46,5,4) occ(52,5,9) occ(12,6,8) occ(25,6,9) occ(31,6,4) occ(50,6,7) occ(70,6,3) occ(13,7,10) occ(21,7,6) occ(35,7,3) occ(39,7,1) occ(48,7,5) occ(54,7,8) occ(60,7,9) occ(10,8,9) occ(11,8,8) occ(41,8,3) occ(45,8,1) occ(56,8,10) occ(62,8,7) occ(68,8,2) occ(4,9,3) occ(5,9,6) occ(8,9,7) occ(9,9,10) occ(15,9,9) occ(19,9,5) occ(37,9,2) occ(58,9,8) occ(66,9,4) occ(6,10,5) occ(7,10,8) occ(17,10,7) occ(43,10,2) occ(64,10,6)
Optimization: -47
Answer: 23
occ(1,4,10) occ(1,10,4) occ(1,3,10) occ(1,10,10) occ(1,10,3) occ(1,2,9) occ(2,10,1) occ(3,7,7) coverage(49) occ(18,1,8) occ(26,1,6) occ(36,1,1) occ(42,1,2) occ(76,1,3) occ(16,2,6) occ(20,2,10) occ(24,2,8) occ(28,2,4) occ(38,2,3) occ(74,2,5) occ(78,2,1) occ(34,3,2) occ(40,3,1) occ(44,3,3) occ(14,4,7) occ(22,4,9) occ(27,4,8) occ(30,4,5) occ(72,4,4) occ(23,5,7) occ(29,5,6) occ(32,5,3) occ(33,5,2) occ(46,5,4) occ(47,5,1) occ(52,5,9) occ(12,6,8) occ(25,6,9) occ(31,6,4) occ(50,6,7) occ(70,6,3) occ(13,7,10) occ(21,7,6) occ(35,7,3) occ(39,7,1) occ(45,7,2) occ(48,7,5) occ(54,7,8) occ(60,7,9) occ(10,8,9) occ(11,8,8) occ(41,8,3) occ(56,8,10) occ(62,8,7) occ(68,8,2) occ(4,9,3) occ(5,9,6) occ(8,9,7) occ(9,9,10) occ(15,9,9) occ(19,9,5) occ(37,9,2) occ(43,9,1) occ(58,9,8) occ(66,9,4) occ(6,10,5) occ(7,10,8) occ(17,10,7) occ(64,10,6)
Optimization: -49
Answer: 24
occ(1,4,10) occ(1,10,4) occ(1,3,10) occ(1,10,10) occ(1,10,3) occ(1,2,9) occ(2,10,1) occ(3,7,7) coverage(51) occ(18,1,8) occ(26,1,6) occ(36,1,1) occ(42,1,2) occ(49,1,10) occ(76,1,3) occ(16,2,6) occ(20,2,10) occ(24,2,8) occ(28,2,4) occ(38,2,3) occ(45,2,7) occ(74,2,5) occ(78,2,1) occ(34,3,2) occ(40,3,1) occ(44,3,3) occ(47,3,9) occ(14,4,7) occ(22,4,9) occ(27,4,8) occ(30,4,5) occ(43,4,6) occ(72,4,4) occ(23,5,7) occ(29,5,6) occ(32,5,3) occ(33,5,2) occ(46,5,4) occ(52,5,9) occ(12,6,8) occ(25,6,9) occ(31,6,4) occ(41,6,5) occ(50,6,7) occ(70,6,3) occ(13,7,10) occ(21,7,6) occ(35,7,3) occ(48,7,5) occ(54,7,8) occ(60,7,9) occ(10,8,9) occ(11,8,8) occ(39,8,4) occ(56,8,10) occ(62,8,7) occ(68,8,2) occ(4,9,3) occ(5,9,6) occ(8,9,7) occ(9,9,10) occ(15,9,9) occ(19,9,5) occ(37,9,2) occ(58,9,8) occ(66,9,4) occ(6,10,5) occ(7,10,8) occ(17,10,7) occ(64,10,6)
Optimization: -51
Answer: 25
occ(1,4,10) occ(1,10,4) occ(1,3,10) occ(1,10,10) occ(1,10,3) occ(1,2,9) occ(2,10,1) occ(3,7,7) coverage(53) occ(18,1,8) occ(26,1,6) occ(36,1,1) occ(42,1,2) occ(47,1,9) occ(51,1,5) occ(76,1,3) occ(16,2,6) occ(20,2,10) occ(24,2,8) occ(28,2,4) occ(38,2,3) occ(49,2,7) occ(74,2,5) occ(78,2,1) occ(34,3,2) occ(40,3,1) occ(44,3,3) occ(45,3,8) occ(14,4,7) occ(22,4,9) occ(27,4,8) occ(30,4,5) occ(43,4,6) occ(72,4,4) occ(23,5,7) occ(29,5,6) occ(32,5,3) occ(33,5,2) occ(46,5,4) occ(52,5,9) occ(12,6,8) occ(25,6,9) occ(31,6,4) occ(41,6,5) occ(50,6,7) occ(70,6,3) occ(13,7,10) occ(21,7,6) occ(35,7,3) occ(48,7,5) occ(54,7,8) occ(60,7,9) occ(10,8,9) occ(11,8,8) occ(39,8,4) occ(56,8,10) occ(62,8,7) occ(68,8,2) occ(4,9,3) occ(5,9,6) occ(8,9,7) occ(9,9,10) occ(15,9,9) occ(19,9,5) occ(37,9,2) occ(58,9,8) occ(66,9,4) occ(6,10,5) occ(7,10,8) occ(17,10,7) occ(64,10,6)
Optimization: -53
Answer: 26
occ(1,4,10) occ(1,10,4) occ(1,3,10) occ(1,10,10) occ(1,10,3) occ(1,2,9) occ(2,10,1) occ(3,7,7) coverage(55) occ(18,1,8) occ(26,1,6) occ(36,1,1) occ(42,1,2) occ(47,1,5) occ(53,1,4) occ(76,1,3) occ(16,2,6) occ(20,2,10) occ(24,2,8) occ(28,2,4) occ(38,2,3) occ(45,2,7) occ(51,2,2) occ(74,2,5) occ(78,2,1) occ(34,3,2) occ(40,3,1) occ(44,3,3) occ(49,3,4) occ(14,4,7) occ(22,4,9) occ(27,4,8) occ(30,4,5) occ(43,4,6) occ(72,4,4) occ(23,5,7) occ(29,5,6) occ(32,5,3) occ(33,5,2) occ(46,5,4) occ(52,5,9) occ(12,6,8) occ(25,6,9) occ(31,6,4) occ(41,6,5) occ(50,6,7) occ(70,6,3) occ(13,7,10) occ(21,7,6) occ(35,7,3) occ(48,7,5) occ(54,7,8) occ(60,7,9) occ(10,8,9) occ(11,8,8) occ(39,8,4) occ(56,8,10) occ(62,8,7) occ(68,8,2) occ(4,9,3) occ(5,9,6) occ(8,9,7) occ(9,9,10) occ(15,9,9) occ(19,9,5) occ(37,9,2) occ(58,9,8) occ(66,9,4) occ(6,10,5) occ(7,10,8) occ(17,10,7) occ(64,10,6)
Optimization: -55
Answer: 27
occ(1,4,10) occ(1,10,4) occ(1,3,10) occ(1,10,10) occ(1,10,3) occ(1,2,9) occ(2,10,1) occ(3,7,7) coverage(57) occ(18,1,8) occ(26,1,6) occ(36,1,1) occ(42,1,2) occ(47,1,5) occ(55,1,7) occ(76,1,3) occ(16,2,6) occ(20,2,10) occ(24,2,8) occ(28,2,4) occ(38,2,3) occ(45,2,7) occ(74,2,5) occ(78,2,1) occ(34,3,2) occ(40,3,1) occ(44,3,3) occ(49,3,4) occ(53,3,6) occ(14,4,7) occ(22,4,9) occ(27,4,8) occ(30,4,5) occ(43,4,6) occ(72,4,4) occ(23,5,7) occ(29,5,6) occ(32,5,3) occ(33,5,2) occ(46,5,4) occ(51,5,5) occ(52,5,9) occ(12,6,8) occ(25,6,9) occ(31,6,4) occ(41,6,5) occ(50,6,7) occ(70,6,3) occ(13,7,10) occ(21,7,6) occ(35,7,3) occ(48,7,5) occ(54,7,8) occ(60,7,9) occ(10,8,9) occ(11,8,8) occ(39,8,4) occ(56,8,10) occ(62,8,7) occ(68,8,2) occ(4,9,3) occ(5,9,6) occ(8,9,7) occ(9,9,10) occ(15,9,9) occ(19,9,5) occ(37,9,2) occ(58,9,8) occ(66,9,4) occ(6,10,5) occ(7,10,8) occ(17,10,7) occ(64,10,6)
Optimization: -57
Answer: 28
occ(1,4,10) occ(1,10,4) occ(1,3,10) occ(1,10,10) occ(1,10,3) occ(1,2,9) occ(2,10,1) occ(3,7,7) coverage(59) occ(18,1,8) occ(26,1,6) occ(36,1,1) occ(42,1,2) occ(47,1,5) occ(76,1,3) occ(16,2,6) occ(20,2,10) occ(24,2,8) occ(28,2,4) occ(38,2,3) occ(45,2,7) occ(74,2,5) occ(78,2,1) occ(34,3,2) occ(40,3,1) occ(44,3,3) occ(49,3,6) occ(14,4,7) occ(22,4,9) occ(27,4,8) occ(30,4,5) occ(43,4,6) occ(57,4,1) occ(72,4,4) occ(23,5,7) occ(29,5,6) occ(32,5,3) occ(33,5,2) occ(46,5,4) occ(51,5,5) occ(52,5,9) occ(12,6,8) occ(25,6,9) occ(31,6,4) occ(41,6,5) occ(50,6,7) occ(55,6,2) occ(70,6,3) occ(13,7,10) occ(21,7,6) occ(35,7,3) occ(48,7,5) occ(53,7,4) occ(54,7,8) occ(60,7,9) occ(10,8,9) occ(11,8,8) occ(39,8,4) occ(56,8,10) occ(62,8,7) occ(68,8,2) occ(4,9,3) occ(5,9,6) occ(8,9,7) occ(9,9,10) occ(15,9,9) occ(19,9,5) occ(37,9,2) occ(58,9,8) occ(66,9,4) occ(6,10,5) occ(7,10,8) occ(17,10,7) occ(64,10,6)
Optimization: -59
Answer: 29
occ(1,4,10) occ(1,10,4) occ(1,3,10) occ(1,10,10) occ(1,10,3) occ(1,2,9) occ(2,10,1) occ(3,7,7) coverage(61) occ(18,1,8) occ(26,1,6) occ(36,1,1) occ(42,1,2) occ(47,1,5) occ(76,1,3) occ(16,2,6) occ(20,2,10) occ(24,2,8) occ(28,2,4) occ(38,2,3) occ(45,2,7) occ(51,2,2) occ(74,2,5) occ(78,2,1) occ(34,3,2) occ(40,3,1) occ(44,3,3) occ(49,3,4) occ(14,4,7) occ(22,4,9) occ(27,4,8) occ(30,4,5) occ(43,4,6) occ(53,4,1) occ(72,4,4) occ(23,5,7) occ(29,5,6) occ(32,5,3) occ(33,5,2) occ(46,5,4) occ(52,5,9) occ(12,6,8) occ(25,6,9) occ(31,6,4) occ(41,6,5) occ(50,6,7) occ(55,6,2) occ(70,6,3) occ(13,7,10) occ(21,7,6) occ(35,7,3) occ(48,7,5) occ(54,7,8) occ(60,7,9) occ(10,8,9) occ(11,8,8) occ(39,8,4) occ(56,8,10) occ(57,8,1) occ(62,8,7) occ(68,8,2) occ(4,9,3) occ(5,9,6) occ(8,9,7) occ(9,9,10) occ(15,9,9) occ(19,9,5) occ(37,9,2) occ(58,9,8) occ(66,9,4) occ(6,10,5) occ(7,10,8) occ(17,10,7) occ(59,10,2) occ(64,10,6)
Optimization: -61
Answer: 30
occ(1,4,10) occ(1,10,4) occ(1,3,10) occ(1,10,10) occ(1,10,3) occ(1,2,9) occ(2,10,1) occ(3,7,7) coverage(63) occ(18,1,8) occ(26,1,6) occ(36,1,1) occ(42,1,2) occ(47,1,5) occ(76,1,3) occ(16,2,6) occ(20,2,10) occ(24,2,8) occ(28,2,4) occ(38,2,3) occ(45,2,7) occ(51,2,2) occ(74,2,5) occ(78,2,1) occ(34,3,2) occ(40,3,1) occ(44,3,3) occ(49,3,4) occ(14,4,7) occ(22,4,9) occ(27,4,8) occ(30,4,5) occ(43,4,6) occ(53,4,1) occ(72,4,4) occ(23,5,7) occ(29,5,6) occ(32,5,3) occ(33,5,2) occ(46,5,4) occ(52,5,9) occ(12,6,8) occ(25,6,9) occ(31,6,4) occ(41,6,5) occ(50,6,7) occ(55,6,2) occ(70,6,3) occ(13,7,10) occ(21,7,6) occ(35,7,3) occ(48,7,5) occ(54,7,8) occ(60,7,9) occ(10,8,9) occ(11,8,8) occ(39,8,4) occ(56,8,10) occ(57,8,1) occ(61,8,3) occ(62,8,7) occ(68,8,2) occ(4,9,3) occ(5,9,6) occ(8,9,7) occ(9,9,10) occ(15,9,9) occ(19,9,5) occ(37,9,2) occ(58,9,8) occ(66,9,4) occ(6,10,5) occ(7,10,8) occ(17,10,7) occ(59,10,2) occ(64,10,6)
Optimization: -63
Answer: 31
occ(1,4,10) occ(1,10,4) occ(1,3,10) occ(1,10,10) occ(1,10,3) occ(1,2,9) occ(2,10,1) occ(3,7,7) coverage(65) occ(18,1,8) occ(26,1,6) occ(36,1,1) occ(42,1,2) occ(47,1,5) occ(76,1,3) occ(16,2,6) occ(20,2,10) occ(24,2,8) occ(28,2,4) occ(38,2,3) occ(45,2,7) occ(51,2,2) occ(74,2,5) occ(78,2,1) occ(34,3,2) occ(40,3,1) occ(44,3,3) occ(49,3,4) occ(14,4,7) occ(22,4,9) occ(27,4,8) occ(30,4,5) occ(43,4,6) occ(53,4,1) occ(72,4,4) occ(23,5,7) occ(29,5,6) occ(32,5,3) occ(33,5,2) occ(46,5,4) occ(52,5,9) occ(12,6,8) occ(25,6,9) occ(31,6,4) occ(41,6,5) occ(50,6,7) occ(55,6,2) occ(70,6,3) occ(13,7,10) occ(21,7,6) occ(35,7,3) occ(48,7,5) occ(54,7,8) occ(60,7,9) occ(10,8,9) occ(11,8,8) occ(39,8,4) occ(56,8,10) occ(57,8,1) occ(61,8,3) occ(62,8,7) occ(68,8,2) occ(4,9,3) occ(5,9,6) occ(8,9,7) occ(9,9,10) occ(15,9,9) occ(19,9,5) occ(37,9,2) occ(58,9,8) occ(63,9,1) occ(66,9,4) occ(6,10,5) occ(7,10,8) occ(17,10,7) occ(59,10,2) occ(64,10,6)
Optimization: -65
Answer: 32
occ(1,4,10) occ(1,10,4) occ(1,3,10) occ(1,10,10) occ(1,10,3) occ(1,2,9) occ(2,10,1) occ(3,7,7) coverage(67) occ(18,1,8) occ(26,1,6) occ(36,1,1) occ(42,1,2) occ(47,1,5) occ(76,1,3) occ(16,2,6) occ(20,2,10) occ(24,2,8) occ(28,2,4) occ(38,2,3) occ(45,2,7) occ(51,2,2) occ(74,2,5) occ(78,2,1) occ(34,3,2) occ(40,3,1) occ(44,3,3) occ(49,3,4) occ(14,4,7) occ(22,4,9) occ(27,4,8) occ(30,4,5) occ(43,4,6) occ(53,4,1) occ(72,4,4) occ(23,5,7) occ(29,5,6) occ(32,5,3) occ(33,5,2) occ(46,5,4) occ(52,5,9) occ(12,6,8) occ(25,6,9) occ(31,6,4) occ(41,6,5) occ(50,6,7) occ(55,6,2) occ(70,6,3) occ(13,7,10) occ(21,7,6) occ(35,7,3) occ(48,7,5) occ(54,7,8) occ(60,7,9) occ(65,7,2) occ(10,8,9) occ(11,8,8) occ(39,8,4) occ(56,8,10) occ(57,8,1) occ(61,8,3) occ(62,8,7) occ(68,8,2) occ(4,9,3) occ(5,9,6) occ(8,9,7) occ(9,9,10) occ(15,9,9) occ(19,9,5) occ(37,9,2) occ(58,9,8) occ(63,9,1) occ(66,9,4) occ(6,10,5) occ(7,10,8) occ(17,10,7) occ(59,10,2) occ(64,10,6)
Optimization: -67
Answer: 33
occ(1,4,10) occ(1,10,4) occ(1,3,10) occ(1,10,10) occ(1,10,3) occ(1,2,9) occ(2,10,1) occ(3,7,7) coverage(69) occ(18,1,8) occ(26,1,6) occ(36,1,1) occ(42,1,2) occ(47,1,5) occ(76,1,3) occ(16,2,6) occ(20,2,10) occ(24,2,8) occ(28,2,4) occ(38,2,3) occ(45,2,7) occ(51,2,2) occ(74,2,5) occ(78,2,1) occ(34,3,2) occ(40,3,1) occ(44,3,3) occ(49,3,4) occ(14,4,7) occ(22,4,9) occ(27,4,8) occ(30,4,5) occ(43,4,6) occ(53,4,1) occ(72,4,4) occ(23,5,7) occ(29,5,6) occ(32,5,3) occ(33,5,2) occ(46,5,4) occ(52,5,9) occ(67,5,1) occ(12,6,8) occ(25,6,9) occ(31,6,4) occ(41,6,5) occ(50,6,7) occ(55,6,2) occ(70,6,3) occ(13,7,10) occ(21,7,6) occ(35,7,3) occ(48,7,5) occ(54,7,8) occ(60,7,9) occ(65,7,2) occ(10,8,9) occ(11,8,8) occ(39,8,4) occ(56,8,10) occ(57,8,1) occ(61,8,3) occ(62,8,7) occ(68,8,2) occ(4,9,3) occ(5,9,6) occ(8,9,7) occ(9,9,10) occ(15,9,9) occ(19,9,5) occ(37,9,2) occ(58,9,8) occ(63,9,1) occ(66,9,4) occ(6,10,5) occ(7,10,8) occ(17,10,7) occ(59,10,2) occ(64,10,6)
Optimization: -69
Answer: 34
occ(1,4,10) occ(1,10,4) occ(1,3,10) occ(1,10,10) occ(1,10,3) occ(1,2,9) occ(2,10,1) occ(3,7,7) coverage(71) occ(18,1,8) occ(26,1,6) occ(36,1,1) occ(42,1,2) occ(47,1,5) occ(76,1,3) occ(16,2,6) occ(20,2,10) occ(24,2,8) occ(28,2,4) occ(38,2,3) occ(45,2,7) occ(51,2,2) occ(74,2,5) occ(78,2,1) occ(34,3,2) occ(40,3,1) occ(44,3,3) occ(49,3,4) occ(14,4,7) occ(22,4,9) occ(27,4,8) occ(30,4,5) occ(43,4,6) occ(53,4,1) occ(69,4,3) occ(72,4,4) occ(23,5,7) occ(29,5,6) occ(32,5,3) occ(33,5,2) occ(46,5,4) occ(52,5,9) occ(67,5,1) occ(12,6,8) occ(25,6,9) occ(31,6,4) occ(41,6,5) occ(50,6,7) occ(55,6,2) occ(70,6,3) occ(13,7,10) occ(21,7,6) occ(35,7,3) occ(48,7,5) occ(54,7,8) occ(60,7,9) occ(65,7,2) occ(10,8,9) occ(11,8,8) occ(39,8,4) occ(56,8,10) occ(57,8,1) occ(61,8,3) occ(62,8,7) occ(68,8,2) occ(4,9,3) occ(5,9,6) occ(8,9,7) occ(9,9,10) occ(15,9,9) occ(19,9,5) occ(37,9,2) occ(58,9,8) occ(63,9,1) occ(66,9,4) occ(6,10,5) occ(7,10,8) occ(17,10,7) occ(59,10,2) occ(64,10,6)
Optimization: -71
Answer: 35
occ(1,4,10) occ(1,10,4) occ(1,3,10) occ(1,10,10) occ(1,10,3) occ(1,2,9) occ(2,10,1) occ(3,7,7) coverage(73) occ(18,1,8) occ(26,1,6) occ(36,1,1) occ(42,1,2) occ(47,1,5) occ(76,1,3) occ(16,2,6) occ(20,2,10) occ(24,2,8) occ(28,2,4) occ(38,2,3) occ(45,2,7) occ(51,2,2) occ(74,2,5) occ(78,2,1) occ(34,3,2) occ(40,3,1) occ(44,3,3) occ(49,3,4) occ(71,3,5) occ(14,4,7) occ(22,4,9) occ(27,4,8) occ(30,4,5) occ(43,4,6) occ(53,4,1) occ(69,4,3) occ(72,4,4) occ(23,5,7) occ(29,5,6) occ(32,5,3) occ(33,5,2) occ(46,5,4) occ(52,5,9) occ(67,5,1) occ(12,6,8) occ(25,6,9) occ(31,6,4) occ(41,6,5) occ(50,6,7) occ(55,6,2) occ(70,6,3) occ(13,7,10) occ(21,7,6) occ(35,7,3) occ(48,7,5) occ(54,7,8) occ(60,7,9) occ(65,7,2) occ(10,8,9) occ(11,8,8) occ(39,8,4) occ(56,8,10) occ(57,8,1) occ(61,8,3) occ(62,8,7) occ(68,8,2) occ(4,9,3) occ(5,9,6) occ(8,9,7) occ(9,9,10) occ(15,9,9) occ(19,9,5) occ(37,9,2) occ(58,9,8) occ(63,9,1) occ(66,9,4) occ(6,10,5) occ(7,10,8) occ(17,10,7) occ(59,10,2) occ(64,10,6)
Optimization: -73
Answer: 36
occ(1,4,10) occ(1,10,4) occ(1,3,10) occ(1,10,10) occ(1,10,3) occ(1,2,9) occ(2,10,1) occ(3,7,7) coverage(75) occ(18,1,8) occ(26,1,6) occ(36,1,1) occ(42,1,2) occ(47,1,5) occ(73,1,4) occ(76,1,3) occ(16,2,6) occ(20,2,10) occ(24,2,8) occ(28,2,4) occ(38,2,3) occ(45,2,7) occ(51,2,2) occ(74,2,5) occ(78,2,1) occ(34,3,2) occ(40,3,1) occ(44,3,3) occ(49,3,4) occ(71,3,5) occ(14,4,7) occ(22,4,9) occ(27,4,8) occ(30,4,5) occ(43,4,6) occ(53,4,1) occ(69,4,3) occ(72,4,4) occ(23,5,7) occ(29,5,6) occ(32,5,3) occ(33,5,2) occ(46,5,4) occ(52,5,9) occ(67,5,1) occ(12,6,8) occ(25,6,9) occ(31,6,4) occ(41,6,5) occ(50,6,7) occ(55,6,2) occ(70,6,3) occ(13,7,10) occ(21,7,6) occ(35,7,3) occ(48,7,5) occ(54,7,8) occ(60,7,9) occ(65,7,2) occ(10,8,9) occ(11,8,8) occ(39,8,4) occ(56,8,10) occ(57,8,1) occ(61,8,3) occ(62,8,7) occ(68,8,2) occ(4,9,3) occ(5,9,6) occ(8,9,7) occ(9,9,10) occ(15,9,9) occ(19,9,5) occ(37,9,2) occ(58,9,8) occ(63,9,1) occ(66,9,4) occ(6,10,5) occ(7,10,8) occ(17,10,7) occ(59,10,2) occ(64,10,6)
Optimization: -75
Answer: 37
occ(1,4,10) occ(1,10,4) occ(1,3,10) occ(1,10,10) occ(1,10,3) occ(1,2,9) occ(2,10,1) occ(3,7,7) coverage(77) occ(18,1,8) occ(26,1,6) occ(36,1,1) occ(42,1,2) occ(47,1,5) occ(75,1,7) occ(76,1,3) occ(16,2,6) occ(20,2,10) occ(24,2,8) occ(28,2,4) occ(38,2,3) occ(45,2,7) occ(51,2,2) occ(74,2,5) occ(78,2,1) occ(34,3,2) occ(40,3,1) occ(44,3,3) occ(49,3,4) occ(73,3,6) occ(14,4,7) occ(22,4,9) occ(27,4,8) occ(30,4,5) occ(43,4,6) occ(53,4,1) occ(69,4,3) occ(72,4,4) occ(23,5,7) occ(29,5,6) occ(32,5,3) occ(33,5,2) occ(46,5,4) occ(52,5,9) occ(67,5,1) occ(71,5,5) occ(12,6,8) occ(25,6,9) occ(31,6,4) occ(41,6,5) occ(50,6,7) occ(55,6,2) occ(70,6,3) occ(13,7,10) occ(21,7,6) occ(35,7,3) occ(48,7,5) occ(54,7,8) occ(60,7,9) occ(65,7,2) occ(10,8,9) occ(11,8,8) occ(39,8,4) occ(56,8,10) occ(57,8,1) occ(61,8,3) occ(62,8,7) occ(68,8,2) occ(4,9,3) occ(5,9,6) occ(8,9,7) occ(9,9,10) occ(15,9,9) occ(19,9,5) occ(37,9,2) occ(58,9,8) occ(63,9,1) occ(66,9,4) occ(6,10,5) occ(7,10,8) occ(17,10,7) occ(59,10,2) occ(64,10,6)
Optimization: -77
Answer: 38
occ(1,4,10) occ(1,10,4) occ(1,3,10) occ(1,10,10) occ(1,10,3) occ(1,2,9) occ(2,10,1) occ(3,7,7) coverage(79) occ(18,1,8) occ(26,1,6) occ(36,1,1) occ(42,1,2) occ(47,1,5) occ(75,1,7) occ(76,1,3) occ(16,2,6) occ(20,2,10) occ(24,2,8) occ(28,2,4) occ(38,2,3) occ(45,2,7) occ(51,2,2) occ(74,2,5) occ(78,2,1) occ(34,3,2) occ(40,3,1) occ(44,3,3) occ(49,3,4) occ(73,3,6) occ(77,3,8) occ(14,4,7) occ(22,4,9) occ(27,4,8) occ(30,4,5) occ(43,4,6) occ(53,4,1) occ(69,4,3) occ(72,4,4) occ(23,5,7) occ(29,5,6) occ(32,5,3) occ(33,5,2) occ(46,5,4) occ(52,5,9) occ(67,5,1) occ(71,5,5) occ(12,6,8) occ(25,6,9) occ(31,6,4) occ(41,6,5) occ(50,6,7) occ(55,6,2) occ(70,6,3) occ(13,7,10) occ(21,7,6) occ(35,7,3) occ(48,7,5) occ(54,7,8) occ(60,7,9) occ(65,7,2) occ(10,8,9) occ(11,8,8) occ(39,8,4) occ(56,8,10) occ(57,8,1) occ(61,8,3) occ(62,8,7) occ(68,8,2) occ(4,9,3) occ(5,9,6) occ(8,9,7) occ(9,9,10) occ(15,9,9) occ(19,9,5) occ(37,9,2) occ(58,9,8) occ(63,9,1) occ(66,9,4) occ(6,10,5) occ(7,10,8) occ(17,10,7) occ(59,10,2) occ(64,10,6)
Optimization: -79
Answer: 39
occ(1,4,10) occ(1,10,4) occ(1,3,10) occ(1,10,10) occ(1,10,3) occ(1,2,9) occ(2,10,1) occ(3,7,7) coverage(80) occ(18,1,8) occ(26,1,6) occ(36,1,1) occ(42,1,2) occ(47,1,5) occ(75,1,7) occ(76,1,3) occ(79,1,9) occ(16,2,6) occ(20,2,10) occ(24,2,8) occ(28,2,4) occ(38,2,3) occ(45,2,7) occ(51,2,2) occ(74,2,5) occ(78,2,1) occ(34,3,2) occ(40,3,1) occ(44,3,3) occ(49,3,4) occ(73,3,6) occ(77,3,8) occ(14,4,7) occ(22,4,9) occ(27,4,8) occ(30,4,5) occ(43,4,6) occ(53,4,1) occ(69,4,3) occ(72,4,4) occ(23,5,7) occ(29,5,6) occ(32,5,3) occ(33,5,2) occ(46,5,4) occ(52,5,9) occ(67,5,1) occ(71,5,5) occ(12,6,8) occ(25,6,9) occ(31,6,4) occ(41,6,5) occ(50,6,7) occ(55,6,2) occ(70,6,3) occ(13,7,10) occ(21,7,6) occ(35,7,3) occ(48,7,5) occ(54,7,8) occ(60,7,9) occ(65,7,2) occ(10,8,9) occ(11,8,8) occ(39,8,4) occ(56,8,10) occ(57,8,1) occ(61,8,3) occ(62,8,7) occ(68,8,2) occ(4,9,3) occ(5,9,6) occ(8,9,7) occ(9,9,10) occ(15,9,9) occ(19,9,5) occ(37,9,2) occ(58,9,8) occ(63,9,1) occ(66,9,4) occ(6,10,5) occ(7,10,8) occ(17,10,7) occ(59,10,2) occ(64,10,6)
Optimization: -80
Answer: 40
occ(1,4,10) occ(1,10,4) occ(1,3,10) occ(1,10,10) occ(1,10,3) occ(1,2,9) occ(2,10,1) occ(3,7,7) coverage(89) occ(37,1,6) occ(44,1,5) occ(47,1,7) occ(48,1,1) occ(53,1,8) occ(70,1,2) occ(80,1,3) occ(86,1,4) occ(28,2,4) occ(35,2,8) occ(42,2,7) occ(46,2,3) occ(51,2,10) occ(66,2,1) occ(78,2,5) occ(84,2,6) occ(88,2,2) occ(32,3,7) occ(39,3,5) occ(45,3,6) occ(49,3,8) occ(50,3,2) occ(55,3,9) occ(68,3,3) occ(72,3,1) occ(82,3,4) occ(26,4,3) occ(30,4,5) occ(33,4,7) occ(34,4,9) occ(40,4,6) occ(43,4,8) occ(64,4,2) occ(76,4,4) occ(8,5,3) occ(27,5,7) occ(38,5,8) occ(41,5,6) occ(52,5,1) occ(57,5,10) occ(62,5,4) occ(63,5,9) occ(74,5,2) occ(87,5,5) occ(5,6,9) occ(6,6,1) occ(24,6,4) occ(25,6,5) occ(31,6,6) occ(36,6,10) occ(54,6,3) occ(61,6,7) occ(67,6,8) occ(83,6,2) occ(9,7,6) occ(10,7,2) occ(29,7,8) occ(56,7,1) occ(59,7,9) occ(60,7,3) occ(65,7,10) occ(85,7,4) occ(4,8,2) occ(7,8,8) occ(14,8,1) occ(15,8,10) occ(19,8,6) occ(22,8,5) occ(23,8,4) occ(69,8,9) occ(73,8,7) occ(81,8,3) occ(11,9,7) occ(12,9,3) occ(17,9,8) occ(18,9,4) occ(58,9,2) occ(75,9,9) occ(79,9,5) occ(13,10,9) occ(16,10,2) occ(20,10,6) occ(21,10,5) occ(71,10,8) occ(77,10,7)
Optimization: -89
Answer: 41
occ(1,4,10) occ(1,10,4) occ(1,3,10) occ(1,10,10) occ(1,10,3) occ(1,2,9) occ(2,10,1) occ(3,7,7) coverage(90) occ(31,1,9) occ(35,1,5) occ(57,1,2) occ(63,1,3) occ(66,1,10) occ(74,1,6) occ(85,1,8) occ(89,1,4) occ(33,2,7) occ(37,2,3) occ(61,2,1) occ(65,2,5) occ(68,2,8) occ(76,2,4) occ(83,2,10) occ(87,2,6) occ(88,2,2) occ(29,3,8) occ(38,3,4) occ(55,3,1) occ(59,3,3) occ(64,3,9) occ(72,3,5) occ(75,3,7) occ(78,3,6) occ(36,4,2) occ(39,4,4) occ(53,4,3) occ(67,4,6) occ(70,4,7) occ(71,4,8) occ(81,4,9) occ(82,4,5) occ(86,4,1) occ(13,5,4) occ(18,5,2) occ(27,5,9) occ(28,5,1) occ(40,5,5) occ(62,5,10) occ(73,5,6) occ(77,5,8) occ(80,5,7) occ(84,5,3) occ(11,6,6) occ(20,6,4) occ(21,6,9) occ(30,6,3) occ(34,6,1) occ(41,6,5) occ(51,6,2) occ(52,6,8) occ(69,6,7) occ(79,6,10) occ(6,7,4) occ(15,7,5) occ(16,7,1) occ(25,7,8) occ(26,7,2) occ(42,7,6) occ(43,7,3) occ(50,7,10) occ(60,7,9) occ(8,8,6) occ(9,8,5) occ(12,8,4) occ(19,8,8) occ(22,8,3) occ(23,8,10) occ(32,8,2) occ(46,8,7) occ(49,8,1) occ(54,8,9) occ(4,9,3) occ(5,9,8) occ(14,9,2) occ(17,9,6) occ(24,9,1) occ(44,9,5) occ(45,9,4) occ(48,9,9) occ(58,9,10) occ(7,10,6) occ(10,10,5) occ(47,10,2) occ(56,10,8)
Optimization: -90
Answer: 42
occ(1,4,10) occ(1,10,4) occ(1,3,10) occ(1,10,10) occ(1,10,3) occ(1,2,9) occ(2,10,1) occ(3,7,7) coverage(91) occ(15,1,9) occ(19,1,7) occ(22,1,8) occ(23,1,3) occ(26,1,10) occ(29,1,2) occ(75,1,1) occ(79,1,5) occ(82,1,6) occ(13,2,7) occ(16,2,2) occ(20,2,6) occ(21,2,5) occ(25,2,1) occ(28,2,8) occ(77,2,3) occ(80,2,4) occ(17,3,8) occ(18,3,4) occ(24,3,9) occ(27,3,3) occ(31,3,1) occ(73,3,2) occ(76,3,5) occ(81,3,6) occ(84,3,7) occ(7,4,4) occ(11,4,6) occ(14,4,1) occ(30,4,7) occ(72,4,2) occ(78,4,3) occ(83,4,8) occ(86,4,9) occ(89,4,5) occ(5,5,6) occ(32,5,5) occ(33,5,2) occ(45,5,8) occ(63,5,9) occ(68,5,3) occ(71,5,1) occ(74,5,4) occ(87,5,7) occ(9,6,5) occ(12,6,2) occ(43,6,6) occ(52,6,8) occ(65,6,7) occ(69,6,3) occ(70,6,1) occ(85,6,9) occ(88,6,10) occ(6,7,4) occ(34,7,6) occ(35,7,1) occ(39,7,3) occ(47,7,9) occ(50,7,10) occ(61,7,8) occ(66,7,2) occ(67,7,5) occ(4,8,2) occ(10,8,3) occ(36,8,4) occ(41,8,5) occ(44,8,8) occ(51,8,6) occ(54,8,7) occ(59,8,10) occ(62,8,1) occ(90,8,9) occ(8,9,5) occ(37,9,2) occ(38,9,6) occ(42,9,10) occ(48,9,9) occ(49,9,8) occ(55,9,7) occ(58,9,4) occ(64,9,3) occ(40,10,8) occ(46,10,7) occ(53,10,5) occ(56,10,6) occ(57,10,9) occ(60,10,2)
Optimization: -91
Answer: 43
occ(1,4,10) occ(1,10,4) occ(1,3,10) occ(1,10,10) occ(1,10,3) occ(1,2,9) occ(2,10,1) occ(3,7,7) coverage(92) occ(13,1,4) occ(24,1,3) occ(28,1,7) occ(52,1,1) occ(61,1,8) occ(78,1,10) occ(86,1,6) occ(90,1,2) occ(9,2,7) occ(12,2,2) occ(22,2,1) occ(26,2,5) occ(50,2,3) occ(59,2,6) occ(63,2,10) occ(80,2,8) occ(88,2,4) occ(11,3,5) occ(14,3,4) occ(15,3,3) occ(30,3,6) occ(54,3,2) occ(65,3,8) occ(68,3,1) occ(76,3,9) occ(84,3,7) occ(7,4,6) occ(10,4,1) occ(20,4,2) occ(48,4,4) occ(51,4,8) occ(57,4,5) occ(70,4,3) occ(74,4,7) occ(82,4,9) occ(16,5,3) occ(17,5,4) occ(32,5,7) occ(49,5,10) occ(53,5,6) occ(56,5,1) occ(66,5,2) occ(67,5,9) occ(72,5,5) occ(73,5,8) occ(5,6,5) occ(8,6,2) occ(18,6,1) occ(34,6,9) occ(46,6,3) occ(47,6,8) occ(55,6,4) occ(69,6,7) occ(75,6,10) occ(91,6,6) occ(6,7,4) occ(19,7,3) occ(29,7,8) occ(44,7,5) occ(45,7,10) occ(58,7,2) occ(64,7,1) occ(71,7,9) occ(81,7,6) occ(4,8,2) occ(21,8,1) occ(27,8,6) occ(31,8,10) occ(36,8,8) occ(37,8,7) occ(62,8,3) occ(77,8,9) occ(83,8,4) occ(89,8,5) occ(25,9,4) occ(33,9,8) occ(38,9,10) occ(39,9,5) occ(42,9,6) occ(43,9,9) occ(60,9,1) occ(79,9,7) occ(87,9,3) occ(23,10,2) occ(35,10,6) occ(40,10,8) occ(41,10,7) occ(85,10,5)
Optimization: -92
Answer: 44
occ(1,4,10) occ(1,10,4) occ(1,3,10) occ(1,10,10) occ(1,10,3) occ(1,2,9) occ(2,10,1) occ(3,7,7) coverage(93) occ(15,1,5) occ(25,1,10) occ(33,1,4) occ(43,1,3) occ(58,1,6) occ(62,1,2) occ(91,1,9) occ(92,1,7) occ(17,2,7) occ(27,2,8) occ(31,2,6) occ(35,2,2) occ(45,2,5) occ(54,2,3) occ(60,2,4) occ(87,2,10) occ(13,3,4) occ(23,3,9) occ(41,3,2) occ(52,3,1) occ(56,3,5) occ(59,3,7) occ(64,3,3) occ(89,3,8) occ(90,3,6) occ(11,4,2) occ(19,4,8) occ(29,4,7) occ(37,4,1) occ(47,4,6) occ(57,4,5) occ(82,4,3) occ(85,4,9) occ(88,4,4) occ(8,5,5) occ(12,5,9) occ(21,5,10) occ(39,5,3) occ(49,5,8) occ(50,5,2) occ(61,5,6) occ(66,5,4) occ(83,5,7) occ(84,5,1) occ(5,6,5) occ(9,6,1) occ(10,6,7) occ(24,6,8) occ(51,6,10) occ(55,6,6) occ(68,6,2) occ(80,6,4) occ(81,6,9) occ(86,6,3) occ(6,7,4) occ(7,7,3) occ(14,7,10) occ(26,7,6) occ(36,7,9) occ(48,7,1) occ(53,7,8) occ(63,7,5) occ(69,7,2) occ(4,8,2) occ(16,8,8) occ(22,8,9) occ(34,8,7) occ(44,8,4) occ(65,8,3) occ(70,8,1) occ(75,8,6) occ(78,8,5) occ(79,8,10) occ(20,9,7) occ(28,9,5) occ(32,9,9) occ(38,9,10) occ(42,9,6) occ(46,9,2) occ(67,9,1) occ(71,9,3) occ(74,9,4) occ(77,9,8) occ(18,10,9) occ(30,10,7) occ(40,10,8) occ(72,10,2) occ(73,10,5) occ(76,10,6)
Optimization: -93
Answer: 45
occ(1,4,10) occ(1,10,4) occ(1,3,10) occ(1,10,10) occ(1,10,3) occ(1,2,9) occ(2,10,1) occ(3,7,7) coverage(94) occ(12,1,7) occ(16,1,9) occ(54,1,8) occ(60,1,3) occ(64,1,1) occ(74,1,2) occ(81,1,6) occ(85,1,10) occ(92,1,5) occ(93,1,4) occ(10,2,5) occ(18,2,7) occ(52,2,10) occ(56,2,6) occ(66,2,3) occ(75,2,2) occ(79,2,4) occ(83,2,8) occ(14,3,8) occ(48,3,7) occ(58,3,4) occ(62,3,2) occ(72,3,3) occ(76,3,1) occ(87,3,9) occ(90,3,6) occ(91,3,5) occ(8,4,4) occ(20,4,8) occ(40,4,6) occ(46,4,5) occ(50,4,9) occ(68,4,2) occ(73,4,1) occ(77,4,3) occ(89,4,7) occ(5,5,6) occ(22,5,10) occ(23,5,3) occ(32,5,7) occ(39,5,9) occ(42,5,8) occ(70,5,4) occ(78,5,2) occ(88,5,5) occ(6,6,3) occ(7,6,4) occ(21,6,1) occ(30,6,9) occ(34,6,5) occ(38,6,7) occ(43,6,10) occ(44,6,6) occ(47,6,8) occ(71,6,2) occ(19,7,3) occ(24,7,9) occ(25,7,2) occ(37,7,10) occ(41,7,8) occ(51,7,5) occ(69,7,4) occ(80,7,1) occ(86,7,6) occ(4,8,2) occ(9,8,5) occ(17,8,1) occ(28,8,10) occ(29,8,3) occ(36,8,6) occ(45,8,9) occ(49,8,7) occ(59,8,8) occ(84,8,4) occ(13,9,4) occ(26,9,8) occ(27,9,1) occ(31,9,5) occ(35,9,9) occ(53,9,6) occ(57,9,10) occ(63,9,7) occ(67,9,3) occ(82,9,2) occ(11,10,6) occ(15,10,2) occ(33,10,7) occ(55,10,8) occ(61,10,9) occ(65,10,5)
Optimization: -94
Answer: 46
occ(1,4,10) occ(1,10,4) occ(1,3,10) occ(1,10,10) occ(1,10,3) occ(1,2,9) occ(2,10,1) occ(3,7,7) coverage(95) occ(14,1,6) occ(18,1,10) occ(54,1,8) occ(60,1,3) occ(74,1,4) occ(78,1,2) occ(83,1,7) occ(87,1,5) occ(91,1,9) occ(12,2,4) occ(16,2,8) occ(52,2,10) occ(56,2,6) occ(62,2,1) occ(72,2,2) occ(81,2,5) occ(82,2,3) occ(89,2,7) occ(10,3,2) occ(20,3,9) occ(48,3,7) occ(58,3,4) occ(76,3,3) occ(80,3,1) occ(84,3,5) occ(85,3,6) occ(93,3,8) occ(8,4,4) occ(21,4,3) occ(25,4,7) occ(28,4,8) occ(46,4,5) occ(50,4,9) occ(64,4,2) occ(70,4,1) occ(79,4,6) occ(19,5,1) occ(22,5,8) occ(23,5,5) occ(26,5,10) occ(27,5,9) occ(32,5,7) occ(38,5,4) occ(68,5,3) occ(86,5,6) occ(90,5,2) occ(6,6,3) occ(30,6,9) occ(34,6,5) occ(40,6,2) occ(43,6,10) occ(44,6,6) occ(47,6,8) occ(66,6,1) occ(77,6,7) occ(88,6,4) occ(17,7,2) occ(24,7,9) occ(29,7,10) occ(36,7,3) occ(41,7,8) occ(42,7,4) occ(49,7,6) occ(75,7,5) occ(92,7,1) occ(4,8,2) occ(5,8,5) occ(9,8,7) occ(13,8,3) occ(35,8,6) occ(39,8,10) occ(45,8,9) occ(51,8,4) occ(59,8,8) occ(69,8,1) occ(11,9,5) occ(15,9,1) occ(31,9,9) occ(37,9,8) occ(53,9,6) occ(57,9,10) occ(63,9,7) occ(67,9,3) occ(73,9,4) occ(94,9,2) occ(7,10,6) occ(33,10,7) occ(55,10,8) occ(61,10,9) occ(65,10,5) occ(71,10,2)
Optimization: -95
*** Info : (clingo): INTERRUPTED by signal!
SATISFIABLE

TIME LIMIT   : 1
Models       : 46+
  Optimum    : unknown
Optimization : -95
Calls        : 1
Time         : 300.000s (Solving: 298.55s 1st Model: 0.00s Unsat: 0.00s)
CPU Time     : 300.001s
