
-----------------------------------------
|  0| 78| 60| 74| 87| 14| 83| 54| 91| 18|
-----------------------------------------
| 62| 72| 82| 12| 81| 56| 89| 16|  1| 52|
-----------------------------------------
| 80| 10| 76| 58| 84| 85| 48| 93| 20|  1|
-----------------------------------------
| 70| 64| 21|  8| 46| 79| 25| 28| 50|  1|
-----------------------------------------
| 19| 90| 68| 38| 23| 86| 32| 22| 27| 26|
-----------------------------------------
| 66| 40|  6| 88| 34| 44| 77| 47| 30| 43|
-----------------------------------------
| 92| 17| 36| 42| 75| 49|  3| 41| 24| 29|
-----------------------------------------
| 69|  4| 13| 51|  5| 35|  9| 59| 45| 39|
-----------------------------------------
| 15| 94| 67| 73| 11| 53| 63| 37| 31| 57|
-----------------------------------------
|  2| 71|  1|  1| 65|  7| 33| 55| 61|  1|
-----------------------------------------

| n = 10 | k = 6 | coverage = 99, 99.0%
 Time 300.001
 Name 4_10x10_clingo

