
-----------------------------------------
| 51| 56| 66| 65| 70| 69| 62| 73| 74| 77|
-----------------------------------------
| 52| 63| 49| 58| 64| 78| 72| 79| 93| 94|
-----------------------------------------
| 47| 53| 54| 68| 67| 60| 71| 76| 75| 81|
-----------------------------------------
| 61| 50| 57| 34| 80| 31|  1| 91| 92|  1|
-----------------------------------------
| 55| 45|  1|  1| 23| 28| 19| 29| 83| 89|
-----------------------------------------
| 48| 59| 36| 82| 32| 27| 33| 87| 13| 90|
-----------------------------------------
|  3|  0| 43| 25| 26| 21| 30| 17|  6| 85|
-----------------------------------------
| 41| 46| 24| 38| 84| 35| 12| 11| 88| 15|
-----------------------------------------
| 22|  5| 42| 37| 18|  9| 86|  4| 14|  8|
-----------------------------------------
| 44| 39| 20|  7| 40|  1| 16| 10|  0|  2|
-----------------------------------------

| n = 10 | k = 5 | coverage = 98, 98.0%
 Time 301.25
 Name 12_10x10_minizinc

