
-----------------------------------------
|  0| 34| 41| 50| 44| 91|  4| 47|  8| 95|
-----------------------------------------
| 39| 52| 46| 68| 38| 45| 42| 93| 87| 49|
-----------------------------------------
| 32|  3| 36| 43| 48|  2| 89|  6| 69| 10|
-----------------------------------------
| 54| 37| 70|  5| 66| 40|  1| 85| 51| 65|
-----------------------------------------
| 72| 30| 29| 35|  9|  0| 21| 67| 12| 71|
-----------------------------------------
| 27| 56|  7| 64| 23| 33| 83| 16| 63| 53|
-----------------------------------------
| 28| 74| 25| 31| 92| 11| 61| 19| 73| 14|
-----------------------------------------
| 58| 88| 62| 80| 22| 81| 18| 77| 55| 17|
-----------------------------------------
| 76| 26| 84| 90|  1| 94| 13| 59|  1| 75|
-----------------------------------------
| 86| 60| 78| 24| 82| 20| 79|  1| 15| 57|
-----------------------------------------

| n = 10 | k = 4 | coverage = 98, 98.0%
 Time 300.002
 Name 2_10x10_clingo

