clingo version 5.4.0
Reading from ...ts/logs/2_10x10_clingo/knights_tour.lp ...
Solving...
Answer: 1
occ(1,4,7) occ(1,9,5) occ(1,10,8) occ(1,9,9) occ(2,3,6) occ(3,3,2) coverage(6)
Optimization: -6
Answer: 2
occ(1,4,7) occ(1,9,5) occ(1,10,8) occ(1,9,9) occ(2,3,6) occ(3,3,2) coverage(8) occ(4,1,7) occ(6,2,9) occ(7,4,3) occ(5,5,1)
Optimization: -8
Answer: 3
occ(1,4,7) occ(1,9,5) occ(1,10,8) occ(1,9,9) occ(2,3,6) occ(3,3,2) coverage(10) occ(4,1,7) occ(6,2,9) occ(9,2,2) occ(7,4,3) occ(8,4,10) occ(5,5,1)
Optimization: -10
Answer: 4
occ(1,4,7) occ(1,9,5) occ(1,10,8) occ(1,9,9) occ(2,3,6) occ(3,3,2) coverage(15) occ(4,1,7) occ(5,1,1) occ(50,1,8) occ(6,2,9) occ(7,2,3) occ(13,2,2) occ(48,2,10) occ(9,3,1) occ(52,3,9) occ(8,4,10) occ(11,4,3) occ(32,4,4) occ(46,4,9) occ(18,5,4) occ(30,5,2) occ(54,5,10) occ(10,6,9) occ(16,6,6) occ(20,6,2) occ(34,6,5) occ(44,6,10) occ(58,6,7) occ(14,7,8) occ(24,7,3) occ(28,7,1) occ(56,7,9) occ(60,7,5) occ(12,8,10) occ(22,8,1) occ(36,8,6) occ(42,8,9) occ(64,8,2) occ(70,8,5) occ(26,9,2) occ(40,9,7) occ(62,9,4) occ(68,9,3) occ(74,9,8) occ(38,10,5) occ(66,10,1) occ(72,10,6) occ(76,10,10)
Optimization: -15
Answer: 5
occ(1,4,7) occ(1,9,5) occ(1,10,8) occ(1,9,9) occ(2,3,6) occ(3,3,2) coverage(17) occ(4,1,7) occ(5,1,1) occ(15,1,4) occ(50,1,8) occ(6,2,9) occ(7,2,3) occ(13,2,2) occ(48,2,10) occ(9,3,1) occ(52,3,9) occ(8,4,10) occ(11,4,3) occ(32,4,4) occ(46,4,9) occ(18,5,4) occ(30,5,2) occ(54,5,10) occ(10,6,9) occ(16,6,6) occ(20,6,2) occ(34,6,5) occ(44,6,10) occ(58,6,7) occ(14,7,8) occ(24,7,3) occ(28,7,1) occ(56,7,9) occ(60,7,5) occ(12,8,10) occ(22,8,1) occ(36,8,6) occ(42,8,9) occ(64,8,2) occ(70,8,5) occ(26,9,2) occ(40,9,7) occ(62,9,4) occ(68,9,3) occ(74,9,8) occ(38,10,5) occ(66,10,1) occ(72,10,6) occ(76,10,10)
Optimization: -17
Answer: 6
occ(1,4,7) occ(1,9,5) occ(1,10,8) occ(1,9,9) occ(2,3,6) occ(3,3,2) coverage(19) occ(4,1,7) occ(5,1,1) occ(15,1,4) occ(50,1,8) occ(6,2,9) occ(7,2,3) occ(13,2,2) occ(17,2,6) occ(48,2,10) occ(9,3,1) occ(52,3,9) occ(8,4,10) occ(11,4,3) occ(32,4,4) occ(46,4,9) occ(18,5,4) occ(30,5,2) occ(54,5,10) occ(10,6,9) occ(16,6,6) occ(20,6,2) occ(34,6,5) occ(44,6,10) occ(58,6,7) occ(14,7,8) occ(24,7,3) occ(28,7,1) occ(56,7,9) occ(60,7,5) occ(12,8,10) occ(22,8,1) occ(36,8,6) occ(42,8,9) occ(64,8,2) occ(70,8,5) occ(26,9,2) occ(40,9,7) occ(62,9,4) occ(68,9,3) occ(74,9,8) occ(38,10,5) occ(66,10,1) occ(72,10,6) occ(76,10,10)
Optimization: -19
Answer: 7
occ(1,4,7) occ(1,9,5) occ(1,10,8) occ(1,9,9) occ(2,3,6) occ(3,3,2) coverage(21) occ(4,1,7) occ(5,1,1) occ(50,1,8) occ(6,2,9) occ(7,2,3) occ(13,2,2) occ(19,2,1) occ(48,2,10) occ(9,3,1) occ(17,3,3) occ(52,3,9) occ(8,4,10) occ(11,4,3) occ(15,4,1) occ(32,4,4) occ(46,4,9) occ(18,5,4) occ(30,5,2) occ(54,5,10) occ(10,6,9) occ(16,6,6) occ(20,6,2) occ(34,6,5) occ(44,6,10) occ(58,6,7) occ(14,7,8) occ(24,7,3) occ(28,7,1) occ(56,7,9) occ(60,7,5) occ(12,8,10) occ(22,8,1) occ(36,8,6) occ(42,8,9) occ(64,8,2) occ(70,8,5) occ(26,9,2) occ(40,9,7) occ(62,9,4) occ(68,9,3) occ(74,9,8) occ(38,10,5) occ(66,10,1) occ(72,10,6) occ(76,10,10)
Optimization: -21
Answer: 8
occ(1,4,7) occ(1,9,5) occ(1,10,8) occ(1,9,9) occ(2,3,6) occ(3,3,2) coverage(23) occ(4,1,7) occ(5,1,1) occ(19,1,4) occ(50,1,8) occ(6,2,9) occ(7,2,3) occ(13,2,2) occ(21,2,6) occ(48,2,10) occ(9,3,1) occ(17,3,3) occ(52,3,9) occ(8,4,10) occ(11,4,3) occ(15,4,1) occ(32,4,4) occ(46,4,9) occ(18,5,4) occ(30,5,2) occ(54,5,10) occ(10,6,9) occ(16,6,6) occ(20,6,2) occ(34,6,5) occ(44,6,10) occ(58,6,7) occ(14,7,8) occ(24,7,3) occ(28,7,1) occ(56,7,9) occ(60,7,5) occ(12,8,10) occ(22,8,1) occ(36,8,6) occ(42,8,9) occ(64,8,2) occ(70,8,5) occ(26,9,2) occ(40,9,7) occ(62,9,4) occ(68,9,3) occ(74,9,8) occ(38,10,5) occ(66,10,1) occ(72,10,6) occ(76,10,10)
Optimization: -23
Answer: 9
occ(1,4,7) occ(1,9,5) occ(1,10,8) occ(1,9,9) occ(2,3,6) occ(3,3,2) coverage(25) occ(4,1,7) occ(5,1,1) occ(19,1,4) occ(23,1,6) occ(50,1,8) occ(6,2,9) occ(7,2,3) occ(13,2,2) occ(48,2,10) occ(9,3,1) occ(17,3,3) occ(21,3,5) occ(52,3,9) occ(8,4,10) occ(11,4,3) occ(15,4,1) occ(32,4,4) occ(46,4,9) occ(18,5,4) occ(30,5,2) occ(54,5,10) occ(10,6,9) occ(16,6,6) occ(20,6,2) occ(34,6,5) occ(44,6,10) occ(58,6,7) occ(14,7,8) occ(24,7,3) occ(28,7,1) occ(56,7,9) occ(60,7,5) occ(12,8,10) occ(22,8,1) occ(36,8,6) occ(42,8,9) occ(64,8,2) occ(70,8,5) occ(26,9,2) occ(40,9,7) occ(62,9,4) occ(68,9,3) occ(74,9,8) occ(38,10,5) occ(66,10,1) occ(72,10,6) occ(76,10,10)
Optimization: -25
Answer: 10
occ(1,4,7) occ(1,9,5) occ(1,10,8) occ(1,9,9) occ(2,3,6) occ(3,3,2) coverage(27) occ(4,1,7) occ(5,1,1) occ(19,1,4) occ(50,1,8) occ(6,2,9) occ(7,2,3) occ(13,2,2) occ(17,2,6) occ(48,2,10) occ(9,3,1) occ(15,3,4) occ(21,3,3) occ(52,3,9) occ(8,4,10) occ(11,4,3) occ(23,4,1) occ(32,4,4) occ(46,4,9) occ(18,5,4) occ(25,5,3) occ(30,5,2) occ(54,5,10) occ(10,6,9) occ(16,6,6) occ(20,6,2) occ(34,6,5) occ(44,6,10) occ(58,6,7) occ(14,7,8) occ(24,7,3) occ(28,7,1) occ(56,7,9) occ(60,7,5) occ(12,8,10) occ(22,8,1) occ(36,8,6) occ(42,8,9) occ(64,8,2) occ(70,8,5) occ(26,9,2) occ(40,9,7) occ(62,9,4) occ(68,9,3) occ(74,9,8) occ(38,10,5) occ(66,10,1) occ(72,10,6) occ(76,10,10)
Optimization: -27
Answer: 11
occ(1,4,7) occ(1,9,5) occ(1,10,8) occ(1,9,9) occ(2,3,6) occ(3,3,2) coverage(29) occ(4,1,7) occ(5,1,1) occ(15,1,4) occ(50,1,8) occ(6,2,9) occ(7,2,3) occ(13,2,2) occ(17,2,6) occ(48,2,10) occ(9,3,1) occ(19,3,8) occ(52,3,9) occ(8,4,10) occ(11,4,3) occ(32,4,4) occ(46,4,9) occ(18,5,4) occ(21,5,9) occ(30,5,2) occ(54,5,10) occ(10,6,9) occ(16,6,6) occ(20,6,2) occ(34,6,5) occ(44,6,10) occ(58,6,7) occ(14,7,8) occ(23,7,10) occ(24,7,3) occ(28,7,1) occ(56,7,9) occ(60,7,5) occ(12,8,10) occ(22,8,1) occ(25,8,8) occ(36,8,6) occ(42,8,9) occ(64,8,2) occ(70,8,5) occ(26,9,2) occ(27,9,10) occ(40,9,7) occ(62,9,4) occ(68,9,3) occ(74,9,8) occ(38,10,5) occ(66,10,1) occ(72,10,6) occ(76,10,10)
Optimization: -29
Answer: 12
occ(1,4,7) occ(1,9,5) occ(1,10,8) occ(1,9,9) occ(2,3,6) occ(3,3,2) coverage(31) occ(4,1,7) occ(5,1,1) occ(15,1,4) occ(50,1,8) occ(6,2,9) occ(7,2,3) occ(13,2,2) occ(17,2,6) occ(48,2,10) occ(9,3,1) occ(19,3,8) occ(52,3,9) occ(8,4,10) occ(11,4,3) occ(32,4,4) occ(46,4,9) occ(18,5,4) occ(21,5,9) occ(30,5,2) occ(54,5,10) occ(10,6,9) occ(16,6,6) occ(20,6,2) occ(34,6,5) occ(44,6,10) occ(58,6,7) occ(14,7,8) occ(23,7,10) occ(24,7,3) occ(28,7,1) occ(56,7,9) occ(60,7,5) occ(12,8,10) occ(22,8,1) occ(25,8,8) occ(36,8,6) occ(42,8,9) occ(64,8,2) occ(70,8,5) occ(26,9,2) occ(27,9,6) occ(40,9,7) occ(62,9,4) occ(68,9,3) occ(74,9,8) occ(29,10,4) occ(38,10,5) occ(66,10,1) occ(72,10,6) occ(76,10,10)
Optimization: -31
Answer: 13
occ(1,4,7) occ(1,9,5) occ(1,10,8) occ(1,9,9) occ(2,3,6) occ(3,3,2) coverage(33) occ(4,1,7) occ(5,1,1) occ(15,1,4) occ(50,1,8) occ(6,2,9) occ(7,2,3) occ(13,2,2) occ(17,2,6) occ(48,2,10) occ(9,3,1) occ(19,3,8) occ(52,3,9) occ(8,4,10) occ(11,4,3) occ(32,4,4) occ(46,4,9) occ(18,5,4) occ(21,5,9) occ(30,5,2) occ(54,5,10) occ(10,6,9) occ(16,6,6) occ(20,6,2) occ(34,6,5) occ(44,6,10) occ(58,6,7) occ(14,7,8) occ(23,7,10) occ(24,7,3) occ(28,7,1) occ(56,7,9) occ(60,7,5) occ(12,8,10) occ(22,8,1) occ(25,8,8) occ(31,8,3) occ(36,8,6) occ(42,8,9) occ(64,8,2) occ(70,8,5) occ(26,9,2) occ(27,9,6) occ(40,9,7) occ(62,9,4) occ(68,9,3) occ(74,9,8) occ(29,10,4) occ(38,10,5) occ(66,10,1) occ(72,10,6) occ(76,10,10)
Optimization: -33
Answer: 14
occ(1,4,7) occ(1,9,5) occ(1,10,8) occ(1,9,9) occ(2,3,6) occ(3,3,2) coverage(35) occ(4,1,7) occ(5,1,1) occ(15,1,4) occ(50,1,8) occ(6,2,9) occ(7,2,3) occ(13,2,2) occ(17,2,6) occ(48,2,10) occ(9,3,1) occ(19,3,8) occ(52,3,9) occ(8,4,10) occ(11,4,3) occ(32,4,4) occ(46,4,9) occ(18,5,4) occ(21,5,9) occ(30,5,2) occ(54,5,10) occ(10,6,9) occ(16,6,6) occ(20,6,2) occ(34,6,5) occ(44,6,10) occ(58,6,7) occ(14,7,8) occ(23,7,10) occ(24,7,3) occ(28,7,1) occ(56,7,9) occ(60,7,5) occ(12,8,10) occ(22,8,1) occ(25,8,8) occ(31,8,3) occ(36,8,6) occ(42,8,9) occ(64,8,2) occ(70,8,5) occ(26,9,2) occ(27,9,6) occ(40,9,7) occ(62,9,4) occ(68,9,3) occ(74,9,8) occ(29,10,4) occ(33,10,2) occ(38,10,5) occ(66,10,1) occ(72,10,6) occ(76,10,10)
Optimization: -35
Answer: 15
occ(1,4,7) occ(1,9,5) occ(1,10,8) occ(1,9,9) occ(2,3,6) occ(3,3,2) coverage(37) occ(4,1,7) occ(5,1,1) occ(15,1,4) occ(50,1,8) occ(6,2,9) occ(7,2,3) occ(13,2,2) occ(17,2,6) occ(48,2,10) occ(9,3,1) occ(19,3,8) occ(52,3,9) occ(8,4,10) occ(11,4,3) occ(32,4,4) occ(46,4,9) occ(18,5,4) occ(21,5,9) occ(30,5,2) occ(54,5,10) occ(10,6,9) occ(16,6,6) occ(20,6,2) occ(34,6,5) occ(44,6,10) occ(58,6,7) occ(14,7,8) occ(23,7,10) occ(24,7,3) occ(28,7,1) occ(56,7,9) occ(60,7,5) occ(12,8,10) occ(22,8,1) occ(25,8,8) occ(31,8,3) occ(36,8,6) occ(42,8,9) occ(64,8,2) occ(70,8,5) occ(26,9,2) occ(27,9,6) occ(33,9,1) occ(40,9,7) occ(62,9,4) occ(68,9,3) occ(74,9,8) occ(29,10,4) occ(35,10,3) occ(38,10,5) occ(66,10,1) occ(72,10,6) occ(76,10,10)
Optimization: -37
Answer: 16
occ(1,4,7) occ(1,9,5) occ(1,10,8) occ(1,9,9) occ(2,3,6) occ(3,3,2) coverage(39) occ(4,1,7) occ(5,1,1) occ(15,1,4) occ(50,1,8) occ(6,2,9) occ(7,2,3) occ(13,2,2) occ(17,2,6) occ(48,2,10) occ(9,3,1) occ(19,3,8) occ(52,3,9) occ(8,4,10) occ(11,4,3) occ(32,4,4) occ(46,4,9) occ(18,5,4) occ(21,5,9) occ(30,5,2) occ(37,5,1) occ(54,5,10) occ(10,6,9) occ(16,6,6) occ(20,6,2) occ(34,6,5) occ(44,6,10) occ(58,6,7) occ(14,7,8) occ(23,7,10) occ(24,7,3) occ(28,7,1) occ(35,7,2) occ(56,7,9) occ(60,7,5) occ(12,8,10) occ(22,8,1) occ(25,8,8) occ(31,8,3) occ(36,8,6) occ(42,8,9) occ(64,8,2) occ(70,8,5) occ(26,9,2) occ(27,9,6) occ(33,9,1) occ(40,9,7) occ(62,9,4) occ(68,9,3) occ(74,9,8) occ(29,10,4) occ(38,10,5) occ(66,10,1) occ(72,10,6) occ(76,10,10)
Optimization: -39
Answer: 17
occ(1,4,7) occ(1,9,5) occ(1,10,8) occ(1,9,9) occ(2,3,6) occ(3,3,2) coverage(41) occ(4,1,7) occ(5,1,1) occ(15,1,4) occ(37,1,3) occ(50,1,8) occ(6,2,9) occ(7,2,3) occ(13,2,2) occ(17,2,6) occ(35,2,1) occ(39,2,5) occ(48,2,10) occ(9,3,1) occ(19,3,8) occ(31,3,4) occ(52,3,9) occ(8,4,10) occ(11,4,3) occ(32,4,4) occ(33,4,2) occ(46,4,9) occ(18,5,4) occ(21,5,9) occ(29,5,5) occ(30,5,2) occ(54,5,10) occ(10,6,9) occ(16,6,6) occ(20,6,2) occ(34,6,5) occ(44,6,10) occ(58,6,7) occ(14,7,8) occ(23,7,10) occ(24,7,3) occ(27,7,6) occ(28,7,1) occ(56,7,9) occ(60,7,5) occ(12,8,10) occ(22,8,1) occ(25,8,8) occ(36,8,6) occ(42,8,9) occ(64,8,2) occ(70,8,5) occ(26,9,2) occ(40,9,7) occ(62,9,4) occ(68,9,3) occ(74,9,8) occ(38,10,5) occ(66,10,1) occ(72,10,6) occ(76,10,10)
Optimization: -41
Answer: 18
occ(1,4,7) occ(1,9,5) occ(1,10,8) occ(1,9,9) occ(2,3,6) occ(3,3,2) coverage(43) occ(4,1,7) occ(5,1,1) occ(15,1,4) occ(37,1,5) occ(41,1,3) occ(50,1,8) occ(6,2,9) occ(7,2,3) occ(13,2,2) occ(17,2,6) occ(35,2,7) occ(48,2,10) occ(9,3,1) occ(19,3,8) occ(39,3,4) occ(52,3,9) occ(8,4,10) occ(11,4,3) occ(32,4,4) occ(33,4,6) occ(46,4,9) occ(18,5,4) occ(21,5,9) occ(30,5,2) occ(31,5,8) occ(54,5,10) occ(10,6,9) occ(16,6,6) occ(20,6,2) occ(34,6,5) occ(44,6,10) occ(58,6,7) occ(14,7,8) occ(23,7,10) occ(24,7,3) occ(28,7,1) occ(29,7,7) occ(56,7,9) occ(60,7,5) occ(12,8,10) occ(22,8,1) occ(25,8,8) occ(36,8,6) occ(42,8,9) occ(64,8,2) occ(70,8,5) occ(26,9,2) occ(27,9,6) occ(40,9,7) occ(62,9,4) occ(68,9,3) occ(74,9,8) occ(38,10,5) occ(66,10,1) occ(72,10,6) occ(76,10,10)
Optimization: -43
Answer: 19
occ(1,4,7) occ(1,9,5) occ(1,10,8) occ(1,9,9) occ(2,3,6) occ(3,3,2) coverage(45) occ(4,1,7) occ(5,1,1) occ(15,1,4) occ(37,1,5) occ(41,1,3) occ(50,1,8) occ(6,2,9) occ(7,2,3) occ(13,2,2) occ(17,2,6) occ(35,2,7) occ(43,2,1) occ(48,2,10) occ(9,3,1) occ(19,3,8) occ(39,3,4) occ(52,3,9) occ(8,4,10) occ(11,4,3) occ(32,4,4) occ(33,4,6) occ(46,4,9) occ(18,5,4) occ(21,5,9) occ(30,5,2) occ(31,5,8) occ(54,5,10) occ(10,6,9) occ(16,6,6) occ(20,6,2) occ(34,6,5) occ(44,6,10) occ(58,6,7) occ(14,7,8) occ(23,7,10) occ(24,7,3) occ(28,7,1) occ(29,7,7) occ(56,7,9) occ(60,7,5) occ(12,8,10) occ(22,8,1) occ(25,8,8) occ(36,8,6) occ(42,8,9) occ(64,8,2) occ(70,8,5) occ(26,9,2) occ(27,9,6) occ(40,9,7) occ(62,9,4) occ(68,9,3) occ(74,9,8) occ(38,10,5) occ(66,10,1) occ(72,10,6) occ(76,10,10)
Optimization: -45
Answer: 20
occ(1,4,7) occ(1,9,5) occ(1,10,8) occ(1,9,9) occ(2,3,6) occ(3,3,2) coverage(47) occ(4,1,7) occ(5,1,1) occ(15,1,4) occ(37,1,5) occ(45,1,3) occ(50,1,8) occ(6,2,9) occ(7,2,3) occ(13,2,2) occ(17,2,6) occ(35,2,7) occ(43,2,1) occ(48,2,10) occ(9,3,1) occ(19,3,8) occ(39,3,4) occ(52,3,9) occ(8,4,10) occ(11,4,3) occ(32,4,4) occ(33,4,6) occ(41,4,2) occ(46,4,9) occ(18,5,4) occ(21,5,9) occ(30,5,2) occ(31,5,8) occ(54,5,10) occ(10,6,9) occ(16,6,6) occ(20,6,2) occ(34,6,5) occ(44,6,10) occ(58,6,7) occ(14,7,8) occ(23,7,10) occ(24,7,3) occ(28,7,1) occ(29,7,7) occ(56,7,9) occ(60,7,5) occ(12,8,10) occ(22,8,1) occ(25,8,8) occ(36,8,6) occ(42,8,9) occ(64,8,2) occ(70,8,5) occ(26,9,2) occ(27,9,6) occ(40,9,7) occ(62,9,4) occ(68,9,3) occ(74,9,8) occ(38,10,5) occ(66,10,1) occ(72,10,6) occ(76,10,10)
Optimization: -47
Answer: 21
occ(1,4,7) occ(1,9,5) occ(1,10,8) occ(1,9,9) occ(2,3,6) occ(3,3,2) coverage(49) occ(4,1,7) occ(5,1,1) occ(15,1,4) occ(37,1,5) occ(41,1,3) occ(50,1,8) occ(6,2,9) occ(7,2,3) occ(13,2,2) occ(17,2,6) occ(35,2,7) occ(43,2,1) occ(48,2,10) occ(9,3,1) occ(19,3,8) occ(39,3,4) occ(52,3,9) occ(8,4,10) occ(11,4,3) occ(32,4,4) occ(33,4,6) occ(45,4,2) occ(46,4,9) occ(18,5,4) occ(21,5,9) occ(30,5,2) occ(31,5,8) occ(54,5,10) occ(10,6,9) occ(16,6,6) occ(20,6,2) occ(34,6,5) occ(44,6,10) occ(47,6,1) occ(58,6,7) occ(14,7,8) occ(23,7,10) occ(24,7,3) occ(28,7,1) occ(29,7,7) occ(56,7,9) occ(60,7,5) occ(12,8,10) occ(22,8,1) occ(25,8,8) occ(36,8,6) occ(42,8,9) occ(64,8,2) occ(70,8,5) occ(26,9,2) occ(27,9,6) occ(40,9,7) occ(62,9,4) occ(68,9,3) occ(74,9,8) occ(38,10,5) occ(66,10,1) occ(72,10,6) occ(76,10,10)
Optimization: -49
Answer: 22
occ(1,4,7) occ(1,9,5) occ(1,10,8) occ(1,9,9) occ(2,3,6) occ(3,3,2) coverage(51) occ(4,1,7) occ(5,1,1) occ(15,1,4) occ(37,1,5) occ(49,1,3) occ(50,1,8) occ(6,2,9) occ(7,2,3) occ(13,2,2) occ(17,2,6) occ(35,2,7) occ(43,2,1) occ(47,2,5) occ(48,2,10) occ(9,3,1) occ(19,3,8) occ(39,3,4) occ(45,3,3) occ(52,3,9) occ(8,4,10) occ(11,4,3) occ(32,4,4) occ(33,4,6) occ(41,4,2) occ(46,4,9) occ(18,5,4) occ(21,5,9) occ(30,5,2) occ(31,5,8) occ(54,5,10) occ(10,6,9) occ(16,6,6) occ(20,6,2) occ(34,6,5) occ(44,6,10) occ(58,6,7) occ(14,7,8) occ(23,7,10) occ(24,7,3) occ(28,7,1) occ(29,7,7) occ(56,7,9) occ(60,7,5) occ(12,8,10) occ(22,8,1) occ(25,8,8) occ(36,8,6) occ(42,8,9) occ(64,8,2) occ(70,8,5) occ(26,9,2) occ(27,9,6) occ(40,9,7) occ(62,9,4) occ(68,9,3) occ(74,9,8) occ(38,10,5) occ(66,10,1) occ(72,10,6) occ(76,10,10)
Optimization: -51
Answer: 23
occ(1,4,7) occ(1,9,5) occ(1,10,8) occ(1,9,9) occ(2,3,6) occ(3,3,2) coverage(53) occ(4,1,7) occ(5,1,1) occ(15,1,4) occ(37,1,5) occ(41,1,3) occ(50,1,8) occ(6,2,9) occ(7,2,3) occ(13,2,2) occ(17,2,6) occ(35,2,7) occ(43,2,5) occ(47,2,1) occ(48,2,10) occ(9,3,1) occ(19,3,8) occ(39,3,4) occ(45,3,3) occ(52,3,9) occ(8,4,10) occ(11,4,3) occ(32,4,4) occ(33,4,6) occ(46,4,9) occ(49,4,2) occ(18,5,4) occ(21,5,9) occ(30,5,2) occ(31,5,8) occ(54,5,10) occ(10,6,9) occ(16,6,6) occ(20,6,2) occ(34,6,5) occ(44,6,10) occ(51,6,1) occ(58,6,7) occ(14,7,8) occ(23,7,10) occ(24,7,3) occ(28,7,1) occ(29,7,7) occ(56,7,9) occ(60,7,5) occ(12,8,10) occ(22,8,1) occ(25,8,8) occ(36,8,6) occ(42,8,9) occ(64,8,2) occ(70,8,5) occ(26,9,2) occ(27,9,6) occ(40,9,7) occ(62,9,4) occ(68,9,3) occ(74,9,8) occ(38,10,5) occ(66,10,1) occ(72,10,6) occ(76,10,10)
Optimization: -53
Answer: 24
occ(1,4,7) occ(1,9,5) occ(1,10,8) occ(1,9,9) occ(2,3,6) occ(3,3,2) coverage(55) occ(4,1,7) occ(5,1,1) occ(15,1,4) occ(37,1,5) occ(41,1,3) occ(47,1,2) occ(50,1,8) occ(51,1,6) occ(6,2,9) occ(7,2,3) occ(13,2,2) occ(17,2,6) occ(35,2,7) occ(43,2,1) occ(48,2,10) occ(49,2,4) occ(53,2,8) occ(9,3,1) occ(19,3,8) occ(39,3,4) occ(45,3,3) occ(52,3,9) occ(8,4,10) occ(11,4,3) occ(32,4,4) occ(33,4,6) occ(46,4,9) occ(18,5,4) occ(21,5,9) occ(30,5,2) occ(31,5,8) occ(54,5,10) occ(10,6,9) occ(16,6,6) occ(20,6,2) occ(34,6,5) occ(44,6,10) occ(58,6,7) occ(14,7,8) occ(23,7,10) occ(24,7,3) occ(28,7,1) occ(29,7,7) occ(56,7,9) occ(60,7,5) occ(12,8,10) occ(22,8,1) occ(25,8,8) occ(36,8,6) occ(42,8,9) occ(64,8,2) occ(70,8,5) occ(26,9,2) occ(27,9,6) occ(40,9,7) occ(62,9,4) occ(68,9,3) occ(74,9,8) occ(38,10,5) occ(66,10,1) occ(72,10,6) occ(76,10,10)
Optimization: -55
Answer: 25
occ(1,4,7) occ(1,9,5) occ(1,10,8) occ(1,9,9) occ(2,3,6) occ(3,3,2) coverage(57) occ(4,1,7) occ(5,1,1) occ(15,1,4) occ(37,1,5) occ(41,1,3) occ(47,1,2) occ(50,1,8) occ(51,1,6) occ(55,1,10) occ(6,2,9) occ(7,2,3) occ(13,2,2) occ(17,2,6) occ(35,2,7) occ(43,2,1) occ(48,2,10) occ(49,2,4) occ(53,2,8) occ(9,3,1) occ(19,3,8) occ(39,3,4) occ(45,3,3) occ(52,3,9) occ(8,4,10) occ(11,4,3) occ(32,4,4) occ(33,4,6) occ(46,4,9) occ(18,5,4) occ(21,5,9) occ(30,5,2) occ(31,5,8) occ(54,5,10) occ(10,6,9) occ(16,6,6) occ(20,6,2) occ(34,6,5) occ(44,6,10) occ(58,6,7) occ(14,7,8) occ(23,7,10) occ(24,7,3) occ(28,7,1) occ(29,7,7) occ(56,7,9) occ(60,7,5) occ(12,8,10) occ(22,8,1) occ(25,8,8) occ(36,8,6) occ(42,8,9) occ(64,8,2) occ(70,8,5) occ(26,9,2) occ(27,9,6) occ(40,9,7) occ(62,9,4) occ(68,9,3) occ(74,9,8) occ(38,10,5) occ(66,10,1) occ(72,10,6) occ(76,10,10)
Optimization: -57
Answer: 26
occ(1,4,7) occ(1,9,5) occ(1,10,8) occ(1,9,9) occ(2,3,6) occ(3,3,2) coverage(59) occ(4,1,7) occ(5,1,1) occ(15,1,4) occ(37,1,5) occ(41,1,3) occ(47,1,2) occ(50,1,8) occ(51,1,6) occ(57,1,9) occ(6,2,9) occ(7,2,3) occ(13,2,2) occ(17,2,6) occ(35,2,7) occ(43,2,1) occ(48,2,10) occ(49,2,4) occ(53,2,8) occ(9,3,1) occ(19,3,8) occ(39,3,4) occ(45,3,3) occ(52,3,9) occ(55,3,10) occ(8,4,10) occ(11,4,3) occ(32,4,4) occ(33,4,6) occ(46,4,9) occ(18,5,4) occ(21,5,9) occ(30,5,2) occ(31,5,8) occ(54,5,10) occ(10,6,9) occ(16,6,6) occ(20,6,2) occ(34,6,5) occ(44,6,10) occ(58,6,7) occ(14,7,8) occ(23,7,10) occ(24,7,3) occ(28,7,1) occ(29,7,7) occ(56,7,9) occ(60,7,5) occ(12,8,10) occ(22,8,1) occ(25,8,8) occ(36,8,6) occ(42,8,9) occ(64,8,2) occ(70,8,5) occ(26,9,2) occ(27,9,6) occ(40,9,7) occ(62,9,4) occ(68,9,3) occ(74,9,8) occ(38,10,5) occ(66,10,1) occ(72,10,6) occ(76,10,10)
Optimization: -59
Answer: 27
occ(1,4,7) occ(1,9,5) occ(1,10,8) occ(1,9,9) occ(2,3,6) occ(3,3,2) coverage(61) occ(4,1,7) occ(5,1,1) occ(15,1,4) occ(37,1,5) occ(41,1,3) occ(47,1,2) occ(50,1,8) occ(6,2,9) occ(7,2,3) occ(13,2,2) occ(17,2,6) occ(35,2,7) occ(43,2,1) occ(48,2,10) occ(49,2,4) occ(9,3,1) occ(19,3,8) occ(39,3,4) occ(45,3,3) occ(52,3,9) occ(8,4,10) occ(11,4,3) occ(32,4,4) occ(33,4,6) occ(46,4,9) occ(51,4,5) occ(18,5,4) occ(21,5,9) occ(30,5,2) occ(31,5,8) occ(54,5,10) occ(10,6,9) occ(16,6,6) occ(20,6,2) occ(34,6,5) occ(44,6,10) occ(53,6,4) occ(58,6,7) occ(14,7,8) occ(23,7,10) occ(24,7,3) occ(28,7,1) occ(29,7,7) occ(55,7,2) occ(56,7,9) occ(60,7,5) occ(12,8,10) occ(22,8,1) occ(25,8,8) occ(36,8,6) occ(42,8,9) occ(64,8,2) occ(70,8,5) occ(26,9,2) occ(27,9,6) occ(40,9,7) occ(57,9,1) occ(62,9,4) occ(68,9,3) occ(74,9,8) occ(38,10,5) occ(59,10,3) occ(66,10,1) occ(72,10,6) occ(76,10,10)
Optimization: -61
Answer: 28
occ(1,4,7) occ(1,9,5) occ(1,10,8) occ(1,9,9) occ(2,3,6) occ(3,3,2) coverage(63) occ(4,1,7) occ(5,1,1) occ(15,1,4) occ(37,1,5) occ(41,1,3) occ(50,1,8) occ(6,2,9) occ(7,2,3) occ(13,2,2) occ(17,2,6) occ(35,2,7) occ(43,2,1) occ(48,2,10) occ(9,3,1) occ(19,3,8) occ(39,3,4) occ(45,3,3) occ(52,3,9) occ(8,4,10) occ(11,4,3) occ(32,4,4) occ(33,4,6) occ(46,4,9) occ(47,4,5) occ(57,4,2) occ(18,5,4) occ(21,5,9) occ(30,5,2) occ(31,5,8) occ(53,5,1) occ(54,5,10) occ(61,5,3) occ(10,6,9) occ(16,6,6) occ(20,6,2) occ(34,6,5) occ(44,6,10) occ(49,6,4) occ(55,6,3) occ(58,6,7) occ(59,6,1) occ(14,7,8) occ(23,7,10) occ(24,7,3) occ(28,7,1) occ(29,7,7) occ(51,7,2) occ(56,7,9) occ(60,7,5) occ(12,8,10) occ(22,8,1) occ(25,8,8) occ(36,8,6) occ(42,8,9) occ(64,8,2) occ(70,8,5) occ(26,9,2) occ(27,9,6) occ(40,9,7) occ(62,9,4) occ(68,9,3) occ(74,9,8) occ(38,10,5) occ(66,10,1) occ(72,10,6) occ(76,10,10)
Optimization: -63
Answer: 29
occ(1,4,7) occ(1,9,5) occ(1,10,8) occ(1,9,9) occ(2,3,6) occ(3,3,2) coverage(65) occ(4,1,7) occ(5,1,1) occ(15,1,4) occ(37,1,5) occ(41,1,3) occ(50,1,8) occ(6,2,9) occ(7,2,3) occ(13,2,2) occ(17,2,6) occ(35,2,7) occ(43,2,1) occ(48,2,10) occ(9,3,1) occ(19,3,8) occ(39,3,4) occ(45,3,3) occ(52,3,9) occ(8,4,10) occ(11,4,3) occ(32,4,4) occ(33,4,6) occ(46,4,9) occ(47,4,5) occ(57,4,2) occ(63,4,1) occ(18,5,4) occ(21,5,9) occ(30,5,2) occ(31,5,8) occ(53,5,1) occ(54,5,10) occ(61,5,3) occ(10,6,9) occ(16,6,6) occ(20,6,2) occ(34,6,5) occ(44,6,10) occ(49,6,4) occ(55,6,3) occ(58,6,7) occ(59,6,1) occ(14,7,8) occ(23,7,10) occ(24,7,3) occ(28,7,1) occ(29,7,7) occ(51,7,2) occ(56,7,9) occ(60,7,5) occ(12,8,10) occ(22,8,1) occ(25,8,8) occ(36,8,6) occ(42,8,9) occ(64,8,2) occ(70,8,5) occ(26,9,2) occ(27,9,6) occ(40,9,7) occ(62,9,4) occ(68,9,3) occ(74,9,8) occ(38,10,5) occ(66,10,1) occ(72,10,6) occ(76,10,10)
Optimization: -65
Answer: 30
occ(1,4,7) occ(1,9,5) occ(1,10,8) occ(1,9,9) occ(2,3,6) occ(3,3,2) coverage(67) occ(4,1,7) occ(5,1,1) occ(15,1,4) occ(37,1,5) occ(41,1,3) occ(50,1,8) occ(6,2,9) occ(7,2,3) occ(13,2,2) occ(17,2,6) occ(35,2,7) occ(43,2,1) occ(48,2,10) occ(9,3,1) occ(19,3,8) occ(39,3,4) occ(45,3,3) occ(52,3,9) occ(8,4,10) occ(11,4,3) occ(32,4,4) occ(33,4,6) occ(46,4,9) occ(47,4,5) occ(57,4,2) occ(18,5,4) occ(21,5,9) occ(30,5,2) occ(31,5,8) occ(53,5,1) occ(54,5,10) occ(61,5,3) occ(65,5,5) occ(10,6,9) occ(16,6,6) occ(20,6,2) occ(34,6,5) occ(44,6,10) occ(49,6,4) occ(55,6,3) occ(58,6,7) occ(59,6,1) occ(14,7,8) occ(23,7,10) occ(24,7,3) occ(28,7,1) occ(29,7,7) occ(51,7,2) occ(56,7,9) occ(60,7,5) occ(63,7,4) occ(12,8,10) occ(22,8,1) occ(25,8,8) occ(36,8,6) occ(42,8,9) occ(64,8,2) occ(70,8,5) occ(26,9,2) occ(27,9,6) occ(40,9,7) occ(62,9,4) occ(68,9,3) occ(74,9,8) occ(38,10,5) occ(66,10,1) occ(72,10,6) occ(76,10,10)
Optimization: -67
Answer: 31
occ(1,4,7) occ(1,9,5) occ(1,10,8) occ(1,9,9) occ(2,3,6) occ(3,3,2) coverage(69) occ(4,1,7) occ(5,1,1) occ(15,1,4) occ(37,1,5) occ(41,1,3) occ(50,1,8) occ(6,2,9) occ(7,2,3) occ(13,2,2) occ(17,2,6) occ(35,2,7) occ(43,2,1) occ(48,2,10) occ(9,3,1) occ(19,3,8) occ(39,3,4) occ(45,3,3) occ(52,3,9) occ(8,4,10) occ(11,4,3) occ(32,4,4) occ(33,4,6) occ(46,4,9) occ(47,4,5) occ(57,4,2) occ(18,5,4) occ(21,5,9) occ(30,5,2) occ(31,5,8) occ(53,5,1) occ(54,5,10) occ(61,5,3) occ(65,5,5) occ(10,6,9) occ(16,6,6) occ(20,6,2) occ(34,6,5) occ(44,6,10) occ(49,6,4) occ(55,6,3) occ(58,6,7) occ(59,6,1) occ(14,7,8) occ(23,7,10) occ(24,7,3) occ(28,7,1) occ(29,7,7) occ(51,7,2) occ(56,7,9) occ(60,7,5) occ(63,7,4) occ(67,7,6) occ(12,8,10) occ(22,8,1) occ(25,8,8) occ(36,8,6) occ(42,8,9) occ(64,8,2) occ(70,8,5) occ(26,9,2) occ(27,9,6) occ(40,9,7) occ(62,9,4) occ(68,9,3) occ(74,9,8) occ(38,10,5) occ(66,10,1) occ(72,10,6) occ(76,10,10)
Optimization: -69
Answer: 32
occ(1,4,7) occ(1,9,5) occ(1,10,8) occ(1,9,9) occ(2,3,6) occ(3,3,2) coverage(71) occ(4,1,7) occ(5,1,1) occ(15,1,4) occ(37,1,5) occ(41,1,3) occ(50,1,8) occ(6,2,9) occ(7,2,3) occ(13,2,2) occ(17,2,6) occ(35,2,7) occ(43,2,1) occ(48,2,10) occ(9,3,1) occ(19,3,8) occ(39,3,4) occ(45,3,3) occ(52,3,9) occ(8,4,10) occ(11,4,3) occ(32,4,4) occ(33,4,6) occ(46,4,9) occ(47,4,5) occ(57,4,2) occ(18,5,4) occ(21,5,9) occ(30,5,2) occ(31,5,8) occ(53,5,1) occ(54,5,10) occ(61,5,3) occ(65,5,5) occ(10,6,9) occ(16,6,6) occ(20,6,2) occ(34,6,5) occ(44,6,10) occ(49,6,4) occ(55,6,3) occ(58,6,7) occ(59,6,1) occ(69,6,8) occ(14,7,8) occ(23,7,10) occ(24,7,3) occ(28,7,1) occ(29,7,7) occ(51,7,2) occ(56,7,9) occ(60,7,5) occ(63,7,4) occ(67,7,6) occ(12,8,10) occ(22,8,1) occ(25,8,8) occ(36,8,6) occ(42,8,9) occ(64,8,2) occ(70,8,5) occ(26,9,2) occ(27,9,6) occ(40,9,7) occ(62,9,4) occ(68,9,3) occ(74,9,8) occ(38,10,5) occ(66,10,1) occ(72,10,6) occ(76,10,10)
Optimization: -71
Answer: 33
occ(1,4,7) occ(1,9,5) occ(1,10,8) occ(1,9,9) occ(2,3,6) occ(3,3,2) coverage(73) occ(4,1,7) occ(5,1,1) occ(15,1,4) occ(37,1,5) occ(41,1,3) occ(50,1,8) occ(6,2,9) occ(7,2,3) occ(13,2,2) occ(17,2,6) occ(35,2,7) occ(43,2,1) occ(48,2,10) occ(9,3,1) occ(19,3,8) occ(39,3,4) occ(45,3,3) occ(52,3,9) occ(8,4,10) occ(11,4,3) occ(32,4,4) occ(33,4,6) occ(46,4,9) occ(47,4,5) occ(57,4,2) occ(18,5,4) occ(21,5,9) occ(30,5,2) occ(31,5,8) occ(53,5,1) occ(54,5,10) occ(61,5,3) occ(65,5,5) occ(10,6,9) occ(16,6,6) occ(20,6,2) occ(34,6,5) occ(44,6,10) occ(49,6,4) occ(55,6,3) occ(58,6,7) occ(59,6,1) occ(14,7,8) occ(23,7,10) occ(24,7,3) occ(28,7,1) occ(29,7,7) occ(51,7,2) occ(56,7,9) occ(60,7,5) occ(63,7,4) occ(67,7,6) occ(12,8,10) occ(22,8,1) occ(25,8,8) occ(36,8,6) occ(42,8,9) occ(64,8,2) occ(69,8,4) occ(70,8,5) occ(26,9,2) occ(27,9,6) occ(40,9,7) occ(62,9,4) occ(68,9,3) occ(74,9,8) occ(38,10,5) occ(66,10,1) occ(71,10,3) occ(72,10,6) occ(76,10,10)
Optimization: -73
Answer: 34
occ(1,4,7) occ(1,9,5) occ(1,10,8) occ(1,9,9) occ(2,3,6) occ(3,3,2) coverage(75) occ(4,1,7) occ(5,1,1) occ(15,1,4) occ(37,1,5) occ(41,1,3) occ(50,1,8) occ(6,2,9) occ(7,2,3) occ(13,2,2) occ(17,2,6) occ(35,2,7) occ(43,2,1) occ(48,2,10) occ(9,3,1) occ(19,3,8) occ(39,3,4) occ(45,3,3) occ(52,3,9) occ(8,4,10) occ(11,4,3) occ(32,4,4) occ(33,4,6) occ(46,4,9) occ(47,4,5) occ(57,4,2) occ(18,5,4) occ(21,5,9) occ(30,5,2) occ(31,5,8) occ(53,5,1) occ(54,5,10) occ(61,5,3) occ(65,5,5) occ(10,6,9) occ(16,6,6) occ(20,6,2) occ(34,6,5) occ(44,6,10) occ(49,6,4) occ(55,6,3) occ(58,6,7) occ(59,6,1) occ(14,7,8) occ(23,7,10) occ(24,7,3) occ(28,7,1) occ(29,7,7) occ(51,7,2) occ(56,7,9) occ(60,7,5) occ(63,7,4) occ(67,7,6) occ(12,8,10) occ(22,8,1) occ(25,8,8) occ(36,8,6) occ(42,8,9) occ(64,8,2) occ(69,8,4) occ(70,8,5) occ(26,9,2) occ(27,9,6) occ(40,9,7) occ(62,9,4) occ(68,9,3) occ(73,9,1) occ(74,9,8) occ(38,10,5) occ(66,10,1) occ(71,10,3) occ(72,10,6) occ(76,10,10)
Optimization: -75
Answer: 35
occ(1,4,7) occ(1,9,5) occ(1,10,8) occ(1,9,9) occ(2,3,6) occ(3,3,2) coverage(77) occ(4,1,7) occ(5,1,1) occ(15,1,4) occ(37,1,5) occ(41,1,3) occ(50,1,8) occ(6,2,9) occ(7,2,3) occ(13,2,2) occ(17,2,6) occ(35,2,7) occ(43,2,1) occ(48,2,10) occ(9,3,1) occ(19,3,8) occ(39,3,4) occ(45,3,3) occ(52,3,9) occ(8,4,10) occ(11,4,3) occ(32,4,4) occ(33,4,6) occ(46,4,9) occ(47,4,5) occ(57,4,2) occ(18,5,4) occ(21,5,9) occ(30,5,2) occ(31,5,8) occ(53,5,1) occ(54,5,10) occ(61,5,3) occ(65,5,5) occ(10,6,9) occ(16,6,6) occ(20,6,2) occ(34,6,5) occ(44,6,10) occ(49,6,4) occ(55,6,3) occ(58,6,7) occ(59,6,1) occ(14,7,8) occ(23,7,10) occ(24,7,3) occ(28,7,1) occ(29,7,7) occ(51,7,2) occ(56,7,9) occ(60,7,5) occ(63,7,4) occ(67,7,6) occ(12,8,10) occ(22,8,1) occ(25,8,8) occ(36,8,6) occ(42,8,9) occ(64,8,2) occ(69,8,4) occ(70,8,5) occ(75,8,3) occ(26,9,2) occ(27,9,6) occ(40,9,7) occ(62,9,4) occ(68,9,3) occ(73,9,1) occ(74,9,8) occ(38,10,5) occ(66,10,1) occ(71,10,3) occ(72,10,6) occ(76,10,10)
Optimization: -77
Answer: 36
occ(1,4,7) occ(1,9,5) occ(1,10,8) occ(1,9,9) occ(2,3,6) occ(3,3,2) coverage(78) occ(4,1,7) occ(5,1,1) occ(15,1,4) occ(33,1,9) occ(37,1,5) occ(41,1,3) occ(50,1,8) occ(91,1,6) occ(95,1,10) occ(6,2,9) occ(7,2,3) occ(13,2,2) occ(17,2,6) occ(35,2,7) occ(43,2,1) occ(48,2,10) occ(87,2,5) occ(93,2,8) occ(9,3,1) occ(19,3,8) occ(31,3,10) occ(39,3,4) occ(45,3,3) occ(52,3,9) occ(89,3,7) occ(8,4,10) occ(11,4,3) occ(29,4,8) occ(32,4,4) occ(46,4,9) occ(47,4,5) occ(57,4,2) occ(85,4,6) occ(18,5,4) occ(21,5,9) occ(27,5,6) occ(30,5,2) occ(53,5,1) occ(54,5,10) occ(61,5,3) occ(65,5,5) occ(83,5,8) occ(10,6,9) occ(16,6,6) occ(20,6,2) occ(25,6,8) occ(34,6,5) occ(44,6,10) occ(49,6,4) occ(55,6,3) occ(58,6,7) occ(59,6,1) occ(14,7,8) occ(23,7,10) occ(24,7,3) occ(28,7,1) occ(51,7,2) occ(56,7,9) occ(60,7,5) occ(63,7,4) occ(67,7,6) occ(81,7,7) occ(12,8,10) occ(22,8,1) occ(36,8,6) occ(42,8,9) occ(64,8,2) occ(69,8,4) occ(70,8,5) occ(75,8,3) occ(26,9,2) occ(40,9,7) occ(62,9,4) occ(68,9,3) occ(73,9,1) occ(74,9,8) occ(79,9,6) occ(38,10,5) occ(66,10,1) occ(71,10,3) occ(72,10,6) occ(76,10,10) occ(77,10,4)
Optimization: -78
Answer: 37
occ(1,4,7) occ(1,9,5) occ(1,10,8) occ(1,9,9) occ(2,3,6) occ(3,3,2) coverage(80) occ(5,1,1) occ(15,1,6) occ(19,1,4) occ(23,1,8) occ(33,1,7) occ(7,2,3) occ(13,2,4) occ(21,2,6) occ(31,2,5) occ(50,2,7) occ(54,2,9) occ(9,3,1) occ(17,3,5) occ(22,3,4) occ(25,3,7) occ(29,3,3) occ(35,3,8) occ(48,3,9) occ(10,4,9) occ(11,4,3) occ(24,4,2) occ(27,4,5) occ(45,4,6) occ(52,4,8) occ(56,4,10) occ(63,4,1) occ(4,5,7) occ(20,5,5) occ(37,5,9) occ(46,5,10) occ(47,5,4) occ(65,5,3) occ(75,5,6) occ(78,5,2) occ(8,6,8) occ(12,6,10) occ(16,6,6) occ(26,6,1) occ(43,6,7) occ(58,6,9) occ(61,6,2) occ(67,6,5) occ(74,6,3) occ(77,6,4) occ(6,7,6) occ(14,7,8) occ(18,7,4) occ(39,7,10) occ(44,7,9) occ(49,7,3) occ(69,7,7) occ(73,7,5) occ(76,7,1) occ(79,7,2) occ(28,8,2) occ(34,8,3) occ(41,8,8) occ(42,8,7) occ(55,8,5) occ(59,8,1) occ(60,8,10) occ(66,8,9) occ(72,8,4) occ(32,9,1) occ(38,9,4) occ(51,9,2) occ(57,9,3) occ(62,9,8) occ(68,9,7) occ(71,9,6) occ(30,10,3) occ(36,10,2) occ(40,10,6) occ(53,10,4) occ(64,10,10) occ(70,10,5)
Optimization: -80
Answer: 38
occ(1,4,7) occ(1,9,5) occ(1,10,8) occ(1,9,9) occ(2,3,6) occ(3,3,2) coverage(81) occ(5,1,1) occ(15,1,6) occ(19,1,4) occ(23,1,8) occ(33,1,7) occ(7,2,3) occ(13,2,4) occ(21,2,6) occ(31,2,5) occ(50,2,7) occ(54,2,9) occ(9,3,1) occ(17,3,5) occ(22,3,4) occ(25,3,7) occ(29,3,3) occ(35,3,8) occ(48,3,9) occ(10,4,9) occ(11,4,3) occ(24,4,2) occ(27,4,5) occ(45,4,6) occ(52,4,8) occ(56,4,10) occ(63,4,1) occ(80,4,4) occ(4,5,7) occ(20,5,5) occ(37,5,9) occ(46,5,10) occ(47,5,4) occ(65,5,3) occ(75,5,6) occ(78,5,2) occ(8,6,8) occ(12,6,10) occ(16,6,6) occ(26,6,1) occ(43,6,7) occ(58,6,9) occ(61,6,2) occ(67,6,5) occ(74,6,3) occ(77,6,4) occ(6,7,6) occ(14,7,8) occ(18,7,4) occ(39,7,10) occ(44,7,9) occ(49,7,3) occ(69,7,7) occ(73,7,5) occ(76,7,1) occ(79,7,2) occ(28,8,2) occ(34,8,3) occ(41,8,8) occ(42,8,7) occ(55,8,5) occ(59,8,1) occ(60,8,10) occ(66,8,9) occ(72,8,4) occ(32,9,1) occ(38,9,4) occ(51,9,2) occ(57,9,3) occ(62,9,8) occ(68,9,7) occ(71,9,6) occ(30,10,3) occ(36,10,2) occ(40,10,6) occ(53,10,4) occ(64,10,10) occ(70,10,5)
Optimization: -81
Answer: 39
occ(1,4,7) occ(1,9,5) occ(1,10,8) occ(1,9,9) occ(2,3,6) occ(3,3,2) coverage(82) occ(5,1,1) occ(15,1,6) occ(19,1,4) occ(23,1,8) occ(33,1,7) occ(7,2,3) occ(13,2,4) occ(21,2,6) occ(31,2,5) occ(50,2,7) occ(54,2,9) occ(9,3,1) occ(17,3,5) occ(22,3,4) occ(25,3,7) occ(29,3,3) occ(35,3,8) occ(48,3,9) occ(10,4,9) occ(11,4,3) occ(24,4,2) occ(27,4,5) occ(45,4,6) occ(52,4,8) occ(56,4,10) occ(63,4,1) occ(80,4,4) occ(4,5,7) occ(20,5,5) occ(37,5,9) occ(46,5,10) occ(47,5,4) occ(65,5,3) occ(75,5,6) occ(78,5,2) occ(81,5,1) occ(8,6,8) occ(12,6,10) occ(16,6,6) occ(26,6,1) occ(43,6,7) occ(58,6,9) occ(61,6,2) occ(67,6,5) occ(74,6,3) occ(77,6,4) occ(6,7,6) occ(14,7,8) occ(18,7,4) occ(39,7,10) occ(44,7,9) occ(49,7,3) occ(69,7,7) occ(73,7,5) occ(76,7,1) occ(79,7,2) occ(28,8,2) occ(34,8,3) occ(41,8,8) occ(42,8,7) occ(55,8,5) occ(59,8,1) occ(60,8,10) occ(66,8,9) occ(72,8,4) occ(32,9,1) occ(38,9,4) occ(51,9,2) occ(57,9,3) occ(62,9,8) occ(68,9,7) occ(71,9,6) occ(30,10,3) occ(36,10,2) occ(40,10,6) occ(53,10,4) occ(64,10,10) occ(70,10,5)
Optimization: -82
Answer: 40
occ(1,4,7) occ(1,9,5) occ(1,10,8) occ(1,9,9) occ(2,3,6) occ(3,3,2) coverage(83) occ(5,1,1) occ(11,1,6) occ(19,1,4) occ(23,1,8) occ(33,1,7) occ(82,1,2) occ(7,2,3) occ(13,2,4) occ(17,2,2) occ(21,2,6) occ(31,2,5) occ(50,2,7) occ(54,2,9) occ(9,3,5) occ(22,3,4) occ(25,3,7) occ(29,3,3) occ(35,3,8) occ(48,3,9) occ(80,3,1) occ(10,4,9) occ(15,4,3) occ(24,4,2) occ(27,4,5) occ(45,4,6) occ(52,4,8) occ(56,4,10) occ(63,4,1) occ(4,5,7) occ(20,5,5) occ(37,5,9) occ(46,5,10) occ(47,5,4) occ(65,5,3) occ(75,5,6) occ(78,5,2) occ(81,5,1) occ(8,6,8) occ(12,6,10) occ(16,6,6) occ(26,6,1) occ(43,6,7) occ(58,6,9) occ(61,6,2) occ(67,6,5) occ(74,6,3) occ(77,6,4) occ(6,7,6) occ(14,7,8) occ(18,7,4) occ(39,7,10) occ(44,7,9) occ(49,7,3) occ(69,7,7) occ(73,7,5) occ(76,7,1) occ(79,7,2) occ(28,8,2) occ(34,8,3) occ(41,8,8) occ(42,8,7) occ(55,8,5) occ(59,8,1) occ(60,8,10) occ(66,8,9) occ(72,8,4) occ(32,9,1) occ(38,9,4) occ(51,9,2) occ(57,9,3) occ(62,9,8) occ(68,9,7) occ(71,9,6) occ(30,10,3) occ(36,10,2) occ(40,10,6) occ(53,10,4) occ(64,10,10) occ(70,10,5)
Optimization: -83
Answer: 41
occ(1,4,7) occ(1,9,5) occ(1,10,8) occ(1,9,9) occ(2,3,6) occ(3,3,2) coverage(85) occ(15,1,2) occ(21,1,5) occ(29,1,3) occ(33,1,7) occ(39,1,8) occ(50,1,6) occ(54,1,10) occ(69,1,9) occ(75,1,4) occ(13,2,4) occ(19,2,3) occ(27,2,1) occ(31,2,5) occ(35,2,9) occ(41,2,10) occ(52,2,8) occ(67,2,7) occ(73,2,6) occ(77,2,2) occ(17,3,1) occ(23,3,4) occ(37,3,7) occ(48,3,5) occ(56,3,9) occ(68,3,3) occ(71,3,8) occ(86,3,10) occ(4,4,8) occ(11,4,3) occ(25,4,2) occ(43,4,9) occ(44,4,4) occ(65,4,6) occ(66,4,5) occ(79,4,1) occ(5,5,1) occ(8,5,5) occ(42,5,2) occ(45,5,7) occ(46,5,6) occ(58,5,10) occ(63,5,8) occ(70,5,4) occ(81,5,3) occ(84,5,9) occ(6,6,7) occ(9,6,4) occ(10,6,3) occ(20,6,2) occ(47,6,5) occ(51,6,9) occ(60,6,8) occ(61,6,10) occ(64,6,6) occ(83,6,1) occ(7,7,2) occ(18,7,4) occ(24,7,3) occ(40,7,1) occ(49,7,7) occ(72,7,5) occ(78,7,6) occ(82,7,10) occ(12,8,2) occ(22,8,1) occ(26,8,5) occ(32,8,6) occ(38,8,3) occ(53,8,10) occ(59,8,9) occ(62,8,7) occ(76,8,4) occ(80,8,8) occ(16,9,3) occ(28,9,7) occ(34,9,4) occ(55,9,8) occ(74,9,6) occ(14,10,1) occ(30,10,5) occ(36,10,2) occ(57,10,10)
Optimization: -85
Answer: 42
occ(1,4,7) occ(1,9,5) occ(1,10,8) occ(1,9,9) occ(2,3,6) occ(3,3,2) coverage(86) occ(5,1,1) occ(23,1,8) occ(36,1,3) occ(41,1,7) occ(46,1,2) occ(50,1,6) occ(54,1,10) occ(85,1,9) occ(7,2,3) occ(21,2,6) occ(25,2,10) occ(32,2,2) occ(38,2,1) occ(43,2,9) occ(48,2,4) occ(52,2,8) occ(79,2,5) occ(83,2,7) occ(9,3,5) occ(34,3,4) occ(39,3,8) occ(40,3,3) occ(44,3,1) occ(56,3,9) occ(73,3,7) occ(87,3,10) occ(4,4,8) occ(11,4,3) occ(19,4,5) occ(27,4,9) occ(30,4,1) occ(45,4,10) occ(77,4,4) occ(81,4,6) occ(13,5,5) occ(17,5,7) occ(28,5,3) occ(37,5,9) occ(42,5,2) occ(58,5,10) occ(70,5,4) occ(71,5,8) occ(75,5,6) occ(6,6,7) occ(10,6,3) occ(26,6,5) occ(29,6,10) occ(47,6,9) occ(60,6,8) occ(64,6,6) occ(68,6,2) occ(80,6,4) occ(8,7,5) occ(15,7,6) occ(35,7,8) occ(49,7,7) occ(66,7,4) occ(69,7,9) occ(72,7,3) occ(82,7,2) occ(12,8,4) occ(20,8,2) occ(24,8,6) occ(31,8,9) occ(55,8,5) occ(61,8,10) occ(62,8,7) occ(65,8,8) occ(74,8,1) occ(78,8,3) occ(16,9,3) occ(22,9,4) occ(33,9,7) occ(51,9,6) occ(59,9,8) occ(67,9,10) occ(84,9,1) occ(14,10,5) occ(18,10,1) occ(53,10,4) occ(57,10,6) occ(63,10,9) occ(76,10,2)
Optimization: -86
Answer: 43
occ(1,4,7) occ(1,9,5) occ(1,10,8) occ(1,9,9) occ(2,3,6) occ(3,3,2) coverage(88) occ(4,1,7) occ(5,1,3) occ(29,1,5) occ(39,1,4) occ(43,1,8) occ(59,1,2) occ(63,1,6) occ(86,1,10) occ(7,2,1) occ(27,2,7) occ(31,2,3) occ(37,2,2) occ(41,2,6) occ(47,2,9) occ(61,2,4) occ(71,2,5) occ(84,2,8) occ(6,3,8) occ(9,3,3) occ(25,3,9) occ(35,3,4) occ(45,3,7) occ(57,3,1) occ(65,3,5) occ(82,3,10) occ(8,4,10) occ(11,4,5) occ(19,4,9) occ(33,4,2) occ(49,4,8) occ(54,4,3) occ(69,4,6) occ(73,4,4) occ(15,5,8) occ(16,5,5) occ(23,5,10) occ(32,5,3) occ(51,5,6) occ(55,5,2) occ(56,5,1) occ(67,5,4) occ(77,5,7) occ(80,5,9) occ(10,6,9) occ(13,6,6) occ(14,6,7) occ(17,6,10) occ(21,6,8) occ(30,6,1) occ(52,6,2) occ(53,6,4) occ(58,6,3) occ(75,6,5) occ(18,7,4) occ(28,7,3) occ(34,7,2) occ(48,7,1) occ(60,7,5) occ(68,7,7) occ(78,7,8) occ(79,7,6) occ(12,8,8) occ(20,8,2) occ(26,8,1) occ(40,8,4) occ(50,8,3) occ(62,8,7) occ(66,8,5) occ(70,8,9) occ(76,8,10) occ(85,8,6) occ(24,9,3) occ(36,9,1) occ(42,9,6) occ(46,9,2) occ(74,9,8) occ(81,9,7) occ(87,9,4) occ(22,10,1) occ(38,10,3) occ(44,10,4) occ(64,10,6) occ(72,10,10) occ(83,10,5) occ(89,10,2)
Optimization: -88
Answer: 44
occ(1,4,7) occ(1,9,5) occ(1,10,8) occ(1,9,9) occ(2,3,6) occ(3,3,2) coverage(90) occ(4,1,5) occ(8,1,3) occ(58,1,6) occ(62,1,2) occ(65,1,9) occ(71,1,10) occ(72,1,7) occ(82,1,8) occ(86,1,4) occ(10,2,1) occ(54,2,3) occ(60,2,4) occ(63,2,7) occ(69,2,8) occ(70,2,5) occ(74,2,9) occ(80,2,10) occ(84,2,6) occ(88,2,2) occ(6,3,4) occ(12,3,3) occ(53,3,7) occ(56,3,5) occ(64,3,1) occ(67,3,10) occ(73,3,9) occ(78,3,8) occ(19,4,1) occ(51,4,5) occ(52,4,2) occ(55,4,9) occ(61,4,6) occ(68,4,4) occ(76,4,10) occ(77,4,8) occ(5,5,1) occ(14,5,4) occ(17,5,3) occ(22,5,6) occ(25,5,5) occ(41,5,9) occ(49,5,7) occ(59,5,8) occ(66,5,2) occ(75,5,10) occ(15,6,5) occ(16,6,6) occ(20,6,4) occ(21,6,2) occ(27,6,3) occ(45,6,8) occ(50,6,1) occ(57,6,10) occ(79,6,7) occ(7,7,2) occ(23,7,4) occ(24,7,5) occ(28,7,9) occ(39,7,8) occ(40,7,7) occ(43,7,10) occ(47,7,6) occ(48,7,3) occ(13,8,4) occ(18,8,5) occ(26,8,7) occ(29,8,2) occ(32,8,8) occ(37,8,10) occ(38,8,9) occ(81,8,6) occ(87,8,1) occ(9,9,1) occ(30,9,10) occ(31,9,4) occ(35,9,8) occ(36,9,7) occ(42,9,6) occ(46,9,2) occ(85,9,3) occ(11,10,3) occ(33,10,6) occ(34,10,9) occ(44,10,4) occ(83,10,5) occ(89,10,2)
Optimization: -90
Answer: 45
occ(1,4,7) occ(1,9,5) occ(1,10,8) occ(1,9,9) occ(2,3,6) occ(3,3,2) coverage(91) occ(4,1,7) occ(19,1,10) occ(23,1,8) occ(27,1,4) occ(28,1,9) occ(32,1,5) occ(62,1,6) occ(88,1,3) occ(5,2,4) occ(6,2,9) occ(13,2,10) occ(17,2,8) occ(25,2,6) occ(29,2,2) occ(30,2,7) occ(58,2,3) occ(86,2,1) occ(90,2,5) occ(11,3,8) occ(21,3,9) occ(26,3,10) occ(34,3,4) occ(60,3,5) occ(64,3,7) occ(73,3,1) occ(84,3,3) occ(7,4,5) occ(8,4,10) occ(12,4,8) occ(15,4,9) occ(31,4,1) occ(36,4,2) occ(41,4,6) occ(56,4,4) occ(75,4,3) occ(9,5,7) occ(14,5,10) occ(24,5,9) occ(40,5,3) occ(52,5,1) occ(66,5,6) occ(71,5,2) occ(82,5,4) occ(10,6,9) occ(20,6,8) occ(33,6,2) occ(38,6,1) occ(39,6,5) occ(43,6,7) occ(54,6,3) occ(76,6,10) occ(77,6,4) occ(80,6,6) occ(16,7,9) occ(22,7,10) occ(37,7,3) occ(42,7,4) occ(50,7,2) occ(68,7,5) occ(69,7,1) occ(72,7,7) occ(78,7,8) occ(79,7,6) occ(18,8,7) occ(35,8,1) occ(44,8,2) occ(45,8,8) occ(49,8,6) occ(57,8,10) occ(67,8,3) occ(74,8,9) occ(81,8,4) occ(87,8,5) occ(48,9,1) occ(53,9,7) occ(59,9,8) occ(63,9,4) occ(70,9,6) occ(83,9,2) occ(89,9,3) occ(46,10,3) occ(47,10,7) occ(51,10,5) occ(55,10,9) occ(61,10,6) occ(65,10,2) occ(85,10,4)
Optimization: -91
Answer: 46
occ(1,4,7) occ(1,9,5) occ(1,10,8) occ(1,9,9) occ(2,3,6) occ(3,3,2) coverage(92) occ(4,1,7) occ(19,1,10) occ(23,1,8) occ(27,1,4) occ(28,1,9) occ(32,1,5) occ(62,1,6) occ(88,1,3) occ(5,2,4) occ(6,2,9) occ(13,2,10) occ(17,2,8) occ(25,2,6) occ(29,2,2) occ(30,2,7) occ(58,2,3) occ(86,2,1) occ(90,2,5) occ(11,3,8) occ(21,3,9) occ(26,3,10) occ(34,3,4) occ(60,3,5) occ(64,3,7) occ(73,3,1) occ(84,3,3) occ(7,4,5) occ(8,4,10) occ(12,4,8) occ(15,4,9) occ(31,4,1) occ(36,4,2) occ(41,4,6) occ(56,4,4) occ(75,4,3) occ(9,5,7) occ(14,5,10) occ(24,5,9) occ(40,5,3) occ(52,5,1) occ(66,5,6) occ(71,5,2) occ(82,5,4) occ(10,6,9) occ(20,6,8) occ(33,6,2) occ(38,6,1) occ(39,6,5) occ(43,6,7) occ(54,6,3) occ(76,6,10) occ(77,6,4) occ(80,6,6) occ(16,7,9) occ(22,7,10) occ(37,7,3) occ(42,7,4) occ(50,7,2) occ(68,7,5) occ(69,7,1) occ(72,7,7) occ(78,7,8) occ(79,7,6) occ(18,8,7) occ(35,8,1) occ(44,8,2) occ(45,8,8) occ(49,8,6) occ(57,8,10) occ(67,8,3) occ(74,8,9) occ(81,8,4) occ(87,8,5) occ(48,9,1) occ(53,9,7) occ(59,9,8) occ(63,9,4) occ(70,9,6) occ(83,9,2) occ(89,9,3) occ(46,10,3) occ(47,10,7) occ(51,10,5) occ(55,10,9) occ(61,10,6) occ(65,10,2) occ(85,10,4) occ(91,10,1)
Optimization: -92
Answer: 47
occ(1,4,7) occ(1,9,5) occ(1,10,8) occ(1,9,9) occ(2,3,6) occ(3,3,2) coverage(93) occ(5,1,3) occ(6,1,10) occ(11,1,4) occ(15,1,6) occ(19,1,2) occ(25,1,5) occ(29,1,9) occ(81,1,7) occ(91,1,8) occ(4,2,8) occ(7,2,1) occ(17,2,4) occ(23,2,3) occ(27,2,7) occ(32,2,2) occ(79,2,5) occ(83,2,9) occ(84,2,6) occ(89,2,10) occ(8,3,9) occ(9,3,3) occ(13,3,5) occ(21,3,1) occ(31,3,10) occ(77,3,7) occ(82,3,4) occ(87,3,8) occ(30,4,3) occ(33,4,8) occ(34,4,1) occ(48,4,2) occ(56,4,4) occ(59,4,9) occ(80,4,6) occ(85,4,10) occ(86,4,5) occ(10,5,10) occ(28,5,1) occ(46,5,4) occ(54,5,2) occ(57,5,7) occ(60,5,5) occ(64,5,9) occ(75,5,8) occ(92,5,3) occ(35,6,9) occ(36,6,2) occ(50,6,1) occ(53,6,4) occ(58,6,3) occ(61,6,8) occ(62,6,7) occ(73,6,10) occ(78,6,5) occ(88,6,6) occ(12,7,9) occ(26,7,2) occ(37,7,7) occ(44,7,5) occ(52,7,3) occ(55,7,6) occ(66,7,8) occ(90,7,4) occ(16,8,8) occ(24,8,4) occ(38,8,1) occ(39,8,5) occ(45,8,2) occ(51,8,3) occ(63,8,7) occ(68,8,10) occ(71,8,9) occ(76,8,6) occ(14,9,10) occ(18,9,6) occ(22,9,2) occ(41,9,3) occ(42,9,4) occ(49,9,1) occ(67,9,8) occ(72,9,7) occ(20,10,4) occ(40,10,2) occ(43,10,1) occ(47,10,3) occ(65,10,6) occ(69,10,10) occ(70,10,9) occ(74,10,5)
Optimization: -93
Answer: 48
occ(1,4,7) occ(1,9,5) occ(1,10,8) occ(1,9,9) occ(2,3,6) occ(3,3,2) coverage(94) occ(4,1,7) occ(5,1,3) occ(11,1,4) occ(17,1,5) occ(21,1,9) occ(79,1,8) occ(83,1,10) occ(87,1,6) occ(91,1,2) occ(6,2,9) occ(7,2,1) occ(15,2,3) occ(19,2,7) occ(32,2,2) occ(77,2,10) occ(82,2,5) occ(85,2,8) occ(88,2,6) occ(89,2,4) occ(9,3,3) occ(13,3,5) occ(23,3,10) occ(27,3,8) occ(81,3,9) occ(84,3,7) occ(90,3,4) occ(93,3,1) occ(8,4,8) occ(30,4,3) occ(33,4,10) occ(34,4,1) occ(48,4,2) occ(56,4,4) occ(75,4,9) occ(80,4,6) occ(86,4,5) occ(10,5,10) occ(25,5,9) occ(28,5,1) occ(29,5,7) occ(35,5,8) occ(46,5,4) occ(55,5,2) occ(60,5,5) occ(92,5,3) occ(31,6,9) occ(36,6,2) occ(50,6,1) occ(54,6,5) occ(57,6,4) occ(58,6,3) occ(61,6,8) occ(64,6,6) occ(73,6,10) occ(78,6,7) occ(12,7,9) occ(26,7,2) occ(37,7,7) occ(44,7,5) occ(52,7,3) occ(53,7,1) occ(59,7,6) occ(62,7,4) occ(66,7,8) occ(16,8,8) occ(24,8,4) occ(38,8,1) occ(39,8,5) occ(45,8,2) occ(51,8,3) occ(63,8,7) occ(68,8,10) occ(71,8,9) occ(76,8,6) occ(14,9,10) occ(18,9,6) occ(22,9,2) occ(41,9,3) occ(42,9,4) occ(49,9,1) occ(67,9,8) occ(72,9,7) occ(20,10,4) occ(40,10,2) occ(43,10,1) occ(47,10,3) occ(65,10,6) occ(69,10,10) occ(70,10,9) occ(74,10,5)
Optimization: -94
Answer: 49
occ(1,4,7) occ(1,9,5) occ(1,10,8) occ(1,9,9) occ(2,3,6) occ(3,3,2) coverage(95) occ(48,1,9) occ(52,1,5) occ(63,1,2) occ(67,1,6) occ(71,1,10) occ(75,1,8) occ(79,1,4) occ(85,1,3) occ(93,1,7) occ(10,2,9) occ(13,2,10) occ(50,2,7) occ(54,2,3) occ(65,2,4) occ(69,2,8) occ(77,2,6) occ(81,2,2) occ(87,2,1) occ(91,2,5) occ(8,3,7) occ(11,3,8) occ(46,3,10) occ(56,3,5) occ(61,3,1) occ(73,3,9) occ(83,3,4) occ(89,3,3) occ(5,4,4) occ(6,4,5) occ(9,4,6) occ(12,4,10) occ(15,4,9) occ(44,4,8) occ(51,4,1) occ(58,4,3) occ(84,4,2) occ(4,5,7) occ(14,5,8) occ(29,5,9) occ(35,5,10) occ(42,5,6) occ(53,5,3) occ(59,5,2) occ(60,5,1) occ(76,5,5) occ(82,5,4) occ(7,6,5) occ(17,6,10) occ(18,6,9) occ(33,6,8) occ(40,6,4) occ(49,6,2) occ(55,6,1) occ(70,6,7) occ(80,6,6) occ(86,6,3) occ(16,7,7) occ(27,7,8) occ(31,7,10) occ(37,7,9) occ(57,7,3) occ(62,7,2) occ(68,7,5) occ(74,7,6) occ(78,7,4) occ(88,7,1) occ(19,8,9) occ(20,8,10) occ(25,8,6) occ(28,8,4) occ(32,8,2) occ(38,8,5) occ(39,8,7) occ(47,8,1) occ(66,8,3) occ(72,8,8) occ(23,9,8) occ(24,9,7) occ(36,9,3) occ(43,9,4) occ(64,9,1) occ(90,9,2) occ(94,9,6) occ(21,10,10) occ(22,10,9) occ(26,10,5) occ(30,10,3) occ(34,10,1) occ(41,10,6) occ(45,10,2) occ(92,10,4)
Optimization: -95
Answer: 50
occ(1,4,7) occ(1,9,5) occ(1,10,8) occ(1,9,9) occ(2,3,6) occ(3,3,2) coverage(96) occ(4,1,7) occ(8,1,9) occ(34,1,2) occ(41,1,3) occ(44,1,5) occ(47,1,8) occ(50,1,4) occ(91,1,6) occ(95,1,10) occ(38,2,5) occ(39,2,1) occ(42,2,7) occ(45,2,6) occ(46,2,3) occ(49,2,10) occ(52,2,2) occ(68,2,4) occ(87,2,9) occ(93,2,8) occ(6,3,8) occ(10,3,10) occ(32,3,1) occ(36,3,3) occ(43,3,4) occ(48,3,5) occ(69,3,9) occ(89,3,7) occ(5,4,4) occ(37,4,2) occ(40,4,6) occ(51,4,9) occ(54,4,1) occ(65,4,10) occ(66,4,5) occ(70,4,3) occ(85,4,8) occ(9,5,5) occ(12,5,9) occ(21,5,7) occ(29,5,3) occ(30,5,2) occ(35,5,4) occ(67,5,8) occ(71,5,10) occ(72,5,1) occ(7,6,3) occ(16,6,8) occ(23,6,5) occ(27,6,1) occ(33,6,6) occ(53,6,10) occ(56,6,2) occ(63,6,9) occ(64,6,4) occ(83,6,7) occ(11,7,6) occ(14,7,10) occ(19,7,8) occ(25,7,3) occ(28,7,1) occ(31,7,4) occ(61,7,7) occ(73,7,9) occ(74,7,2) occ(92,7,5) occ(17,8,10) occ(18,8,7) occ(22,8,5) occ(55,8,9) occ(58,8,1) occ(62,8,3) occ(77,8,8) occ(80,8,4) occ(81,8,6) occ(88,8,2) occ(13,9,7) occ(26,9,2) occ(59,9,8) occ(75,9,10) occ(76,9,1) occ(84,9,3) occ(90,9,4) occ(94,9,6) occ(15,10,9) occ(20,10,6) occ(24,10,4) occ(57,10,10) occ(60,10,2) occ(78,10,3) occ(79,10,7) occ(82,10,5) occ(86,10,1)
Optimization: -96
*** Info : (clingo): INTERRUPTED by signal!
SATISFIABLE

TIME LIMIT   : 1
Models       : 50+
  Optimum    : unknown
Optimization : -96
Calls        : 1
Time         : 300.000s (Solving: 298.51s 1st Model: 0.00s Unsat: 0.00s)
CPU Time     : 300.002s
