clingo version 5.4.0
Reading from ...ts/logs/1_10x10_clingo/knights_tour.lp ...
Solving...
Answer: 1
occ(1,2,5) occ(1,2,1) occ(1,2,3) occ(1,8,5) occ(1,7,3) occ(1,10,1) occ(1,2,7) occ(1,6,9) occ(2,7,8) occ(3,4,5) coverage(6)
Optimization: -6
Answer: 2
occ(1,2,5) occ(1,2,1) occ(1,2,3) occ(1,8,5) occ(1,7,3) occ(1,10,1) occ(1,2,7) occ(1,6,9) occ(2,7,8) occ(3,4,5) coverage(7) occ(4,8,10) occ(6,10,9)
Optimization: -7
Answer: 3
occ(1,2,5) occ(1,2,1) occ(1,2,3) occ(1,8,5) occ(1,7,3) occ(1,10,1) occ(1,2,7) occ(1,6,9) occ(2,7,8) occ(3,4,5) coverage(8) occ(7,1,4) occ(5,2,6) occ(4,8,10) occ(6,10,9)
Optimization: -8
Answer: 4
occ(1,2,5) occ(1,2,1) occ(1,2,3) occ(1,8,5) occ(1,7,3) occ(1,10,1) occ(1,2,7) occ(1,6,9) occ(2,7,8) occ(3,4,5) coverage(9) occ(5,5,7) occ(7,6,5) occ(8,8,10) occ(4,9,7) occ(6,10,9)
Optimization: -9
Answer: 5
occ(1,2,5) occ(1,2,1) occ(1,2,3) occ(1,8,5) occ(1,7,3) occ(1,10,1) occ(1,2,7) occ(1,6,9) occ(2,7,8) occ(3,4,5) coverage(11) occ(9,1,1) occ(70,1,2) occ(5,2,4) occ(7,3,2) occ(64,3,3) occ(68,3,1) occ(62,4,1) occ(12,5,3) occ(66,5,2) occ(30,6,3) occ(60,6,2) occ(10,7,4) occ(14,7,2) occ(28,7,5) occ(32,7,1) occ(4,8,6) occ(26,8,7) occ(42,8,9) occ(48,8,10) occ(58,8,1) occ(8,9,3) occ(16,9,1) occ(20,9,5) occ(24,9,9) occ(34,9,2) occ(38,9,6) occ(44,9,7) occ(50,9,8) occ(54,9,4) occ(6,10,5) occ(18,10,3) occ(22,10,7) occ(36,10,4) occ(40,10,8) occ(46,10,9) occ(52,10,6) occ(56,10,2)
Optimization: -11
Answer: 6
occ(1,2,5) occ(1,2,1) occ(1,2,3) occ(1,8,5) occ(1,7,3) occ(1,10,1) occ(1,2,7) occ(1,6,9) occ(2,7,8) occ(3,4,5) coverage(13) occ(9,1,9) occ(70,1,2) occ(7,3,8) occ(10,3,2) occ(11,3,10) occ(64,3,3) occ(68,3,1) occ(8,4,4) occ(62,4,1) occ(5,5,7) occ(12,5,1) occ(66,5,2) occ(6,6,5) occ(30,6,3) occ(60,6,2) occ(14,7,2) occ(28,7,5) occ(32,7,1) occ(4,8,6) occ(26,8,7) occ(42,8,9) occ(48,8,10) occ(58,8,1) occ(16,9,1) occ(20,9,5) occ(24,9,9) occ(34,9,2) occ(38,9,6) occ(44,9,7) occ(50,9,8) occ(54,9,4) occ(18,10,3) occ(22,10,7) occ(36,10,4) occ(40,10,8) occ(46,10,9) occ(52,10,6) occ(56,10,2)
Optimization: -13
Answer: 7
occ(1,2,5) occ(1,2,1) occ(1,2,3) occ(1,8,5) occ(1,7,3) occ(1,10,1) occ(1,2,7) occ(1,6,9) occ(2,7,8) occ(3,4,5) coverage(15) occ(9,1,9) occ(70,1,2) occ(13,2,8) occ(7,3,8) occ(10,3,2) occ(11,3,10) occ(64,3,3) occ(68,3,1) occ(8,4,4) occ(62,4,1) occ(5,5,7) occ(12,5,1) occ(66,5,2) occ(6,6,5) occ(30,6,3) occ(60,6,2) occ(14,7,2) occ(28,7,5) occ(32,7,1) occ(4,8,6) occ(26,8,7) occ(42,8,9) occ(48,8,10) occ(58,8,1) occ(16,9,1) occ(20,9,5) occ(24,9,9) occ(34,9,2) occ(38,9,6) occ(44,9,7) occ(50,9,8) occ(54,9,4) occ(18,10,3) occ(22,10,7) occ(36,10,4) occ(40,10,8) occ(46,10,9) occ(52,10,6) occ(56,10,2)
Optimization: -15
Answer: 8
occ(1,2,5) occ(1,2,1) occ(1,2,3) occ(1,8,5) occ(1,7,3) occ(1,10,1) occ(1,2,7) occ(1,6,9) occ(2,7,8) occ(3,4,5) coverage(17) occ(9,1,9) occ(15,1,10) occ(70,1,2) occ(13,2,8) occ(7,3,8) occ(10,3,2) occ(11,3,10) occ(64,3,3) occ(68,3,1) occ(8,4,4) occ(62,4,1) occ(5,5,7) occ(12,5,1) occ(66,5,2) occ(6,6,5) occ(30,6,3) occ(60,6,2) occ(14,7,2) occ(28,7,5) occ(32,7,1) occ(4,8,6) occ(26,8,7) occ(42,8,9) occ(48,8,10) occ(58,8,1) occ(16,9,1) occ(20,9,5) occ(24,9,9) occ(34,9,2) occ(38,9,6) occ(44,9,7) occ(50,9,8) occ(54,9,4) occ(18,10,3) occ(22,10,7) occ(36,10,4) occ(40,10,8) occ(46,10,9) occ(52,10,6) occ(56,10,2)
Optimization: -17
Answer: 9
occ(1,2,5) occ(1,2,1) occ(1,2,3) occ(1,8,5) occ(1,7,3) occ(1,10,1) occ(1,2,7) occ(1,6,9) occ(2,7,8) occ(3,4,5) coverage(19) occ(9,1,9) occ(15,1,10) occ(70,1,2) occ(13,2,8) occ(7,3,8) occ(10,3,2) occ(11,3,10) occ(17,3,9) occ(64,3,3) occ(68,3,1) occ(8,4,4) occ(62,4,1) occ(5,5,7) occ(12,5,1) occ(66,5,2) occ(6,6,5) occ(30,6,3) occ(60,6,2) occ(14,7,2) occ(28,7,5) occ(32,7,1) occ(4,8,6) occ(26,8,7) occ(42,8,9) occ(48,8,10) occ(58,8,1) occ(16,9,1) occ(20,9,5) occ(24,9,9) occ(34,9,2) occ(38,9,6) occ(44,9,7) occ(50,9,8) occ(54,9,4) occ(18,10,3) occ(22,10,7) occ(36,10,4) occ(40,10,8) occ(46,10,9) occ(52,10,6) occ(56,10,2)
Optimization: -19
Answer: 10
occ(1,2,5) occ(1,2,1) occ(1,2,3) occ(1,8,5) occ(1,7,3) occ(1,10,1) occ(1,2,7) occ(1,6,9) occ(2,7,8) occ(3,4,5) coverage(21) occ(9,1,9) occ(15,1,10) occ(70,1,2) occ(13,2,8) occ(7,3,8) occ(10,3,2) occ(11,3,10) occ(17,3,9) occ(64,3,3) occ(68,3,1) occ(8,4,4) occ(62,4,1) occ(5,5,7) occ(12,5,1) occ(19,5,10) occ(66,5,2) occ(6,6,5) occ(30,6,3) occ(60,6,2) occ(14,7,2) occ(28,7,5) occ(32,7,1) occ(4,8,6) occ(26,8,7) occ(42,8,9) occ(48,8,10) occ(58,8,1) occ(16,9,1) occ(20,9,5) occ(24,9,9) occ(34,9,2) occ(38,9,6) occ(44,9,7) occ(50,9,8) occ(54,9,4) occ(18,10,3) occ(22,10,7) occ(36,10,4) occ(40,10,8) occ(46,10,9) occ(52,10,6) occ(56,10,2)
Optimization: -21
Answer: 11
occ(1,2,5) occ(1,2,1) occ(1,2,3) occ(1,8,5) occ(1,7,3) occ(1,10,1) occ(1,2,7) occ(1,6,9) occ(2,7,8) occ(3,4,5) coverage(23) occ(9,1,9) occ(15,1,10) occ(19,1,8) occ(70,1,2) occ(13,2,8) occ(21,2,10) occ(7,3,8) occ(10,3,2) occ(11,3,10) occ(17,3,9) occ(64,3,3) occ(68,3,1) occ(8,4,4) occ(62,4,1) occ(5,5,7) occ(12,5,1) occ(66,5,2) occ(6,6,5) occ(30,6,3) occ(60,6,2) occ(14,7,2) occ(28,7,5) occ(32,7,1) occ(4,8,6) occ(26,8,7) occ(42,8,9) occ(48,8,10) occ(58,8,1) occ(16,9,1) occ(20,9,5) occ(24,9,9) occ(34,9,2) occ(38,9,6) occ(44,9,7) occ(50,9,8) occ(54,9,4) occ(18,10,3) occ(22,10,7) occ(36,10,4) occ(40,10,8) occ(46,10,9) occ(52,10,6) occ(56,10,2)
Optimization: -23
Answer: 12
occ(1,2,5) occ(1,2,1) occ(1,2,3) occ(1,8,5) occ(1,7,3) occ(1,10,1) occ(1,2,7) occ(1,6,9) occ(2,7,8) occ(3,4,5) coverage(25) occ(9,1,9) occ(15,1,10) occ(70,1,2) occ(13,2,8) occ(7,3,8) occ(10,3,2) occ(11,3,10) occ(17,3,9) occ(64,3,3) occ(68,3,1) occ(8,4,4) occ(62,4,1) occ(5,5,7) occ(12,5,1) occ(19,5,10) occ(66,5,2) occ(6,6,5) occ(30,6,3) occ(60,6,2) occ(14,7,2) occ(21,7,9) occ(28,7,5) occ(32,7,1) occ(4,8,6) occ(26,8,7) occ(42,8,9) occ(48,8,10) occ(58,8,1) occ(16,9,1) occ(20,9,5) occ(23,9,10) occ(24,9,9) occ(34,9,2) occ(38,9,6) occ(44,9,7) occ(50,9,8) occ(54,9,4) occ(18,10,3) occ(22,10,7) occ(36,10,4) occ(40,10,8) occ(46,10,9) occ(52,10,6) occ(56,10,2)
Optimization: -25
Answer: 13
occ(1,2,5) occ(1,2,1) occ(1,2,3) occ(1,8,5) occ(1,7,3) occ(1,10,1) occ(1,2,7) occ(1,6,9) occ(2,7,8) occ(3,4,5) coverage(27) occ(9,1,9) occ(15,1,10) occ(70,1,2) occ(13,2,8) occ(7,3,8) occ(10,3,2) occ(11,3,10) occ(17,3,9) occ(64,3,3) occ(68,3,1) occ(8,4,4) occ(62,4,1) occ(5,5,7) occ(12,5,1) occ(19,5,10) occ(66,5,2) occ(6,6,5) occ(30,6,3) occ(60,6,2) occ(14,7,2) occ(21,7,9) occ(28,7,5) occ(32,7,1) occ(4,8,6) occ(25,8,8) occ(26,8,7) occ(42,8,9) occ(48,8,10) occ(58,8,1) occ(16,9,1) occ(20,9,5) occ(23,9,10) occ(24,9,9) occ(34,9,2) occ(38,9,6) occ(44,9,7) occ(50,9,8) occ(54,9,4) occ(18,10,3) occ(22,10,7) occ(36,10,4) occ(40,10,8) occ(46,10,9) occ(52,10,6) occ(56,10,2)
Optimization: -27
Answer: 14
occ(1,2,5) occ(1,2,1) occ(1,2,3) occ(1,8,5) occ(1,7,3) occ(1,10,1) occ(1,2,7) occ(1,6,9) occ(2,7,8) occ(3,4,5) coverage(29) occ(9,1,9) occ(15,1,10) occ(70,1,2) occ(13,2,8) occ(7,3,8) occ(10,3,2) occ(11,3,10) occ(17,3,9) occ(64,3,3) occ(68,3,1) occ(8,4,4) occ(62,4,1) occ(5,5,7) occ(12,5,1) occ(19,5,10) occ(66,5,2) occ(6,6,5) occ(30,6,3) occ(60,6,2) occ(14,7,2) occ(21,7,9) occ(27,7,10) occ(28,7,5) occ(32,7,1) occ(4,8,6) occ(25,8,8) occ(26,8,7) occ(42,8,9) occ(48,8,10) occ(58,8,1) occ(16,9,1) occ(20,9,5) occ(23,9,10) occ(24,9,9) occ(34,9,2) occ(38,9,6) occ(44,9,7) occ(50,9,8) occ(54,9,4) occ(18,10,3) occ(22,10,7) occ(36,10,4) occ(40,10,8) occ(46,10,9) occ(52,10,6) occ(56,10,2)
Optimization: -29
Answer: 15
occ(1,2,5) occ(1,2,1) occ(1,2,3) occ(1,8,5) occ(1,7,3) occ(1,10,1) occ(1,2,7) occ(1,6,9) occ(2,7,8) occ(3,4,5) coverage(31) occ(9,1,9) occ(15,1,10) occ(70,1,2) occ(13,2,8) occ(7,3,8) occ(10,3,2) occ(11,3,10) occ(17,3,9) occ(64,3,3) occ(68,3,1) occ(8,4,4) occ(62,4,1) occ(5,5,7) occ(12,5,1) occ(19,5,10) occ(29,5,9) occ(66,5,2) occ(6,6,5) occ(30,6,3) occ(60,6,2) occ(14,7,2) occ(21,7,9) occ(27,7,10) occ(28,7,5) occ(32,7,1) occ(4,8,6) occ(25,8,8) occ(26,8,7) occ(42,8,9) occ(48,8,10) occ(58,8,1) occ(16,9,1) occ(20,9,5) occ(23,9,10) occ(24,9,9) occ(34,9,2) occ(38,9,6) occ(44,9,7) occ(50,9,8) occ(54,9,4) occ(18,10,3) occ(22,10,7) occ(36,10,4) occ(40,10,8) occ(46,10,9) occ(52,10,6) occ(56,10,2)
Optimization: -31
Answer: 16
occ(1,2,5) occ(1,2,1) occ(1,2,3) occ(1,8,5) occ(1,7,3) occ(1,10,1) occ(1,2,7) occ(1,6,9) occ(2,7,8) occ(3,4,5) coverage(33) occ(9,1,9) occ(15,1,10) occ(70,1,2) occ(13,2,8) occ(7,3,8) occ(10,3,2) occ(11,3,10) occ(17,3,9) occ(64,3,3) occ(68,3,1) occ(8,4,4) occ(31,4,9) occ(62,4,1) occ(5,5,7) occ(12,5,1) occ(19,5,10) occ(66,5,2) occ(6,6,5) occ(29,6,8) occ(30,6,3) occ(60,6,2) occ(14,7,2) occ(21,7,9) occ(27,7,10) occ(28,7,5) occ(32,7,1) occ(4,8,6) occ(25,8,8) occ(26,8,7) occ(42,8,9) occ(48,8,10) occ(58,8,1) occ(16,9,1) occ(20,9,5) occ(23,9,10) occ(24,9,9) occ(34,9,2) occ(38,9,6) occ(44,9,7) occ(50,9,8) occ(54,9,4) occ(18,10,3) occ(22,10,7) occ(36,10,4) occ(40,10,8) occ(46,10,9) occ(52,10,6) occ(56,10,2)
Optimization: -33
Answer: 17
occ(1,2,5) occ(1,2,1) occ(1,2,3) occ(1,8,5) occ(1,7,3) occ(1,10,1) occ(1,2,7) occ(1,6,9) occ(2,7,8) occ(3,4,5) coverage(35) occ(9,1,9) occ(15,1,10) occ(70,1,2) occ(13,2,8) occ(33,2,10) occ(7,3,8) occ(10,3,2) occ(11,3,10) occ(17,3,9) occ(64,3,3) occ(68,3,1) occ(8,4,4) occ(31,4,9) occ(62,4,1) occ(5,5,7) occ(12,5,1) occ(19,5,10) occ(66,5,2) occ(6,6,5) occ(29,6,8) occ(30,6,3) occ(60,6,2) occ(14,7,2) occ(21,7,9) occ(27,7,10) occ(28,7,5) occ(32,7,1) occ(4,8,6) occ(25,8,8) occ(26,8,7) occ(42,8,9) occ(48,8,10) occ(58,8,1) occ(16,9,1) occ(20,9,5) occ(23,9,10) occ(24,9,9) occ(34,9,2) occ(38,9,6) occ(44,9,7) occ(50,9,8) occ(54,9,4) occ(18,10,3) occ(22,10,7) occ(36,10,4) occ(40,10,8) occ(46,10,9) occ(52,10,6) occ(56,10,2)
Optimization: -35
Answer: 18
occ(1,2,5) occ(1,2,1) occ(1,2,3) occ(1,8,5) occ(1,7,3) occ(1,10,1) occ(1,2,7) occ(1,6,9) occ(2,7,8) occ(3,4,5) coverage(37) occ(9,1,9) occ(15,1,10) occ(35,1,8) occ(70,1,2) occ(13,2,8) occ(33,2,10) occ(7,3,8) occ(10,3,2) occ(11,3,10) occ(17,3,9) occ(64,3,3) occ(68,3,1) occ(8,4,4) occ(31,4,9) occ(62,4,1) occ(5,5,7) occ(12,5,1) occ(19,5,10) occ(66,5,2) occ(6,6,5) occ(29,6,8) occ(30,6,3) occ(60,6,2) occ(14,7,2) occ(21,7,9) occ(27,7,10) occ(28,7,5) occ(32,7,1) occ(4,8,6) occ(25,8,8) occ(26,8,7) occ(42,8,9) occ(48,8,10) occ(58,8,1) occ(16,9,1) occ(20,9,5) occ(23,9,10) occ(24,9,9) occ(34,9,2) occ(38,9,6) occ(44,9,7) occ(50,9,8) occ(54,9,4) occ(18,10,3) occ(22,10,7) occ(36,10,4) occ(40,10,8) occ(46,10,9) occ(52,10,6) occ(56,10,2)
Optimization: -37
Answer: 19
occ(1,2,5) occ(1,2,1) occ(1,2,3) occ(1,8,5) occ(1,7,3) occ(1,10,1) occ(1,2,7) occ(1,6,9) occ(2,7,8) occ(3,4,5) coverage(39) occ(9,1,9) occ(15,1,10) occ(35,1,8) occ(70,1,2) occ(13,2,8) occ(33,2,10) occ(37,2,6) occ(7,3,8) occ(10,3,2) occ(11,3,10) occ(17,3,9) occ(64,3,3) occ(68,3,1) occ(8,4,4) occ(31,4,9) occ(62,4,1) occ(5,5,7) occ(12,5,1) occ(19,5,10) occ(66,5,2) occ(6,6,5) occ(29,6,8) occ(30,6,3) occ(60,6,2) occ(14,7,2) occ(21,7,9) occ(27,7,10) occ(28,7,5) occ(32,7,1) occ(4,8,6) occ(25,8,8) occ(26,8,7) occ(42,8,9) occ(48,8,10) occ(58,8,1) occ(16,9,1) occ(20,9,5) occ(23,9,10) occ(24,9,9) occ(34,9,2) occ(38,9,6) occ(44,9,7) occ(50,9,8) occ(54,9,4) occ(18,10,3) occ(22,10,7) occ(36,10,4) occ(40,10,8) occ(46,10,9) occ(52,10,6) occ(56,10,2)
Optimization: -39
Answer: 20
occ(1,2,5) occ(1,2,1) occ(1,2,3) occ(1,8,5) occ(1,7,3) occ(1,10,1) occ(1,2,7) occ(1,6,9) occ(2,7,8) occ(3,4,5) coverage(41) occ(9,1,9) occ(15,1,10) occ(35,1,8) occ(39,1,4) occ(70,1,2) occ(13,2,8) occ(33,2,10) occ(37,2,6) occ(7,3,8) occ(10,3,2) occ(11,3,10) occ(17,3,9) occ(64,3,3) occ(68,3,1) occ(8,4,4) occ(31,4,9) occ(62,4,1) occ(5,5,7) occ(12,5,1) occ(19,5,10) occ(66,5,2) occ(6,6,5) occ(29,6,8) occ(30,6,3) occ(60,6,2) occ(14,7,2) occ(21,7,9) occ(27,7,10) occ(28,7,5) occ(32,7,1) occ(4,8,6) occ(25,8,8) occ(26,8,7) occ(42,8,9) occ(48,8,10) occ(58,8,1) occ(16,9,1) occ(20,9,5) occ(23,9,10) occ(24,9,9) occ(34,9,2) occ(38,9,6) occ(44,9,7) occ(50,9,8) occ(54,9,4) occ(18,10,3) occ(22,10,7) occ(36,10,4) occ(40,10,8) occ(46,10,9) occ(52,10,6) occ(56,10,2)
Optimization: -41
Answer: 21
occ(1,2,5) occ(1,2,1) occ(1,2,3) occ(1,8,5) occ(1,7,3) occ(1,10,1) occ(1,2,7) occ(1,6,9) occ(2,7,8) occ(3,4,5) coverage(43) occ(9,1,9) occ(15,1,10) occ(35,1,8) occ(39,1,4) occ(70,1,2) occ(13,2,8) occ(33,2,10) occ(37,2,6) occ(41,2,2) occ(7,3,8) occ(10,3,2) occ(11,3,10) occ(17,3,9) occ(64,3,3) occ(68,3,1) occ(8,4,4) occ(31,4,9) occ(62,4,1) occ(5,5,7) occ(12,5,1) occ(19,5,10) occ(66,5,2) occ(6,6,5) occ(29,6,8) occ(30,6,3) occ(60,6,2) occ(14,7,2) occ(21,7,9) occ(27,7,10) occ(28,7,5) occ(32,7,1) occ(4,8,6) occ(25,8,8) occ(26,8,7) occ(42,8,9) occ(48,8,10) occ(58,8,1) occ(16,9,1) occ(20,9,5) occ(23,9,10) occ(24,9,9) occ(34,9,2) occ(38,9,6) occ(44,9,7) occ(50,9,8) occ(54,9,4) occ(18,10,3) occ(22,10,7) occ(36,10,4) occ(40,10,8) occ(46,10,9) occ(52,10,6) occ(56,10,2)
Optimization: -43
Answer: 22
occ(1,2,5) occ(1,2,1) occ(1,2,3) occ(1,8,5) occ(1,7,3) occ(1,10,1) occ(1,2,7) occ(1,6,9) occ(2,7,8) occ(3,4,5) coverage(45) occ(9,1,9) occ(15,1,10) occ(35,1,4) occ(39,1,8) occ(70,1,2) occ(13,2,8) occ(33,2,2) occ(37,2,6) occ(41,2,10) occ(7,3,8) occ(10,3,2) occ(11,3,10) occ(17,3,9) occ(64,3,3) occ(68,3,1) occ(8,4,4) occ(31,4,3) occ(43,4,9) occ(62,4,1) occ(5,5,7) occ(12,5,1) occ(19,5,10) occ(29,5,5) occ(66,5,2) occ(6,6,5) occ(27,6,7) occ(30,6,3) occ(60,6,2) occ(14,7,2) occ(21,7,9) occ(28,7,5) occ(32,7,1) occ(4,8,6) occ(25,8,8) occ(26,8,7) occ(42,8,9) occ(48,8,10) occ(58,8,1) occ(16,9,1) occ(20,9,5) occ(23,9,10) occ(24,9,9) occ(34,9,2) occ(38,9,6) occ(44,9,7) occ(50,9,8) occ(54,9,4) occ(18,10,3) occ(22,10,7) occ(36,10,4) occ(40,10,8) occ(46,10,9) occ(52,10,6) occ(56,10,2)
Optimization: -45
Answer: 23
occ(1,2,5) occ(1,2,1) occ(1,2,3) occ(1,8,5) occ(1,7,3) occ(1,10,1) occ(1,2,7) occ(1,6,9) occ(2,7,8) occ(3,4,5) coverage(47) occ(9,1,9) occ(15,1,10) occ(35,1,4) occ(39,1,8) occ(70,1,2) occ(13,2,8) occ(33,2,2) occ(37,2,6) occ(41,2,10) occ(7,3,8) occ(10,3,2) occ(11,3,10) occ(17,3,9) occ(64,3,3) occ(68,3,1) occ(8,4,4) occ(31,4,3) occ(43,4,9) occ(62,4,1) occ(5,5,7) occ(12,5,1) occ(19,5,10) occ(29,5,5) occ(66,5,2) occ(6,6,5) occ(27,6,7) occ(30,6,3) occ(45,6,10) occ(60,6,2) occ(14,7,2) occ(21,7,9) occ(28,7,5) occ(32,7,1) occ(4,8,6) occ(25,8,8) occ(26,8,7) occ(42,8,9) occ(48,8,10) occ(58,8,1) occ(16,9,1) occ(20,9,5) occ(23,9,10) occ(24,9,9) occ(34,9,2) occ(38,9,6) occ(44,9,7) occ(50,9,8) occ(54,9,4) occ(18,10,3) occ(22,10,7) occ(36,10,4) occ(40,10,8) occ(46,10,9) occ(52,10,6) occ(56,10,2)
Optimization: -47
Answer: 24
occ(1,2,5) occ(1,2,1) occ(1,2,3) occ(1,8,5) occ(1,7,3) occ(1,10,1) occ(1,2,7) occ(1,6,9) occ(2,7,8) occ(3,4,5) coverage(49) occ(9,1,9) occ(35,1,4) occ(39,1,8) occ(47,1,10) occ(70,1,2) occ(33,2,2) occ(37,2,6) occ(41,2,10) occ(45,2,8) occ(7,3,8) occ(10,3,2) occ(11,3,10) occ(64,3,3) occ(68,3,1) occ(8,4,4) occ(31,4,3) occ(43,4,9) occ(62,4,1) occ(5,5,7) occ(12,5,1) occ(13,5,9) occ(19,5,10) occ(29,5,5) occ(66,5,2) occ(6,6,5) occ(17,6,8) occ(27,6,7) occ(30,6,3) occ(60,6,2) occ(14,7,2) occ(15,7,10) occ(21,7,9) occ(28,7,5) occ(32,7,1) occ(4,8,6) occ(25,8,8) occ(26,8,7) occ(42,8,9) occ(48,8,10) occ(58,8,1) occ(16,9,1) occ(20,9,5) occ(23,9,10) occ(24,9,9) occ(34,9,2) occ(38,9,6) occ(44,9,7) occ(50,9,8) occ(54,9,4) occ(18,10,3) occ(22,10,7) occ(36,10,4) occ(40,10,8) occ(46,10,9) occ(52,10,6) occ(56,10,2)
Optimization: -49
Answer: 25
occ(1,2,5) occ(1,2,1) occ(1,2,3) occ(1,8,5) occ(1,7,3) occ(1,10,1) occ(1,2,7) occ(1,6,9) occ(2,7,8) occ(3,4,5) coverage(51) occ(9,1,9) occ(35,1,4) occ(39,1,8) occ(47,1,10) occ(70,1,2) occ(33,2,2) occ(37,2,6) occ(41,2,10) occ(45,2,8) occ(7,3,8) occ(10,3,2) occ(11,3,10) occ(49,3,9) occ(64,3,3) occ(68,3,1) occ(8,4,4) occ(31,4,3) occ(43,4,9) occ(62,4,1) occ(5,5,7) occ(12,5,1) occ(13,5,9) occ(19,5,10) occ(29,5,5) occ(66,5,2) occ(6,6,5) occ(17,6,8) occ(27,6,7) occ(30,6,3) occ(60,6,2) occ(14,7,2) occ(15,7,10) occ(21,7,9) occ(28,7,5) occ(32,7,1) occ(4,8,6) occ(25,8,8) occ(26,8,7) occ(42,8,9) occ(48,8,10) occ(58,8,1) occ(16,9,1) occ(20,9,5) occ(23,9,10) occ(24,9,9) occ(34,9,2) occ(38,9,6) occ(44,9,7) occ(50,9,8) occ(54,9,4) occ(18,10,3) occ(22,10,7) occ(36,10,4) occ(40,10,8) occ(46,10,9) occ(52,10,6) occ(56,10,2)
Optimization: -51
Answer: 26
occ(1,2,5) occ(1,2,1) occ(1,2,3) occ(1,8,5) occ(1,7,3) occ(1,10,1) occ(1,2,7) occ(1,6,9) occ(2,7,8) occ(3,4,5) coverage(53) occ(9,1,9) occ(35,1,4) occ(39,1,8) occ(47,1,10) occ(70,1,2) occ(15,2,9) occ(33,2,2) occ(37,2,6) occ(41,2,10) occ(45,2,8) occ(7,3,8) occ(10,3,2) occ(11,3,10) occ(49,3,9) occ(64,3,3) occ(68,3,1) occ(8,4,4) occ(13,4,8) occ(17,4,10) occ(31,4,3) occ(43,4,9) occ(62,4,1) occ(5,5,7) occ(12,5,1) occ(19,5,8) occ(29,5,5) occ(51,5,10) occ(66,5,2) occ(6,6,5) occ(27,6,7) occ(30,6,3) occ(60,6,2) occ(14,7,2) occ(21,7,9) occ(28,7,5) occ(32,7,1) occ(4,8,6) occ(25,8,8) occ(26,8,7) occ(42,8,9) occ(48,8,10) occ(58,8,1) occ(16,9,1) occ(20,9,5) occ(23,9,10) occ(24,9,9) occ(34,9,2) occ(38,9,6) occ(44,9,7) occ(50,9,8) occ(54,9,4) occ(18,10,3) occ(22,10,7) occ(36,10,4) occ(40,10,8) occ(46,10,9) occ(52,10,6) occ(56,10,2)
Optimization: -53
Answer: 27
occ(1,2,5) occ(1,2,1) occ(1,2,3) occ(1,8,5) occ(1,7,3) occ(1,10,1) occ(1,2,7) occ(1,6,9) occ(2,7,8) occ(3,4,5) coverage(55) occ(9,1,9) occ(35,1,4) occ(39,1,8) occ(47,1,10) occ(70,1,2) occ(15,2,9) occ(33,2,2) occ(37,2,6) occ(41,2,10) occ(45,2,8) occ(7,3,8) occ(10,3,2) occ(11,3,10) occ(49,3,9) occ(64,3,3) occ(68,3,1) occ(8,4,4) occ(13,4,8) occ(17,4,10) occ(31,4,3) occ(43,4,9) occ(62,4,1) occ(5,5,7) occ(12,5,1) occ(19,5,8) occ(29,5,5) occ(51,5,10) occ(66,5,2) occ(6,6,5) occ(27,6,7) occ(30,6,3) occ(53,6,8) occ(60,6,2) occ(14,7,2) occ(21,7,9) occ(28,7,5) occ(32,7,1) occ(4,8,6) occ(25,8,8) occ(26,8,7) occ(42,8,9) occ(48,8,10) occ(58,8,1) occ(16,9,1) occ(20,9,5) occ(23,9,10) occ(24,9,9) occ(34,9,2) occ(38,9,6) occ(44,9,7) occ(50,9,8) occ(54,9,4) occ(18,10,3) occ(22,10,7) occ(36,10,4) occ(40,10,8) occ(46,10,9) occ(52,10,6) occ(56,10,2)
Optimization: -55
Answer: 28
occ(1,2,5) occ(1,2,1) occ(1,2,3) occ(1,8,5) occ(1,7,3) occ(1,10,1) occ(1,2,7) occ(1,6,9) occ(2,7,8) occ(3,4,5) coverage(57) occ(9,1,9) occ(35,1,4) occ(39,1,8) occ(47,1,10) occ(70,1,2) occ(15,2,9) occ(33,2,2) occ(37,2,6) occ(41,2,10) occ(45,2,8) occ(7,3,8) occ(10,3,2) occ(11,3,10) occ(49,3,9) occ(64,3,3) occ(68,3,1) occ(8,4,4) occ(13,4,8) occ(17,4,10) occ(31,4,3) occ(43,4,9) occ(62,4,1) occ(5,5,7) occ(12,5,1) occ(19,5,8) occ(29,5,5) occ(51,5,10) occ(66,5,2) occ(6,6,5) occ(27,6,7) occ(30,6,3) occ(53,6,8) occ(60,6,2) occ(14,7,2) occ(21,7,9) occ(28,7,5) occ(32,7,1) occ(55,7,10) occ(4,8,6) occ(25,8,8) occ(26,8,7) occ(42,8,9) occ(48,8,10) occ(58,8,1) occ(16,9,1) occ(20,9,5) occ(23,9,10) occ(24,9,9) occ(34,9,2) occ(38,9,6) occ(44,9,7) occ(50,9,8) occ(54,9,4) occ(18,10,3) occ(22,10,7) occ(36,10,4) occ(40,10,8) occ(46,10,9) occ(52,10,6) occ(56,10,2)
Optimization: -57
Answer: 29
occ(1,2,5) occ(1,2,1) occ(1,2,3) occ(1,8,5) occ(1,7,3) occ(1,10,1) occ(1,2,7) occ(1,6,9) occ(2,7,8) occ(3,4,5) coverage(58) occ(9,1,9) occ(35,1,4) occ(39,1,8) occ(47,1,10) occ(15,2,9) occ(33,2,2) occ(37,2,6) occ(41,2,10) occ(45,2,8) occ(7,3,8) occ(10,3,2) occ(11,3,10) occ(49,3,9) occ(8,4,4) occ(13,4,8) occ(17,4,10) occ(31,4,3) occ(43,4,9) occ(5,5,7) occ(12,5,1) occ(19,5,8) occ(29,5,5) occ(51,5,10) occ(57,5,9) occ(6,6,5) occ(27,6,7) occ(30,6,3) occ(53,6,8) occ(14,7,2) occ(21,7,9) occ(28,7,5) occ(32,7,1) occ(55,7,10) occ(4,8,6) occ(25,8,8) occ(26,8,7) occ(42,8,9) occ(48,8,10) occ(16,9,1) occ(20,9,5) occ(23,9,10) occ(24,9,9) occ(34,9,2) occ(38,9,6) occ(44,9,7) occ(50,9,8) occ(54,9,4) occ(18,10,3) occ(22,10,7) occ(36,10,4) occ(40,10,8) occ(46,10,9) occ(52,10,6) occ(56,10,2)
Optimization: -58
Answer: 30
occ(1,2,5) occ(1,2,1) occ(1,2,3) occ(1,8,5) occ(1,7,3) occ(1,10,1) occ(1,2,7) occ(1,6,9) occ(2,7,8) occ(3,4,5) coverage(59) occ(9,1,9) occ(35,1,4) occ(39,1,8) occ(47,1,10) occ(15,2,9) occ(33,2,2) occ(37,2,6) occ(41,2,10) occ(45,2,8) occ(7,3,8) occ(10,3,2) occ(11,3,10) occ(49,3,9) occ(8,4,4) occ(13,4,8) occ(17,4,10) occ(31,4,3) occ(43,4,9) occ(5,5,7) occ(12,5,1) occ(19,5,8) occ(29,5,5) occ(51,5,10) occ(57,5,9) occ(6,6,5) occ(27,6,7) occ(30,6,3) occ(53,6,8) occ(14,7,2) occ(21,7,9) occ(28,7,5) occ(32,7,1) occ(55,7,10) occ(4,8,6) occ(25,8,8) occ(26,8,7) occ(42,8,9) occ(48,8,10) occ(58,8,3) occ(16,9,1) occ(20,9,5) occ(23,9,10) occ(24,9,9) occ(34,9,2) occ(38,9,6) occ(44,9,7) occ(50,9,8) occ(54,9,4) occ(18,10,3) occ(22,10,7) occ(36,10,4) occ(40,10,8) occ(46,10,9) occ(52,10,6) occ(56,10,2)
Optimization: -59
Answer: 31
occ(1,2,5) occ(1,2,1) occ(1,2,3) occ(1,8,5) occ(1,7,3) occ(1,10,1) occ(1,2,7) occ(1,6,9) occ(2,7,8) occ(3,4,5) coverage(60) occ(9,1,9) occ(35,1,4) occ(39,1,8) occ(47,1,10) occ(59,1,6) occ(15,2,9) occ(33,2,2) occ(37,2,6) occ(41,2,10) occ(45,2,8) occ(7,3,8) occ(10,3,2) occ(11,3,10) occ(49,3,9) occ(57,3,5) occ(8,4,4) occ(13,4,8) occ(17,4,10) occ(31,4,3) occ(43,4,9) occ(5,5,7) occ(12,5,1) occ(19,5,8) occ(29,5,5) occ(51,5,10) occ(55,5,6) occ(6,6,5) occ(27,6,7) occ(30,6,3) occ(53,6,8) occ(14,7,2) occ(21,7,9) occ(28,7,5) occ(32,7,1) occ(4,8,6) occ(25,8,8) occ(26,8,7) occ(42,8,9) occ(48,8,10) occ(58,8,3) occ(16,9,1) occ(20,9,5) occ(23,9,10) occ(24,9,9) occ(34,9,2) occ(38,9,6) occ(44,9,7) occ(50,9,8) occ(54,9,4) occ(18,10,3) occ(22,10,7) occ(36,10,4) occ(40,10,8) occ(46,10,9) occ(52,10,6) occ(56,10,2)
Optimization: -60
Answer: 32
occ(1,2,5) occ(1,2,1) occ(1,2,3) occ(1,8,5) occ(1,7,3) occ(1,10,1) occ(1,2,7) occ(1,6,9) occ(2,7,8) occ(3,4,5) coverage(61) occ(9,1,9) occ(35,1,4) occ(39,1,8) occ(47,1,10) occ(59,1,6) occ(15,2,9) occ(33,2,2) occ(37,2,6) occ(41,2,10) occ(45,2,8) occ(7,3,8) occ(10,3,2) occ(11,3,10) occ(49,3,9) occ(57,3,5) occ(8,4,4) occ(13,4,8) occ(17,4,10) occ(31,4,3) occ(43,4,9) occ(5,5,7) occ(12,5,1) occ(19,5,8) occ(29,5,5) occ(51,5,10) occ(55,5,6) occ(6,6,5) occ(27,6,7) occ(30,6,3) occ(53,6,8) occ(60,6,4) occ(14,7,2) occ(21,7,9) occ(28,7,5) occ(32,7,1) occ(4,8,6) occ(25,8,8) occ(26,8,7) occ(42,8,9) occ(48,8,10) occ(58,8,3) occ(16,9,1) occ(20,9,5) occ(23,9,10) occ(24,9,9) occ(34,9,2) occ(38,9,6) occ(44,9,7) occ(50,9,8) occ(54,9,4) occ(18,10,3) occ(22,10,7) occ(36,10,4) occ(40,10,8) occ(46,10,9) occ(52,10,6) occ(56,10,2)
Optimization: -61
Answer: 33
occ(1,2,5) occ(1,2,1) occ(1,2,3) occ(1,8,5) occ(1,7,3) occ(1,10,1) occ(1,2,7) occ(1,6,9) occ(2,7,8) occ(3,4,5) coverage(62) occ(9,1,9) occ(35,1,4) occ(39,1,8) occ(47,1,10) occ(59,1,6) occ(15,2,9) occ(33,2,2) occ(37,2,6) occ(41,2,10) occ(45,2,8) occ(61,2,4) occ(7,3,8) occ(10,3,2) occ(11,3,10) occ(49,3,9) occ(57,3,5) occ(8,4,4) occ(13,4,8) occ(17,4,10) occ(31,4,3) occ(43,4,9) occ(5,5,7) occ(12,5,1) occ(19,5,8) occ(29,5,5) occ(51,5,10) occ(55,5,6) occ(6,6,5) occ(27,6,7) occ(30,6,3) occ(53,6,8) occ(60,6,4) occ(14,7,2) occ(21,7,9) occ(28,7,5) occ(32,7,1) occ(4,8,6) occ(25,8,8) occ(26,8,7) occ(42,8,9) occ(48,8,10) occ(58,8,3) occ(16,9,1) occ(20,9,5) occ(23,9,10) occ(24,9,9) occ(34,9,2) occ(38,9,6) occ(44,9,7) occ(50,9,8) occ(54,9,4) occ(18,10,3) occ(22,10,7) occ(36,10,4) occ(40,10,8) occ(46,10,9) occ(52,10,6) occ(56,10,2)
Optimization: -62
Answer: 34
occ(1,2,5) occ(1,2,1) occ(1,2,3) occ(1,8,5) occ(1,7,3) occ(1,10,1) occ(1,2,7) occ(1,6,9) occ(2,7,8) occ(3,4,5) coverage(63) occ(9,1,9) occ(35,1,4) occ(39,1,8) occ(47,1,10) occ(59,1,6) occ(15,2,9) occ(33,2,2) occ(37,2,6) occ(41,2,10) occ(45,2,8) occ(61,2,4) occ(7,3,8) occ(10,3,2) occ(11,3,10) occ(49,3,9) occ(57,3,5) occ(8,4,4) occ(13,4,8) occ(17,4,10) occ(31,4,3) occ(43,4,9) occ(5,5,7) occ(12,5,1) occ(19,5,8) occ(29,5,5) occ(51,5,10) occ(55,5,6) occ(6,6,5) occ(27,6,7) occ(30,6,3) occ(53,6,8) occ(60,6,4) occ(14,7,2) occ(21,7,9) occ(28,7,5) occ(32,7,1) occ(62,7,6) occ(4,8,6) occ(25,8,8) occ(26,8,7) occ(42,8,9) occ(48,8,10) occ(58,8,3) occ(16,9,1) occ(20,9,5) occ(23,9,10) occ(24,9,9) occ(34,9,2) occ(38,9,6) occ(44,9,7) occ(50,9,8) occ(54,9,4) occ(18,10,3) occ(22,10,7) occ(36,10,4) occ(40,10,8) occ(46,10,9) occ(52,10,6) occ(56,10,2)
Optimization: -63
Answer: 35
occ(1,2,5) occ(1,2,1) occ(1,2,3) occ(1,8,5) occ(1,7,3) occ(1,10,1) occ(1,2,7) occ(1,6,9) occ(2,7,8) occ(3,4,5) coverage(64) occ(9,1,9) occ(35,1,4) occ(39,1,8) occ(47,1,10) occ(59,1,6) occ(63,1,2) occ(15,2,9) occ(33,2,2) occ(37,2,6) occ(41,2,10) occ(45,2,8) occ(61,2,4) occ(7,3,8) occ(10,3,2) occ(11,3,10) occ(49,3,9) occ(57,3,5) occ(8,4,4) occ(13,4,8) occ(17,4,10) occ(31,4,3) occ(43,4,9) occ(5,5,7) occ(12,5,1) occ(19,5,8) occ(29,5,5) occ(51,5,10) occ(55,5,6) occ(6,6,5) occ(27,6,7) occ(30,6,3) occ(53,6,8) occ(60,6,4) occ(14,7,2) occ(21,7,9) occ(28,7,5) occ(32,7,1) occ(62,7,6) occ(4,8,6) occ(25,8,8) occ(26,8,7) occ(42,8,9) occ(48,8,10) occ(58,8,3) occ(16,9,1) occ(20,9,5) occ(23,9,10) occ(24,9,9) occ(34,9,2) occ(38,9,6) occ(44,9,7) occ(50,9,8) occ(54,9,4) occ(18,10,3) occ(22,10,7) occ(36,10,4) occ(40,10,8) occ(46,10,9) occ(52,10,6) occ(56,10,2)
Optimization: -64
Answer: 36
occ(1,2,5) occ(1,2,1) occ(1,2,3) occ(1,8,5) occ(1,7,3) occ(1,10,1) occ(1,2,7) occ(1,6,9) occ(2,7,8) occ(3,4,5) coverage(65) occ(9,1,9) occ(35,1,4) occ(39,1,8) occ(47,1,10) occ(59,1,6) occ(63,1,2) occ(15,2,9) occ(33,2,2) occ(37,2,6) occ(41,2,10) occ(45,2,8) occ(61,2,4) occ(7,3,8) occ(10,3,2) occ(11,3,10) occ(49,3,9) occ(57,3,5) occ(13,4,8) occ(17,4,10) occ(31,4,3) occ(43,4,9) occ(64,4,4) occ(5,5,7) occ(8,5,3) occ(12,5,1) occ(19,5,8) occ(29,5,5) occ(51,5,10) occ(55,5,6) occ(62,5,2) occ(6,6,5) occ(27,6,7) occ(30,6,3) occ(53,6,8) occ(60,6,4) occ(14,7,2) occ(21,7,9) occ(28,7,5) occ(32,7,1) occ(4,8,6) occ(25,8,8) occ(26,8,7) occ(42,8,9) occ(48,8,10) occ(58,8,3) occ(16,9,1) occ(20,9,5) occ(23,9,10) occ(24,9,9) occ(34,9,2) occ(38,9,6) occ(44,9,7) occ(50,9,8) occ(54,9,4) occ(18,10,3) occ(22,10,7) occ(36,10,4) occ(40,10,8) occ(46,10,9) occ(52,10,6) occ(56,10,2)
Optimization: -65
Answer: 37
occ(1,2,5) occ(1,2,1) occ(1,2,3) occ(1,8,5) occ(1,7,3) occ(1,10,1) occ(1,2,7) occ(1,6,9) occ(2,7,8) occ(3,4,5) coverage(66) occ(9,1,9) occ(35,1,4) occ(39,1,8) occ(47,1,10) occ(59,1,6) occ(63,1,2) occ(15,2,9) occ(33,2,2) occ(37,2,6) occ(41,2,10) occ(45,2,8) occ(61,2,4) occ(7,3,8) occ(10,3,2) occ(11,3,10) occ(49,3,9) occ(57,3,5) occ(65,3,1) occ(13,4,8) occ(17,4,10) occ(31,4,3) occ(43,4,9) occ(64,4,4) occ(5,5,7) occ(8,5,3) occ(12,5,1) occ(19,5,8) occ(29,5,5) occ(51,5,10) occ(55,5,6) occ(62,5,2) occ(6,6,5) occ(27,6,7) occ(30,6,3) occ(53,6,8) occ(60,6,4) occ(14,7,2) occ(21,7,9) occ(28,7,5) occ(32,7,1) occ(4,8,6) occ(25,8,8) occ(26,8,7) occ(42,8,9) occ(48,8,10) occ(58,8,3) occ(16,9,1) occ(20,9,5) occ(23,9,10) occ(24,9,9) occ(34,9,2) occ(38,9,6) occ(44,9,7) occ(50,9,8) occ(54,9,4) occ(18,10,3) occ(22,10,7) occ(36,10,4) occ(40,10,8) occ(46,10,9) occ(52,10,6) occ(56,10,2)
Optimization: -66
Answer: 38
occ(1,2,5) occ(1,2,1) occ(1,2,3) occ(1,8,5) occ(1,7,3) occ(1,10,1) occ(1,2,7) occ(1,6,9) occ(2,7,8) occ(3,4,5) coverage(67) occ(9,1,9) occ(35,1,4) occ(39,1,8) occ(47,1,10) occ(59,1,6) occ(63,1,2) occ(15,2,9) occ(33,2,2) occ(37,2,6) occ(41,2,10) occ(45,2,8) occ(61,2,4) occ(7,3,8) occ(10,3,2) occ(11,3,10) occ(49,3,9) occ(57,3,5) occ(65,3,1) occ(66,3,6) occ(13,4,8) occ(17,4,10) occ(31,4,3) occ(43,4,9) occ(64,4,4) occ(5,5,7) occ(8,5,3) occ(12,5,1) occ(19,5,8) occ(29,5,5) occ(51,5,10) occ(55,5,6) occ(62,5,2) occ(6,6,5) occ(27,6,7) occ(30,6,3) occ(53,6,8) occ(60,6,4) occ(14,7,2) occ(21,7,9) occ(28,7,5) occ(32,7,1) occ(4,8,6) occ(25,8,8) occ(26,8,7) occ(42,8,9) occ(48,8,10) occ(58,8,3) occ(16,9,1) occ(20,9,5) occ(23,9,10) occ(24,9,9) occ(34,9,2) occ(38,9,6) occ(44,9,7) occ(50,9,8) occ(54,9,4) occ(18,10,3) occ(22,10,7) occ(36,10,4) occ(40,10,8) occ(46,10,9) occ(52,10,6) occ(56,10,2)
Optimization: -67
Answer: 39
occ(1,2,5) occ(1,2,1) occ(1,2,3) occ(1,8,5) occ(1,7,3) occ(1,10,1) occ(1,2,7) occ(1,6,9) occ(2,7,8) occ(3,4,5) coverage(68) occ(9,1,9) occ(35,1,4) occ(39,1,8) occ(47,1,10) occ(59,1,6) occ(63,1,2) occ(15,2,9) occ(33,2,2) occ(37,2,6) occ(41,2,10) occ(45,2,8) occ(61,2,4) occ(7,3,8) occ(10,3,2) occ(11,3,10) occ(49,3,9) occ(57,3,5) occ(65,3,3) occ(66,3,6) occ(13,4,8) occ(17,4,10) occ(31,4,3) occ(43,4,9) occ(64,4,4) occ(67,4,1) occ(5,5,7) occ(8,5,3) occ(12,5,1) occ(19,5,8) occ(29,5,5) occ(51,5,10) occ(55,5,6) occ(62,5,2) occ(6,6,5) occ(27,6,7) occ(30,6,3) occ(53,6,8) occ(60,6,4) occ(14,7,2) occ(21,7,9) occ(28,7,5) occ(32,7,1) occ(4,8,6) occ(25,8,8) occ(26,8,7) occ(42,8,9) occ(48,8,10) occ(58,8,3) occ(16,9,1) occ(20,9,5) occ(23,9,10) occ(24,9,9) occ(34,9,2) occ(38,9,6) occ(44,9,7) occ(50,9,8) occ(54,9,4) occ(18,10,3) occ(22,10,7) occ(36,10,4) occ(40,10,8) occ(46,10,9) occ(52,10,6) occ(56,10,2)
Optimization: -68
Answer: 40
occ(1,2,5) occ(1,2,1) occ(1,2,3) occ(1,8,5) occ(1,7,3) occ(1,10,1) occ(1,2,7) occ(1,6,9) occ(2,7,8) occ(3,4,5) coverage(69) occ(9,1,5) occ(35,1,4) occ(39,1,8) occ(59,1,6) occ(67,1,10) occ(68,1,1) occ(15,2,9) occ(33,2,2) occ(37,2,6) occ(41,2,10) occ(45,2,8) occ(7,3,4) occ(11,3,6) occ(19,3,8) occ(47,3,10) occ(57,3,5) occ(61,3,7) occ(65,3,9) occ(66,3,2) occ(13,4,8) occ(17,4,10) occ(21,4,6) occ(31,4,3) occ(43,4,9) occ(64,4,4) occ(4,5,7) occ(5,5,3) occ(29,5,5) occ(49,5,9) occ(55,5,6) occ(62,5,2) occ(63,5,8) occ(6,6,5) occ(23,6,7) occ(30,6,3) occ(53,6,8) occ(60,6,4) occ(14,7,2) occ(27,7,4) occ(28,7,5) occ(32,7,1) occ(51,7,10) occ(8,8,4) occ(25,8,6) occ(26,8,7) occ(42,8,9) occ(48,8,10) occ(58,8,3) occ(12,9,3) occ(16,9,1) occ(20,9,5) occ(24,9,9) occ(34,9,2) occ(38,9,6) occ(44,9,7) occ(50,9,8) occ(54,9,4) occ(10,10,5) occ(18,10,3) occ(22,10,7) occ(36,10,4) occ(40,10,8) occ(46,10,9) occ(52,10,6) occ(56,10,2)
Optimization: -69
Answer: 41
occ(1,2,5) occ(1,2,1) occ(1,2,3) occ(1,8,5) occ(1,7,3) occ(1,10,1) occ(1,2,7) occ(1,6,9) occ(2,7,8) occ(3,4,5) coverage(70) occ(9,1,5) occ(39,1,4) occ(45,1,9) occ(59,1,6) occ(63,1,8) occ(67,1,10) occ(68,1,1) occ(15,2,9) occ(33,2,2) occ(41,2,6) occ(69,2,8) occ(7,3,4) occ(11,3,6) occ(37,3,3) occ(43,3,8) occ(47,3,10) occ(57,3,5) occ(61,3,7) occ(65,3,9) occ(66,3,2) occ(13,4,8) occ(17,4,10) occ(21,4,6) occ(31,4,3) occ(35,4,1) occ(64,4,4) occ(4,5,7) occ(5,5,3) occ(19,5,8) occ(29,5,5) occ(49,5,9) occ(55,5,6) occ(62,5,2) occ(6,6,5) occ(23,6,7) occ(30,6,3) occ(53,6,8) occ(60,6,4) occ(14,7,2) occ(27,7,4) occ(28,7,5) occ(32,7,1) occ(51,7,10) occ(8,8,4) occ(25,8,6) occ(26,8,7) occ(42,8,9) occ(48,8,10) occ(58,8,3) occ(12,9,3) occ(16,9,1) occ(20,9,5) occ(24,9,9) occ(34,9,2) occ(38,9,6) occ(44,9,7) occ(50,9,8) occ(54,9,4) occ(10,10,5) occ(18,10,3) occ(22,10,7) occ(36,10,4) occ(40,10,8) occ(46,10,9) occ(52,10,6) occ(56,10,2)
Optimization: -70
Answer: 42
occ(1,2,5) occ(1,2,1) occ(1,2,3) occ(1,8,5) occ(1,7,3) occ(1,10,1) occ(1,2,7) occ(1,6,9) occ(2,7,8) occ(3,4,5) coverage(71) occ(9,1,5) occ(39,1,4) occ(45,1,9) occ(59,1,6) occ(63,1,8) occ(67,1,10) occ(15,2,9) occ(33,2,2) occ(41,2,6) occ(69,2,8) occ(7,3,4) occ(11,3,6) occ(37,3,3) occ(43,3,8) occ(47,3,10) occ(57,3,5) occ(61,3,7) occ(65,3,9) occ(13,4,8) occ(17,4,10) occ(21,4,6) occ(31,4,3) occ(35,4,1) occ(64,4,4) occ(5,5,3) occ(6,5,4) occ(19,5,8) occ(29,5,5) occ(49,5,9) occ(55,5,6) occ(62,5,2) occ(4,6,6) occ(8,6,2) occ(23,6,7) occ(30,6,3) occ(53,6,8) occ(60,6,4) occ(66,6,5) occ(14,7,2) occ(27,7,4) occ(28,7,5) occ(32,7,1) occ(51,7,10) occ(10,8,1) occ(25,8,6) occ(26,8,7) occ(42,8,9) occ(48,8,10) occ(58,8,3) occ(68,8,4) occ(12,9,3) occ(16,9,1) occ(20,9,5) occ(24,9,9) occ(34,9,2) occ(38,9,6) occ(44,9,7) occ(50,9,8) occ(54,9,4) occ(18,10,3) occ(22,10,7) occ(36,10,4) occ(40,10,8) occ(46,10,9) occ(52,10,6) occ(56,10,2) occ(70,10,5)
Optimization: -71
Answer: 43
occ(1,2,5) occ(1,2,1) occ(1,2,3) occ(1,8,5) occ(1,7,3) occ(1,10,1) occ(1,2,7) occ(1,6,9) occ(2,7,8) occ(3,4,5) coverage(72) occ(9,1,5) occ(39,1,4) occ(45,1,9) occ(59,1,6) occ(63,1,8) occ(67,1,10) occ(15,2,9) occ(33,2,2) occ(41,2,6) occ(69,2,8) occ(7,3,4) occ(11,3,6) occ(37,3,3) occ(43,3,8) occ(47,3,10) occ(57,3,5) occ(61,3,7) occ(65,3,9) occ(13,4,8) occ(17,4,10) occ(21,4,6) occ(31,4,3) occ(35,4,1) occ(64,4,4) occ(71,4,9) occ(5,5,3) occ(6,5,4) occ(19,5,8) occ(29,5,5) occ(49,5,9) occ(55,5,6) occ(62,5,2) occ(4,6,6) occ(8,6,2) occ(23,6,7) occ(30,6,3) occ(53,6,8) occ(60,6,4) occ(66,6,5) occ(14,7,2) occ(27,7,4) occ(28,7,5) occ(32,7,1) occ(51,7,10) occ(10,8,1) occ(25,8,6) occ(26,8,7) occ(42,8,9) occ(48,8,10) occ(58,8,3) occ(68,8,4) occ(12,9,3) occ(16,9,1) occ(20,9,5) occ(24,9,9) occ(34,9,2) occ(38,9,6) occ(44,9,7) occ(50,9,8) occ(54,9,4) occ(18,10,3) occ(22,10,7) occ(36,10,4) occ(40,10,8) occ(46,10,9) occ(52,10,6) occ(56,10,2) occ(70,10,5)
Optimization: -72
Answer: 44
occ(1,2,5) occ(1,2,1) occ(1,2,3) occ(1,8,5) occ(1,7,3) occ(1,10,1) occ(1,2,7) occ(1,6,9) occ(2,7,8) occ(3,4,5) coverage(73) occ(9,1,5) occ(39,1,4) occ(45,1,9) occ(59,1,6) occ(63,1,8) occ(67,1,10) occ(70,1,2) occ(15,2,9) occ(33,2,2) occ(41,2,6) occ(68,2,4) occ(69,2,8) occ(7,3,4) occ(11,3,6) occ(37,3,3) occ(43,3,8) occ(47,3,10) occ(57,3,5) occ(61,3,7) occ(65,3,9) occ(66,3,2) occ(72,3,1) occ(13,4,8) occ(17,4,10) occ(21,4,6) occ(31,4,3) occ(35,4,1) occ(64,4,4) occ(71,4,9) occ(4,5,7) occ(5,5,3) occ(19,5,8) occ(29,5,5) occ(49,5,9) occ(55,5,6) occ(62,5,2) occ(6,6,5) occ(23,6,7) occ(30,6,3) occ(53,6,8) occ(60,6,4) occ(14,7,2) occ(27,7,4) occ(28,7,5) occ(32,7,1) occ(51,7,10) occ(8,8,4) occ(25,8,6) occ(26,8,7) occ(42,8,9) occ(48,8,10) occ(58,8,3) occ(12,9,3) occ(16,9,1) occ(20,9,5) occ(24,9,9) occ(34,9,2) occ(38,9,6) occ(44,9,7) occ(50,9,8) occ(54,9,4) occ(10,10,5) occ(18,10,3) occ(22,10,7) occ(36,10,4) occ(40,10,8) occ(46,10,9) occ(52,10,6) occ(56,10,2)
Optimization: -73
Answer: 45
occ(1,2,5) occ(1,2,1) occ(1,2,3) occ(1,8,5) occ(1,7,3) occ(1,10,1) occ(1,2,7) occ(1,6,9) occ(2,7,8) occ(3,4,5) coverage(74) occ(7,1,2) occ(37,1,3) occ(45,1,9) occ(59,1,6) occ(63,1,8) occ(67,1,10) occ(9,2,4) occ(15,2,9) occ(41,2,6) occ(69,2,8) occ(72,2,2) occ(73,2,10) occ(5,3,3) occ(11,3,6) occ(35,3,2) occ(39,3,4) occ(43,3,8) occ(47,3,10) occ(57,3,5) occ(61,3,7) occ(65,3,9) occ(13,4,8) occ(17,4,10) occ(21,4,6) occ(31,4,3) occ(64,4,4) occ(70,4,1) occ(71,4,9) occ(4,5,7) occ(19,5,8) occ(29,5,5) occ(33,5,1) occ(49,5,9) occ(55,5,6) occ(62,5,2) occ(68,5,3) occ(23,6,7) occ(30,6,3) occ(53,6,8) occ(60,6,4) occ(66,6,5) occ(6,7,6) occ(14,7,2) occ(27,7,4) occ(28,7,5) occ(32,7,1) occ(51,7,10) occ(8,8,4) occ(25,8,6) occ(26,8,7) occ(42,8,9) occ(48,8,10) occ(58,8,3) occ(12,9,3) occ(16,9,1) occ(20,9,5) occ(24,9,9) occ(34,9,2) occ(38,9,6) occ(44,9,7) occ(50,9,8) occ(54,9,4) occ(10,10,5) occ(18,10,3) occ(22,10,7) occ(36,10,4) occ(40,10,8) occ(46,10,9) occ(52,10,6) occ(56,10,2)
Optimization: -74
Answer: 46
occ(1,2,5) occ(1,2,1) occ(1,2,3) occ(1,8,5) occ(1,7,3) occ(1,10,1) occ(1,2,7) occ(1,6,9) occ(2,7,8) occ(3,4,5) coverage(75) occ(7,1,2) occ(37,1,3) occ(45,1,9) occ(59,1,6) occ(63,1,8) occ(67,1,10) occ(74,1,4) occ(9,2,4) occ(15,2,9) occ(41,2,6) occ(69,2,8) occ(72,2,2) occ(73,2,10) occ(5,3,3) occ(11,3,6) occ(35,3,2) occ(39,3,4) occ(43,3,8) occ(47,3,10) occ(57,3,5) occ(61,3,7) occ(65,3,9) occ(13,4,8) occ(17,4,10) occ(21,4,6) occ(31,4,3) occ(64,4,4) occ(70,4,1) occ(71,4,9) occ(4,5,7) occ(19,5,8) occ(29,5,5) occ(33,5,1) occ(49,5,9) occ(55,5,6) occ(62,5,2) occ(68,5,3) occ(23,6,7) occ(30,6,3) occ(53,6,8) occ(60,6,4) occ(66,6,5) occ(6,7,6) occ(14,7,2) occ(27,7,4) occ(28,7,5) occ(32,7,1) occ(51,7,10) occ(8,8,4) occ(25,8,6) occ(26,8,7) occ(42,8,9) occ(48,8,10) occ(58,8,3) occ(12,9,3) occ(16,9,1) occ(20,9,5) occ(24,9,9) occ(34,9,2) occ(38,9,6) occ(44,9,7) occ(50,9,8) occ(54,9,4) occ(10,10,5) occ(18,10,3) occ(22,10,7) occ(36,10,4) occ(40,10,8) occ(46,10,9) occ(52,10,6) occ(56,10,2)
Optimization: -75
Answer: 47
occ(1,2,5) occ(1,2,1) occ(1,2,3) occ(1,8,5) occ(1,7,3) occ(1,10,1) occ(1,2,7) occ(1,6,9) occ(2,7,8) occ(3,4,5) coverage(76) occ(7,1,2) occ(37,1,3) occ(45,1,9) occ(59,1,6) occ(63,1,8) occ(67,1,10) occ(74,1,4) occ(9,2,4) occ(15,2,9) occ(41,2,6) occ(69,2,8) occ(72,2,2) occ(5,3,3) occ(11,3,6) occ(35,3,2) occ(39,3,4) occ(43,3,8) occ(47,3,10) occ(57,3,5) occ(61,3,7) occ(65,3,9) occ(13,4,8) occ(17,4,10) occ(21,4,6) occ(31,4,3) occ(64,4,4) occ(70,4,1) occ(71,4,7) occ(4,5,7) occ(19,5,8) occ(29,5,5) occ(33,5,1) occ(49,5,9) occ(55,5,6) occ(62,5,2) occ(68,5,3) occ(75,5,4) occ(23,6,7) occ(30,6,3) occ(53,6,8) occ(60,6,4) occ(66,6,5) occ(73,6,6) occ(6,7,6) occ(14,7,2) occ(27,7,4) occ(28,7,5) occ(32,7,1) occ(51,7,10) occ(8,8,4) occ(25,8,6) occ(26,8,7) occ(42,8,9) occ(48,8,10) occ(58,8,3) occ(12,9,3) occ(16,9,1) occ(20,9,5) occ(24,9,9) occ(34,9,2) occ(38,9,6) occ(44,9,7) occ(50,9,8) occ(54,9,4) occ(10,10,5) occ(18,10,3) occ(22,10,7) occ(36,10,4) occ(40,10,8) occ(46,10,9) occ(52,10,6) occ(56,10,2)
Optimization: -76
Answer: 48
occ(1,2,5) occ(1,2,1) occ(1,2,3) occ(1,8,5) occ(1,7,3) occ(1,10,1) occ(1,2,7) occ(1,6,9) occ(2,7,8) occ(3,4,5) coverage(77) occ(37,1,5) occ(45,1,9) occ(59,1,6) occ(63,1,8) occ(67,1,10) occ(74,1,4) occ(15,2,9) occ(33,2,4) occ(41,2,6) occ(69,2,8) occ(72,2,2) occ(35,3,6) occ(39,3,4) occ(43,3,8) occ(47,3,10) occ(57,3,5) occ(61,3,7) occ(65,3,9) occ(66,3,2) occ(76,3,3) occ(9,4,6) occ(13,4,8) occ(17,4,10) occ(31,4,3) occ(64,4,4) occ(70,4,1) occ(71,4,7) occ(5,5,7) occ(19,5,8) occ(29,5,5) occ(49,5,9) occ(55,5,6) occ(62,5,2) occ(68,5,3) occ(75,5,4) occ(7,6,5) occ(8,6,2) occ(11,6,7) occ(30,6,3) occ(53,6,8) occ(60,6,4) occ(73,6,6) occ(6,7,4) occ(14,7,2) occ(21,7,9) occ(27,7,6) occ(28,7,5) occ(32,7,1) occ(51,7,10) occ(4,8,6) occ(10,8,1) occ(25,8,8) occ(26,8,7) occ(42,8,9) occ(48,8,10) occ(58,8,3) occ(12,9,3) occ(16,9,1) occ(20,9,5) occ(23,9,10) occ(24,9,9) occ(34,9,2) occ(38,9,6) occ(44,9,7) occ(50,9,8) occ(54,9,4) occ(18,10,3) occ(22,10,7) occ(36,10,4) occ(40,10,8) occ(46,10,9) occ(52,10,6) occ(56,10,2)
Optimization: -77
Answer: 49
occ(1,2,5) occ(1,2,1) occ(1,2,3) occ(1,8,5) occ(1,7,3) occ(1,10,1) occ(1,2,7) occ(1,6,9) occ(2,7,8) occ(3,4,5) coverage(78) occ(7,1,2) occ(13,1,7) occ(37,1,3) occ(45,1,9) occ(63,1,8) occ(67,1,10) occ(74,1,4) occ(9,2,4) occ(15,2,9) occ(41,2,6) occ(69,2,8) occ(72,2,2) occ(5,3,3) occ(11,3,6) occ(35,3,2) occ(39,3,4) occ(43,3,8) occ(47,3,10) occ(61,3,7) occ(65,3,9) occ(76,3,5) occ(17,4,10) occ(21,4,6) occ(31,4,3) occ(57,4,8) occ(64,4,4) occ(70,4,1) occ(71,4,7) occ(77,4,2) occ(4,5,7) occ(19,5,8) occ(29,5,5) occ(33,5,1) occ(49,5,9) occ(55,5,10) occ(59,5,6) occ(62,5,2) occ(68,5,3) occ(75,5,4) occ(23,6,7) occ(30,6,3) occ(53,6,8) occ(60,6,4) occ(66,6,5) occ(73,6,6) occ(6,7,6) occ(14,7,2) occ(27,7,4) occ(28,7,5) occ(32,7,1) occ(51,7,10) occ(8,8,4) occ(25,8,6) occ(26,8,7) occ(42,8,9) occ(48,8,10) occ(58,8,3) occ(12,9,3) occ(16,9,1) occ(20,9,5) occ(24,9,9) occ(34,9,2) occ(38,9,6) occ(44,9,7) occ(50,9,8) occ(54,9,4) occ(10,10,5) occ(18,10,3) occ(22,10,7) occ(36,10,4) occ(40,10,8) occ(46,10,9) occ(52,10,6) occ(56,10,2)
Optimization: -78
Answer: 50
occ(1,2,5) occ(1,2,1) occ(1,2,3) occ(1,8,5) occ(1,7,3) occ(1,10,1) occ(1,2,7) occ(1,6,9) occ(2,7,8) occ(3,4,5) coverage(79) occ(7,1,2) occ(37,1,3) occ(45,1,9) occ(59,1,6) occ(63,1,8) occ(9,2,4) occ(15,2,9) occ(41,2,6) occ(49,2,8) occ(5,3,3) occ(11,3,6) occ(35,3,2) occ(39,3,4) occ(43,3,8) occ(47,3,10) occ(57,3,5) occ(61,3,7) occ(65,3,9) occ(13,4,8) occ(17,4,10) occ(21,4,6) occ(31,4,3) occ(51,4,7) occ(64,4,4) occ(70,4,1) occ(76,4,2) occ(4,5,7) occ(19,5,8) occ(29,5,5) occ(33,5,1) occ(55,5,6) occ(62,5,2) occ(67,5,10) occ(68,5,3) occ(74,5,4) occ(77,5,9) occ(23,6,7) occ(30,6,3) occ(53,6,8) occ(60,6,4) occ(66,6,5) occ(72,6,2) occ(78,6,1) occ(6,7,6) occ(14,7,2) occ(27,7,4) occ(28,7,5) occ(32,7,1) occ(69,7,9) occ(75,7,10) occ(8,8,4) occ(25,8,6) occ(26,8,7) occ(42,8,9) occ(48,8,10) occ(58,8,3) occ(73,8,8) occ(12,9,3) occ(16,9,1) occ(20,9,5) occ(24,9,9) occ(34,9,2) occ(38,9,6) occ(44,9,7) occ(50,9,8) occ(54,9,4) occ(71,9,10) occ(10,10,5) occ(18,10,3) occ(22,10,7) occ(36,10,4) occ(40,10,8) occ(46,10,9) occ(52,10,6) occ(56,10,2)
Optimization: -79
Answer: 51
occ(1,2,5) occ(1,2,1) occ(1,2,3) occ(1,8,5) occ(1,7,3) occ(1,10,1) occ(1,2,7) occ(1,6,9) occ(2,7,8) occ(3,4,5) coverage(80) occ(11,1,4) occ(15,1,2) occ(24,1,7) occ(45,1,9) occ(59,1,8) occ(67,1,6) occ(9,2,2) occ(20,2,4) occ(26,2,9) occ(41,2,6) occ(61,2,10) occ(65,2,8) occ(13,3,3) occ(17,3,1) occ(18,3,2) occ(22,3,6) occ(32,3,9) occ(39,3,4) occ(43,3,8) occ(47,3,10) occ(57,3,7) occ(69,3,5) occ(7,4,1) occ(28,4,8) occ(34,4,7) occ(37,4,6) occ(63,4,9) occ(78,4,3) occ(4,5,7) occ(5,5,3) occ(16,5,1) occ(19,5,2) occ(30,5,10) occ(49,5,9) occ(55,5,6) occ(62,5,8) occ(71,5,4) occ(76,5,5) occ(6,6,5) occ(14,6,3) occ(21,6,4) occ(35,6,7) occ(36,6,6) occ(53,6,8) occ(73,6,2) occ(23,7,2) occ(38,7,4) occ(51,7,10) occ(52,7,5) occ(60,7,9) occ(64,7,7) occ(74,7,6) occ(77,7,1) occ(8,8,6) occ(12,8,4) occ(33,8,8) occ(42,8,1) occ(50,8,7) occ(68,8,10) occ(75,8,3) occ(25,9,1) occ(29,9,5) occ(40,9,3) occ(46,9,4) occ(54,9,6) occ(58,9,10) occ(66,9,8) occ(72,9,7) occ(79,9,2) occ(10,10,5) occ(27,10,3) occ(31,10,7) occ(44,10,2) occ(48,10,6) occ(56,10,8) occ(70,10,9)
Optimization: -80
Answer: 52
occ(1,2,5) occ(1,2,1) occ(1,2,3) occ(1,8,5) occ(1,7,3) occ(1,10,1) occ(1,2,7) occ(1,6,9) occ(2,7,8) occ(3,4,5) coverage(81) occ(11,1,4) occ(15,1,2) occ(24,1,7) occ(45,1,9) occ(59,1,8) occ(67,1,6) occ(9,2,2) occ(20,2,4) occ(26,2,9) occ(41,2,6) occ(61,2,10) occ(65,2,8) occ(13,3,3) occ(17,3,1) occ(18,3,2) occ(22,3,6) occ(32,3,9) occ(39,3,4) occ(43,3,8) occ(47,3,10) occ(57,3,7) occ(69,3,5) occ(7,4,1) occ(16,4,4) occ(28,4,8) occ(34,4,7) occ(37,4,6) occ(63,4,9) occ(78,4,3) occ(4,5,7) occ(5,5,3) occ(19,5,2) occ(30,5,10) occ(49,5,9) occ(55,5,6) occ(62,5,8) occ(71,5,4) occ(76,5,5) occ(80,5,1) occ(6,6,5) occ(14,6,3) occ(21,6,4) occ(35,6,7) occ(36,6,6) occ(53,6,8) occ(73,6,2) occ(23,7,2) occ(38,7,4) occ(51,7,10) occ(52,7,5) occ(60,7,9) occ(64,7,7) occ(74,7,6) occ(77,7,1) occ(8,8,6) occ(12,8,4) occ(33,8,8) occ(42,8,1) occ(50,8,7) occ(68,8,10) occ(75,8,3) occ(25,9,1) occ(29,9,5) occ(40,9,3) occ(46,9,4) occ(54,9,6) occ(58,9,10) occ(66,9,8) occ(72,9,7) occ(79,9,2) occ(10,10,5) occ(27,10,3) occ(31,10,7) occ(44,10,2) occ(48,10,6) occ(56,10,8) occ(70,10,9)
Optimization: -81
Answer: 53
occ(1,2,5) occ(1,2,1) occ(1,2,3) occ(1,8,5) occ(1,7,3) occ(1,10,1) occ(1,2,7) occ(1,6,9) occ(2,7,8) occ(3,4,5) coverage(83) occ(15,1,8) occ(23,1,10) occ(27,1,6) occ(31,1,2) occ(35,1,4) occ(45,1,7) occ(13,2,6) occ(25,2,8) occ(29,2,4) occ(47,2,9) occ(53,2,10) occ(17,3,7) occ(21,3,9) occ(33,3,3) occ(37,3,5) occ(43,3,6) occ(50,3,10) occ(51,3,8) occ(63,3,4) occ(84,3,1) occ(7,4,3) occ(11,4,7) occ(41,4,4) occ(48,4,8) occ(49,4,10) occ(55,4,9) occ(61,4,6) occ(65,4,2) occ(9,5,5) occ(19,5,8) occ(30,5,4) occ(39,5,6) occ(46,5,10) occ(52,5,9) occ(57,5,7) occ(69,5,1) occ(81,5,3) occ(82,5,2) occ(5,6,4) occ(28,6,2) occ(32,6,6) occ(44,6,8) occ(59,6,5) occ(66,6,7) occ(67,6,3) occ(79,6,1) occ(34,7,4) occ(42,7,6) occ(54,7,10) occ(64,7,5) occ(68,7,9) occ(71,7,2) occ(80,7,1) occ(8,8,10) occ(14,8,9) occ(18,8,7) occ(22,8,3) occ(26,8,1) occ(40,8,4) occ(60,8,6) occ(72,8,8) occ(77,8,2) occ(4,9,7) occ(10,9,8) occ(20,9,5) occ(36,9,3) occ(56,9,9) occ(62,9,4) occ(70,9,10) occ(73,9,1) occ(74,9,6) occ(78,9,2) occ(6,10,9) occ(12,10,10) occ(16,10,8) occ(24,10,2) occ(38,10,5) occ(58,10,7) occ(75,10,3) occ(76,10,4)
Optimization: -83
Answer: 54
occ(1,2,5) occ(1,2,1) occ(1,2,3) occ(1,8,5) occ(1,7,3) occ(1,10,1) occ(1,2,7) occ(1,6,9) occ(2,7,8) occ(3,4,5) coverage(84) occ(32,1,9) occ(38,1,10) occ(42,1,8) occ(46,1,4) occ(54,1,2) occ(55,1,6) occ(26,2,9) occ(36,2,8) occ(37,2,4) occ(44,2,6) occ(48,2,2) occ(30,3,8) occ(34,3,10) occ(35,3,2) occ(39,3,6) occ(40,3,9) occ(52,3,3) occ(53,3,5) occ(56,3,1) occ(57,3,7) occ(62,3,4) occ(11,4,7) occ(24,4,8) occ(28,4,10) occ(41,4,4) occ(50,4,1) occ(58,4,3) occ(61,4,6) occ(64,4,2) occ(82,4,9) occ(5,5,3) occ(13,5,9) occ(14,5,6) occ(22,5,10) occ(33,5,1) occ(43,5,2) occ(51,5,4) occ(59,5,8) occ(60,5,5) occ(9,6,6) occ(10,6,7) occ(17,6,8) occ(45,6,4) occ(49,6,2) occ(63,6,5) occ(66,6,1) occ(71,6,3) occ(80,6,10) occ(7,7,4) occ(12,7,5) occ(15,7,10) occ(16,7,7) occ(20,7,9) occ(31,7,2) occ(73,7,1) occ(74,7,6) occ(4,8,10) occ(8,8,8) occ(19,8,7) occ(27,8,1) occ(47,8,3) occ(65,8,6) occ(68,8,2) occ(69,8,4) occ(78,8,9) occ(18,9,8) occ(23,9,4) occ(29,9,3) occ(72,9,5) occ(75,9,2) occ(76,9,7) occ(79,9,6) occ(83,9,10) occ(6,10,9) occ(21,10,6) occ(25,10,2) occ(67,10,5) occ(70,10,3) occ(77,10,4) occ(81,10,8)
Optimization: -84
Answer: 55
occ(1,2,5) occ(1,2,1) occ(1,2,3) occ(1,8,5) occ(1,7,3) occ(1,10,1) occ(1,2,7) occ(1,6,9) occ(2,7,8) occ(3,4,5) coverage(85) occ(26,1,6) occ(30,1,10) occ(34,1,8) occ(38,1,4) occ(45,1,7) occ(83,1,2) occ(84,1,9) occ(24,2,4) occ(28,2,8) occ(36,2,6) occ(47,2,9) occ(64,2,2) occ(7,3,6) occ(22,3,2) occ(32,3,9) occ(40,3,5) occ(43,3,8) occ(49,3,7) occ(66,3,4) occ(69,3,3) occ(81,3,1) occ(82,3,10) occ(16,4,2) occ(41,4,10) occ(42,4,7) occ(51,4,9) occ(62,4,3) occ(68,4,6) occ(71,4,1) occ(72,4,4) occ(80,4,8) occ(5,5,7) occ(9,5,5) occ(12,5,3) occ(20,5,1) occ(39,5,8) occ(44,5,9) occ(67,5,4) occ(74,5,6) occ(78,5,10) occ(79,5,2) occ(8,6,6) occ(14,6,1) occ(18,6,3) occ(53,6,10) occ(60,6,4) occ(63,6,7) occ(70,6,5) occ(73,6,2) occ(76,6,8) occ(10,7,4) occ(11,7,6) occ(37,7,7) occ(46,7,10) occ(58,7,2) occ(61,7,9) occ(65,7,5) occ(77,7,1) occ(6,8,7) occ(19,8,1) occ(25,8,2) occ(33,8,6) occ(48,8,8) occ(55,8,9) occ(56,8,4) occ(75,8,3) occ(4,9,9) occ(13,9,7) occ(17,9,3) occ(23,9,4) occ(29,9,5) occ(35,9,8) occ(50,9,6) occ(54,9,2) occ(59,9,10) occ(15,10,5) occ(21,10,2) occ(27,10,3) occ(31,10,7) occ(52,10,4) occ(57,10,8)
Optimization: -85
Answer: 56
occ(1,2,5) occ(1,2,1) occ(1,2,3) occ(1,8,5) occ(1,7,3) occ(1,10,1) occ(1,2,7) occ(1,6,9) occ(2,7,8) occ(3,4,5) coverage(86) occ(19,1,6) occ(23,1,10) occ(33,1,9) occ(43,1,8) occ(47,1,4) occ(53,1,3) occ(59,1,2) occ(76,1,7) occ(21,2,8) occ(37,2,10) occ(45,2,6) occ(49,2,2) occ(57,2,4) occ(74,2,9) occ(5,3,3) occ(17,3,5) occ(25,3,9) occ(31,3,10) occ(35,3,8) occ(41,3,7) occ(51,3,4) occ(55,3,2) occ(61,3,1) occ(78,3,6) occ(6,4,7) occ(7,4,1) occ(15,4,3) occ(29,4,8) occ(39,4,9) occ(40,4,6) occ(44,4,2) occ(69,4,4) occ(72,4,10) occ(8,5,9) occ(13,5,5) occ(27,5,10) occ(42,5,4) occ(48,5,3) occ(63,5,2) occ(70,5,8) occ(71,5,6) occ(80,5,7) occ(4,6,6) occ(9,6,2) occ(38,6,7) occ(46,6,1) occ(67,6,3) occ(73,6,8) occ(82,6,5) occ(10,7,10) occ(11,7,4) occ(36,7,5) occ(50,7,2) occ(65,7,1) occ(68,7,9) occ(79,7,6) occ(84,7,7) occ(16,8,8) occ(28,8,4) occ(32,8,2) occ(54,8,3) occ(58,8,1) occ(64,8,6) occ(75,8,9) occ(83,8,7) occ(12,9,9) occ(18,9,10) occ(22,9,6) occ(26,9,2) occ(34,9,4) occ(52,9,1) occ(60,9,3) occ(66,9,8) occ(77,9,7) occ(81,9,5) occ(14,10,7) occ(20,10,8) occ(24,10,4) occ(30,10,3) occ(56,10,2) occ(62,10,5) occ(85,10,6)
Optimization: -86
Answer: 57
occ(1,2,5) occ(1,2,1) occ(1,2,3) occ(1,8,5) occ(1,7,3) occ(1,10,1) occ(1,2,7) occ(1,6,9) occ(2,7,8) occ(3,4,5) coverage(87) occ(13,1,5) occ(18,1,10) occ(22,1,8) occ(30,1,6) occ(42,1,2) occ(83,1,4) occ(16,2,8) occ(24,2,10) occ(32,2,4) occ(55,2,9) occ(81,2,6) occ(85,2,2) occ(11,3,6) occ(12,3,5) occ(15,3,4) occ(20,3,9) occ(28,3,7) occ(34,3,2) occ(40,3,3) occ(44,3,1) occ(59,3,10) occ(79,3,8) occ(9,4,4) occ(14,4,7) occ(17,4,2) occ(26,4,9) occ(27,4,3) occ(38,4,1) occ(53,4,10) occ(57,4,8) occ(77,4,6) occ(5,5,7) occ(10,5,6) occ(25,5,5) occ(36,5,3) occ(46,5,2) occ(51,5,8) occ(61,5,9) occ(62,5,10) occ(75,5,4) occ(4,6,10) occ(7,6,5) occ(19,6,3) occ(29,6,2) occ(48,6,4) occ(49,6,6) occ(60,6,8) occ(71,6,7) occ(86,6,1) occ(8,7,7) occ(23,7,6) occ(47,7,4) occ(50,7,2) occ(63,7,10) occ(64,7,9) occ(73,7,5) occ(76,7,1) occ(6,8,9) occ(21,8,4) occ(31,8,1) occ(41,8,10) occ(45,8,6) occ(58,8,7) occ(69,8,8) occ(78,8,3) occ(84,8,2) occ(33,9,3) occ(37,9,7) occ(43,9,8) occ(52,9,1) occ(56,9,5) occ(65,9,9) occ(66,9,10) occ(70,9,6) occ(74,9,2) occ(82,9,4) occ(35,10,5) occ(39,10,9) occ(54,10,3) occ(67,10,7) occ(68,10,8) occ(72,10,4) occ(80,10,2)
Optimization: -87
*** Info : (clingo): INTERRUPTED by signal!
SATISFIABLE

TIME LIMIT   : 1
Models       : 57+
  Optimum    : unknown
Optimization : -87
Calls        : 1
Time         : 300.000s (Solving: 298.58s 1st Model: 0.00s Unsat: 0.00s)
CPU Time     : 300.003s
