
-----------------------------------------
|  0| 41|  0| 82| 12| 29|  0| 21|  0| 17|
-----------------------------------------
|  0| 84|  0| 31|  0| 80|  0| 15| 54| 23|
-----------------------------------------
| 43| 33| 39| 14| 11| 10| 27| 78| 19| 58|
-----------------------------------------
| 37| 16| 26|  8|  2| 76| 13| 56| 25| 52|
-----------------------------------------
|  0| 45| 35| 74| 24|  9|  4| 50| 60| 61|
-----------------------------------------
| 85| 28| 18| 47|  6| 48| 70| 59|  0|  3|
-----------------------------------------
| 75| 49|  0| 46| 72| 22|  7|  1| 63| 62|
-----------------------------------------
| 30| 83| 77| 20|  0| 44| 57| 68|  5| 40|
-----------------------------------------
| 51| 73| 32| 81| 55| 69| 36| 42| 64| 65|
-----------------------------------------
|  0| 79| 53| 71| 34|  0| 66| 67| 38|  0|
-----------------------------------------

| n = 10 | k = 8 | coverage = 92, 92.0%
 Time 300.003
 Name 1_10x10_clingo

