
---------------------------------
| 33| 55|  1| 32| 41| 40| 46|  1|
---------------------------------
| 56| 30| 35|  1| 48| 34| 39| 42|
---------------------------------
| 53| 31|  2| 43| 37| 44| 38| 15|
---------------------------------
| 28| 54| 51| 50| 36| 13|  1|  9|
---------------------------------
| 29|  4| 26| 16| 45|  7| 17|  1|
---------------------------------
| 24| 18| 52| 49| 23| 14| 11|  1|
---------------------------------
|  6| 27| 22|  1| 10| 47|  5| 19|
---------------------------------
| 20|  0|  8| 25|  3| 21| 12|  1|
---------------------------------

| n = 8 | k = 8 | coverage = 63, 98.4375%
 Time 300.48
 Name 9_8x8_minizinc

