
-------------------------------------------------
| 72| 82| 83| 94|  1| 97|100|101|104|105|108|109|
-------------------------------------------------
| 81| 87| 70| 84| 98| 92| 69| 88|110|111|  1|119|
-------------------------------------------------
| 80| 74| 96| 85| 95| 86| 99|102|103|106|107|114|
-------------------------------------------------
| 89| 79| 78| 68| 58| 67| 90| 71|113|112|117| 31|
-------------------------------------------------
| 76|  1| 56| 93| 36| 37|  1| 65|  1| 33|116|  0|
-------------------------------------------------
| 54| 91| 77|  3| 66| 60| 73| 35| 22|115| 29| 23|
-------------------------------------------------
| 44| 30| 52| 34| 75| 38| 39| 62| 63| 25| 20|118|
-------------------------------------------------
|  0|  1| 42| 28|  5| 64| 17| 24| 41|  1| 21| 27|
-------------------------------------------------
|  0| 46| 32| 50| 40| 26|  7| 61| 19|  1|120| 18|
-------------------------------------------------
|  0|  0| 49|  1|  9| 15|  1| 43| 10| 16|  0|  0|
-------------------------------------------------
| 51|  0| 48|  0| 55| 45|  4| 13| 59|  0|  8| 14|
-------------------------------------------------
|  0|  0| 53| 47|  2| 11| 57|  0|  6| 12|  0|  0|
-------------------------------------------------

| n = 12 | k = 10 | coverage = 129, 89.58333333333333%
 Time 302.68
 Name 15_12x12_minizinc

