
-------------------------------------------------
| 72| 82| 83| 94| 95| 98|  3|  2|103|102|107|121|
-------------------------------------------------
| 78| 87| 74|  1| 81| 92| 97|100|  1|119|101|104|
-------------------------------------------------
| 84| 70| 80| 85| 96| 93|  4|  5| 99|105|  1|109|
-------------------------------------------------
| 45| 76| 89| 48| 90| 79| 42| 36|117| 55|106|  0|
-------------------------------------------------
| 68| 86| 47| 77| 91| 46|  7|  6| 40| 34|111| 57|
-------------------------------------------------
| 37| 43| 50| 88| 49|  8| 38| 44| 53|115|  1|108|
-------------------------------------------------
| 52| 66| 39| 33| 75| 29| 51|  9| 32| 26| 59|113|
-------------------------------------------------
| 41| 35| 62| 56| 25| 67| 10| 28| 61|  1|110| 24|
-------------------------------------------------
| 64| 54| 23| 73| 31| 58| 27| 65| 11| 30|  1|  0|
-------------------------------------------------
| 21|  0| 17| 60| 69| 16| 13| 12|118| 63| 22|112|
-------------------------------------------------
|  0|  0| 71|  0| 15|  0|120| 18|  0|114|  0|  0|
-------------------------------------------------
|  0| 19|  0|  0|  0|  0| 14|116|122| 20|  1|  0|
-------------------------------------------------

| n = 12 | k = 7 | coverage = 128, 88.88888888888889%
 Time 302.74
 Name 1_12x12_minizinc

