
-----------------------------------------------------------------
|  0|  0|  0|  0| 45| 48|134|211|118| 44|138|215|114| 40|142|219|
-----------------------------------------------------------------
|  0| 49| 43|201|132|209|120| 46|136|213|116| 42|140|217|231| 38|
-----------------------------------------------------------------
| 41|  0|130| 47|  0|203| 50|123| 54|  0|186|119|233|112|221|144|
-----------------------------------------------------------------
| 51| 21| 39|  0|199|125|207|122|184|121| 56|  0|  0|117| 36|229|
-----------------------------------------------------------------
| 37|128|197|127|205|124|182| 52| 13| 16|  0|188|110|227|146|223|
-----------------------------------------------------------------
| 23| 53| 19|126|180|129| 15| 14|  0| 26|179| 58|  0| 34|115|  0|
-----------------------------------------------------------------
|  0| 35|178|195| 17| 12|189|175|181| 11| 18| 28|190|108|225|148|
-----------------------------------------------------------------
| 55| 25|220| 33|191|173|131|  9| 24|177| 60|194| 32|113| 96|106|
-----------------------------------------------------------------
|222|176|193|171| 10|187|161|183|  6|  7| 30| 20| 62|192|150| 92|
-----------------------------------------------------------------
| 27| 57| 31|218|163|133|  8|  5|  0| 22|196|  2|111| 94|104| 98|
-----------------------------------------------------------------
|174|224|141|135|169|159|185|147|198|  4|153| 64| 74|100| 90|152|
-----------------------------------------------------------------
| 59| 29|216|165|143|137|  3|157|160|149|200|109| 88| 66| 76|102|
-----------------------------------------------------------------
|226|172|234|139|  1|167|145| 75| 93|155|158|151| 78| 72|154| 68|
-----------------------------------------------------------------
| 67| 61|168|214|232| 73| 91|162|208| 81|107|202|156| 86| 80|101|
-----------------------------------------------------------------
|170|228| 65| 71|166|212| 77| 87|  0| 95|206| 83|105| 99| 70| 84|
-----------------------------------------------------------------
| 63| 69|  0|230|  0| 89|164|210| 79| 85|  0| 97|204| 82|103|  0|
-----------------------------------------------------------------

| n = 16 | k = 10 | coverage = 243, 94.921875%
 Time 300.0
 Name 0_16x16_clingo

