
-------------------------------------------------
| 83| 77| 87|101|  1|  0| 59| 69| 86| 53| 63|  0|
-------------------------------------------------
| 97|103| 81| 75|  9| 71| 84| 55| 61| 67| 33|  1|
-------------------------------------------------
| 79| 85| 99| 89| 82| 57| 98|  5| 31| 88| 51| 65|
-------------------------------------------------
|105| 95| 48| 11| 73|  7| 80| 90| 96| 39| 29| 35|
-------------------------------------------------
| 46|  0| 91|  1| 19|100|  3|120| 78| 92|  1| 49|
-------------------------------------------------
| 93|107| 13| 50| 60|118| 21| 94| 41|122| 37| 27|
-------------------------------------------------
|  1| 44|106| 17|102| 52| 62| 56| 23| 76| 47|  1|
-------------------------------------------------
|108| 15|109| 30|116| 58|113|  2|124| 43| 25|127|
-------------------------------------------------
| 42| 32| 26|104|111|128| 54| 64| 74|125|  1| 45|
-------------------------------------------------
| 24|110| 36|114| 28|115|  4|126|  8| 14|129| 70|
-------------------------------------------------
| 34| 40|  1| 20|130|  1|119| 16| 66| 72|123| 12|
-------------------------------------------------
|  0| 22|112| 38|117| 18|132|  6|121| 10| 68|131|
-------------------------------------------------

| n = 12 | k = 9 | coverage = 140, 97.22222222222223%
 Time 300.002
 Name 16_12x12_clingo

