MiniZinc to FlatZinc converter, version 2.5.3, build 220798393
Copyright (C) 2014-2020 Monash University, NICTA, Data61
Parsing file(s) /mnt/HDD/elenzi/Dovier/AR-Knights_Tour/assets/logs/2_12x12_minizinc/knights_tour.mzn', '/mnt/HDD/elenzi/Dovier/AR-Knights_Tour/assets/logs/2_12x12_minizinc/database.dzn' ...
processing file '/mnt/HDD/elenzi/Dovier/MiniZincIDE-2.5.3-bundle-linux-x86_64/share/minizinc/std/stdlib.mzn'
processing file '/mnt/HDD/elenzi/Dovier/MiniZincIDE-2.5.3-bundle-linux-x86_64/share/minizinc/std/stdlib/stdlib_internal.mzn'
processing file '/mnt/HDD/elenzi/Dovier/MiniZincIDE-2.5.3-bundle-linux-x86_64/share/minizinc/std/stdlib/stdlib_random.mzn'
processing file '/mnt/HDD/elenzi/Dovier/MiniZincIDE-2.5.3-bundle-linux-x86_64/share/minizinc/std/stdlib/stdlib_enum.mzn'
processing file '/mnt/HDD/elenzi/Dovier/MiniZincIDE-2.5.3-bundle-linux-x86_64/share/minizinc/std/stdlib/stdlib_debug.mzn'
processing file '/mnt/HDD/elenzi/Dovier/MiniZincIDE-2.5.3-bundle-linux-x86_64/share/minizinc/std/stdlib/stdlib_reflect.mzn'
processing file '/mnt/HDD/elenzi/Dovier/MiniZincIDE-2.5.3-bundle-linux-x86_64/share/minizinc/std/stdlib/stdlib_string.mzn'
processing file '/mnt/HDD/elenzi/Dovier/MiniZincIDE-2.5.3-bundle-linux-x86_64/share/minizinc/std/stdlib/stdlib_coercion.mzn'
processing file '/mnt/HDD/elenzi/Dovier/MiniZincIDE-2.5.3-bundle-linux-x86_64/share/minizinc/std/stdlib/stdlib_sort.mzn'
processing file '/mnt/HDD/elenzi/Dovier/MiniZincIDE-2.5.3-bundle-linux-x86_64/share/minizinc/std/stdlib/stdlib_array.mzn'
processing file '/mnt/HDD/elenzi/Dovier/MiniZincIDE-2.5.3-bundle-linux-x86_64/share/minizinc/std/stdlib/stdlib_ite.mzn'
processing file '/mnt/HDD/elenzi/Dovier/MiniZincIDE-2.5.3-bundle-linux-x86_64/share/minizinc/std/stdlib/stdlib_set.mzn'
processing file '/mnt/HDD/elenzi/Dovier/MiniZincIDE-2.5.3-bundle-linux-x86_64/share/minizinc/std/stdlib/stdlib_logic.mzn'
processing file '/mnt/HDD/elenzi/Dovier/MiniZincIDE-2.5.3-bundle-linux-x86_64/share/minizinc/std/stdlib/stdlib_math.mzn'
processing file '/mnt/HDD/elenzi/Dovier/MiniZincIDE-2.5.3-bundle-linux-x86_64/share/minizinc/std/stdlib/stdlib_compare.mzn'
processing file '/mnt/HDD/elenzi/Dovier/MiniZincIDE-2.5.3-bundle-linux-x86_64/share/minizinc/std/stdlib/stdlib_opt.mzn'
processing file '/mnt/HDD/elenzi/Dovier/MiniZincIDE-2.5.3-bundle-linux-x86_64/share/minizinc/std/stdlib/stdlib_ann.mzn'
processing file '/mnt/HDD/elenzi/Dovier/MiniZincIDE-2.5.3-bundle-linux-x86_64/share/minizinc/std/stdlib/stdlib_language.mzn'
processing file '/mnt/HDD/elenzi/Dovier/MiniZincIDE-2.5.3-bundle-linux-x86_64/share/minizinc/std/flatzinc_builtins.mzn'
processing file '/mnt/HDD/elenzi/Dovier/MiniZincIDE-2.5.3-bundle-linux-x86_64/share/minizinc/std/solver_redefinitions.mzn'
processing file '/mnt/HDD/elenzi/Dovier/MiniZincIDE-2.5.3-bundle-linux-x86_64/share/minizinc/std/fzn_if_then_else_partiality.mzn'
processing file '/mnt/HDD/elenzi/Dovier/MiniZincIDE-2.5.3-bundle-linux-x86_64/share/minizinc/std/fzn_if_then_else_var_set.mzn'
processing file '/mnt/HDD/elenzi/Dovier/MiniZincIDE-2.5.3-bundle-linux-x86_64/share/minizinc/std/fzn_if_then_else_set.mzn'
processing file '/mnt/HDD/elenzi/Dovier/MiniZincIDE-2.5.3-bundle-linux-x86_64/share/minizinc/std/fzn_if_then_else_var_opt_float.mzn'
processing file '/mnt/HDD/elenzi/Dovier/MiniZincIDE-2.5.3-bundle-linux-x86_64/share/minizinc/std/fzn_if_then_else_var_float.mzn'
processing file '/mnt/HDD/elenzi/Dovier/MiniZincIDE-2.5.3-bundle-linux-x86_64/share/minizinc/std/fzn_if_then_else_opt_float.mzn'
processing file '/mnt/HDD/elenzi/Dovier/MiniZincIDE-2.5.3-bundle-linux-x86_64/share/minizinc/std/fzn_if_then_else_float.mzn'
processing file '/mnt/HDD/elenzi/Dovier/MiniZincIDE-2.5.3-bundle-linux-x86_64/share/minizinc/std/fzn_if_then_else_var_opt_bool.mzn'
processing file '/mnt/HDD/elenzi/Dovier/MiniZincIDE-2.5.3-bundle-linux-x86_64/share/minizinc/std/fzn_if_then_else_var_bool.mzn'
processing file '/mnt/HDD/elenzi/Dovier/MiniZincIDE-2.5.3-bundle-linux-x86_64/share/minizinc/std/fzn_if_then_else_opt_bool.mzn'
processing file '/mnt/HDD/elenzi/Dovier/MiniZincIDE-2.5.3-bundle-linux-x86_64/share/minizinc/std/fzn_if_then_else_bool.mzn'
processing file '/mnt/HDD/elenzi/Dovier/MiniZincIDE-2.5.3-bundle-linux-x86_64/share/minizinc/std/fzn_if_then_else_var_opt_int.mzn'
processing file '/mnt/HDD/elenzi/Dovier/MiniZincIDE-2.5.3-bundle-linux-x86_64/share/minizinc/std/fzn_if_then_else_var_int.mzn'
processing file '/mnt/HDD/elenzi/Dovier/MiniZincIDE-2.5.3-bundle-linux-x86_64/share/minizinc/std/fzn_if_then_else_opt_int.mzn'
processing file '/mnt/HDD/elenzi/Dovier/MiniZincIDE-2.5.3-bundle-linux-x86_64/share/minizinc/std/fzn_if_then_else_int.mzn'
processing file '/mnt/HDD/elenzi/Dovier/MiniZincIDE-2.5.3-bundle-linux-x86_64/share/minizinc/std/count_fn.mzn'
processing file '/mnt/HDD/elenzi/Dovier/MiniZincIDE-2.5.3-bundle-linux-x86_64/share/minizinc/std/count.mzn'
processing file '/mnt/HDD/elenzi/Dovier/MiniZincIDE-2.5.3-bundle-linux-x86_64/share/minizinc/std/count_lt.mzn'
processing file '/mnt/HDD/elenzi/Dovier/MiniZincIDE-2.5.3-bundle-linux-x86_64/share/minizinc/std/fzn_count_lt_par_reif.mzn'
processing file '/mnt/HDD/elenzi/Dovier/MiniZincIDE-2.5.3-bundle-linux-x86_64/share/minizinc/std/fzn_count_lt_reif.mzn'
processing file '/mnt/HDD/elenzi/Dovier/MiniZincIDE-2.5.3-bundle-linux-x86_64/share/minizinc/std/fzn_count_lt_par.mzn'
processing file '/mnt/HDD/elenzi/Dovier/MiniZincIDE-2.5.3-bundle-linux-x86_64/share/minizinc/std/fzn_count_lt.mzn'
processing file '/mnt/HDD/elenzi/Dovier/MiniZincIDE-2.5.3-bundle-linux-x86_64/share/minizinc/std/count_gt.mzn'
processing file '/mnt/HDD/elenzi/Dovier/MiniZincIDE-2.5.3-bundle-linux-x86_64/share/minizinc/std/fzn_count_gt_reif.mzn'
processing file '/mnt/HDD/elenzi/Dovier/MiniZincIDE-2.5.3-bundle-linux-x86_64/share/minizinc/std/fzn_count_gt_par_reif.mzn'
processing file '/mnt/HDD/elenzi/Dovier/MiniZincIDE-2.5.3-bundle-linux-x86_64/share/minizinc/std/fzn_count_gt.mzn'
processing file '/mnt/HDD/elenzi/Dovier/MiniZincIDE-2.5.3-bundle-linux-x86_64/share/minizinc/std/fzn_count_gt_par.mzn'
processing file '/mnt/HDD/elenzi/Dovier/MiniZincIDE-2.5.3-bundle-linux-x86_64/share/minizinc/std/count_neq.mzn'
processing file '/mnt/HDD/elenzi/Dovier/MiniZincIDE-2.5.3-bundle-linux-x86_64/share/minizinc/std/fzn_count_neq_reif.mzn'
processing file '/mnt/HDD/elenzi/Dovier/MiniZincIDE-2.5.3-bundle-linux-x86_64/share/minizinc/std/fzn_count_neq_par_reif.mzn'
processing file '/mnt/HDD/elenzi/Dovier/MiniZincIDE-2.5.3-bundle-linux-x86_64/share/minizinc/std/fzn_count_neq.mzn'
processing file '/mnt/HDD/elenzi/Dovier/MiniZincIDE-2.5.3-bundle-linux-x86_64/share/minizinc/std/fzn_count_neq_par.mzn'
processing file '/mnt/HDD/elenzi/Dovier/MiniZincIDE-2.5.3-bundle-linux-x86_64/share/minizinc/std/count_leq.mzn'
processing file '/mnt/HDD/elenzi/Dovier/MiniZincIDE-2.5.3-bundle-linux-x86_64/share/minizinc/std/fzn_count_leq_reif.mzn'
processing file '/mnt/HDD/elenzi/Dovier/MiniZincIDE-2.5.3-bundle-linux-x86_64/share/minizinc/std/fzn_count_leq_par_reif.mzn'
processing file '/mnt/HDD/elenzi/Dovier/MiniZincIDE-2.5.3-bundle-linux-x86_64/share/minizinc/std/fzn_count_leq.mzn'
processing file '/mnt/HDD/elenzi/Dovier/MiniZincIDE-2.5.3-bundle-linux-x86_64/share/minizinc/std/fzn_count_leq_par.mzn'
processing file '/mnt/HDD/elenzi/Dovier/MiniZincIDE-2.5.3-bundle-linux-x86_64/share/minizinc/std/count_geq.mzn'
processing file '/mnt/HDD/elenzi/Dovier/MiniZincIDE-2.5.3-bundle-linux-x86_64/share/minizinc/std/fzn_count_geq_reif.mzn'
processing file '/mnt/HDD/elenzi/Dovier/MiniZincIDE-2.5.3-bundle-linux-x86_64/share/minizinc/std/fzn_count_geq_par_reif.mzn'
processing file '/mnt/HDD/elenzi/Dovier/MiniZincIDE-2.5.3-bundle-linux-x86_64/share/minizinc/std/fzn_count_geq.mzn'
processing file '/mnt/HDD/elenzi/Dovier/MiniZincIDE-2.5.3-bundle-linux-x86_64/share/minizinc/std/fzn_count_geq_par.mzn'
processing file '/mnt/HDD/elenzi/Dovier/MiniZincIDE-2.5.3-bundle-linux-x86_64/share/minizinc/std/count_eq.mzn'
processing file '/mnt/HDD/elenzi/Dovier/MiniZincIDE-2.5.3-bundle-linux-x86_64/share/minizinc/std/fzn_count_eq_par_reif.mzn'
processing file '/mnt/HDD/elenzi/Dovier/MiniZincIDE-2.5.3-bundle-linux-x86_64/share/minizinc/gecode//fzn_count_eq_reif.mzn'
processing file '/mnt/HDD/elenzi/Dovier/MiniZincIDE-2.5.3-bundle-linux-x86_64/share/minizinc/std/fzn_count_eq_par.mzn'
processing file '/mnt/HDD/elenzi/Dovier/MiniZincIDE-2.5.3-bundle-linux-x86_64/share/minizinc/gecode//fzn_count_eq.mzn'
processing file '/mnt/HDD/elenzi/Dovier/MiniZincIDE-2.5.3-bundle-linux-x86_64/share/minizinc/gecode//redefinitions-2.5.2.mzn'
processing file '/mnt/HDD/elenzi/Dovier/MiniZincIDE-2.5.3-bundle-linux-x86_64/share/minizinc/std/redefinitions-2.3.3.mzn'
processing file '/mnt/HDD/elenzi/Dovier/MiniZincIDE-2.5.3-bundle-linux-x86_64/share/minizinc/std/redefinitions-2.2.1.mzn'
processing file '/mnt/HDD/elenzi/Dovier/MiniZincIDE-2.5.3-bundle-linux-x86_64/share/minizinc/std/redefinitions-2.1.1.mzn'
processing file '/mnt/HDD/elenzi/Dovier/MiniZincIDE-2.5.3-bundle-linux-x86_64/share/minizinc/std/redefinitions-2.1.mzn'
processing file '/mnt/HDD/elenzi/Dovier/MiniZincIDE-2.5.3-bundle-linux-x86_64/share/minizinc/gecode//redefinitions-2.0.2.mzn'
processing file '/mnt/HDD/elenzi/Dovier/MiniZincIDE-2.5.3-bundle-linux-x86_64/share/minizinc/gecode//redefinitions-2.0.mzn'
processing file '/mnt/HDD/elenzi/Dovier/MiniZincIDE-2.5.3-bundle-linux-x86_64/share/minizinc/gecode//redefinitions.mzn'
processing file '/mnt/HDD/elenzi/Dovier/AR-Knights_Tour/assets/logs/2_12x12_minizinc/knights_tour.mzn'
processing file '/mnt/HDD/elenzi/Dovier/MiniZincIDE-2.5.3-bundle-linux-x86_64/share/minizinc/std/globals.mzn'
processing file '/mnt/HDD/elenzi/Dovier/MiniZincIDE-2.5.3-bundle-linux-x86_64/share/minizinc/std/weighted_spanning_tree.mzn'
processing file '/mnt/HDD/elenzi/Dovier/MiniZincIDE-2.5.3-bundle-linux-x86_64/share/minizinc/std/fzn_dwst_reif.mzn'
processing file '/mnt/HDD/elenzi/Dovier/MiniZincIDE-2.5.3-bundle-linux-x86_64/share/minizinc/std/fzn_dwst.mzn'
processing file '/mnt/HDD/elenzi/Dovier/MiniZincIDE-2.5.3-bundle-linux-x86_64/share/minizinc/std/fzn_wst_reif.mzn'
processing file '/mnt/HDD/elenzi/Dovier/MiniZincIDE-2.5.3-bundle-linux-x86_64/share/minizinc/std/fzn_wst.mzn'
processing file '/mnt/HDD/elenzi/Dovier/MiniZincIDE-2.5.3-bundle-linux-x86_64/share/minizinc/std/value_precede_chain.mzn'
processing file '/mnt/HDD/elenzi/Dovier/MiniZincIDE-2.5.3-bundle-linux-x86_64/share/minizinc/std/value_precede_chain_set.mzn'
processing file '/mnt/HDD/elenzi/Dovier/MiniZincIDE-2.5.3-bundle-linux-x86_64/share/minizinc/std/fzn_value_precede_chain_set_reif.mzn'
processing file '/mnt/HDD/elenzi/Dovier/MiniZincIDE-2.5.3-bundle-linux-x86_64/share/minizinc/std/fzn_value_precede_chain_set.mzn'
processing file '/mnt/HDD/elenzi/Dovier/MiniZincIDE-2.5.3-bundle-linux-x86_64/share/minizinc/std/value_precede_chain_int.mzn'
processing file '/mnt/HDD/elenzi/Dovier/MiniZincIDE-2.5.3-bundle-linux-x86_64/share/minizinc/std/fzn_value_precede_chain_int_reif.mzn'
processing file '/mnt/HDD/elenzi/Dovier/MiniZincIDE-2.5.3-bundle-linux-x86_64/share/minizinc/std/fzn_value_precede_chain_int.mzn'
processing file '/mnt/HDD/elenzi/Dovier/MiniZincIDE-2.5.3-bundle-linux-x86_64/share/minizinc/std/value_precede.mzn'
processing file '/mnt/HDD/elenzi/Dovier/MiniZincIDE-2.5.3-bundle-linux-x86_64/share/minizinc/std/value_precede_set.mzn'
processing file '/mnt/HDD/elenzi/Dovier/MiniZincIDE-2.5.3-bundle-linux-x86_64/share/minizinc/std/fzn_value_precede_set_reif.mzn'
processing file '/mnt/HDD/elenzi/Dovier/MiniZincIDE-2.5.3-bundle-linux-x86_64/share/minizinc/gecode//fzn_value_precede_set.mzn'
processing file '/mnt/HDD/elenzi/Dovier/MiniZincIDE-2.5.3-bundle-linux-x86_64/share/minizinc/std/fzn_value_precede_int_opt.mzn'
processing file '/mnt/HDD/elenzi/Dovier/MiniZincIDE-2.5.3-bundle-linux-x86_64/share/minizinc/std/value_precede_int.mzn'
processing file '/mnt/HDD/elenzi/Dovier/MiniZincIDE-2.5.3-bundle-linux-x86_64/share/minizinc/std/fzn_value_precede_int_reif.mzn'
processing file '/mnt/HDD/elenzi/Dovier/MiniZincIDE-2.5.3-bundle-linux-x86_64/share/minizinc/gecode//fzn_value_precede_int.mzn'
processing file '/mnt/HDD/elenzi/Dovier/MiniZincIDE-2.5.3-bundle-linux-x86_64/share/minizinc/std/tree.mzn'
processing file '/mnt/HDD/elenzi/Dovier/MiniZincIDE-2.5.3-bundle-linux-x86_64/share/minizinc/std/fzn_dtree_enum_reif.mzn'
processing file '/mnt/HDD/elenzi/Dovier/MiniZincIDE-2.5.3-bundle-linux-x86_64/share/minizinc/std/fzn_dtree_enum.mzn'
processing file '/mnt/HDD/elenzi/Dovier/MiniZincIDE-2.5.3-bundle-linux-x86_64/share/minizinc/std/fzn_dtree_int_reif.mzn'
processing file '/mnt/HDD/elenzi/Dovier/MiniZincIDE-2.5.3-bundle-linux-x86_64/share/minizinc/std/fzn_dtree_int.mzn'
processing file '/mnt/HDD/elenzi/Dovier/MiniZincIDE-2.5.3-bundle-linux-x86_64/share/minizinc/std/fzn_tree_enum_reif.mzn'
processing file '/mnt/HDD/elenzi/Dovier/MiniZincIDE-2.5.3-bundle-linux-x86_64/share/minizinc/std/fzn_tree_enum.mzn'
processing file '/mnt/HDD/elenzi/Dovier/MiniZincIDE-2.5.3-bundle-linux-x86_64/share/minizinc/std/fzn_tree_int_reif.mzn'
processing file '/mnt/HDD/elenzi/Dovier/MiniZincIDE-2.5.3-bundle-linux-x86_64/share/minizinc/std/fzn_tree_int.mzn'
processing file '/mnt/HDD/elenzi/Dovier/MiniZincIDE-2.5.3-bundle-linux-x86_64/share/minizinc/std/table.mzn'
processing file '/mnt/HDD/elenzi/Dovier/MiniZincIDE-2.5.3-bundle-linux-x86_64/share/minizinc/std/fzn_table_int_opt.mzn'
processing file '/mnt/HDD/elenzi/Dovier/MiniZincIDE-2.5.3-bundle-linux-x86_64/share/minizinc/std/table_int.mzn'
processing file '/mnt/HDD/elenzi/Dovier/MiniZincIDE-2.5.3-bundle-linux-x86_64/share/minizinc/gecode//fzn_table_int_reif.mzn'
processing file '/mnt/HDD/elenzi/Dovier/MiniZincIDE-2.5.3-bundle-linux-x86_64/share/minizinc/gecode//fzn_table_int.mzn'
processing file '/mnt/HDD/elenzi/Dovier/MiniZincIDE-2.5.3-bundle-linux-x86_64/share/minizinc/std/table_bool.mzn'
processing file '/mnt/HDD/elenzi/Dovier/MiniZincIDE-2.5.3-bundle-linux-x86_64/share/minizinc/gecode//fzn_table_bool_reif.mzn'
processing file '/mnt/HDD/elenzi/Dovier/MiniZincIDE-2.5.3-bundle-linux-x86_64/share/minizinc/gecode//fzn_table_bool.mzn'
processing file '/mnt/HDD/elenzi/Dovier/MiniZincIDE-2.5.3-bundle-linux-x86_64/share/minizinc/std/symmetric_all_different.mzn'
processing file '/mnt/HDD/elenzi/Dovier/MiniZincIDE-2.5.3-bundle-linux-x86_64/share/minizinc/std/fzn_symmetric_all_different_reif.mzn'
processing file '/mnt/HDD/elenzi/Dovier/MiniZincIDE-2.5.3-bundle-linux-x86_64/share/minizinc/std/fzn_symmetric_all_different.mzn'
processing file '/mnt/HDD/elenzi/Dovier/MiniZincIDE-2.5.3-bundle-linux-x86_64/share/minizinc/std/analyse_all_different.mzn'
processing file '/mnt/HDD/elenzi/Dovier/MiniZincIDE-2.5.3-bundle-linux-x86_64/share/minizinc/std/sum_set.mzn'
processing file '/mnt/HDD/elenzi/Dovier/MiniZincIDE-2.5.3-bundle-linux-x86_64/share/minizinc/std/fzn_sum_set_reif.mzn'
processing file '/mnt/HDD/elenzi/Dovier/MiniZincIDE-2.5.3-bundle-linux-x86_64/share/minizinc/gecode//fzn_sum_set.mzn'
processing file '/mnt/HDD/elenzi/Dovier/MiniZincIDE-2.5.3-bundle-linux-x86_64/share/minizinc/std/sum_pred.mzn'
processing file '/mnt/HDD/elenzi/Dovier/MiniZincIDE-2.5.3-bundle-linux-x86_64/share/minizinc/std/fzn_sum_pred_reif.mzn'
processing file '/mnt/HDD/elenzi/Dovier/MiniZincIDE-2.5.3-bundle-linux-x86_64/share/minizinc/gecode//fzn_sum_pred.mzn'
processing file '/mnt/HDD/elenzi/Dovier/MiniZincIDE-2.5.3-bundle-linux-x86_64/share/minizinc/std/subgraph.mzn'
processing file '/mnt/HDD/elenzi/Dovier/MiniZincIDE-2.5.3-bundle-linux-x86_64/share/minizinc/std/fzn_subgraph_enum_reif.mzn'
processing file '/mnt/HDD/elenzi/Dovier/MiniZincIDE-2.5.3-bundle-linux-x86_64/share/minizinc/std/fzn_subgraph_enum.mzn'
processing file '/mnt/HDD/elenzi/Dovier/MiniZincIDE-2.5.3-bundle-linux-x86_64/share/minizinc/std/fzn_subgraph_int_reif.mzn'
processing file '/mnt/HDD/elenzi/Dovier/MiniZincIDE-2.5.3-bundle-linux-x86_64/share/minizinc/std/fzn_subgraph_int.mzn'
processing file '/mnt/HDD/elenzi/Dovier/MiniZincIDE-2.5.3-bundle-linux-x86_64/share/minizinc/std/subcircuit.mzn'
processing file '/mnt/HDD/elenzi/Dovier/MiniZincIDE-2.5.3-bundle-linux-x86_64/share/minizinc/std/fzn_subcircuit_reif.mzn'
processing file '/mnt/HDD/elenzi/Dovier/MiniZincIDE-2.5.3-bundle-linux-x86_64/share/minizinc/std/alldifferent.mzn'
processing file '/mnt/HDD/elenzi/Dovier/MiniZincIDE-2.5.3-bundle-linux-x86_64/share/minizinc/std/fzn_subcircuit.mzn'
processing file '/mnt/HDD/elenzi/Dovier/MiniZincIDE-2.5.3-bundle-linux-x86_64/share/minizinc/std/strict_lex2.mzn'
processing file '/mnt/HDD/elenzi/Dovier/MiniZincIDE-2.5.3-bundle-linux-x86_64/share/minizinc/std/fzn_strict_lex2_reif.mzn'
processing file '/mnt/HDD/elenzi/Dovier/MiniZincIDE-2.5.3-bundle-linux-x86_64/share/minizinc/std/fzn_strict_lex2.mzn'
processing file '/mnt/HDD/elenzi/Dovier/MiniZincIDE-2.5.3-bundle-linux-x86_64/share/minizinc/std/strictly_increasing.mzn'
processing file '/mnt/HDD/elenzi/Dovier/MiniZincIDE-2.5.3-bundle-linux-x86_64/share/minizinc/std/fzn_strictly_increasing_bool_reif.mzn'
processing file '/mnt/HDD/elenzi/Dovier/MiniZincIDE-2.5.3-bundle-linux-x86_64/share/minizinc/std/fzn_strictly_increasing_bool.mzn'
processing file '/mnt/HDD/elenzi/Dovier/MiniZincIDE-2.5.3-bundle-linux-x86_64/share/minizinc/std/fzn_strictly_increasing_int_reif.mzn'
processing file '/mnt/HDD/elenzi/Dovier/MiniZincIDE-2.5.3-bundle-linux-x86_64/share/minizinc/std/fzn_strictly_increasing_int_opt.mzn'
processing file '/mnt/HDD/elenzi/Dovier/MiniZincIDE-2.5.3-bundle-linux-x86_64/share/minizinc/std/fzn_strictly_increasing_int.mzn'
processing file '/mnt/HDD/elenzi/Dovier/MiniZincIDE-2.5.3-bundle-linux-x86_64/share/minizinc/std/strictly_decreasing.mzn'
processing file '/mnt/HDD/elenzi/Dovier/MiniZincIDE-2.5.3-bundle-linux-x86_64/share/minizinc/std/fzn_strictly_decreasing_bool_reif.mzn'
processing file '/mnt/HDD/elenzi/Dovier/MiniZincIDE-2.5.3-bundle-linux-x86_64/share/minizinc/std/fzn_strictly_decreasing_bool.mzn'
processing file '/mnt/HDD/elenzi/Dovier/MiniZincIDE-2.5.3-bundle-linux-x86_64/share/minizinc/std/fzn_strictly_decreasing_int_reif.mzn'
processing file '/mnt/HDD/elenzi/Dovier/MiniZincIDE-2.5.3-bundle-linux-x86_64/share/minizinc/std/fzn_strictly_decreasing_int.mzn'
processing file '/mnt/HDD/elenzi/Dovier/MiniZincIDE-2.5.3-bundle-linux-x86_64/share/minizinc/std/steiner.mzn'
processing file '/mnt/HDD/elenzi/Dovier/MiniZincIDE-2.5.3-bundle-linux-x86_64/share/minizinc/std/fzn_dsteiner_reif.mzn'
processing file '/mnt/HDD/elenzi/Dovier/MiniZincIDE-2.5.3-bundle-linux-x86_64/share/minizinc/std/fzn_dsteiner.mzn'
processing file '/mnt/HDD/elenzi/Dovier/MiniZincIDE-2.5.3-bundle-linux-x86_64/share/minizinc/std/fzn_steiner_reif.mzn'
processing file '/mnt/HDD/elenzi/Dovier/MiniZincIDE-2.5.3-bundle-linux-x86_64/share/minizinc/std/fzn_steiner.mzn'
processing file '/mnt/HDD/elenzi/Dovier/MiniZincIDE-2.5.3-bundle-linux-x86_64/share/minizinc/std/span.mzn'
processing file '/mnt/HDD/elenzi/Dovier/MiniZincIDE-2.5.3-bundle-linux-x86_64/share/minizinc/std/fzn_span_reif.mzn'
processing file '/mnt/HDD/elenzi/Dovier/MiniZincIDE-2.5.3-bundle-linux-x86_64/share/minizinc/std/fzn_span.mzn'
processing file '/mnt/HDD/elenzi/Dovier/MiniZincIDE-2.5.3-bundle-linux-x86_64/share/minizinc/std/sort_fn.mzn'
processing file '/mnt/HDD/elenzi/Dovier/MiniZincIDE-2.5.3-bundle-linux-x86_64/share/minizinc/std/sort.mzn'
processing file '/mnt/HDD/elenzi/Dovier/MiniZincIDE-2.5.3-bundle-linux-x86_64/share/minizinc/std/fzn_sort_reif.mzn'
processing file '/mnt/HDD/elenzi/Dovier/MiniZincIDE-2.5.3-bundle-linux-x86_64/share/minizinc/gecode//fzn_sort.mzn'
processing file '/mnt/HDD/elenzi/Dovier/MiniZincIDE-2.5.3-bundle-linux-x86_64/share/minizinc/std/sliding_sum.mzn'
processing file '/mnt/HDD/elenzi/Dovier/MiniZincIDE-2.5.3-bundle-linux-x86_64/share/minizinc/std/fzn_sliding_sum_reif.mzn'
processing file '/mnt/HDD/elenzi/Dovier/MiniZincIDE-2.5.3-bundle-linux-x86_64/share/minizinc/std/fzn_sliding_sum.mzn'
processing file '/mnt/HDD/elenzi/Dovier/MiniZincIDE-2.5.3-bundle-linux-x86_64/share/minizinc/std/seq_precede_chain.mzn'
processing file '/mnt/HDD/elenzi/Dovier/MiniZincIDE-2.5.3-bundle-linux-x86_64/share/minizinc/std/fzn_seq_precede_chain_set_reif.mzn'
processing file '/mnt/HDD/elenzi/Dovier/MiniZincIDE-2.5.3-bundle-linux-x86_64/share/minizinc/std/fzn_seq_precede_chain_set.mzn'
processing file '/mnt/HDD/elenzi/Dovier/MiniZincIDE-2.5.3-bundle-linux-x86_64/share/minizinc/std/fzn_seq_precede_chain_int_reif.mzn'
processing file '/mnt/HDD/elenzi/Dovier/MiniZincIDE-2.5.3-bundle-linux-x86_64/share/minizinc/std/fzn_seq_precede_chain_int.mzn'
processing file '/mnt/HDD/elenzi/Dovier/MiniZincIDE-2.5.3-bundle-linux-x86_64/share/minizinc/std/roots_fn.mzn'
processing file '/mnt/HDD/elenzi/Dovier/MiniZincIDE-2.5.3-bundle-linux-x86_64/share/minizinc/std/roots.mzn'
processing file '/mnt/HDD/elenzi/Dovier/MiniZincIDE-2.5.3-bundle-linux-x86_64/share/minizinc/std/fzn_roots_reif.mzn'
processing file '/mnt/HDD/elenzi/Dovier/MiniZincIDE-2.5.3-bundle-linux-x86_64/share/minizinc/gecode//fzn_roots.mzn'
processing file '/mnt/HDD/elenzi/Dovier/MiniZincIDE-2.5.3-bundle-linux-x86_64/share/minizinc/std/regular_regexp.mzn'
processing file '/mnt/HDD/elenzi/Dovier/MiniZincIDE-2.5.3-bundle-linux-x86_64/share/minizinc/std/fzn_regular_regexp.mzn'
processing file '/mnt/HDD/elenzi/Dovier/MiniZincIDE-2.5.3-bundle-linux-x86_64/share/minizinc/std/regular_set.mzn'
processing file '/mnt/HDD/elenzi/Dovier/MiniZincIDE-2.5.3-bundle-linux-x86_64/share/minizinc/std/fzn_regular_set_reif.mzn'
processing file '/mnt/HDD/elenzi/Dovier/MiniZincIDE-2.5.3-bundle-linux-x86_64/share/minizinc/std/fzn_regular_set.mzn'
processing file '/mnt/HDD/elenzi/Dovier/MiniZincIDE-2.5.3-bundle-linux-x86_64/share/minizinc/std/regular_nfa.mzn'
processing file '/mnt/HDD/elenzi/Dovier/MiniZincIDE-2.5.3-bundle-linux-x86_64/share/minizinc/std/fzn_regular_nfa_set_reif.mzn'
processing file '/mnt/HDD/elenzi/Dovier/MiniZincIDE-2.5.3-bundle-linux-x86_64/share/minizinc/std/fzn_regular_nfa_set.mzn'
processing file '/mnt/HDD/elenzi/Dovier/MiniZincIDE-2.5.3-bundle-linux-x86_64/share/minizinc/std/fzn_regular_nfa_reif.mzn'
processing file '/mnt/HDD/elenzi/Dovier/MiniZincIDE-2.5.3-bundle-linux-x86_64/share/minizinc/std/fzn_regular_nfa.mzn'
processing file '/mnt/HDD/elenzi/Dovier/MiniZincIDE-2.5.3-bundle-linux-x86_64/share/minizinc/std/regular.mzn'
processing file '/mnt/HDD/elenzi/Dovier/MiniZincIDE-2.5.3-bundle-linux-x86_64/share/minizinc/std/fzn_regular_reif.mzn'
processing file '/mnt/HDD/elenzi/Dovier/MiniZincIDE-2.5.3-bundle-linux-x86_64/share/minizinc/gecode//fzn_regular.mzn'
processing file '/mnt/HDD/elenzi/Dovier/MiniZincIDE-2.5.3-bundle-linux-x86_64/share/minizinc/std/reachable.mzn'
processing file '/mnt/HDD/elenzi/Dovier/MiniZincIDE-2.5.3-bundle-linux-x86_64/share/minizinc/std/fzn_dreachable_enum_reif.mzn'
processing file '/mnt/HDD/elenzi/Dovier/MiniZincIDE-2.5.3-bundle-linux-x86_64/share/minizinc/std/fzn_dreachable_enum.mzn'
processing file '/mnt/HDD/elenzi/Dovier/MiniZincIDE-2.5.3-bundle-linux-x86_64/share/minizinc/std/fzn_dreachable_int_reif.mzn'
processing file '/mnt/HDD/elenzi/Dovier/MiniZincIDE-2.5.3-bundle-linux-x86_64/share/minizinc/std/fzn_dreachable_int.mzn'
processing file '/mnt/HDD/elenzi/Dovier/MiniZincIDE-2.5.3-bundle-linux-x86_64/share/minizinc/std/fzn_reachable_enum_reif.mzn'
processing file '/mnt/HDD/elenzi/Dovier/MiniZincIDE-2.5.3-bundle-linux-x86_64/share/minizinc/std/fzn_reachable_enum.mzn'
processing file '/mnt/HDD/elenzi/Dovier/MiniZincIDE-2.5.3-bundle-linux-x86_64/share/minizinc/std/fzn_reachable_int_reif.mzn'
processing file '/mnt/HDD/elenzi/Dovier/MiniZincIDE-2.5.3-bundle-linux-x86_64/share/minizinc/std/fzn_reachable_int.mzn'
processing file '/mnt/HDD/elenzi/Dovier/MiniZincIDE-2.5.3-bundle-linux-x86_64/share/minizinc/std/range_fn.mzn'
processing file '/mnt/HDD/elenzi/Dovier/MiniZincIDE-2.5.3-bundle-linux-x86_64/share/minizinc/std/range.mzn'
processing file '/mnt/HDD/elenzi/Dovier/MiniZincIDE-2.5.3-bundle-linux-x86_64/share/minizinc/std/fzn_range_reif.mzn'
processing file '/mnt/HDD/elenzi/Dovier/MiniZincIDE-2.5.3-bundle-linux-x86_64/share/minizinc/gecode//fzn_range.mzn'
processing file '/mnt/HDD/elenzi/Dovier/MiniZincIDE-2.5.3-bundle-linux-x86_64/share/minizinc/std/piecewise_linear.mzn'
processing file '/mnt/HDD/elenzi/Dovier/MiniZincIDE-2.5.3-bundle-linux-x86_64/share/minizinc/std/fzn_piecewise_linear_reif.mzn'
processing file '/mnt/HDD/elenzi/Dovier/MiniZincIDE-2.5.3-bundle-linux-x86_64/share/minizinc/std/fzn_piecewise_linear.mzn'
processing file '/mnt/HDD/elenzi/Dovier/MiniZincIDE-2.5.3-bundle-linux-x86_64/share/minizinc/std/partition_set.mzn'
processing file '/mnt/HDD/elenzi/Dovier/MiniZincIDE-2.5.3-bundle-linux-x86_64/share/minizinc/std/fzn_partition_set_reif.mzn'
processing file '/mnt/HDD/elenzi/Dovier/MiniZincIDE-2.5.3-bundle-linux-x86_64/share/minizinc/gecode//fzn_partition_set.mzn'
processing file '/mnt/HDD/elenzi/Dovier/MiniZincIDE-2.5.3-bundle-linux-x86_64/share/minizinc/std/nvalue_fn.mzn'
processing file '/mnt/HDD/elenzi/Dovier/MiniZincIDE-2.5.3-bundle-linux-x86_64/share/minizinc/std/nvalue.mzn'
processing file '/mnt/HDD/elenzi/Dovier/MiniZincIDE-2.5.3-bundle-linux-x86_64/share/minizinc/std/fzn_nvalue_reif.mzn'
processing file '/mnt/HDD/elenzi/Dovier/MiniZincIDE-2.5.3-bundle-linux-x86_64/share/minizinc/gecode//fzn_nvalue.mzn'
processing file '/mnt/HDD/elenzi/Dovier/MiniZincIDE-2.5.3-bundle-linux-x86_64/share/minizinc/std/neural_net.mzn'
processing file '/mnt/HDD/elenzi/Dovier/MiniZincIDE-2.5.3-bundle-linux-x86_64/share/minizinc/std/fzn_neural_net_reif.mzn'
processing file '/mnt/HDD/elenzi/Dovier/MiniZincIDE-2.5.3-bundle-linux-x86_64/share/minizinc/std/fzn_neural_net.mzn'
processing file '/mnt/HDD/elenzi/Dovier/MiniZincIDE-2.5.3-bundle-linux-x86_64/share/minizinc/std/network_flow.mzn'
processing file '/mnt/HDD/elenzi/Dovier/MiniZincIDE-2.5.3-bundle-linux-x86_64/share/minizinc/std/fzn_network_flow_cost_reif.mzn'
processing file '/mnt/HDD/elenzi/Dovier/MiniZincIDE-2.5.3-bundle-linux-x86_64/share/minizinc/std/fzn_network_flow_cost.mzn'
processing file '/mnt/HDD/elenzi/Dovier/MiniZincIDE-2.5.3-bundle-linux-x86_64/share/minizinc/std/fzn_network_flow_reif.mzn'
processing file '/mnt/HDD/elenzi/Dovier/MiniZincIDE-2.5.3-bundle-linux-x86_64/share/minizinc/std/fzn_network_flow.mzn'
processing file '/mnt/HDD/elenzi/Dovier/MiniZincIDE-2.5.3-bundle-linux-x86_64/share/minizinc/std/minimum.mzn'
processing file '/mnt/HDD/elenzi/Dovier/MiniZincIDE-2.5.3-bundle-linux-x86_64/share/minizinc/std/member.mzn'
processing file '/mnt/HDD/elenzi/Dovier/MiniZincIDE-2.5.3-bundle-linux-x86_64/share/minizinc/std/set_member.mzn'
processing file '/mnt/HDD/elenzi/Dovier/MiniZincIDE-2.5.3-bundle-linux-x86_64/share/minizinc/std/fzn_set_member_reif.mzn'
processing file '/mnt/HDD/elenzi/Dovier/MiniZincIDE-2.5.3-bundle-linux-x86_64/share/minizinc/std/fzn_set_member.mzn'
processing file '/mnt/HDD/elenzi/Dovier/MiniZincIDE-2.5.3-bundle-linux-x86_64/share/minizinc/std/member_set.mzn'
processing file '/mnt/HDD/elenzi/Dovier/MiniZincIDE-2.5.3-bundle-linux-x86_64/share/minizinc/std/fzn_member_set_reif.mzn'
processing file '/mnt/HDD/elenzi/Dovier/MiniZincIDE-2.5.3-bundle-linux-x86_64/share/minizinc/std/fzn_member_set.mzn'
processing file '/mnt/HDD/elenzi/Dovier/MiniZincIDE-2.5.3-bundle-linux-x86_64/share/minizinc/std/member_int.mzn'
processing file '/mnt/HDD/elenzi/Dovier/MiniZincIDE-2.5.3-bundle-linux-x86_64/share/minizinc/gecode//fzn_member_int_reif.mzn'
processing file '/mnt/HDD/elenzi/Dovier/MiniZincIDE-2.5.3-bundle-linux-x86_64/share/minizinc/gecode//fzn_member_int.mzn'
processing file '/mnt/HDD/elenzi/Dovier/MiniZincIDE-2.5.3-bundle-linux-x86_64/share/minizinc/std/member_float.mzn'
processing file '/mnt/HDD/elenzi/Dovier/MiniZincIDE-2.5.3-bundle-linux-x86_64/share/minizinc/std/fzn_member_float_reif.mzn'
processing file '/mnt/HDD/elenzi/Dovier/MiniZincIDE-2.5.3-bundle-linux-x86_64/share/minizinc/std/fzn_member_float.mzn'
processing file '/mnt/HDD/elenzi/Dovier/MiniZincIDE-2.5.3-bundle-linux-x86_64/share/minizinc/std/member_bool.mzn'
processing file '/mnt/HDD/elenzi/Dovier/MiniZincIDE-2.5.3-bundle-linux-x86_64/share/minizinc/gecode//fzn_member_bool_reif.mzn'
processing file '/mnt/HDD/elenzi/Dovier/MiniZincIDE-2.5.3-bundle-linux-x86_64/share/minizinc/gecode//fzn_member_bool.mzn'
processing file '/mnt/HDD/elenzi/Dovier/MiniZincIDE-2.5.3-bundle-linux-x86_64/share/minizinc/std/mdd_nondet.mzn'
processing file '/mnt/HDD/elenzi/Dovier/MiniZincIDE-2.5.3-bundle-linux-x86_64/share/minizinc/std/fzn_mdd_nondet_reif.mzn'
processing file '/mnt/HDD/elenzi/Dovier/MiniZincIDE-2.5.3-bundle-linux-x86_64/share/minizinc/std/fzn_mdd_nondet.mzn'
processing file '/mnt/HDD/elenzi/Dovier/MiniZincIDE-2.5.3-bundle-linux-x86_64/share/minizinc/std/mdd.mzn'
processing file '/mnt/HDD/elenzi/Dovier/MiniZincIDE-2.5.3-bundle-linux-x86_64/share/minizinc/std/fzn_mdd_reif.mzn'
processing file '/mnt/HDD/elenzi/Dovier/MiniZincIDE-2.5.3-bundle-linux-x86_64/share/minizinc/std/fzn_mdd.mzn'
processing file '/mnt/HDD/elenzi/Dovier/MiniZincIDE-2.5.3-bundle-linux-x86_64/share/minizinc/std/maximum.mzn'
processing file '/mnt/HDD/elenzi/Dovier/MiniZincIDE-2.5.3-bundle-linux-x86_64/share/minizinc/std/link_set_to_booleans.mzn'
processing file '/mnt/HDD/elenzi/Dovier/MiniZincIDE-2.5.3-bundle-linux-x86_64/share/minizinc/std/fzn_link_set_to_booleans_reif.mzn'
processing file '/mnt/HDD/elenzi/Dovier/MiniZincIDE-2.5.3-bundle-linux-x86_64/share/minizinc/gecode//fzn_link_set_to_booleans.mzn'
processing file '/mnt/HDD/elenzi/Dovier/MiniZincIDE-2.5.3-bundle-linux-x86_64/share/minizinc/std/lex2.mzn'
processing file '/mnt/HDD/elenzi/Dovier/MiniZincIDE-2.5.3-bundle-linux-x86_64/share/minizinc/std/fzn_lex2_reif.mzn'
processing file '/mnt/HDD/elenzi/Dovier/MiniZincIDE-2.5.3-bundle-linux-x86_64/share/minizinc/std/fzn_lex2.mzn'
processing file '/mnt/HDD/elenzi/Dovier/MiniZincIDE-2.5.3-bundle-linux-x86_64/share/minizinc/std/lex_less.mzn'
processing file '/mnt/HDD/elenzi/Dovier/MiniZincIDE-2.5.3-bundle-linux-x86_64/share/minizinc/std/lex_less_set.mzn'
processing file '/mnt/HDD/elenzi/Dovier/MiniZincIDE-2.5.3-bundle-linux-x86_64/share/minizinc/std/fzn_lex_less_set_reif.mzn'
processing file '/mnt/HDD/elenzi/Dovier/MiniZincIDE-2.5.3-bundle-linux-x86_64/share/minizinc/std/fzn_lex_less_set.mzn'
processing file '/mnt/HDD/elenzi/Dovier/MiniZincIDE-2.5.3-bundle-linux-x86_64/share/minizinc/std/lex_less_int.mzn'
processing file '/mnt/HDD/elenzi/Dovier/MiniZincIDE-2.5.3-bundle-linux-x86_64/share/minizinc/std/fzn_lex_less_int_reif.mzn'
processing file '/mnt/HDD/elenzi/Dovier/MiniZincIDE-2.5.3-bundle-linux-x86_64/share/minizinc/gecode//fzn_lex_less_int.mzn'
processing file '/mnt/HDD/elenzi/Dovier/MiniZincIDE-2.5.3-bundle-linux-x86_64/share/minizinc/std/lex_less_float.mzn'
processing file '/mnt/HDD/elenzi/Dovier/MiniZincIDE-2.5.3-bundle-linux-x86_64/share/minizinc/std/fzn_lex_less_float_reif.mzn'
processing file '/mnt/HDD/elenzi/Dovier/MiniZincIDE-2.5.3-bundle-linux-x86_64/share/minizinc/std/fzn_lex_less_float.mzn'
processing file '/mnt/HDD/elenzi/Dovier/MiniZincIDE-2.5.3-bundle-linux-x86_64/share/minizinc/std/lex_less_bool.mzn'
processing file '/mnt/HDD/elenzi/Dovier/MiniZincIDE-2.5.3-bundle-linux-x86_64/share/minizinc/std/fzn_lex_less_bool_reif.mzn'
processing file '/mnt/HDD/elenzi/Dovier/MiniZincIDE-2.5.3-bundle-linux-x86_64/share/minizinc/gecode//fzn_lex_less_bool.mzn'
processing file '/mnt/HDD/elenzi/Dovier/MiniZincIDE-2.5.3-bundle-linux-x86_64/share/minizinc/std/lex_lesseq.mzn'
processing file '/mnt/HDD/elenzi/Dovier/MiniZincIDE-2.5.3-bundle-linux-x86_64/share/minizinc/std/lex_lesseq_set.mzn'
processing file '/mnt/HDD/elenzi/Dovier/MiniZincIDE-2.5.3-bundle-linux-x86_64/share/minizinc/std/fzn_lex_lesseq_set_reif.mzn'
processing file '/mnt/HDD/elenzi/Dovier/MiniZincIDE-2.5.3-bundle-linux-x86_64/share/minizinc/std/fzn_lex_lesseq_set.mzn'
processing file '/mnt/HDD/elenzi/Dovier/MiniZincIDE-2.5.3-bundle-linux-x86_64/share/minizinc/std/lex_lesseq_int.mzn'
processing file '/mnt/HDD/elenzi/Dovier/MiniZincIDE-2.5.3-bundle-linux-x86_64/share/minizinc/std/fzn_lex_lesseq_int_reif.mzn'
processing file '/mnt/HDD/elenzi/Dovier/MiniZincIDE-2.5.3-bundle-linux-x86_64/share/minizinc/gecode//fzn_lex_lesseq_int.mzn'
processing file '/mnt/HDD/elenzi/Dovier/MiniZincIDE-2.5.3-bundle-linux-x86_64/share/minizinc/std/lex_lesseq_float.mzn'
processing file '/mnt/HDD/elenzi/Dovier/MiniZincIDE-2.5.3-bundle-linux-x86_64/share/minizinc/std/fzn_lex_lesseq_float_reif.mzn'
processing file '/mnt/HDD/elenzi/Dovier/MiniZincIDE-2.5.3-bundle-linux-x86_64/share/minizinc/std/fzn_lex_lesseq_float.mzn'
processing file '/mnt/HDD/elenzi/Dovier/MiniZincIDE-2.5.3-bundle-linux-x86_64/share/minizinc/std/lex_lesseq_bool.mzn'
processing file '/mnt/HDD/elenzi/Dovier/MiniZincIDE-2.5.3-bundle-linux-x86_64/share/minizinc/std/fzn_lex_lesseq_bool_reif.mzn'
processing file '/mnt/HDD/elenzi/Dovier/MiniZincIDE-2.5.3-bundle-linux-x86_64/share/minizinc/gecode//fzn_lex_lesseq_bool.mzn'
processing file '/mnt/HDD/elenzi/Dovier/MiniZincIDE-2.5.3-bundle-linux-x86_64/share/minizinc/std/lex_greatereq.mzn'
processing file '/mnt/HDD/elenzi/Dovier/MiniZincIDE-2.5.3-bundle-linux-x86_64/share/minizinc/std/lex_greater.mzn'
processing file '/mnt/HDD/elenzi/Dovier/MiniZincIDE-2.5.3-bundle-linux-x86_64/share/minizinc/std/knapsack.mzn'
processing file '/mnt/HDD/elenzi/Dovier/MiniZincIDE-2.5.3-bundle-linux-x86_64/share/minizinc/std/fzn_knapsack_reif.mzn'
processing file '/mnt/HDD/elenzi/Dovier/MiniZincIDE-2.5.3-bundle-linux-x86_64/share/minizinc/std/fzn_knapsack.mzn'
processing file '/mnt/HDD/elenzi/Dovier/MiniZincIDE-2.5.3-bundle-linux-x86_64/share/minizinc/std/inverse_set.mzn'
processing file '/mnt/HDD/elenzi/Dovier/MiniZincIDE-2.5.3-bundle-linux-x86_64/share/minizinc/std/fzn_inverse_set_reif.mzn'
processing file '/mnt/HDD/elenzi/Dovier/MiniZincIDE-2.5.3-bundle-linux-x86_64/share/minizinc/gecode//fzn_inverse_set.mzn'
processing file '/mnt/HDD/elenzi/Dovier/MiniZincIDE-2.5.3-bundle-linux-x86_64/share/minizinc/std/inverse_in_range.mzn'
processing file '/mnt/HDD/elenzi/Dovier/MiniZincIDE-2.5.3-bundle-linux-x86_64/share/minizinc/std/fzn_inverse_in_range_reif.mzn'
processing file '/mnt/HDD/elenzi/Dovier/MiniZincIDE-2.5.3-bundle-linux-x86_64/share/minizinc/std/fzn_inverse_in_range.mzn'
processing file '/mnt/HDD/elenzi/Dovier/MiniZincIDE-2.5.3-bundle-linux-x86_64/share/minizinc/std/inverse_fn.mzn'
processing file '/mnt/HDD/elenzi/Dovier/MiniZincIDE-2.5.3-bundle-linux-x86_64/share/minizinc/std/inverse.mzn'
processing file '/mnt/HDD/elenzi/Dovier/MiniZincIDE-2.5.3-bundle-linux-x86_64/share/minizinc/std/fzn_inverse_reif.mzn'
processing file '/mnt/HDD/elenzi/Dovier/MiniZincIDE-2.5.3-bundle-linux-x86_64/share/minizinc/gecode//fzn_inverse.mzn'
processing file '/mnt/HDD/elenzi/Dovier/MiniZincIDE-2.5.3-bundle-linux-x86_64/share/minizinc/std/int_set_channel.mzn'
processing file '/mnt/HDD/elenzi/Dovier/MiniZincIDE-2.5.3-bundle-linux-x86_64/share/minizinc/std/fzn_int_set_channel_reif.mzn'
processing file '/mnt/HDD/elenzi/Dovier/MiniZincIDE-2.5.3-bundle-linux-x86_64/share/minizinc/gecode//fzn_int_set_channel.mzn'
processing file '/mnt/HDD/elenzi/Dovier/MiniZincIDE-2.5.3-bundle-linux-x86_64/share/minizinc/std/increasing.mzn'
processing file '/mnt/HDD/elenzi/Dovier/MiniZincIDE-2.5.3-bundle-linux-x86_64/share/minizinc/std/increasing_set.mzn'
processing file '/mnt/HDD/elenzi/Dovier/MiniZincIDE-2.5.3-bundle-linux-x86_64/share/minizinc/std/fzn_increasing_set_reif.mzn'
processing file '/mnt/HDD/elenzi/Dovier/MiniZincIDE-2.5.3-bundle-linux-x86_64/share/minizinc/std/fzn_increasing_set.mzn'
processing file '/mnt/HDD/elenzi/Dovier/MiniZincIDE-2.5.3-bundle-linux-x86_64/share/minizinc/std/increasing_int.mzn'
processing file '/mnt/HDD/elenzi/Dovier/MiniZincIDE-2.5.3-bundle-linux-x86_64/share/minizinc/std/fzn_increasing_int_reif.mzn'
processing file '/mnt/HDD/elenzi/Dovier/MiniZincIDE-2.5.3-bundle-linux-x86_64/share/minizinc/gecode//fzn_increasing_int.mzn'
processing file '/mnt/HDD/elenzi/Dovier/MiniZincIDE-2.5.3-bundle-linux-x86_64/share/minizinc/std/increasing_float.mzn'
processing file '/mnt/HDD/elenzi/Dovier/MiniZincIDE-2.5.3-bundle-linux-x86_64/share/minizinc/std/fzn_increasing_float_reif.mzn'
processing file '/mnt/HDD/elenzi/Dovier/MiniZincIDE-2.5.3-bundle-linux-x86_64/share/minizinc/std/fzn_increasing_float.mzn'
processing file '/mnt/HDD/elenzi/Dovier/MiniZincIDE-2.5.3-bundle-linux-x86_64/share/minizinc/std/increasing_bool.mzn'
processing file '/mnt/HDD/elenzi/Dovier/MiniZincIDE-2.5.3-bundle-linux-x86_64/share/minizinc/std/fzn_increasing_bool_reif.mzn'
processing file '/mnt/HDD/elenzi/Dovier/MiniZincIDE-2.5.3-bundle-linux-x86_64/share/minizinc/gecode//fzn_increasing_bool.mzn'
processing file '/mnt/HDD/elenzi/Dovier/MiniZincIDE-2.5.3-bundle-linux-x86_64/share/minizinc/std/global_cardinality_low_up_closed.mzn'
processing file '/mnt/HDD/elenzi/Dovier/MiniZincIDE-2.5.3-bundle-linux-x86_64/share/minizinc/std/fzn_global_cardinality_low_up_closed_reif.mzn'
processing file '/mnt/HDD/elenzi/Dovier/MiniZincIDE-2.5.3-bundle-linux-x86_64/share/minizinc/gecode//fzn_global_cardinality_low_up_closed.mzn'
processing file '/mnt/HDD/elenzi/Dovier/MiniZincIDE-2.5.3-bundle-linux-x86_64/share/minizinc/std/global_cardinality_low_up.mzn'
processing file '/mnt/HDD/elenzi/Dovier/MiniZincIDE-2.5.3-bundle-linux-x86_64/share/minizinc/std/fzn_global_cardinality_low_up_reif.mzn'
processing file '/mnt/HDD/elenzi/Dovier/MiniZincIDE-2.5.3-bundle-linux-x86_64/share/minizinc/gecode//fzn_global_cardinality_low_up.mzn'
processing file '/mnt/HDD/elenzi/Dovier/MiniZincIDE-2.5.3-bundle-linux-x86_64/share/minizinc/std/global_cardinality_closed_fn.mzn'
processing file '/mnt/HDD/elenzi/Dovier/MiniZincIDE-2.5.3-bundle-linux-x86_64/share/minizinc/std/global_cardinality_closed.mzn'
processing file '/mnt/HDD/elenzi/Dovier/MiniZincIDE-2.5.3-bundle-linux-x86_64/share/minizinc/std/fzn_global_cardinality_closed_reif.mzn'
processing file '/mnt/HDD/elenzi/Dovier/MiniZincIDE-2.5.3-bundle-linux-x86_64/share/minizinc/gecode//fzn_global_cardinality_closed.mzn'
processing file '/mnt/HDD/elenzi/Dovier/MiniZincIDE-2.5.3-bundle-linux-x86_64/share/minizinc/std/global_cardinality_fn.mzn'
processing file '/mnt/HDD/elenzi/Dovier/MiniZincIDE-2.5.3-bundle-linux-x86_64/share/minizinc/std/global_cardinality.mzn'
processing file '/mnt/HDD/elenzi/Dovier/MiniZincIDE-2.5.3-bundle-linux-x86_64/share/minizinc/std/fzn_global_cardinality_reif.mzn'
processing file '/mnt/HDD/elenzi/Dovier/MiniZincIDE-2.5.3-bundle-linux-x86_64/share/minizinc/gecode//fzn_global_cardinality.mzn'
processing file '/mnt/HDD/elenzi/Dovier/MiniZincIDE-2.5.3-bundle-linux-x86_64/share/minizinc/std/geost.mzn'
processing file '/mnt/HDD/elenzi/Dovier/MiniZincIDE-2.5.3-bundle-linux-x86_64/share/minizinc/std/fzn_geost_nonoverlap_k_reif.mzn'
processing file '/mnt/HDD/elenzi/Dovier/MiniZincIDE-2.5.3-bundle-linux-x86_64/share/minizinc/std/fzn_geost_nonoverlap_k.mzn'
processing file '/mnt/HDD/elenzi/Dovier/MiniZincIDE-2.5.3-bundle-linux-x86_64/share/minizinc/std/fzn_geost_smallest_bb_reif.mzn'
processing file '/mnt/HDD/elenzi/Dovier/MiniZincIDE-2.5.3-bundle-linux-x86_64/share/minizinc/std/fzn_geost_smallest_bb.mzn'
processing file '/mnt/HDD/elenzi/Dovier/MiniZincIDE-2.5.3-bundle-linux-x86_64/share/minizinc/std/fzn_geost_bb_reif.mzn'
processing file '/mnt/HDD/elenzi/Dovier/MiniZincIDE-2.5.3-bundle-linux-x86_64/share/minizinc/std/fzn_geost_bb.mzn'
processing file '/mnt/HDD/elenzi/Dovier/MiniZincIDE-2.5.3-bundle-linux-x86_64/share/minizinc/std/fzn_geost_reif.mzn'
processing file '/mnt/HDD/elenzi/Dovier/MiniZincIDE-2.5.3-bundle-linux-x86_64/share/minizinc/std/fzn_geost.mzn'
processing file '/mnt/HDD/elenzi/Dovier/MiniZincIDE-2.5.3-bundle-linux-x86_64/share/minizinc/std/exactly.mzn'
processing file '/mnt/HDD/elenzi/Dovier/MiniZincIDE-2.5.3-bundle-linux-x86_64/share/minizinc/std/exactly_set.mzn'
processing file '/mnt/HDD/elenzi/Dovier/MiniZincIDE-2.5.3-bundle-linux-x86_64/share/minizinc/std/fzn_exactly_set_reif.mzn'
processing file '/mnt/HDD/elenzi/Dovier/MiniZincIDE-2.5.3-bundle-linux-x86_64/share/minizinc/gecode//fzn_exactly_set.mzn'
processing file '/mnt/HDD/elenzi/Dovier/MiniZincIDE-2.5.3-bundle-linux-x86_64/share/minizinc/std/exactly_int.mzn'
processing file '/mnt/HDD/elenzi/Dovier/MiniZincIDE-2.5.3-bundle-linux-x86_64/share/minizinc/std/fzn_exactly_int_reif.mzn'
processing file '/mnt/HDD/elenzi/Dovier/MiniZincIDE-2.5.3-bundle-linux-x86_64/share/minizinc/std/fzn_exactly_int.mzn'
processing file '/mnt/HDD/elenzi/Dovier/MiniZincIDE-2.5.3-bundle-linux-x86_64/share/minizinc/std/exactly.mzn.deprecated.mzn'
processing file '/mnt/HDD/elenzi/Dovier/MiniZincIDE-2.5.3-bundle-linux-x86_64/share/minizinc/std/exactly.mzn.deprecated.mzn'
processing file '/mnt/HDD/elenzi/Dovier/MiniZincIDE-2.5.3-bundle-linux-x86_64/share/minizinc/std/exactly.mzn.deprecated.mzn'
processing file '/mnt/HDD/elenzi/Dovier/MiniZincIDE-2.5.3-bundle-linux-x86_64/share/minizinc/std//exactly.mzn.deprecated.mzn'
processing file '/mnt/HDD/elenzi/Dovier/MiniZincIDE-2.5.3-bundle-linux-x86_64/share/minizinc/std/exactly.mzn.deprecated.mzn'
processing file '/mnt/HDD/elenzi/Dovier/MiniZincIDE-2.5.3-bundle-linux-x86_64/share/minizinc/std/exactly.mzn.deprecated.mzn'
processing file '/mnt/HDD/elenzi/Dovier/MiniZincIDE-2.5.3-bundle-linux-x86_64/share/minizinc/std/element.mzn'
processing file '/mnt/HDD/elenzi/Dovier/MiniZincIDE-2.5.3-bundle-linux-x86_64/share/minizinc/std/element_set.mzn'
processing file '/mnt/HDD/elenzi/Dovier/MiniZincIDE-2.5.3-bundle-linux-x86_64/share/minizinc/std/element_int.mzn'
processing file '/mnt/HDD/elenzi/Dovier/MiniZincIDE-2.5.3-bundle-linux-x86_64/share/minizinc/std/element_float.mzn'
processing file '/mnt/HDD/elenzi/Dovier/MiniZincIDE-2.5.3-bundle-linux-x86_64/share/minizinc/std/element_bool.mzn'
processing file '/mnt/HDD/elenzi/Dovier/MiniZincIDE-2.5.3-bundle-linux-x86_64/share/minizinc/std/distribute_fn.mzn'
processing file '/mnt/HDD/elenzi/Dovier/MiniZincIDE-2.5.3-bundle-linux-x86_64/share/minizinc/std/distribute.mzn'
processing file '/mnt/HDD/elenzi/Dovier/MiniZincIDE-2.5.3-bundle-linux-x86_64/share/minizinc/std/fzn_distribute_reif.mzn'
processing file '/mnt/HDD/elenzi/Dovier/MiniZincIDE-2.5.3-bundle-linux-x86_64/share/minizinc/std/fzn_distribute.mzn'
processing file '/mnt/HDD/elenzi/Dovier/MiniZincIDE-2.5.3-bundle-linux-x86_64/share/minizinc/std/disjunctive_strict_opt.mzn'
processing file '/mnt/HDD/elenzi/Dovier/MiniZincIDE-2.5.3-bundle-linux-x86_64/share/minizinc/std/fzn_disjunctive_strict_opt_reif.mzn'
processing file '/mnt/HDD/elenzi/Dovier/MiniZincIDE-2.5.3-bundle-linux-x86_64/share/minizinc/std/fzn_disjunctive_strict_opt.mzn'
processing file '/mnt/HDD/elenzi/Dovier/MiniZincIDE-2.5.3-bundle-linux-x86_64/share/minizinc/std/disjunctive_opt.mzn'
processing file '/mnt/HDD/elenzi/Dovier/MiniZincIDE-2.5.3-bundle-linux-x86_64/share/minizinc/std/fzn_disjunctive_opt_reif.mzn'
processing file '/mnt/HDD/elenzi/Dovier/MiniZincIDE-2.5.3-bundle-linux-x86_64/share/minizinc/std/fzn_disjunctive_opt.mzn'
processing file '/mnt/HDD/elenzi/Dovier/MiniZincIDE-2.5.3-bundle-linux-x86_64/share/minizinc/std/disjunctive_strict.mzn'
processing file '/mnt/HDD/elenzi/Dovier/MiniZincIDE-2.5.3-bundle-linux-x86_64/share/minizinc/std/fzn_disjunctive_strict_reif.mzn'
processing file '/mnt/HDD/elenzi/Dovier/MiniZincIDE-2.5.3-bundle-linux-x86_64/share/minizinc/gecode//fzn_disjunctive_strict.mzn'
processing file '/mnt/HDD/elenzi/Dovier/MiniZincIDE-2.5.3-bundle-linux-x86_64/share/minizinc/gecode//fzn_cumulative.mzn'
processing file '/mnt/HDD/elenzi/Dovier/MiniZincIDE-2.5.3-bundle-linux-x86_64/share/minizinc/std/disjunctive.mzn'
processing file '/mnt/HDD/elenzi/Dovier/MiniZincIDE-2.5.3-bundle-linux-x86_64/share/minizinc/std/fzn_disjunctive_reif.mzn'
processing file '/mnt/HDD/elenzi/Dovier/MiniZincIDE-2.5.3-bundle-linux-x86_64/share/minizinc/std/fzn_disjunctive.mzn'
processing file '/mnt/HDD/elenzi/Dovier/MiniZincIDE-2.5.3-bundle-linux-x86_64/share/minizinc/std/disjoint.mzn'
processing file '/mnt/HDD/elenzi/Dovier/MiniZincIDE-2.5.3-bundle-linux-x86_64/share/minizinc/std/fzn_disjoint_reif.mzn'
processing file '/mnt/HDD/elenzi/Dovier/MiniZincIDE-2.5.3-bundle-linux-x86_64/share/minizinc/gecode//fzn_disjoint.mzn'
processing file '/mnt/HDD/elenzi/Dovier/MiniZincIDE-2.5.3-bundle-linux-x86_64/share/minizinc/std/diffn_nonstrict_k.mzn'
processing file '/mnt/HDD/elenzi/Dovier/MiniZincIDE-2.5.3-bundle-linux-x86_64/share/minizinc/std/fzn_diffn_nonstrict_k_reif.mzn'
processing file '/mnt/HDD/elenzi/Dovier/MiniZincIDE-2.5.3-bundle-linux-x86_64/share/minizinc/std/fzn_diffn_nonstrict_k.mzn'
processing file '/mnt/HDD/elenzi/Dovier/MiniZincIDE-2.5.3-bundle-linux-x86_64/share/minizinc/std/diffn_k.mzn'
processing file '/mnt/HDD/elenzi/Dovier/MiniZincIDE-2.5.3-bundle-linux-x86_64/share/minizinc/std/fzn_diffn_k_reif.mzn'
processing file '/mnt/HDD/elenzi/Dovier/MiniZincIDE-2.5.3-bundle-linux-x86_64/share/minizinc/std/fzn_diffn_k.mzn'
processing file '/mnt/HDD/elenzi/Dovier/MiniZincIDE-2.5.3-bundle-linux-x86_64/share/minizinc/std/diffn_nonstrict.mzn'
processing file '/mnt/HDD/elenzi/Dovier/MiniZincIDE-2.5.3-bundle-linux-x86_64/share/minizinc/std/fzn_diffn_nonstrict_reif.mzn'
processing file '/mnt/HDD/elenzi/Dovier/MiniZincIDE-2.5.3-bundle-linux-x86_64/share/minizinc/std/fzn_diffn_nonstrict.mzn'
processing file '/mnt/HDD/elenzi/Dovier/MiniZincIDE-2.5.3-bundle-linux-x86_64/share/minizinc/std/diffn.mzn'
processing file '/mnt/HDD/elenzi/Dovier/MiniZincIDE-2.5.3-bundle-linux-x86_64/share/minizinc/std/fzn_diffn_reif.mzn'
processing file '/mnt/HDD/elenzi/Dovier/MiniZincIDE-2.5.3-bundle-linux-x86_64/share/minizinc/gecode//fzn_diffn.mzn'
processing file '/mnt/HDD/elenzi/Dovier/MiniZincIDE-2.5.3-bundle-linux-x86_64/share/minizinc/std/decreasing.mzn'
processing file '/mnt/HDD/elenzi/Dovier/MiniZincIDE-2.5.3-bundle-linux-x86_64/share/minizinc/std/decreasing_set.mzn'
processing file '/mnt/HDD/elenzi/Dovier/MiniZincIDE-2.5.3-bundle-linux-x86_64/share/minizinc/std/fzn_decreasing_set.mzn'
processing file '/mnt/HDD/elenzi/Dovier/MiniZincIDE-2.5.3-bundle-linux-x86_64/share/minizinc/std/decreasing_int.mzn'
processing file '/mnt/HDD/elenzi/Dovier/MiniZincIDE-2.5.3-bundle-linux-x86_64/share/minizinc/gecode//fzn_decreasing_int.mzn'
processing file '/mnt/HDD/elenzi/Dovier/MiniZincIDE-2.5.3-bundle-linux-x86_64/share/minizinc/std/decreasing_float.mzn'
processing file '/mnt/HDD/elenzi/Dovier/MiniZincIDE-2.5.3-bundle-linux-x86_64/share/minizinc/std/fzn_decreasing_float.mzn'
processing file '/mnt/HDD/elenzi/Dovier/MiniZincIDE-2.5.3-bundle-linux-x86_64/share/minizinc/std/decreasing_bool.mzn'
processing file '/mnt/HDD/elenzi/Dovier/MiniZincIDE-2.5.3-bundle-linux-x86_64/share/minizinc/std/fzn_decreasing_bool_reif.mzn'
processing file '/mnt/HDD/elenzi/Dovier/MiniZincIDE-2.5.3-bundle-linux-x86_64/share/minizinc/gecode//fzn_decreasing_bool.mzn'
processing file '/mnt/HDD/elenzi/Dovier/MiniZincIDE-2.5.3-bundle-linux-x86_64/share/minizinc/std/dag.mzn'
processing file '/mnt/HDD/elenzi/Dovier/MiniZincIDE-2.5.3-bundle-linux-x86_64/share/minizinc/std/fzn_dag_reif.mzn'
processing file '/mnt/HDD/elenzi/Dovier/MiniZincIDE-2.5.3-bundle-linux-x86_64/share/minizinc/std/fzn_dag.mzn'
processing file '/mnt/HDD/elenzi/Dovier/MiniZincIDE-2.5.3-bundle-linux-x86_64/share/minizinc/std/cumulative_opt.mzn'
processing file '/mnt/HDD/elenzi/Dovier/MiniZincIDE-2.5.3-bundle-linux-x86_64/share/minizinc/std/fzn_cumulative_opt_reif.mzn'
processing file '/mnt/HDD/elenzi/Dovier/MiniZincIDE-2.5.3-bundle-linux-x86_64/share/minizinc/std/fzn_cumulative_opt.mzn'
processing file '/mnt/HDD/elenzi/Dovier/MiniZincIDE-2.5.3-bundle-linux-x86_64/share/minizinc/std/cumulative.mzn'
processing file '/mnt/HDD/elenzi/Dovier/MiniZincIDE-2.5.3-bundle-linux-x86_64/share/minizinc/std/fzn_cumulative_reif.mzn'
processing file '/mnt/HDD/elenzi/Dovier/MiniZincIDE-2.5.3-bundle-linux-x86_64/share/minizinc/std/cost_regular.mzn'
processing file '/mnt/HDD/elenzi/Dovier/MiniZincIDE-2.5.3-bundle-linux-x86_64/share/minizinc/std/fzn_cost_regular_reif.mzn'
processing file '/mnt/HDD/elenzi/Dovier/MiniZincIDE-2.5.3-bundle-linux-x86_64/share/minizinc/std/fzn_cost_regular.mzn'
processing file '/mnt/HDD/elenzi/Dovier/MiniZincIDE-2.5.3-bundle-linux-x86_64/share/minizinc/std/cost_mdd.mzn'
processing file '/mnt/HDD/elenzi/Dovier/MiniZincIDE-2.5.3-bundle-linux-x86_64/share/minizinc/std/fzn_cost_mdd_reif.mzn'
processing file '/mnt/HDD/elenzi/Dovier/MiniZincIDE-2.5.3-bundle-linux-x86_64/share/minizinc/std/fzn_cost_mdd.mzn'
processing file '/mnt/HDD/elenzi/Dovier/MiniZincIDE-2.5.3-bundle-linux-x86_64/share/minizinc/std/connected.mzn'
processing file '/mnt/HDD/elenzi/Dovier/MiniZincIDE-2.5.3-bundle-linux-x86_64/share/minizinc/std/fzn_dconnected_reif.mzn'
processing file '/mnt/HDD/elenzi/Dovier/MiniZincIDE-2.5.3-bundle-linux-x86_64/share/minizinc/std/fzn_dconnected.mzn'
processing file '/mnt/HDD/elenzi/Dovier/MiniZincIDE-2.5.3-bundle-linux-x86_64/share/minizinc/std/fzn_connected_reif.mzn'
processing file '/mnt/HDD/elenzi/Dovier/MiniZincIDE-2.5.3-bundle-linux-x86_64/share/minizinc/std/fzn_connected.mzn'
processing file '/mnt/HDD/elenzi/Dovier/MiniZincIDE-2.5.3-bundle-linux-x86_64/share/minizinc/std/circuit.mzn'
processing file '/mnt/HDD/elenzi/Dovier/MiniZincIDE-2.5.3-bundle-linux-x86_64/share/minizinc/std/fzn_circuit_reif.mzn'
processing file '/mnt/HDD/elenzi/Dovier/MiniZincIDE-2.5.3-bundle-linux-x86_64/share/minizinc/gecode//fzn_circuit.mzn'
processing file '/mnt/HDD/elenzi/Dovier/MiniZincIDE-2.5.3-bundle-linux-x86_64/share/minizinc/std/bounded_path.mzn'
processing file '/mnt/HDD/elenzi/Dovier/MiniZincIDE-2.5.3-bundle-linux-x86_64/share/minizinc/std/fzn_bounded_dpath_enum_reif.mzn'
processing file '/mnt/HDD/elenzi/Dovier/MiniZincIDE-2.5.3-bundle-linux-x86_64/share/minizinc/std/path.mzn'
processing file '/mnt/HDD/elenzi/Dovier/MiniZincIDE-2.5.3-bundle-linux-x86_64/share/minizinc/std/fzn_dpath_enum_reif.mzn'
processing file '/mnt/HDD/elenzi/Dovier/MiniZincIDE-2.5.3-bundle-linux-x86_64/share/minizinc/std/fzn_dpath_enum.mzn'
processing file '/mnt/HDD/elenzi/Dovier/MiniZincIDE-2.5.3-bundle-linux-x86_64/share/minizinc/std/fzn_dpath_int_reif.mzn'
processing file '/mnt/HDD/elenzi/Dovier/MiniZincIDE-2.5.3-bundle-linux-x86_64/share/minizinc/std/fzn_dpath_int.mzn'
processing file '/mnt/HDD/elenzi/Dovier/MiniZincIDE-2.5.3-bundle-linux-x86_64/share/minizinc/std/fzn_path_enum_reif.mzn'
processing file '/mnt/HDD/elenzi/Dovier/MiniZincIDE-2.5.3-bundle-linux-x86_64/share/minizinc/std/fzn_path_enum.mzn'
processing file '/mnt/HDD/elenzi/Dovier/MiniZincIDE-2.5.3-bundle-linux-x86_64/share/minizinc/std/fzn_path_int_reif.mzn'
processing file '/mnt/HDD/elenzi/Dovier/MiniZincIDE-2.5.3-bundle-linux-x86_64/share/minizinc/std/fzn_path_int.mzn'
processing file '/mnt/HDD/elenzi/Dovier/MiniZincIDE-2.5.3-bundle-linux-x86_64/share/minizinc/std/fzn_bounded_dpath_enum.mzn'
processing file '/mnt/HDD/elenzi/Dovier/MiniZincIDE-2.5.3-bundle-linux-x86_64/share/minizinc/std/fzn_bounded_dpath_int_reif.mzn'
processing file '/mnt/HDD/elenzi/Dovier/MiniZincIDE-2.5.3-bundle-linux-x86_64/share/minizinc/std/fzn_bounded_dpath_int.mzn'
processing file '/mnt/HDD/elenzi/Dovier/MiniZincIDE-2.5.3-bundle-linux-x86_64/share/minizinc/std/fzn_bounded_path_enum_reif.mzn'
processing file '/mnt/HDD/elenzi/Dovier/MiniZincIDE-2.5.3-bundle-linux-x86_64/share/minizinc/std/fzn_bounded_path_enum.mzn'
processing file '/mnt/HDD/elenzi/Dovier/MiniZincIDE-2.5.3-bundle-linux-x86_64/share/minizinc/std/fzn_bounded_path_int_reif.mzn'
processing file '/mnt/HDD/elenzi/Dovier/MiniZincIDE-2.5.3-bundle-linux-x86_64/share/minizinc/std/fzn_bounded_path_int.mzn'
processing file '/mnt/HDD/elenzi/Dovier/MiniZincIDE-2.5.3-bundle-linux-x86_64/share/minizinc/std/bin_packing_load_fn.mzn'
processing file '/mnt/HDD/elenzi/Dovier/MiniZincIDE-2.5.3-bundle-linux-x86_64/share/minizinc/gecode//fzn_bin_packing_load.mzn'
processing file '/mnt/HDD/elenzi/Dovier/MiniZincIDE-2.5.3-bundle-linux-x86_64/share/minizinc/std/bin_packing_load.mzn'
processing file '/mnt/HDD/elenzi/Dovier/MiniZincIDE-2.5.3-bundle-linux-x86_64/share/minizinc/std/fzn_bin_packing_load_reif.mzn'
processing file '/mnt/HDD/elenzi/Dovier/MiniZincIDE-2.5.3-bundle-linux-x86_64/share/minizinc/std/bin_packing_capa.mzn'
processing file '/mnt/HDD/elenzi/Dovier/MiniZincIDE-2.5.3-bundle-linux-x86_64/share/minizinc/std/fzn_bin_packing_capa_reif.mzn'
processing file '/mnt/HDD/elenzi/Dovier/MiniZincIDE-2.5.3-bundle-linux-x86_64/share/minizinc/gecode//fzn_bin_packing_capa.mzn'
processing file '/mnt/HDD/elenzi/Dovier/MiniZincIDE-2.5.3-bundle-linux-x86_64/share/minizinc/std/bin_packing.mzn'
processing file '/mnt/HDD/elenzi/Dovier/MiniZincIDE-2.5.3-bundle-linux-x86_64/share/minizinc/std/fzn_bin_packing_reif.mzn'
processing file '/mnt/HDD/elenzi/Dovier/MiniZincIDE-2.5.3-bundle-linux-x86_64/share/minizinc/gecode//fzn_bin_packing.mzn'
processing file '/mnt/HDD/elenzi/Dovier/MiniZincIDE-2.5.3-bundle-linux-x86_64/share/minizinc/std/at_most1.mzn'
processing file '/mnt/HDD/elenzi/Dovier/MiniZincIDE-2.5.3-bundle-linux-x86_64/share/minizinc/std/fzn_at_most1_reif.mzn'
processing file '/mnt/HDD/elenzi/Dovier/MiniZincIDE-2.5.3-bundle-linux-x86_64/share/minizinc/std/fzn_at_most1.mzn'
processing file '/mnt/HDD/elenzi/Dovier/MiniZincIDE-2.5.3-bundle-linux-x86_64/share/minizinc/std/at_most.mzn'
processing file '/mnt/HDD/elenzi/Dovier/MiniZincIDE-2.5.3-bundle-linux-x86_64/share/minizinc/std/fzn_at_most_set_reif.mzn'
processing file '/mnt/HDD/elenzi/Dovier/MiniZincIDE-2.5.3-bundle-linux-x86_64/share/minizinc/gecode//fzn_at_most_set.mzn'
processing file '/mnt/HDD/elenzi/Dovier/MiniZincIDE-2.5.3-bundle-linux-x86_64/share/minizinc/std/fzn_at_most_int_reif.mzn'
processing file '/mnt/HDD/elenzi/Dovier/MiniZincIDE-2.5.3-bundle-linux-x86_64/share/minizinc/gecode//fzn_at_most_int.mzn'
processing file '/mnt/HDD/elenzi/Dovier/MiniZincIDE-2.5.3-bundle-linux-x86_64/share/minizinc/std/at_most.mzn.deprecated.mzn'
processing file '/mnt/HDD/elenzi/Dovier/MiniZincIDE-2.5.3-bundle-linux-x86_64/share/minizinc/std/at_most.mzn.deprecated.mzn'
processing file '/mnt/HDD/elenzi/Dovier/MiniZincIDE-2.5.3-bundle-linux-x86_64/share/minizinc/std/at_most.mzn.deprecated.mzn'
processing file '/mnt/HDD/elenzi/Dovier/MiniZincIDE-2.5.3-bundle-linux-x86_64/share/minizinc/std//at_most.mzn.deprecated.mzn'
processing file '/mnt/HDD/elenzi/Dovier/MiniZincIDE-2.5.3-bundle-linux-x86_64/share/minizinc/std/at_most.mzn.deprecated.mzn'
processing file '/mnt/HDD/elenzi/Dovier/MiniZincIDE-2.5.3-bundle-linux-x86_64/share/minizinc/std/at_most.mzn.deprecated.mzn'
processing file '/mnt/HDD/elenzi/Dovier/MiniZincIDE-2.5.3-bundle-linux-x86_64/share/minizinc/std/at_least.mzn'
processing file '/mnt/HDD/elenzi/Dovier/MiniZincIDE-2.5.3-bundle-linux-x86_64/share/minizinc/std/fzn_at_least_set_reif.mzn'
processing file '/mnt/HDD/elenzi/Dovier/MiniZincIDE-2.5.3-bundle-linux-x86_64/share/minizinc/gecode//fzn_at_least_set.mzn'
processing file '/mnt/HDD/elenzi/Dovier/MiniZincIDE-2.5.3-bundle-linux-x86_64/share/minizinc/std/fzn_at_least_int_reif.mzn'
processing file '/mnt/HDD/elenzi/Dovier/MiniZincIDE-2.5.3-bundle-linux-x86_64/share/minizinc/gecode//fzn_at_least_int.mzn'
processing file '/mnt/HDD/elenzi/Dovier/MiniZincIDE-2.5.3-bundle-linux-x86_64/share/minizinc/std/at_least.mzn.deprecated.mzn'
processing file '/mnt/HDD/elenzi/Dovier/MiniZincIDE-2.5.3-bundle-linux-x86_64/share/minizinc/std/at_least.mzn.deprecated.mzn'
processing file '/mnt/HDD/elenzi/Dovier/MiniZincIDE-2.5.3-bundle-linux-x86_64/share/minizinc/std/at_least.mzn.deprecated.mzn'
processing file '/mnt/HDD/elenzi/Dovier/MiniZincIDE-2.5.3-bundle-linux-x86_64/share/minizinc/std//at_least.mzn.deprecated.mzn'
processing file '/mnt/HDD/elenzi/Dovier/MiniZincIDE-2.5.3-bundle-linux-x86_64/share/minizinc/std/at_least.mzn.deprecated.mzn'
processing file '/mnt/HDD/elenzi/Dovier/MiniZincIDE-2.5.3-bundle-linux-x86_64/share/minizinc/std/at_least.mzn.deprecated.mzn'
processing file '/mnt/HDD/elenzi/Dovier/MiniZincIDE-2.5.3-bundle-linux-x86_64/share/minizinc/std/arg_max.mzn'
processing file '/mnt/HDD/elenzi/Dovier/MiniZincIDE-2.5.3-bundle-linux-x86_64/share/minizinc/std/arg_max_float.mzn'
processing file '/mnt/HDD/elenzi/Dovier/MiniZincIDE-2.5.3-bundle-linux-x86_64/share/minizinc/std/fzn_arg_max_float.mzn'
processing file '/mnt/HDD/elenzi/Dovier/MiniZincIDE-2.5.3-bundle-linux-x86_64/share/minizinc/std/arg_max_bool.mzn'
processing file '/mnt/HDD/elenzi/Dovier/MiniZincIDE-2.5.3-bundle-linux-x86_64/share/minizinc/gecode//fzn_arg_max_bool.mzn'
processing file '/mnt/HDD/elenzi/Dovier/MiniZincIDE-2.5.3-bundle-linux-x86_64/share/minizinc/std/arg_max_int.mzn'
processing file '/mnt/HDD/elenzi/Dovier/MiniZincIDE-2.5.3-bundle-linux-x86_64/share/minizinc/gecode//fzn_arg_max_int.mzn'
processing file '/mnt/HDD/elenzi/Dovier/MiniZincIDE-2.5.3-bundle-linux-x86_64/share/minizinc/std/arg_min.mzn'
processing file '/mnt/HDD/elenzi/Dovier/MiniZincIDE-2.5.3-bundle-linux-x86_64/share/minizinc/std/arg_min_float.mzn'
processing file '/mnt/HDD/elenzi/Dovier/MiniZincIDE-2.5.3-bundle-linux-x86_64/share/minizinc/std/fzn_arg_min_float.mzn'
processing file '/mnt/HDD/elenzi/Dovier/MiniZincIDE-2.5.3-bundle-linux-x86_64/share/minizinc/std/arg_min_bool.mzn'
processing file '/mnt/HDD/elenzi/Dovier/MiniZincIDE-2.5.3-bundle-linux-x86_64/share/minizinc/gecode//fzn_arg_min_bool.mzn'
processing file '/mnt/HDD/elenzi/Dovier/MiniZincIDE-2.5.3-bundle-linux-x86_64/share/minizinc/std/arg_min_int.mzn'
processing file '/mnt/HDD/elenzi/Dovier/MiniZincIDE-2.5.3-bundle-linux-x86_64/share/minizinc/gecode//fzn_arg_min_int.mzn'
processing file '/mnt/HDD/elenzi/Dovier/MiniZincIDE-2.5.3-bundle-linux-x86_64/share/minizinc/std/arg_sort.mzn'
processing file '/mnt/HDD/elenzi/Dovier/MiniZincIDE-2.5.3-bundle-linux-x86_64/share/minizinc/std/arg_sort_float.mzn'
processing file '/mnt/HDD/elenzi/Dovier/MiniZincIDE-2.5.3-bundle-linux-x86_64/share/minizinc/std/fzn_arg_sort_float_reif.mzn'
processing file '/mnt/HDD/elenzi/Dovier/MiniZincIDE-2.5.3-bundle-linux-x86_64/share/minizinc/std/fzn_arg_sort_float.mzn'
processing file '/mnt/HDD/elenzi/Dovier/MiniZincIDE-2.5.3-bundle-linux-x86_64/share/minizinc/std/arg_sort_int.mzn'
processing file '/mnt/HDD/elenzi/Dovier/MiniZincIDE-2.5.3-bundle-linux-x86_64/share/minizinc/std/fzn_arg_sort_int_reif.mzn'
processing file '/mnt/HDD/elenzi/Dovier/MiniZincIDE-2.5.3-bundle-linux-x86_64/share/minizinc/std/fzn_arg_sort_int.mzn'
processing file '/mnt/HDD/elenzi/Dovier/MiniZincIDE-2.5.3-bundle-linux-x86_64/share/minizinc/std/among_fn.mzn'
processing file '/mnt/HDD/elenzi/Dovier/MiniZincIDE-2.5.3-bundle-linux-x86_64/share/minizinc/gecode//fzn_among.mzn'
processing file '/mnt/HDD/elenzi/Dovier/MiniZincIDE-2.5.3-bundle-linux-x86_64/share/minizinc/std/among.mzn'
processing file '/mnt/HDD/elenzi/Dovier/MiniZincIDE-2.5.3-bundle-linux-x86_64/share/minizinc/std/fzn_among_reif.mzn'
processing file '/mnt/HDD/elenzi/Dovier/MiniZincIDE-2.5.3-bundle-linux-x86_64/share/minizinc/std/alternative.mzn'
processing file '/mnt/HDD/elenzi/Dovier/MiniZincIDE-2.5.3-bundle-linux-x86_64/share/minizinc/std/fzn_alternative_reif.mzn'
processing file '/mnt/HDD/elenzi/Dovier/MiniZincIDE-2.5.3-bundle-linux-x86_64/share/minizinc/std/fzn_alternative.mzn'
processing file '/mnt/HDD/elenzi/Dovier/MiniZincIDE-2.5.3-bundle-linux-x86_64/share/minizinc/std/all_equal.mzn'
processing file '/mnt/HDD/elenzi/Dovier/MiniZincIDE-2.5.3-bundle-linux-x86_64/share/minizinc/std/fzn_all_equal_set_reif.mzn'
processing file '/mnt/HDD/elenzi/Dovier/MiniZincIDE-2.5.3-bundle-linux-x86_64/share/minizinc/std/fzn_all_equal_set.mzn'
processing file '/mnt/HDD/elenzi/Dovier/MiniZincIDE-2.5.3-bundle-linux-x86_64/share/minizinc/std/fzn_all_equal_int_reif.mzn'
processing file '/mnt/HDD/elenzi/Dovier/MiniZincIDE-2.5.3-bundle-linux-x86_64/share/minizinc/gecode//fzn_all_equal_int.mzn'
processing file '/mnt/HDD/elenzi/Dovier/MiniZincIDE-2.5.3-bundle-linux-x86_64/share/minizinc/std/all_disjoint.mzn'
processing file '/mnt/HDD/elenzi/Dovier/MiniZincIDE-2.5.3-bundle-linux-x86_64/share/minizinc/std/fzn_all_disjoint_reif.mzn'
processing file '/mnt/HDD/elenzi/Dovier/MiniZincIDE-2.5.3-bundle-linux-x86_64/share/minizinc/std/fzn_all_disjoint.mzn'
processing file '/mnt/HDD/elenzi/Dovier/MiniZincIDE-2.5.3-bundle-linux-x86_64/share/minizinc/std/alldifferent_except_0.mzn'
processing file '/mnt/HDD/elenzi/Dovier/MiniZincIDE-2.5.3-bundle-linux-x86_64/share/minizinc/std/fzn_alldifferent_except_0_reif.mzn'
processing file '/mnt/HDD/elenzi/Dovier/MiniZincIDE-2.5.3-bundle-linux-x86_64/share/minizinc/std/alldifferent_except.mzn'
processing file '/mnt/HDD/elenzi/Dovier/MiniZincIDE-2.5.3-bundle-linux-x86_64/share/minizinc/std/fzn_alldifferent_except_reif.mzn'
processing file '/mnt/HDD/elenzi/Dovier/MiniZincIDE-2.5.3-bundle-linux-x86_64/share/minizinc/std/fzn_alldifferent_except.mzn'
processing file '/mnt/HDD/elenzi/Dovier/MiniZincIDE-2.5.3-bundle-linux-x86_64/share/minizinc/gecode//fzn_alldifferent_except_0.mzn'
processing file '/mnt/HDD/elenzi/Dovier/MiniZincIDE-2.5.3-bundle-linux-x86_64/share/minizinc/std/all_different.mzn'
processing file '/mnt/HDD/elenzi/Dovier/MiniZincIDE-2.5.3-bundle-linux-x86_64/share/minizinc/std/fzn_all_different_set_reif.mzn'
processing file '/mnt/HDD/elenzi/Dovier/MiniZincIDE-2.5.3-bundle-linux-x86_64/share/minizinc/std/fzn_all_different_set.mzn'
processing file '/mnt/HDD/elenzi/Dovier/MiniZincIDE-2.5.3-bundle-linux-x86_64/share/minizinc/std/fzn_all_different_int_reif.mzn'
processing file '/mnt/HDD/elenzi/Dovier/MiniZincIDE-2.5.3-bundle-linux-x86_64/share/minizinc/gecode//fzn_all_different_int.mzn'
processing data file '/mnt/HDD/elenzi/Dovier/AR-Knights_Tour/assets/logs/2_12x12_minizinc/database.dzn'
 done parsing (0.04 s)
Flattening ...
	CompilePass: Flatten with '/mnt/HDD/elenzi/Dovier/MiniZincIDE-2.5.3-bundle-linux-x86_64/share/minizinc/gecode/' library ...
MIP domains ... done (1.94 s)
Optimizing ... done (2.05 s)
Converting to old FlatZinc ... done (2.22 s)
 done (2.22 s)
 done (2.27 s), max stack depth 16
Maximum memory 50 Mbytes.
      % SOLVING PHASE
FZN solver plugin, compiled  Nov 24 2020  23:00:32
Using FZN solver /mnt/HDD/elenzi/Dovier/MiniZincIDE-2.5.3-bundle-linux-x86_64/bin/fzn-gecode for solving, parameters: -a -p 4 -t 300000 
Warning, replacing unsupported annotation indomain_middle with indomain_median
Warning, ignored search annotation: impact
Warning, ignored search annotation: outdomain_max
Warning, replacing unsupported annotation indomain_interval with indomain_split
Warning, replacing unsupported annotation indomain_interval with indomain_split
[[73,83,84,95,96,99,100,1,104,103,108,107
86,89,75,85,82,76,70,101,110,109,114,113
81,71,93,94,97,98,80,102,72,106,105,0
91,88,87,77,78,36,74,68,31,112,111,28
0,79,69,1,92,35,40,34,25,30,29,1
43,17,90,44,38,21,50,33,66,20,26,0
0,67,41,19,48,42,37,23,32,27,16,22
15,45,46,49,39,52,10,64,18,24,6,0
0,51,65,54,9,58,0,0,8,14,0,2
0,13,47,53,59,0,7,12,62,4,0,0
0,63,57,11,56,3,60,0,0,0,0,0
0,0,1,61,55,0,0,5,0,0,0,0]]
----------
[[73,83,84,95,96,99,100,1,104,103,108,107
82,89,75,81,86,93,94,101,90,109,70,117
77,71,85,91,97,98,88,102,72,106,105,110
87,80,79,65,62,57,74,92,111,68,115,29
0,34,69,1,76,63,64,55,33,27,112,1
30,24,78,36,67,60,59,37,66,113,31,25
20,42,32,26,61,38,41,19,53,35,4,114
46,28,22,40,43,13,58,12,39,116,23,0
0,18,44,11,56,14,17,51,21,6,0,2
0,48,7,16,15,45,54,0,10,0,118,0
0,0,0,50,9,3,0,0,49,0,8,0
0,0,1,5,0,52,47,0,0,0,0,0]]
----------
[[73,83,84,95,96,99,100,1,104,103,108,107
82,89,75,81,86,93,94,101,90,109,70,120
77,71,85,91,97,98,88,102,72,106,105,110
87,80,79,61,67,64,74,92,111,68,118,32
0,39,69,1,76,59,65,66,36,30,112,1
35,29,78,25,63,24,62,44,18,113,34,116
41,23,37,31,57,42,20,38,28,114,16,50
19,33,27,45,22,13,26,60,46,52,115,12
49,43,21,15,5,55,40,11,8,14,48,2
0,17,47,53,0,9,58,0,54,4,10,117
0,51,0,7,0,3,0,6,0,0,0,0
0,0,1,0,0,0,0,56,0,0,119,0]]
----------
[[73,83,84,95,96,99,100,1,104,103,108,107
82,89,75,81,86,93,94,101,90,109,70,121
77,71,85,91,97,98,88,102,72,106,105,110
87,80,79,61,62,57,74,92,111,68,119,33
69,38,32,1,76,63,60,66,37,31,112,1
34,24,78,65,59,64,55,41,27,113,35,117
40,67,36,30,21,43,25,58,17,39,29,114
26,16,22,45,46,49,19,53,50,13,115,9
20,42,28,14,0,23,48,15,56,7,116,2
0,0,18,44,47,12,51,5,118,52,11,0
0,0,0,0,0,3,8,54,0,0,4,122
0,0,1,0,10,0,0,0,6,120,0,0]]
----------
[[73,83,84,95,96,99,100,1,104,103,108,107
82,89,75,81,86,93,94,101,90,109,70,124
77,71,85,91,97,98,88,102,72,106,105,110
87,80,79,61,62,57,74,92,111,68,122,33
69,38,32,1,76,63,60,66,41,35,112,1
34,24,78,65,59,64,55,113,47,120,31,37
40,67,36,30,21,58,17,43,29,39,49,114
22,16,26,44,15,25,115,53,118,45,119,0
0,42,20,23,28,19,56,27,117,51,116,2
18,0,14,9,46,13,10,0,50,4,0,121
0,7,0,0,12,3,48,54,8,123,0,0
0,0,1,5,11,0,0,0,0,52,6,0]]
----------
[[73,83,84,95,96,99,100,1,104,103,108,107
82,89,75,81,86,93,94,101,90,109,70,125
77,71,85,91,97,98,88,102,72,106,105,110
87,80,79,60,63,64,74,92,111,68,123,36
69,39,45,1,76,58,44,66,32,38,112,1
43,25,78,65,62,61,30,48,42,113,34,121
37,67,41,47,29,46,56,51,28,114,40,22
23,17,27,13,59,49,50,16,115,24,119,116
0,35,21,31,5,54,57,26,53,6,20,2
19,0,15,0,11,124,14,52,18,117,118,8
0,0,33,7,0,3,0,55,120,10,4,0
0,0,1,0,126,9,122,12,0,0,0,0]]
----------
[[73,83,84,95,96,99,100,1,104,103,108,107
82,89,75,81,86,93,94,101,90,109,70,128
77,71,85,91,97,98,88,102,72,106,105,110
87,80,79,60,63,64,74,92,111,68,126,37
69,42,36,1,76,58,45,66,41,35,112,1
38,28,78,65,62,61,31,49,27,113,39,124
44,67,40,34,24,47,56,43,33,51,25,114
30,20,26,48,54,17,59,29,115,116,122,53
9,46,32,22,5,50,117,118,57,23,121,2
18,0,7,52,15,12,19,8,119,120,55,125
0,11,0,14,0,3,0,0,21,123,4,0
0,16,1,13,0,0,10,0,6,0,127,0]]
----------
[[73,83,84,95,96,99,100,1,104,103,108,107
82,89,75,81,86,93,94,101,90,109,70,129
77,71,85,91,97,98,88,102,72,106,105,110
87,80,79,60,63,57,74,92,111,68,127,37
69,42,48,1,76,58,32,59,41,35,112,1
46,25,78,65,62,61,55,33,66,113,39,125
40,67,44,50,56,34,64,30,49,43,0,114
23,52,27,36,22,53,31,45,115,28,123,0
16,38,20,54,29,11,24,51,120,47,116,2
0,21,14,13,10,17,122,5,26,117,126,121
0,18,0,19,9,3,8,0,124,118,4,130
0,0,1,12,15,0,7,0,6,128,119,0]]
----------
[[73,83,84,95,96,99,100,1,104,103,108,107
82,89,75,81,86,93,94,101,90,109,70,132
77,71,85,91,97,98,88,102,72,106,105,110
87,80,79,60,59,64,74,92,111,68,130,40
69,43,49,1,76,58,48,66,36,42,112,1
47,37,78,57,62,61,34,28,46,113,38,128
41,67,45,51,29,55,56,50,32,114,44,115
35,21,39,25,63,52,30,116,26,117,126,20
0,15,65,31,53,27,121,54,16,22,12,2
19,33,23,13,7,129,118,24,119,8,18,124
0,0,17,127,0,3,9,123,120,14,4,10
0,0,1,5,11,125,131,0,6,0,122,0]]
----------
[[73,83,84,95,96,99,100,1,104,103,108,107
82,89,75,81,86,93,94,101,90,109,70,133
77,71,85,91,97,98,88,102,72,106,105,110
87,80,79,57,62,61,74,92,111,68,131,41
0,46,69,1,76,55,49,66,37,43,112,1
42,32,78,60,59,64,63,53,47,113,39,129
48,54,44,67,29,51,25,115,21,35,45,114
34,40,30,52,58,65,31,24,118,117,127,0
9,50,56,38,28,27,120,23,33,19,116,2
130,36,11,5,122,16,26,17,22,8,119,125
0,7,132,126,13,3,20,14,0,123,4,10
134,128,1,0,18,124,15,0,6,12,0,121]]
----------
   Done (overall time 302.85 s).
