
-------------------------------------------------
| 73| 83| 84| 95| 96| 99|100|  1|104|103|108|107|
-------------------------------------------------
| 82| 89| 75| 81| 86| 93| 94|101| 90|109| 70|133|
-------------------------------------------------
| 77| 71| 85| 91| 97| 98| 88|102| 72|106|105|110|
-------------------------------------------------
| 87| 80| 79| 57| 62| 61| 74| 92|111| 68|131| 41|
-------------------------------------------------
|  0| 46| 69|  1| 76| 55| 49| 66| 37| 43|112|  1|
-------------------------------------------------
| 42| 32| 78| 60| 59| 64| 63| 53| 47|113| 39|129|
-------------------------------------------------
| 48| 54| 44| 67| 29| 51| 25|115| 21| 35| 45|114|
-------------------------------------------------
| 34| 40| 30| 52| 58| 65| 31| 24|118|117|127|  0|
-------------------------------------------------
|  9| 50| 56| 38| 28| 27|120| 23| 33| 19|116|  2|
-------------------------------------------------
|130| 36| 11|  5|122| 16| 26| 17| 22|  8|119|125|
-------------------------------------------------
|  0|  7|132|126| 13|  3| 20| 14|  0|123|  4| 10|
-------------------------------------------------
|134|128|  1|  0| 18|124| 15|  0|  6| 12|  0|121|
-------------------------------------------------

| n = 12 | k = 4 | coverage = 137, 95.13888888888889%
 Time 302.85
 Name 2_12x12_minizinc

