
---------------------------------
| 33| 39| 38| 44| 45| 48| 34|  1|
---------------------------------
| 40| 49| 35| 41| 36| 30| 23| 50|
---------------------------------
| 37| 31| 42| 47| 46| 43| 26| 32|
---------------------------------
| 51| 17| 56| 29| 28| 21| 52| 25|
---------------------------------
|  6|  7| 13| 19| 54| 27|  0| 24|
---------------------------------
| 15| 53|  8|  1| 11| 18|  1|  1|
---------------------------------
|  5|  4|  9| 12|  1|  1| 22| 16|
---------------------------------
| 55| 10|  3|  2| 20| 14|  0|  0|
---------------------------------

| n = 8 | k = 6 | coverage = 61, 95.3125%
 Time 300.5
 Name 1_8x8_minizinc

