
-----------------------------------------
| 53| 58| 65| 70| 69| 75| 64|  1|  1| 90|
-----------------------------------------
| 63| 72| 51|  1| 62| 68| 43| 73| 39| 89|
-----------------------------------------
| 56| 55| 60| 67|  1| 71| 77| 66| 88|  0|
-----------------------------------------
| 23| 61| 74| 49| 27| 45|  1| 41| 87| 37|
-----------------------------------------
| 57| 54| 25| 26| 20| 79| 29| 86|  1|  3|
-----------------------------------------
| 30| 21| 59| 76| 47| 24| 18|  5| 35| 85|
-----------------------------------------
| 52| 38| 28| 22| 13| 46| 81| 31| 84|  2|
-----------------------------------------
| 19| 32| 15| 48| 78|  8|  7| 16| 83| 33|
-----------------------------------------
| 40| 50| 36|  1| 44| 11| 12| 82|  4|  0|
-----------------------------------------
| 34| 17| 42|  1| 10| 80|  6|  9| 14|  0|
-----------------------------------------

| n = 10 | k = 8 | coverage = 97, 97.0%
 Time 301.2
 Name 0_10x10_minizinc

