
-------------------------------------------------
| 73|  1| 81| 84| 94| 99|102|103| 98| 95|106|107|
-------------------------------------------------
|  3| 86| 71| 90| 83| 82| 96| 97|104|105| 91|110|
-------------------------------------------------
| 69| 75|  1| 79| 78| 92|101|100| 93|108|109|127|
-------------------------------------------------
|  0|  5| 88|  1| 63| 85| 80| 62| 59| 89|112| 58|
-------------------------------------------------
| 49| 67| 77| 76| 70|  1| 61| 87|114| 60|125|111|
-------------------------------------------------
|  7|  2| 47| 65|  1| 74| 68| 57| 64| 34| 56|  0|
-------------------------------------------------
| 45| 51| 26| 72| 33| 55| 30|116| 38|  1|113|123|
-------------------------------------------------
|  4|  9| 43| 53| 28| 25| 35| 66| 32|121| 36| 54|
-------------------------------------------------
| 18|  1| 14| 24|  1| 31|118| 27| 21| 40|  1|115|
-------------------------------------------------
| 11|  6| 20| 41| 12| 37| 23|126|119| 46| 52|  0|
-------------------------------------------------
|  0| 16| 10| 15| 22|120| 29| 19| 42|124|117| 48|
-------------------------------------------------
|  8| 13|  0|  0| 39| 17|128|122|  1| 50| 44|  0|
-------------------------------------------------

| n = 12 | k = 10 | coverage = 137, 95.13888888888889%
 Time 302.7
 Name 14_12x12_minizinc

