
-----------------------------------------------------------------
| 75| 81| 71|113|214|109|166| 65|210| 97|162|148|206| 40|  0|  0|
-----------------------------------------------------------------
|117|  1| 77| 83|168| 67|212|107|164|142|208| 95|  0|150|204| 42|
-----------------------------------------------------------------
| 79| 73|115| 69|111|216| 63| 60|103|229| 99|160|146| 44| 38|  1|
-----------------------------------------------------------------
|  0|119| 21|170| 85| 58|105|218|140| 62|144|231| 93|202|152|  1|
-----------------------------------------------------------------
|230| 25|  1|  0| 19|220| 87| 61|227|101| 91| 64|158|233| 46| 36|
-----------------------------------------------------------------
|121| 14|228| 23|172|175| 56|  0| 89|138|  0|223| 48|154|200|219|
-----------------------------------------------------------------
|  0|232| 27| 12| 82| 17|222|173| 59|225| 50|156| 66|221| 34|196|
-----------------------------------------------------------------
| 29|123| 16|226|177|174| 80| 54| 76|  1|136|114|165|198|217|130|
-----------------------------------------------------------------
|234|  1| 31| 84| 10|224| 15| 57|171| 52|167| 68|110|132|194| 32|
-----------------------------------------------------------------
|125|  0| 88| 18|  0|179|176| 78| 24| 74|112|134|116|163|128|215|
-----------------------------------------------------------------
| 90| 33|  3|  8| 86| 20| 55| 13|178|169| 26|108| 70|192| 30|161|
-----------------------------------------------------------------
| 45|127| 92|  0| 41|  6|181| 22|104| 11| 72|182| 28|118|213|126|
-----------------------------------------------------------------
| 35|137| 43|  5| 94| 53|102|  9|183|180|106|189|190|209|159|153|
-----------------------------------------------------------------
|129| 47|133| 39|100|  7|  4|199|145|187|184|207|120|155|124|211|
-----------------------------------------------------------------
|135| 37|139|  0| 51| 96|143|185|195|201|147|188|191|205|151|157|
-----------------------------------------------------------------
|  0|131| 49| 98|141|  0|197|  2|  1|186|193|203|149|122|  0|  0|
-----------------------------------------------------------------

| n = 16 | k = 7 | coverage = 240, 93.75%
 Time 300.0
 Name 5_16x16_clingo

