
-----------------------------------------------------------------
|  0|211|217|  0| 84|207|221|  0|  0|118|225|122|  0|114|229|126|
-----------------------------------------------------------------
|215|  1| 50|209|219|  1| 91|212|223| 92| 95|116|227|124|  6|112|
-----------------------------------------------------------------
| 48|163|213| 82| 52| 86|205|  3| 93|210|120| 14| 96| 10|128|231|
-----------------------------------------------------------------
|199| 80| 46|165|203| 89|214| 20| 90| 16| 94| 97|130|  4|110|  8|
-----------------------------------------------------------------
|161| 26|201| 54| 44| 22| 88|222|  5|134|208| 98| 12| 99|233|  0|
-----------------------------------------------------------------
| 78|197|167| 24| 87|220| 42|216| 18|224|  7|132|  2|100|174|108|
-----------------------------------------------------------------
|169|159| 28|  0| 56|  0|141|226|  9|206|136|202|172|106|101|  0|
-----------------------------------------------------------------
|195| 76|155| 85|143|228|218| 40|139|  0|170|  0|103|200|102|176|
-----------------------------------------------------------------
|157|171|193| 30|153| 58|156| 11|168| 38|204|138|104|  1|109|198|
-----------------------------------------------------------------
| 74|  1| 83|145|158| 32|230| 36|154|137|115|  0|111|105|178|184|
-----------------------------------------------------------------
|173|191| 72|151| 60| 51|160| 47| 13|166|152|135|140|182|196|107|
-----------------------------------------------------------------
|  0| 81|  0|189|147| 45| 34|232|162|117| 31|113|150|133|186|180|
-----------------------------------------------------------------
|  1|175|149| 70| 53| 62| 49|  1| 33| 15|164|119| 29|142|148|194|
-----------------------------------------------------------------
| 79|181| 75| 69|187| 68| 43| 37| 63|121|  1|144|131|192| 23|188|
-----------------------------------------------------------------
|177| 71|185| 55| 41| 67| 64| 59| 17| 35|125| 27| 21|146|129|  0|
-----------------------------------------------------------------
|183| 77|179| 73| 66| 57| 39| 65|123| 61| 19|  0|127| 25|190|  1|
-----------------------------------------------------------------

| n = 16 | k = 8 | coverage = 240, 93.75%
 Time 300.0
 Name 1_16x16_clingo

