
---------------------------------------------------------
|  0|125| 26| 37|131|128| 43|137| 62|132| 47| 56|142|  0|
---------------------------------------------------------
|  0| 22|129|123| 28| 39|133|130| 45|139| 60|134| 49|138|
---------------------------------------------------------
|127|  0| 35| 24|126| 80| 30| 41|135| 64| 54|140| 58|144|
---------------------------------------------------------
| 33|170| 20| 82|121|111|164| 78| 32|  1|141|146|136| 51|
---------------------------------------------------------
| 18| 84| 31|168|162|124|119|109| 70| 52| 66| 89|143|148|
---------------------------------------------------------
|172|178| 16|  2|113|166|160|  1| 76| 34| 72|150| 53| 87|
---------------------------------------------------------
| 86|  4|174| 29|122|161|  7|117|107| 68| 50|145| 91|152|
---------------------------------------------------------
|176| 14|  1|159|  9|115|  1|158|  5| 74| 36|154| 85| 55|
---------------------------------------------------------
|  6| 88|  0|120| 27| 13|163|105| 38|156|  3| 48|147| 93|
---------------------------------------------------------
|100| 23| 12| 11|157|118|  1|179|153|103| 40| 79| 57| 83|
---------------------------------------------------------
| 90|  8|102| 25| 15|165|155|116|  1|177| 46|149| 95| 77|
---------------------------------------------------------
| 21| 98| 92| 10|  1|  1| 69|171|112|151|101| 42| 81| 59|
---------------------------------------------------------
| 94|104|  0| 17|167|108|114| 65| 71| 44|175| 61| 75| 97|
---------------------------------------------------------
|  0| 19| 96|106|  1| 67|169|110|173| 63| 73| 99|  0|  0|
---------------------------------------------------------

| n = 14 | k = 9 | coverage = 187, 95.40816326530613%
 Time 300.002
 Name 15_14x14_clingo

