
-----------------------------------------
| 51| 58| 64| 69| 68|  1| 72|  2| 75| 46|
-----------------------------------------
| 62|  1| 53|  1| 74| 67| 73| 48| 78|  4|
-----------------------------------------
| 56| 49| 60| 66| 71| 70| 76|  1| 44| 77|
-----------------------------------------
| 61| 55| 54| 47| 65| 43| 50|  1|  6| 80|
-----------------------------------------
| 35| 34| 63| 57| 52| 85|  8| 42| 79| 90|
-----------------------------------------
| 30| 59| 37| 36| 45| 40| 41| 83| 82|  3|
-----------------------------------------
| 27| 33| 32| 26| 39| 22| 87| 10| 88| 81|
-----------------------------------------
| 21| 28| 25| 31| 38| 15|  9| 16|  5| 84|
-----------------------------------------
|  1| 29| 19| 13| 24| 89| 20| 86| 12|  0|
-----------------------------------------
|  0| 23|  0|  1| 17| 11| 14|  7| 18|  0|
-----------------------------------------

| n = 10 | k = 7 | coverage = 96, 96.0%
 Time 301.27
 Name 19_10x10_minizinc

