
---------------------------------------------------------
| 99|113|112|129|132|133|  3|137|136|126|140|141|  1|145|
---------------------------------------------------------
|114|119|101|115|118|127|134|128|142|139|146|147|150|151|
---------------------------------------------------------
|111| 97|116|110|131|130|135|  5|124|138| 96|153|143|165|
---------------------------------------------------------
|121| 87|117|103|125|120| 86| 80| 94|144| 90|148|149|152|
---------------------------------------------------------
| 95|109|123| 89|108| 82|  7|122| 88| 98|155|154|163| 45|
---------------------------------------------------------
| 85| 48| 93| 52|105| 55|  2| 84| 78| 92| 49| 43| 34|156|
---------------------------------------------------------
|  0| 54|107|106| 91|  9| 76| 53|100|157| 36|  1| 47|161|
---------------------------------------------------------
| 46| 83| 50| 11| 57|  4|102|  1| 38| 51| 41|159|158| 32|
---------------------------------------------------------
| 56| 61| 44| 62|104| 13| 40| 74| 31| 26| 35| 25| 39|  0|
---------------------------------------------------------
| 81| 67| 58| 59| 42| 68|  6| 24| 18|  1| 29|160| 30| 23|
---------------------------------------------------------
| 63| 73| 64| 69| 60| 22| 15| 10| 72| 33| 28| 37| 27|162|
---------------------------------------------------------
|  0| 79| 65| 75| 66|  8| 70| 20| 17| 16|  0|164| 21|  0|
---------------------------------------------------------
|  0|  0| 71|  0|  0|  0|  1|  0| 12|  1| 19|  0|  0|  0|
---------------------------------------------------------
|  0|  0| 77|  0|  1|  0|  1|  0|  1|  0| 14|  0|166|  0|
---------------------------------------------------------

| n = 14 | k = 9 | coverage = 174, 88.77551020408163%
 Time 305.35
 Name 11_14x14_minizinc

