
---------------------------------------------------------
| 98|112|113|128|129|132|133|136|137|143|142|147|150|151|
---------------------------------------------------------
|107|106| 96|110|111|126|127|141| 95|138|148|153|144|157|
---------------------------------------------------------
|114|100|109|115|130|131|134|135|  1|139|145|140|149|152|
---------------------------------------------------------
|104|105|108| 94| 52|125|124| 97| 48| 93| 47|146|155| 42|
---------------------------------------------------------
| 58|116|102|103|117| 92| 50| 51| 41| 55| 46| 40|154|  0|
---------------------------------------------------------
|  0| 33| 60| 54|123|122| 99| 90| 59| 49| 91| 45| 44| 38|
---------------------------------------------------------
| 29| 56|118| 35|101|119|  1| 39| 53| 43| 57| 63| 89|156|
---------------------------------------------------------
| 20| 62| 31|121|120| 37| 28| 21| 88| 61| 71|  1| 36| 65|
---------------------------------------------------------
| 14| 27| 18| 15| 26| 23| 74|  4| 73| 32| 86| 67|158| 87|
---------------------------------------------------------
| 64| 22| 12| 25|  8|  2| 19| 30| 76| 69| 79| 34|  3|  0|
---------------------------------------------------------
|  0| 16| 13| 24| 17| 72|  6| 75|  0| 80|  5| 84| 85|  0|
---------------------------------------------------------
|  0| 66|  0| 10| 11|  0|  0| 78|  7| 77|  0| 81|  0|  0|
---------------------------------------------------------
|  0|  0|  0|  1| 70|  0|  9|  0|  0|  1| 82|  0|  0| 83|
---------------------------------------------------------
|  0|  0| 68|  0|  0|  0|  0|  0|  0|  0|  0|  0|  0|  0|
---------------------------------------------------------

| n = 14 | k = 5 | coverage = 162, 82.65306122448979%
 Time 305.44
 Name 3_14x14_minizinc

