
-------------------------------------------------
| 76| 77| 72| 73| 80| 69| 68| 65| 84| 85| 64|133|
-------------------------------------------------
|134| 59| 78| 79| 70| 63| 82| 83| 66|  3| 58| 87|
-------------------------------------------------
| 55| 74| 75| 61| 71| 81| 67| 86| 56| 89|131| 62|
-------------------------------------------------
| 45|132| 57| 48| 42| 88| 54| 91|  5| 60|  1| 95|
-------------------------------------------------
|  0| 53| 43| 90| 52|  2| 44|  1| 35| 93| 32|129|
-------------------------------------------------
|130| 47| 50| 51| 46| 40|  1| 31| 34|  7| 97|  0|
-------------------------------------------------
|  1| 98| 92| 41|  4| 29| 36| 37| 99| 33|127| 30|
-------------------------------------------------
|102|128| 49| 96| 38| 39| 25|103| 26|107|  9|  0|
-------------------------------------------------
| 16| 94|100|110| 27|  6| 24| 17|115|101| 28|125|
-------------------------------------------------
|126|104| 14|  8|  1|112|118| 23|105|123|109| 11|
-------------------------------------------------
| 12| 18|108|122|116| 22| 19|117| 15|113|  1|121|
-------------------------------------------------
|106|124| 10| 20|  0|120|114|  0| 21|119| 13|111|
-------------------------------------------------

| n = 12 | k = 6 | coverage = 139, 96.52777777777777%
 Time 907.65
 Name 7_12x12_minizinc

