
---------------------------------
| 52| 34| 33| 42| 41| 38|  1|  2|
---------------------------------
|  1| 29| 50| 36| 35|  4| 39| 45|
---------------------------------
| 32|  1| 44| 31| 40| 43|  1|  6|
---------------------------------
| 27| 17| 30| 48| 23| 37| 47|  0|
---------------------------------
| 28| 46| 25| 19|  0|  7|  8|  1|
---------------------------------
| 18|  1| 15|  9| 22| 21|  1| 49|
---------------------------------
| 13| 26| 20| 14|  1|  1|  5| 10|
---------------------------------
|  0| 16| 11| 24|  3| 12| 51|  0|
---------------------------------

| n = 8 | k = 9 | coverage = 60, 93.75%
 Time 300.45
 Name 14_8x8_minizinc

