clingo version 5.4.0
Reading from ...s/logs/15_10x10_clingo/knights_tour.lp ...
Solving...
Answer: 1
occ(1,2,6) occ(1,3,1) occ(1,5,9) occ(1,10,2) occ(1,1,10) occ(1,5,6) occ(1,3,9) occ(2,2,2) occ(3,4,9) coverage(6)
Optimization: -6
Answer: 2
occ(1,2,6) occ(1,3,1) occ(1,5,9) occ(1,10,2) occ(1,1,10) occ(1,5,6) occ(1,3,9) occ(2,2,2) occ(3,4,9) coverage(7) occ(4,1,4) occ(6,3,5)
Optimization: -7
Answer: 3
occ(1,2,6) occ(1,3,1) occ(1,5,9) occ(1,10,2) occ(1,1,10) occ(1,5,6) occ(1,3,9) occ(2,2,2) occ(3,4,9) coverage(8) occ(4,1,4) occ(7,1,8) occ(5,2,10) occ(6,3,5)
Optimization: -8
Answer: 4
occ(1,2,6) occ(1,3,1) occ(1,5,9) occ(1,10,2) occ(1,1,10) occ(1,5,6) occ(1,3,9) occ(2,2,2) occ(3,4,9) coverage(9) occ(7,1,8) occ(5,2,10) occ(8,2,1) occ(6,3,3) occ(4,4,1)
Optimization: -9
Answer: 5
occ(1,2,6) occ(1,3,1) occ(1,5,9) occ(1,10,2) occ(1,1,10) occ(1,5,6) occ(1,3,9) occ(2,2,2) occ(3,4,9) coverage(10) occ(7,1,8) occ(8,1,2) occ(5,2,10) occ(6,3,3) occ(9,3,7) occ(4,4,1)
Optimization: -10
Answer: 6
occ(1,2,6) occ(1,3,1) occ(1,5,9) occ(1,10,2) occ(1,1,10) occ(1,5,6) occ(1,3,9) occ(2,2,2) occ(3,4,9) coverage(11) occ(7,1,8) occ(10,1,3) occ(5,2,10) occ(8,2,1) occ(6,3,3) occ(9,3,7) occ(4,4,1)
Optimization: -11
Answer: 7
occ(1,2,6) occ(1,3,1) occ(1,5,9) occ(1,10,2) occ(1,1,10) occ(1,5,6) occ(1,3,9) occ(2,2,2) occ(3,4,9) coverage(12) occ(7,1,8) occ(33,1,1) occ(37,1,5) occ(41,1,9) occ(47,1,6) occ(51,1,2) occ(5,2,10) occ(8,2,1) occ(11,2,9) occ(35,2,3) occ(39,2,7) occ(45,2,8) occ(49,2,4) occ(6,3,3) occ(9,3,7) occ(31,3,2) occ(43,3,10) occ(4,4,1) occ(10,4,2) occ(13,4,10) occ(29,5,1) occ(15,6,9) occ(27,7,2) occ(17,8,10) occ(21,9,7) occ(25,9,3) occ(19,10,9) occ(23,10,5)
Optimization: -12
Answer: 8
occ(1,2,6) occ(1,3,1) occ(1,5,9) occ(1,10,2) occ(1,1,10) occ(1,5,6) occ(1,3,9) occ(2,2,2) occ(3,4,9) coverage(14) occ(7,1,8) occ(33,1,1) occ(37,1,5) occ(41,1,9) occ(47,1,6) occ(51,1,2) occ(5,2,10) occ(8,2,1) occ(11,2,9) occ(35,2,3) occ(39,2,7) occ(45,2,8) occ(49,2,4) occ(6,3,3) occ(9,3,7) occ(31,3,2) occ(43,3,10) occ(4,4,1) occ(10,4,2) occ(13,4,10) occ(29,5,1) occ(12,6,1) occ(15,6,9) occ(27,7,2) occ(17,8,10) occ(21,9,7) occ(25,9,3) occ(19,10,9) occ(23,10,5)
Optimization: -14
Answer: 9
occ(1,2,6) occ(1,3,1) occ(1,5,9) occ(1,10,2) occ(1,1,10) occ(1,5,6) occ(1,3,9) occ(2,2,2) occ(3,4,9) coverage(16) occ(7,1,8) occ(33,1,1) occ(37,1,5) occ(41,1,9) occ(47,1,6) occ(51,1,2) occ(5,2,10) occ(8,2,1) occ(11,2,9) occ(35,2,3) occ(39,2,7) occ(45,2,8) occ(49,2,4) occ(6,3,3) occ(9,3,7) occ(31,3,2) occ(43,3,10) occ(4,4,1) occ(10,4,2) occ(13,4,10) occ(29,5,1) occ(12,6,1) occ(15,6,9) occ(27,7,2) occ(14,8,2) occ(17,8,10) occ(21,9,7) occ(25,9,3) occ(19,10,9) occ(23,10,5)
Optimization: -16
Answer: 10
occ(1,2,6) occ(1,3,1) occ(1,5,9) occ(1,10,2) occ(1,1,10) occ(1,5,6) occ(1,3,9) occ(2,2,2) occ(3,4,9) coverage(18) occ(7,1,8) occ(33,1,1) occ(37,1,5) occ(41,1,9) occ(47,1,6) occ(51,1,2) occ(5,2,10) occ(8,2,1) occ(11,2,9) occ(35,2,3) occ(39,2,7) occ(45,2,8) occ(49,2,4) occ(6,3,3) occ(9,3,7) occ(31,3,2) occ(43,3,10) occ(4,4,1) occ(10,4,2) occ(13,4,10) occ(29,5,1) occ(12,6,1) occ(15,6,9) occ(27,7,2) occ(14,8,2) occ(17,8,10) occ(21,9,7) occ(25,9,3) occ(16,10,1) occ(19,10,9) occ(23,10,5)
Optimization: -18
Answer: 11
occ(1,2,6) occ(1,3,1) occ(1,5,9) occ(1,10,2) occ(1,1,10) occ(1,5,6) occ(1,3,9) occ(2,2,2) occ(3,4,9) coverage(20) occ(7,1,8) occ(33,1,1) occ(37,1,5) occ(41,1,9) occ(47,1,6) occ(51,1,2) occ(5,2,10) occ(8,2,1) occ(11,2,9) occ(35,2,3) occ(39,2,7) occ(45,2,8) occ(49,2,4) occ(6,3,3) occ(9,3,7) occ(31,3,2) occ(43,3,10) occ(4,4,1) occ(10,4,2) occ(13,4,10) occ(29,5,1) occ(12,6,1) occ(15,6,9) occ(27,7,2) occ(14,8,2) occ(17,8,10) occ(18,9,1) occ(21,9,7) occ(25,9,3) occ(16,10,3) occ(19,10,9) occ(23,10,5)
Optimization: -20
Answer: 12
occ(1,2,6) occ(1,3,1) occ(1,5,9) occ(1,10,2) occ(1,1,10) occ(1,5,6) occ(1,3,9) occ(2,2,2) occ(3,4,9) coverage(22) occ(7,1,8) occ(33,1,1) occ(37,1,5) occ(41,1,9) occ(47,1,6) occ(51,1,2) occ(5,2,10) occ(8,2,1) occ(11,2,9) occ(35,2,3) occ(39,2,7) occ(45,2,8) occ(49,2,4) occ(6,3,3) occ(9,3,7) occ(31,3,2) occ(43,3,10) occ(4,4,1) occ(10,4,2) occ(13,4,10) occ(29,5,1) occ(12,6,1) occ(15,6,9) occ(27,7,2) occ(14,8,2) occ(17,8,10) occ(18,9,5) occ(21,9,7) occ(25,9,3) occ(16,10,3) occ(19,10,9) occ(20,10,7) occ(23,10,5)
Optimization: -22
Answer: 13
occ(1,2,6) occ(1,3,1) occ(1,5,9) occ(1,10,2) occ(1,1,10) occ(1,5,6) occ(1,3,9) occ(2,2,2) occ(3,4,9) coverage(24) occ(7,1,8) occ(33,1,1) occ(37,1,5) occ(41,1,9) occ(47,1,6) occ(51,1,2) occ(5,2,10) occ(8,2,1) occ(11,2,9) occ(35,2,3) occ(39,2,7) occ(45,2,8) occ(49,2,4) occ(6,3,3) occ(9,3,7) occ(31,3,2) occ(43,3,10) occ(4,4,1) occ(10,4,2) occ(13,4,10) occ(29,5,1) occ(12,6,1) occ(15,6,9) occ(16,7,4) occ(27,7,2) occ(14,8,2) occ(17,8,10) occ(18,9,5) occ(21,9,7) occ(22,9,1) occ(25,9,3) occ(19,10,9) occ(20,10,3) occ(23,10,5)
Optimization: -24
Answer: 14
occ(1,2,6) occ(1,3,1) occ(1,5,9) occ(1,10,2) occ(1,1,10) occ(1,5,6) occ(1,3,9) occ(2,2,2) occ(3,4,9) coverage(26) occ(7,1,8) occ(33,1,1) occ(37,1,5) occ(41,1,9) occ(47,1,6) occ(51,1,2) occ(5,2,10) occ(8,2,1) occ(11,2,9) occ(35,2,3) occ(39,2,7) occ(45,2,8) occ(49,2,4) occ(6,3,3) occ(9,3,7) occ(31,3,2) occ(43,3,10) occ(4,4,1) occ(10,4,2) occ(13,4,10) occ(29,5,1) occ(12,6,1) occ(15,6,9) occ(16,7,4) occ(27,7,2) occ(14,8,2) occ(17,8,10) occ(22,8,4) occ(18,9,5) occ(21,9,7) occ(24,9,2) occ(25,9,3) occ(19,10,9) occ(20,10,3) occ(23,10,5)
Optimization: -26
Answer: 15
occ(1,2,6) occ(1,3,1) occ(1,5,9) occ(1,10,2) occ(1,1,10) occ(1,5,6) occ(1,3,9) occ(2,2,2) occ(3,4,9) coverage(28) occ(7,1,8) occ(33,1,1) occ(37,1,5) occ(41,1,9) occ(47,1,6) occ(51,1,2) occ(5,2,10) occ(8,2,1) occ(11,2,9) occ(35,2,3) occ(39,2,7) occ(45,2,8) occ(49,2,4) occ(6,3,3) occ(9,3,7) occ(31,3,2) occ(43,3,10) occ(4,4,1) occ(10,4,2) occ(13,4,10) occ(14,5,3) occ(29,5,1) occ(12,6,1) occ(15,6,9) occ(16,7,4) occ(27,7,2) occ(17,8,10) occ(22,8,2) occ(18,9,5) occ(21,9,7) occ(24,9,4) occ(25,9,3) occ(19,10,9) occ(20,10,3) occ(23,10,5) occ(26,10,6)
Optimization: -28
Answer: 16
occ(1,2,6) occ(1,3,1) occ(1,5,9) occ(1,10,2) occ(1,1,10) occ(1,5,6) occ(1,3,9) occ(2,2,2) occ(3,4,9) coverage(30) occ(7,1,8) occ(33,1,1) occ(37,1,5) occ(41,1,9) occ(47,1,6) occ(51,1,2) occ(5,2,10) occ(8,2,1) occ(11,2,9) occ(35,2,3) occ(39,2,7) occ(45,2,8) occ(49,2,4) occ(6,3,3) occ(9,3,7) occ(31,3,2) occ(43,3,10) occ(4,4,1) occ(10,4,2) occ(13,4,10) occ(14,5,3) occ(29,5,1) occ(12,6,1) occ(15,6,9) occ(16,7,4) occ(27,7,2) occ(17,8,10) occ(22,8,2) occ(18,9,5) occ(21,9,7) occ(24,9,4) occ(25,9,3) occ(28,9,8) occ(19,10,9) occ(20,10,3) occ(23,10,5) occ(26,10,6)
Optimization: -30
Answer: 17
occ(1,2,6) occ(1,3,1) occ(1,5,9) occ(1,10,2) occ(1,1,10) occ(1,5,6) occ(1,3,9) occ(2,2,2) occ(3,4,9) coverage(32) occ(7,1,8) occ(33,1,1) occ(37,1,5) occ(41,1,9) occ(47,1,6) occ(51,1,2) occ(5,2,10) occ(8,2,1) occ(11,2,9) occ(35,2,3) occ(39,2,7) occ(45,2,8) occ(49,2,4) occ(6,3,3) occ(9,3,7) occ(31,3,2) occ(43,3,10) occ(4,4,1) occ(10,4,2) occ(13,4,10) occ(14,5,3) occ(29,5,1) occ(12,6,1) occ(15,6,9) occ(16,7,4) occ(27,7,2) occ(17,8,10) occ(22,8,2) occ(18,9,5) occ(21,9,7) occ(24,9,4) occ(25,9,3) occ(28,9,8) occ(19,10,9) occ(20,10,3) occ(23,10,5) occ(26,10,6) occ(30,10,10)
Optimization: -32
Answer: 18
occ(1,2,6) occ(1,3,1) occ(1,5,9) occ(1,10,2) occ(1,1,10) occ(1,5,6) occ(1,3,9) occ(2,2,2) occ(3,4,9) coverage(34) occ(7,1,8) occ(33,1,1) occ(37,1,5) occ(41,1,9) occ(47,1,6) occ(51,1,2) occ(5,2,10) occ(8,2,1) occ(11,2,9) occ(35,2,3) occ(39,2,7) occ(45,2,8) occ(49,2,4) occ(6,3,3) occ(9,3,7) occ(31,3,2) occ(43,3,10) occ(4,4,1) occ(10,4,2) occ(13,4,10) occ(14,5,3) occ(29,5,1) occ(12,6,1) occ(15,6,9) occ(16,7,4) occ(27,7,2) occ(30,7,9) occ(17,8,10) occ(22,8,2) occ(18,9,5) occ(21,9,7) occ(24,9,4) occ(25,9,3) occ(28,9,8) occ(32,9,10) occ(19,10,9) occ(20,10,3) occ(23,10,5) occ(26,10,6)
Optimization: -34
Answer: 19
occ(1,2,6) occ(1,3,1) occ(1,5,9) occ(1,10,2) occ(1,1,10) occ(1,5,6) occ(1,3,9) occ(2,2,2) occ(3,4,9) coverage(36) occ(7,1,8) occ(33,1,1) occ(37,1,5) occ(41,1,9) occ(47,1,6) occ(51,1,2) occ(5,2,10) occ(8,2,1) occ(11,2,9) occ(35,2,3) occ(39,2,7) occ(45,2,8) occ(49,2,4) occ(6,3,3) occ(9,3,7) occ(31,3,2) occ(43,3,10) occ(4,4,1) occ(10,4,2) occ(13,4,10) occ(14,5,3) occ(29,5,1) occ(12,6,1) occ(15,6,9) occ(16,7,4) occ(27,7,2) occ(30,7,9) occ(17,8,10) occ(22,8,2) occ(28,8,7) occ(18,9,5) occ(21,9,7) occ(24,9,4) occ(25,9,3) occ(32,9,8) occ(19,10,9) occ(20,10,3) occ(23,10,5) occ(26,10,6) occ(34,10,10)
Optimization: -36
Answer: 20
occ(1,2,6) occ(1,3,1) occ(1,5,9) occ(1,10,2) occ(1,1,10) occ(1,5,6) occ(1,3,9) occ(2,2,2) occ(3,4,9) coverage(38) occ(7,1,8) occ(33,1,1) occ(37,1,5) occ(41,1,9) occ(47,1,6) occ(51,1,2) occ(5,2,10) occ(8,2,1) occ(11,2,9) occ(35,2,3) occ(39,2,7) occ(45,2,8) occ(49,2,4) occ(6,3,3) occ(9,3,7) occ(31,3,2) occ(43,3,10) occ(4,4,1) occ(10,4,2) occ(13,4,10) occ(14,5,3) occ(29,5,1) occ(12,6,1) occ(15,6,9) occ(16,7,4) occ(27,7,2) occ(30,7,9) occ(17,8,10) occ(22,8,2) occ(28,8,7) occ(36,8,9) occ(18,9,5) occ(21,9,7) occ(24,9,4) occ(25,9,3) occ(32,9,8) occ(19,10,9) occ(20,10,3) occ(23,10,5) occ(26,10,6) occ(34,10,10)
Optimization: -38
Answer: 21
occ(1,2,6) occ(1,3,1) occ(1,5,9) occ(1,10,2) occ(1,1,10) occ(1,5,6) occ(1,3,9) occ(2,2,2) occ(3,4,9) coverage(40) occ(7,1,8) occ(33,1,1) occ(37,1,5) occ(41,1,9) occ(47,1,6) occ(51,1,2) occ(5,2,10) occ(8,2,1) occ(11,2,9) occ(35,2,3) occ(39,2,7) occ(45,2,8) occ(49,2,4) occ(6,3,3) occ(9,3,7) occ(31,3,2) occ(43,3,10) occ(4,4,1) occ(10,4,2) occ(13,4,10) occ(14,5,3) occ(29,5,1) occ(12,6,1) occ(15,6,9) occ(16,7,4) occ(27,7,2) occ(30,7,9) occ(17,8,10) occ(22,8,2) occ(28,8,7) occ(36,8,9) occ(18,9,5) occ(21,9,7) occ(24,9,4) occ(25,9,3) occ(32,9,8) occ(19,10,9) occ(20,10,3) occ(23,10,5) occ(26,10,6) occ(34,10,10) occ(38,10,8)
Optimization: -40
Answer: 22
occ(1,2,6) occ(1,3,1) occ(1,5,9) occ(1,10,2) occ(1,1,10) occ(1,5,6) occ(1,3,9) occ(2,2,2) occ(3,4,9) coverage(42) occ(7,1,8) occ(33,1,1) occ(37,1,5) occ(41,1,9) occ(47,1,6) occ(51,1,2) occ(5,2,10) occ(8,2,1) occ(11,2,9) occ(35,2,3) occ(39,2,7) occ(45,2,8) occ(49,2,4) occ(6,3,3) occ(9,3,7) occ(31,3,2) occ(43,3,10) occ(4,4,1) occ(10,4,2) occ(13,4,10) occ(14,5,3) occ(29,5,1) occ(12,6,1) occ(15,6,9) occ(28,6,7) occ(16,7,4) occ(27,7,2) occ(30,7,9) occ(17,8,10) occ(22,8,2) occ(26,8,6) occ(36,8,9) occ(18,9,5) occ(21,9,7) occ(24,9,4) occ(25,9,3) occ(32,9,8) occ(40,9,10) occ(19,10,9) occ(20,10,3) occ(23,10,5) occ(34,10,10) occ(38,10,8)
Optimization: -42
Answer: 23
occ(1,2,6) occ(1,3,1) occ(1,5,9) occ(1,10,2) occ(1,1,10) occ(1,5,6) occ(1,3,9) occ(2,2,2) occ(3,4,9) coverage(44) occ(7,1,8) occ(33,1,1) occ(37,1,5) occ(41,1,9) occ(47,1,6) occ(51,1,2) occ(5,2,10) occ(8,2,1) occ(11,2,9) occ(35,2,3) occ(39,2,7) occ(45,2,8) occ(49,2,4) occ(6,3,3) occ(9,3,7) occ(31,3,2) occ(43,3,10) occ(4,4,1) occ(10,4,2) occ(13,4,10) occ(14,5,3) occ(29,5,1) occ(12,6,1) occ(15,6,9) occ(16,7,4) occ(27,7,2) occ(30,7,9) occ(17,8,10) occ(22,8,2) occ(28,8,7) occ(36,8,9) occ(18,9,5) occ(21,9,7) occ(24,9,4) occ(25,9,3) occ(32,9,8) occ(40,9,6) occ(19,10,9) occ(20,10,3) occ(23,10,5) occ(26,10,6) occ(34,10,10) occ(38,10,8) occ(42,10,4)
Optimization: -44
Answer: 24
occ(1,2,6) occ(1,3,1) occ(1,5,9) occ(1,10,2) occ(1,1,10) occ(1,5,6) occ(1,3,9) occ(2,2,2) occ(3,4,9) coverage(46) occ(7,1,8) occ(33,1,1) occ(37,1,5) occ(41,1,9) occ(47,1,6) occ(51,1,2) occ(5,2,10) occ(8,2,1) occ(11,2,9) occ(35,2,3) occ(39,2,7) occ(45,2,8) occ(49,2,4) occ(6,3,3) occ(9,3,7) occ(31,3,2) occ(43,3,10) occ(4,4,1) occ(10,4,2) occ(13,4,10) occ(14,5,3) occ(29,5,1) occ(12,6,1) occ(15,6,9) occ(16,7,4) occ(26,7,5) occ(27,7,2) occ(30,7,9) occ(17,8,10) occ(22,8,2) occ(28,8,7) occ(36,8,5) occ(18,9,5) occ(21,9,7) occ(24,9,4) occ(25,9,3) occ(32,9,8) occ(40,9,6) occ(44,9,10) occ(19,10,9) occ(20,10,3) occ(23,10,5) occ(34,10,6) occ(38,10,4) occ(42,10,8)
Optimization: -46
Answer: 25
occ(1,2,6) occ(1,3,1) occ(1,5,9) occ(1,10,2) occ(1,1,10) occ(1,5,6) occ(1,3,9) occ(2,2,2) occ(3,4,9) coverage(48) occ(7,1,8) occ(33,1,1) occ(37,1,5) occ(41,1,9) occ(47,1,6) occ(51,1,2) occ(5,2,10) occ(8,2,1) occ(11,2,9) occ(35,2,3) occ(39,2,7) occ(45,2,8) occ(49,2,4) occ(6,3,3) occ(9,3,7) occ(31,3,2) occ(43,3,10) occ(4,4,1) occ(10,4,2) occ(13,4,10) occ(14,5,3) occ(29,5,1) occ(12,6,1) occ(15,6,9) occ(24,6,3) occ(16,7,4) occ(26,7,5) occ(27,7,2) occ(17,8,10) occ(22,8,2) occ(28,8,7) occ(34,8,8) occ(38,8,6) occ(18,9,5) occ(21,9,7) occ(25,9,3) occ(32,9,6) occ(40,9,4) occ(44,9,8) occ(19,10,9) occ(20,10,3) occ(23,10,5) occ(30,10,8) occ(36,10,7) occ(42,10,6) occ(46,10,10)
Optimization: -48
Answer: 26
occ(1,2,6) occ(1,3,1) occ(1,5,9) occ(1,10,2) occ(1,1,10) occ(1,5,6) occ(1,3,9) occ(2,2,2) occ(3,4,9) coverage(50) occ(7,1,8) occ(33,1,1) occ(37,1,5) occ(41,1,9) occ(47,1,6) occ(51,1,2) occ(5,2,10) occ(8,2,1) occ(11,2,9) occ(35,2,3) occ(39,2,7) occ(45,2,8) occ(49,2,4) occ(6,3,3) occ(9,3,7) occ(31,3,2) occ(43,3,10) occ(4,4,1) occ(10,4,2) occ(13,4,10) occ(14,5,3) occ(29,5,1) occ(12,6,1) occ(15,6,9) occ(24,6,3) occ(16,7,4) occ(26,7,5) occ(27,7,2) occ(46,7,9) occ(17,8,10) occ(22,8,2) occ(28,8,7) occ(34,8,8) occ(38,8,6) occ(18,9,5) occ(21,9,7) occ(25,9,3) occ(32,9,6) occ(40,9,4) occ(44,9,8) occ(48,9,10) occ(19,10,9) occ(20,10,3) occ(23,10,5) occ(30,10,8) occ(36,10,7) occ(42,10,6)
Optimization: -50
Answer: 27
occ(1,2,6) occ(1,3,1) occ(1,5,9) occ(1,10,2) occ(1,1,10) occ(1,5,6) occ(1,3,9) occ(2,2,2) occ(3,4,9) coverage(52) occ(7,1,8) occ(33,1,1) occ(37,1,5) occ(41,1,9) occ(47,1,6) occ(51,1,2) occ(5,2,10) occ(8,2,1) occ(11,2,9) occ(35,2,3) occ(39,2,7) occ(45,2,8) occ(49,2,4) occ(6,3,3) occ(9,3,7) occ(31,3,2) occ(43,3,10) occ(4,4,1) occ(10,4,2) occ(13,4,10) occ(29,5,1) occ(12,6,1) occ(15,6,9) occ(16,7,4) occ(24,7,6) occ(27,7,2) occ(38,7,3) occ(46,7,9) occ(14,8,2) occ(17,8,10) occ(22,8,4) occ(26,8,8) occ(44,8,7) occ(18,9,5) occ(21,9,7) occ(25,9,3) occ(28,9,10) occ(32,9,6) occ(36,9,2) occ(40,9,4) occ(48,9,8) occ(19,10,9) occ(20,10,3) occ(23,10,5) occ(30,10,8) occ(34,10,4) occ(42,10,6) occ(50,10,10)
Optimization: -52
Answer: 28
occ(1,2,6) occ(1,3,1) occ(1,5,9) occ(1,10,2) occ(1,1,10) occ(1,5,6) occ(1,3,9) occ(2,2,2) occ(3,4,9) coverage(53) occ(7,1,8) occ(33,1,1) occ(37,1,5) occ(41,1,9) occ(47,1,6) occ(51,1,2) occ(5,2,10) occ(8,2,1) occ(11,2,9) occ(35,2,3) occ(39,2,7) occ(45,2,8) occ(49,2,4) occ(96,2,5) occ(6,3,3) occ(9,3,7) occ(31,3,2) occ(43,3,10) occ(4,4,1) occ(10,4,2) occ(13,4,10) occ(78,4,8) occ(94,4,4) occ(29,5,1) occ(64,5,4) occ(76,5,10) occ(92,5,2) occ(12,6,1) occ(15,6,9) occ(62,6,2) occ(66,6,6) occ(74,6,8) occ(80,6,7) occ(84,6,3) occ(90,6,4) occ(16,7,4) occ(27,7,2) occ(46,7,9) occ(54,7,7) occ(58,7,3) occ(68,7,8) occ(72,7,10) occ(82,7,5) occ(86,7,1) occ(14,8,2) occ(17,8,10) occ(22,8,4) occ(34,8,8) occ(38,8,6) occ(44,8,7) occ(52,8,9) occ(56,8,5) occ(60,8,1) occ(88,8,3) occ(18,9,5) occ(21,9,7) occ(24,9,2) occ(25,9,3) occ(28,9,6) occ(32,9,10) occ(40,9,4) occ(48,9,8) occ(70,9,9) occ(19,10,9) occ(20,10,3) occ(23,10,5) occ(26,10,4) occ(30,10,8) occ(36,10,7) occ(42,10,6) occ(50,10,10)
Optimization: -53
Answer: 29
occ(1,2,6) occ(1,3,1) occ(1,5,9) occ(1,10,2) occ(1,1,10) occ(1,5,6) occ(1,3,9) occ(2,2,2) occ(3,4,9) coverage(54) occ(7,1,8) occ(37,1,5) occ(41,1,9) occ(47,1,6) occ(5,2,10) occ(11,2,9) occ(35,2,3) occ(39,2,7) occ(45,2,8) occ(49,2,4) occ(9,3,7) occ(43,3,10) occ(4,4,1) occ(13,4,10) occ(33,4,2) occ(51,4,5) occ(6,5,3) occ(15,6,9) occ(31,6,1) occ(36,6,5) occ(53,6,6) occ(8,7,2) occ(16,7,4) occ(29,7,3) occ(46,7,9) occ(14,8,2) occ(17,8,10) occ(22,8,8) occ(27,8,5) occ(34,8,4) occ(38,8,6) occ(44,8,7) occ(52,8,9) occ(10,9,1) occ(18,9,5) occ(21,9,7) occ(24,9,10) occ(25,9,3) occ(28,9,6) occ(32,9,2) occ(40,9,4) occ(48,9,8) occ(12,10,3) occ(19,10,9) occ(20,10,7) occ(23,10,5) occ(26,10,8) occ(30,10,4) occ(42,10,6) occ(50,10,10)
Optimization: -54
Answer: 30
occ(1,2,6) occ(1,3,1) occ(1,5,9) occ(1,10,2) occ(1,1,10) occ(1,5,6) occ(1,3,9) occ(2,2,2) occ(3,4,9) coverage(55) occ(7,1,8) occ(37,1,5) occ(41,1,9) occ(47,1,6) occ(5,2,10) occ(11,2,9) occ(35,2,3) occ(39,2,7) occ(45,2,8) occ(49,2,4) occ(9,3,7) occ(43,3,10) occ(4,4,1) occ(13,4,10) occ(33,4,2) occ(51,4,5) occ(6,5,3) occ(15,6,9) occ(31,6,1) occ(36,6,5) occ(53,6,6) occ(54,6,10) occ(8,7,2) occ(16,7,4) occ(29,7,3) occ(46,7,9) occ(14,8,2) occ(17,8,10) occ(22,8,8) occ(27,8,5) occ(34,8,4) occ(38,8,6) occ(44,8,7) occ(52,8,9) occ(10,9,1) occ(18,9,5) occ(21,9,7) occ(24,9,10) occ(25,9,3) occ(28,9,6) occ(32,9,2) occ(40,9,4) occ(48,9,8) occ(12,10,3) occ(19,10,9) occ(20,10,7) occ(23,10,5) occ(26,10,8) occ(30,10,4) occ(42,10,6) occ(50,10,10)
Optimization: -55
Answer: 31
occ(1,2,6) occ(1,3,1) occ(1,5,9) occ(1,10,2) occ(1,1,10) occ(1,5,6) occ(1,3,9) occ(2,2,2) occ(3,4,9) coverage(56) occ(7,1,8) occ(37,1,5) occ(41,1,9) occ(47,1,6) occ(5,2,10) occ(11,2,9) occ(35,2,3) occ(39,2,7) occ(45,2,8) occ(49,2,4) occ(9,3,7) occ(43,3,10) occ(4,4,1) occ(13,4,10) occ(33,4,2) occ(51,4,5) occ(55,4,7) occ(6,5,3) occ(15,6,9) occ(31,6,1) occ(36,6,5) occ(53,6,6) occ(54,6,10) occ(8,7,2) occ(16,7,4) occ(29,7,3) occ(46,7,9) occ(14,8,2) occ(17,8,10) occ(22,8,8) occ(27,8,5) occ(34,8,4) occ(38,8,6) occ(44,8,7) occ(52,8,9) occ(10,9,1) occ(18,9,5) occ(21,9,7) occ(24,9,10) occ(25,9,3) occ(28,9,6) occ(32,9,2) occ(40,9,4) occ(48,9,8) occ(12,10,3) occ(19,10,9) occ(20,10,7) occ(23,10,5) occ(26,10,8) occ(30,10,4) occ(42,10,6) occ(50,10,10)
Optimization: -56
Answer: 32
occ(1,2,6) occ(1,3,1) occ(1,5,9) occ(1,10,2) occ(1,1,10) occ(1,5,6) occ(1,3,9) occ(2,2,2) occ(3,4,9) coverage(57) occ(7,1,8) occ(37,1,5) occ(41,1,9) occ(47,1,6) occ(5,2,10) occ(11,2,9) occ(35,2,3) occ(39,2,7) occ(45,2,8) occ(49,2,4) occ(9,3,7) occ(43,3,10) occ(4,4,1) occ(13,4,10) occ(33,4,2) occ(51,4,5) occ(55,4,7) occ(6,5,3) occ(15,6,9) occ(31,6,1) occ(36,6,5) occ(53,6,6) occ(54,6,10) occ(8,7,2) occ(16,7,4) occ(29,7,3) occ(46,7,9) occ(56,7,8) occ(14,8,2) occ(17,8,10) occ(22,8,8) occ(27,8,5) occ(34,8,4) occ(38,8,6) occ(44,8,7) occ(52,8,9) occ(10,9,1) occ(18,9,5) occ(21,9,7) occ(24,9,10) occ(25,9,3) occ(28,9,6) occ(32,9,2) occ(40,9,4) occ(48,9,8) occ(12,10,3) occ(19,10,9) occ(20,10,7) occ(23,10,5) occ(26,10,8) occ(30,10,4) occ(42,10,6) occ(50,10,10)
Optimization: -57
Answer: 33
occ(1,2,6) occ(1,3,1) occ(1,5,9) occ(1,10,2) occ(1,1,10) occ(1,5,6) occ(1,3,9) occ(2,2,2) occ(3,4,9) coverage(58) occ(7,1,8) occ(37,1,5) occ(41,1,9) occ(47,1,6) occ(5,2,10) occ(11,2,9) occ(35,2,3) occ(39,2,7) occ(45,2,8) occ(49,2,4) occ(9,3,7) occ(43,3,10) occ(57,3,5) occ(4,4,1) occ(13,4,10) occ(33,4,2) occ(51,4,5) occ(55,4,7) occ(6,5,3) occ(15,6,9) occ(31,6,1) occ(36,6,5) occ(53,6,6) occ(54,6,10) occ(8,7,2) occ(16,7,4) occ(29,7,3) occ(46,7,9) occ(56,7,8) occ(14,8,2) occ(17,8,10) occ(22,8,8) occ(27,8,5) occ(34,8,4) occ(38,8,6) occ(44,8,7) occ(52,8,9) occ(10,9,1) occ(18,9,5) occ(21,9,7) occ(24,9,10) occ(25,9,3) occ(28,9,6) occ(32,9,2) occ(40,9,4) occ(48,9,8) occ(12,10,3) occ(19,10,9) occ(20,10,7) occ(23,10,5) occ(26,10,8) occ(30,10,4) occ(42,10,6) occ(50,10,10)
Optimization: -58
Answer: 34
occ(1,2,6) occ(1,3,1) occ(1,5,9) occ(1,10,2) occ(1,1,10) occ(1,5,6) occ(1,3,9) occ(2,2,2) occ(3,4,9) coverage(59) occ(7,1,8) occ(37,1,5) occ(41,1,9) occ(47,1,6) occ(5,2,10) occ(11,2,9) occ(35,2,3) occ(39,2,7) occ(45,2,8) occ(49,2,4) occ(9,3,7) occ(43,3,10) occ(57,3,5) occ(4,4,1) occ(13,4,10) occ(33,4,2) occ(51,4,5) occ(55,4,7) occ(6,5,3) occ(15,6,9) occ(31,6,1) occ(36,6,5) occ(53,6,6) occ(54,6,10) occ(8,7,2) occ(16,7,4) occ(29,7,3) occ(46,7,9) occ(56,7,8) occ(14,8,2) occ(17,8,10) occ(22,8,8) occ(27,8,5) occ(34,8,4) occ(38,8,6) occ(44,8,7) occ(52,8,9) occ(10,9,1) occ(18,9,5) occ(21,9,7) occ(24,9,10) occ(25,9,3) occ(28,9,6) occ(32,9,2) occ(40,9,4) occ(48,9,8) occ(58,9,9) occ(12,10,3) occ(19,10,9) occ(20,10,7) occ(23,10,5) occ(26,10,8) occ(30,10,4) occ(42,10,6) occ(50,10,10)
Optimization: -59
Answer: 35
occ(1,2,6) occ(1,3,1) occ(1,5,9) occ(1,10,2) occ(1,1,10) occ(1,5,6) occ(1,3,9) occ(2,2,2) occ(3,4,9) coverage(60) occ(7,1,8) occ(37,1,5) occ(41,1,9) occ(47,1,6) occ(59,1,4) occ(5,2,10) occ(11,2,9) occ(35,2,3) occ(39,2,7) occ(45,2,8) occ(49,2,4) occ(9,3,7) occ(43,3,10) occ(57,3,5) occ(4,4,1) occ(13,4,10) occ(33,4,2) occ(51,4,5) occ(55,4,7) occ(6,5,3) occ(15,6,9) occ(31,6,1) occ(36,6,5) occ(53,6,6) occ(54,6,10) occ(8,7,2) occ(16,7,4) occ(29,7,3) occ(46,7,9) occ(56,7,8) occ(14,8,2) occ(17,8,10) occ(22,8,8) occ(27,8,5) occ(34,8,4) occ(38,8,6) occ(44,8,7) occ(52,8,9) occ(10,9,1) occ(18,9,5) occ(21,9,7) occ(24,9,10) occ(25,9,3) occ(28,9,6) occ(32,9,2) occ(40,9,4) occ(48,9,8) occ(58,9,9) occ(12,10,3) occ(19,10,9) occ(20,10,7) occ(23,10,5) occ(26,10,8) occ(30,10,4) occ(42,10,6) occ(50,10,10)
Optimization: -60
Answer: 36
occ(1,2,6) occ(1,3,1) occ(1,5,9) occ(1,10,2) occ(1,1,10) occ(1,5,6) occ(1,3,9) occ(2,2,2) occ(3,4,9) coverage(61) occ(7,1,8) occ(37,1,5) occ(41,1,9) occ(47,1,6) occ(59,1,4) occ(5,2,10) occ(11,2,9) occ(35,2,3) occ(39,2,7) occ(45,2,8) occ(49,2,4) occ(9,3,7) occ(43,3,10) occ(57,3,5) occ(4,4,1) occ(13,4,10) occ(33,4,2) occ(51,4,5) occ(55,4,7) occ(6,5,3) occ(15,5,8) occ(17,6,10) occ(23,6,9) occ(31,6,1) occ(36,6,5) occ(53,6,6) occ(8,7,2) occ(16,7,4) occ(19,7,8) occ(25,7,7) occ(29,7,3) occ(46,7,9) occ(14,8,2) occ(21,8,10) occ(22,8,8) occ(27,8,5) occ(34,8,4) occ(38,8,6) occ(44,8,7) occ(52,8,9) occ(60,8,1) occ(10,9,1) occ(18,9,5) occ(24,9,10) occ(28,9,6) occ(32,9,2) occ(40,9,4) occ(48,9,8) occ(54,9,7) occ(58,9,3) occ(12,10,3) occ(20,10,7) occ(26,10,8) occ(30,10,4) occ(42,10,6) occ(50,10,10) occ(56,10,5)
Optimization: -61
Answer: 37
occ(1,2,6) occ(1,3,1) occ(1,5,9) occ(1,10,2) occ(1,1,10) occ(1,5,6) occ(1,3,9) occ(2,2,2) occ(3,4,9) coverage(62) occ(7,1,8) occ(37,1,5) occ(41,1,9) occ(47,1,6) occ(61,1,7) occ(5,2,10) occ(11,2,9) occ(35,2,3) occ(39,2,7) occ(45,2,8) occ(49,2,4) occ(9,3,7) occ(43,3,10) occ(59,3,6) occ(4,4,1) occ(13,4,10) occ(33,4,2) occ(51,4,5) occ(55,4,7) occ(6,5,3) occ(15,5,8) occ(57,5,5) occ(17,6,10) occ(23,6,9) occ(31,6,1) occ(36,6,5) occ(53,6,6) occ(8,7,2) occ(16,7,4) occ(19,7,8) occ(25,7,7) occ(29,7,3) occ(46,7,9) occ(14,8,2) occ(21,8,10) occ(22,8,8) occ(27,8,5) occ(34,8,4) occ(38,8,6) occ(44,8,7) occ(52,8,9) occ(60,8,1) occ(10,9,1) occ(18,9,5) occ(24,9,10) occ(28,9,6) occ(32,9,2) occ(40,9,4) occ(48,9,8) occ(54,9,7) occ(58,9,3) occ(12,10,3) occ(20,10,7) occ(26,10,8) occ(30,10,4) occ(42,10,6) occ(50,10,10) occ(56,10,5)
Optimization: -62
Answer: 38
occ(1,2,6) occ(1,3,1) occ(1,5,9) occ(1,10,2) occ(1,1,10) occ(1,5,6) occ(1,3,9) occ(2,2,2) occ(3,4,9) coverage(63) occ(7,1,8) occ(37,1,5) occ(41,1,9) occ(47,1,6) occ(61,1,7) occ(5,2,10) occ(11,2,9) occ(35,2,3) occ(39,2,7) occ(45,2,8) occ(49,2,4) occ(9,3,7) occ(43,3,10) occ(59,3,6) occ(4,4,1) occ(13,4,10) occ(33,4,2) occ(51,4,5) occ(55,4,7) occ(6,5,3) occ(15,5,8) occ(57,5,5) occ(17,6,10) occ(23,6,9) occ(31,6,1) occ(36,6,5) occ(53,6,6) occ(62,6,2) occ(8,7,2) occ(16,7,4) occ(19,7,8) occ(25,7,7) occ(29,7,3) occ(46,7,9) occ(14,8,2) occ(21,8,10) occ(22,8,8) occ(27,8,5) occ(34,8,4) occ(38,8,6) occ(44,8,7) occ(52,8,9) occ(60,8,1) occ(10,9,1) occ(18,9,5) occ(24,9,10) occ(28,9,6) occ(32,9,2) occ(40,9,4) occ(48,9,8) occ(54,9,7) occ(58,9,3) occ(12,10,3) occ(20,10,7) occ(26,10,8) occ(30,10,4) occ(42,10,6) occ(50,10,10) occ(56,10,5)
Optimization: -63
Answer: 39
occ(1,2,6) occ(1,3,1) occ(1,5,9) occ(1,10,2) occ(1,1,10) occ(1,5,6) occ(1,3,9) occ(2,2,2) occ(3,4,9) coverage(65) occ(7,1,8) occ(37,1,5) occ(41,1,9) occ(47,1,6) occ(61,1,7) occ(5,2,10) occ(11,2,9) occ(35,2,3) occ(39,2,7) occ(45,2,8) occ(49,2,4) occ(9,3,7) occ(43,3,10) occ(59,3,6) occ(63,3,8) occ(4,4,3) occ(13,4,10) occ(33,4,2) occ(51,4,5) occ(55,4,7) occ(64,4,1) occ(6,5,1) occ(15,5,8) occ(57,5,5) occ(17,6,10) occ(23,6,9) occ(31,6,1) occ(36,6,5) occ(53,6,6) occ(62,6,2) occ(8,7,2) occ(16,7,4) occ(19,7,8) occ(25,7,7) occ(29,7,3) occ(46,7,9) occ(14,8,2) occ(21,8,10) occ(22,8,8) occ(27,8,5) occ(34,8,4) occ(38,8,6) occ(44,8,7) occ(52,8,9) occ(60,8,1) occ(10,9,1) occ(18,9,5) occ(24,9,10) occ(28,9,6) occ(32,9,2) occ(40,9,4) occ(48,9,8) occ(54,9,7) occ(58,9,3) occ(12,10,3) occ(20,10,7) occ(26,10,8) occ(30,10,4) occ(42,10,6) occ(50,10,10) occ(56,10,5)
Optimization: -65
Answer: 40
occ(1,2,6) occ(1,3,1) occ(1,5,9) occ(1,10,2) occ(1,1,10) occ(1,5,6) occ(1,3,9) occ(2,2,2) occ(3,4,9) coverage(66) occ(7,1,8) occ(37,1,5) occ(41,1,9) occ(47,1,6) occ(61,1,7) occ(5,2,10) occ(11,2,9) occ(35,2,3) occ(39,2,7) occ(45,2,8) occ(49,2,4) occ(9,3,7) occ(43,3,10) occ(59,3,6) occ(63,3,8) occ(4,4,3) occ(13,4,10) occ(33,4,2) occ(51,4,5) occ(55,4,7) occ(64,4,1) occ(65,4,6) occ(6,5,1) occ(15,5,8) occ(57,5,5) occ(17,6,10) occ(23,6,9) occ(31,6,1) occ(36,6,5) occ(53,6,6) occ(62,6,2) occ(8,7,2) occ(16,7,4) occ(19,7,8) occ(25,7,7) occ(29,7,3) occ(46,7,9) occ(14,8,2) occ(21,8,10) occ(22,8,8) occ(27,8,5) occ(34,8,4) occ(38,8,6) occ(44,8,7) occ(52,8,9) occ(60,8,1) occ(10,9,1) occ(18,9,5) occ(24,9,10) occ(28,9,6) occ(32,9,2) occ(40,9,4) occ(48,9,8) occ(54,9,7) occ(58,9,3) occ(12,10,3) occ(20,10,7) occ(26,10,8) occ(30,10,4) occ(42,10,6) occ(50,10,10) occ(56,10,5)
Optimization: -66
Answer: 41
occ(1,2,6) occ(1,3,1) occ(1,5,9) occ(1,10,2) occ(1,1,10) occ(1,5,6) occ(1,3,9) occ(2,2,2) occ(3,4,9) coverage(67) occ(7,1,8) occ(37,1,5) occ(41,1,9) occ(47,1,6) occ(61,1,7) occ(5,2,10) occ(11,2,9) occ(35,2,3) occ(39,2,7) occ(45,2,8) occ(49,2,4) occ(9,3,7) occ(43,3,10) occ(59,3,6) occ(63,3,8) occ(4,4,3) occ(13,4,10) occ(33,4,2) occ(51,4,5) occ(55,4,7) occ(65,4,6) occ(6,5,1) occ(15,5,8) occ(57,5,5) occ(14,6,4) occ(17,6,10) occ(23,6,9) occ(31,6,1) occ(36,6,5) occ(53,6,6) occ(62,6,2) occ(8,7,2) occ(16,7,6) occ(19,7,8) occ(25,7,7) occ(29,7,3) occ(46,7,9) occ(64,7,4) occ(12,8,3) occ(21,8,10) occ(22,8,8) occ(27,8,5) occ(34,8,4) occ(38,8,6) occ(44,8,7) occ(52,8,9) occ(60,8,1) occ(66,8,2) occ(10,9,1) occ(18,9,5) occ(24,9,10) occ(28,9,6) occ(32,9,2) occ(40,9,4) occ(48,9,8) occ(54,9,7) occ(58,9,3) occ(20,10,7) occ(26,10,8) occ(30,10,4) occ(42,10,6) occ(50,10,10) occ(56,10,5)
Optimization: -67
Answer: 42
occ(1,2,6) occ(1,3,1) occ(1,5,9) occ(1,10,2) occ(1,1,10) occ(1,5,6) occ(1,3,9) occ(2,2,2) occ(3,4,9) coverage(69) occ(37,1,5) occ(41,1,9) occ(47,1,6) occ(61,1,7) occ(67,1,8) occ(11,2,9) occ(35,2,3) occ(39,2,7) occ(45,2,8) occ(49,2,4) occ(65,2,10) occ(43,3,10) occ(59,3,6) occ(63,3,8) occ(4,4,3) occ(9,4,8) occ(13,4,10) occ(33,4,2) occ(51,4,5) occ(55,4,7) occ(6,5,1) occ(7,5,10) occ(15,5,8) occ(57,5,5) occ(5,6,8) occ(14,6,4) occ(17,6,10) occ(23,6,9) occ(31,6,1) occ(36,6,5) occ(53,6,6) occ(62,6,2) occ(8,7,2) occ(16,7,6) occ(19,7,8) occ(25,7,7) occ(29,7,3) occ(46,7,9) occ(64,7,4) occ(12,8,3) occ(21,8,10) occ(22,8,8) occ(27,8,5) occ(34,8,4) occ(38,8,6) occ(44,8,7) occ(52,8,9) occ(60,8,1) occ(66,8,2) occ(10,9,1) occ(18,9,5) occ(24,9,10) occ(28,9,6) occ(32,9,2) occ(40,9,4) occ(48,9,8) occ(54,9,7) occ(58,9,3) occ(20,10,7) occ(26,10,8) occ(30,10,4) occ(42,10,6) occ(50,10,10) occ(56,10,5) occ(68,10,1)
Optimization: -69
Answer: 43
occ(1,2,6) occ(1,3,1) occ(1,5,9) occ(1,10,2) occ(1,1,10) occ(1,5,6) occ(1,3,9) occ(2,2,2) occ(3,4,9) coverage(70) occ(37,1,5) occ(41,1,9) occ(47,1,6) occ(61,1,7) occ(67,1,8) occ(11,2,9) occ(35,2,3) occ(39,2,7) occ(45,2,8) occ(49,2,4) occ(65,2,10) occ(43,3,10) occ(59,3,6) occ(63,3,8) occ(69,3,7) occ(4,4,3) occ(9,4,8) occ(13,4,10) occ(33,4,2) occ(51,4,5) occ(55,4,7) occ(6,5,1) occ(7,5,10) occ(15,5,8) occ(57,5,5) occ(5,6,8) occ(14,6,4) occ(17,6,10) occ(23,6,9) occ(31,6,1) occ(36,6,5) occ(53,6,6) occ(62,6,2) occ(8,7,2) occ(16,7,6) occ(19,7,8) occ(25,7,7) occ(29,7,3) occ(46,7,9) occ(64,7,4) occ(12,8,3) occ(21,8,10) occ(22,8,8) occ(27,8,5) occ(34,8,4) occ(38,8,6) occ(44,8,7) occ(52,8,9) occ(60,8,1) occ(66,8,2) occ(10,9,1) occ(18,9,5) occ(24,9,10) occ(28,9,6) occ(32,9,2) occ(40,9,4) occ(48,9,8) occ(54,9,7) occ(58,9,3) occ(20,10,7) occ(26,10,8) occ(30,10,4) occ(42,10,6) occ(50,10,10) occ(56,10,5) occ(68,10,1)
Optimization: -70
Answer: 44
occ(1,2,6) occ(1,3,1) occ(1,5,9) occ(1,10,2) occ(1,1,10) occ(1,5,6) occ(1,3,9) occ(2,2,2) occ(3,4,9) coverage(71) occ(37,1,5) occ(41,1,9) occ(47,1,6) occ(61,1,7) occ(67,1,8) occ(11,2,9) occ(35,2,3) occ(39,2,7) occ(45,2,8) occ(49,2,4) occ(65,2,10) occ(43,3,10) occ(59,3,6) occ(63,3,8) occ(69,3,7) occ(4,4,3) occ(9,4,8) occ(13,4,10) occ(33,4,2) occ(51,4,5) occ(55,4,7) occ(6,5,1) occ(7,5,10) occ(15,5,8) occ(57,5,5) occ(5,6,8) occ(10,6,4) occ(17,6,10) occ(23,6,9) occ(31,6,1) occ(36,6,5) occ(53,6,6) occ(62,6,2) occ(8,7,2) occ(19,7,8) occ(20,7,10) occ(25,7,7) occ(29,7,3) occ(46,7,9) occ(64,7,4) occ(12,8,3) occ(21,8,10) occ(22,8,8) occ(27,8,5) occ(34,8,4) occ(38,8,6) occ(44,8,7) occ(52,8,9) occ(60,8,1) occ(66,8,2) occ(14,9,5) occ(18,9,9) occ(24,9,10) occ(28,9,6) occ(32,9,2) occ(40,9,4) occ(48,9,8) occ(54,9,7) occ(58,9,3) occ(70,9,1) occ(16,10,7) occ(26,10,8) occ(30,10,4) occ(42,10,6) occ(50,10,10) occ(56,10,5) occ(68,10,3)
Optimization: -71
Answer: 45
occ(1,2,6) occ(1,3,1) occ(1,5,9) occ(1,10,2) occ(1,1,10) occ(1,5,6) occ(1,3,9) occ(2,2,2) occ(3,4,9) coverage(72) occ(37,1,5) occ(41,1,9) occ(47,1,6) occ(61,1,7) occ(71,1,8) occ(11,2,9) occ(35,2,3) occ(39,2,7) occ(45,2,8) occ(49,2,4) occ(63,2,5) occ(69,2,10) occ(43,3,10) occ(59,3,6) occ(67,3,8) occ(4,4,3) occ(9,4,8) occ(13,4,10) occ(33,4,2) occ(51,4,5) occ(55,4,7) occ(65,4,6) occ(6,5,1) occ(7,5,10) occ(15,5,8) occ(57,5,5) occ(5,6,8) occ(10,6,4) occ(17,6,10) occ(23,6,9) occ(31,6,1) occ(36,6,5) occ(53,6,6) occ(62,6,2) occ(8,7,2) occ(19,7,8) occ(20,7,10) occ(25,7,7) occ(29,7,3) occ(46,7,9) occ(64,7,4) occ(12,8,3) occ(21,8,10) occ(22,8,8) occ(27,8,5) occ(34,8,4) occ(38,8,6) occ(44,8,7) occ(52,8,9) occ(60,8,1) occ(66,8,2) occ(14,9,5) occ(18,9,9) occ(24,9,10) occ(28,9,6) occ(32,9,2) occ(40,9,4) occ(48,9,8) occ(54,9,7) occ(58,9,3) occ(70,9,1) occ(16,10,7) occ(26,10,8) occ(30,10,4) occ(42,10,6) occ(50,10,10) occ(56,10,5) occ(68,10,3)
Optimization: -72
Answer: 46
occ(1,2,6) occ(1,3,1) occ(1,5,9) occ(1,10,2) occ(1,1,10) occ(1,5,6) occ(1,3,9) occ(2,2,2) occ(3,4,9) coverage(73) occ(37,1,1) occ(41,1,3) occ(61,1,7) occ(65,1,9) occ(71,1,4) occ(11,2,9) occ(35,2,3) occ(40,2,5) occ(57,2,8) occ(67,2,7) occ(39,3,2) occ(43,3,4) occ(59,3,6) occ(63,3,8) occ(69,3,5) occ(4,4,3) occ(9,4,8) occ(13,4,10) occ(33,4,2) occ(38,4,4) occ(42,4,6) occ(51,4,5) occ(55,4,7) occ(6,5,1) occ(7,5,10) occ(15,5,8) occ(45,5,5) occ(49,5,7) occ(72,5,4) occ(5,6,8) occ(10,6,4) occ(17,6,10) occ(23,6,9) occ(31,6,1) occ(36,6,5) occ(44,6,7) occ(53,6,6) occ(62,6,2) occ(8,7,2) occ(19,7,8) occ(20,7,10) occ(25,7,7) occ(29,7,3) occ(46,7,9) occ(47,7,6) occ(64,7,4) occ(70,7,5) occ(12,8,3) occ(21,8,10) occ(22,8,8) occ(27,8,5) occ(34,8,4) occ(52,8,9) occ(60,8,1) occ(66,8,2) occ(14,9,5) occ(18,9,9) occ(24,9,10) occ(28,9,6) occ(32,9,2) occ(48,9,8) occ(54,9,7) occ(58,9,3) occ(68,9,4) occ(16,10,7) occ(26,10,8) occ(30,10,4) occ(50,10,10) occ(56,10,5)
Optimization: -73
Answer: 47
occ(1,2,6) occ(1,3,1) occ(1,5,9) occ(1,10,2) occ(1,1,10) occ(1,5,6) occ(1,3,9) occ(2,2,2) occ(3,4,9) coverage(74) occ(37,1,1) occ(41,1,3) occ(61,1,7) occ(65,1,9) occ(71,1,4) occ(11,2,9) occ(35,2,3) occ(40,2,5) occ(57,2,8) occ(67,2,7) occ(39,3,2) occ(43,3,4) occ(59,3,6) occ(63,3,8) occ(69,3,5) occ(73,3,3) occ(4,4,3) occ(9,4,8) occ(13,4,10) occ(33,4,2) occ(38,4,4) occ(42,4,6) occ(51,4,5) occ(55,4,7) occ(6,5,1) occ(7,5,10) occ(15,5,8) occ(45,5,5) occ(49,5,7) occ(72,5,4) occ(5,6,8) occ(10,6,4) occ(17,6,10) occ(23,6,9) occ(31,6,1) occ(36,6,5) occ(44,6,7) occ(53,6,6) occ(62,6,2) occ(8,7,2) occ(19,7,8) occ(20,7,10) occ(25,7,7) occ(29,7,3) occ(46,7,9) occ(47,7,6) occ(64,7,4) occ(70,7,5) occ(12,8,3) occ(21,8,10) occ(22,8,8) occ(27,8,5) occ(34,8,4) occ(52,8,9) occ(60,8,1) occ(66,8,2) occ(14,9,5) occ(18,9,9) occ(24,9,10) occ(28,9,6) occ(32,9,2) occ(48,9,8) occ(54,9,7) occ(58,9,3) occ(68,9,4) occ(16,10,7) occ(26,10,8) occ(30,10,4) occ(50,10,10) occ(56,10,5)
Optimization: -74
Answer: 48
occ(1,2,6) occ(1,3,1) occ(1,5,9) occ(1,10,2) occ(1,1,10) occ(1,5,6) occ(1,3,9) occ(2,2,2) occ(3,4,9) coverage(75) occ(41,1,3) occ(61,1,7) occ(65,1,9) occ(71,1,4) occ(11,2,9) occ(40,2,5) occ(57,2,8) occ(67,2,7) occ(39,3,2) occ(43,3,4) occ(59,3,6) occ(63,3,8) occ(69,3,5) occ(73,3,3) occ(4,4,3) occ(9,4,8) occ(13,4,10) occ(38,4,4) occ(42,4,6) occ(51,4,5) occ(55,4,7) occ(74,4,2) occ(6,5,1) occ(7,5,10) occ(15,5,8) occ(37,5,3) occ(45,5,5) occ(49,5,7) occ(72,5,4) occ(5,6,8) occ(10,6,4) occ(17,6,10) occ(23,6,9) occ(35,6,1) occ(36,6,5) occ(44,6,7) occ(53,6,6) occ(62,6,2) occ(68,6,3) occ(8,7,2) occ(19,7,8) occ(20,7,10) occ(25,7,7) occ(33,7,3) occ(46,7,9) occ(47,7,6) occ(64,7,4) occ(70,7,5) occ(12,8,3) occ(21,8,10) occ(22,8,8) occ(27,8,5) occ(34,8,4) occ(52,8,9) occ(60,8,1) occ(66,8,2) occ(14,9,5) occ(18,9,9) occ(24,9,10) occ(28,9,6) occ(31,9,4) occ(32,9,2) occ(48,9,8) occ(54,9,7) occ(58,9,3) occ(16,10,7) occ(26,10,8) occ(29,10,6) occ(30,10,4) occ(50,10,10) occ(56,10,5)
Optimization: -75
Answer: 49
occ(1,2,6) occ(1,3,1) occ(1,5,9) occ(1,10,2) occ(1,1,10) occ(1,5,6) occ(1,3,9) occ(2,2,2) occ(3,4,9) coverage(76) occ(41,1,3) occ(61,1,7) occ(65,1,9) occ(71,1,4) occ(11,2,9) occ(40,2,5) occ(57,2,8) occ(67,2,7) occ(39,3,2) occ(43,3,4) occ(59,3,6) occ(63,3,8) occ(69,3,5) occ(73,3,3) occ(4,4,3) occ(9,4,8) occ(13,4,10) occ(38,4,4) occ(42,4,6) occ(51,4,5) occ(55,4,7) occ(74,4,2) occ(6,5,1) occ(7,5,10) occ(15,5,8) occ(37,5,3) occ(45,5,5) occ(49,5,7) occ(72,5,4) occ(75,5,2) occ(5,6,8) occ(10,6,4) occ(17,6,10) occ(23,6,9) occ(35,6,1) occ(36,6,5) occ(44,6,7) occ(53,6,6) occ(62,6,2) occ(68,6,3) occ(8,7,2) occ(19,7,8) occ(20,7,10) occ(25,7,7) occ(33,7,3) occ(46,7,9) occ(47,7,6) occ(64,7,4) occ(70,7,5) occ(12,8,3) occ(21,8,10) occ(22,8,8) occ(27,8,5) occ(34,8,4) occ(52,8,9) occ(60,8,1) occ(66,8,2) occ(14,9,5) occ(18,9,9) occ(24,9,10) occ(28,9,6) occ(31,9,4) occ(32,9,2) occ(48,9,8) occ(54,9,7) occ(58,9,3) occ(16,10,7) occ(26,10,8) occ(29,10,6) occ(30,10,4) occ(50,10,10) occ(56,10,5)
Optimization: -76
Answer: 50
occ(1,2,6) occ(1,3,1) occ(1,5,9) occ(1,10,2) occ(1,1,10) occ(1,5,6) occ(1,3,9) occ(2,2,2) occ(3,4,9) coverage(77) occ(41,1,3) occ(61,1,7) occ(65,1,9) occ(71,1,4) occ(11,2,9) occ(40,2,5) occ(57,2,8) occ(67,2,7) occ(76,2,1) occ(39,3,2) occ(43,3,4) occ(59,3,6) occ(63,3,8) occ(69,3,5) occ(73,3,3) occ(4,4,3) occ(9,4,8) occ(13,4,10) occ(38,4,4) occ(42,4,6) occ(51,4,5) occ(55,4,7) occ(74,4,2) occ(6,5,1) occ(7,5,10) occ(15,5,8) occ(37,5,3) occ(45,5,5) occ(49,5,7) occ(72,5,4) occ(75,5,2) occ(5,6,8) occ(10,6,4) occ(17,6,10) occ(23,6,9) occ(35,6,1) occ(36,6,5) occ(44,6,7) occ(53,6,6) occ(62,6,2) occ(68,6,3) occ(8,7,2) occ(19,7,8) occ(20,7,10) occ(25,7,7) occ(33,7,3) occ(46,7,9) occ(47,7,6) occ(64,7,4) occ(70,7,5) occ(12,8,3) occ(21,8,10) occ(22,8,8) occ(27,8,5) occ(34,8,4) occ(52,8,9) occ(60,8,1) occ(66,8,2) occ(14,9,5) occ(18,9,9) occ(24,9,10) occ(28,9,6) occ(31,9,4) occ(32,9,2) occ(48,9,8) occ(54,9,7) occ(58,9,3) occ(16,10,7) occ(26,10,8) occ(29,10,6) occ(30,10,4) occ(50,10,10) occ(56,10,5)
Optimization: -77
Answer: 51
occ(1,2,6) occ(1,3,1) occ(1,5,9) occ(1,10,2) occ(1,1,10) occ(1,5,6) occ(1,3,9) occ(2,2,2) occ(3,4,9) coverage(78) occ(41,1,3) occ(61,1,7) occ(65,1,9) occ(71,1,4) occ(11,2,9) occ(40,2,5) occ(57,2,8) occ(67,2,7) occ(76,2,1) occ(39,3,2) occ(43,3,4) occ(59,3,6) occ(63,3,8) occ(69,3,5) occ(73,3,3) occ(4,4,3) occ(9,4,8) occ(13,4,10) occ(38,4,4) occ(42,4,6) occ(51,4,5) occ(55,4,7) occ(74,4,2) occ(6,5,1) occ(7,5,10) occ(15,5,8) occ(37,5,3) occ(45,5,5) occ(49,5,7) occ(72,5,4) occ(75,5,2) occ(5,6,8) occ(10,6,4) occ(17,6,10) occ(23,6,9) occ(35,6,1) occ(36,6,5) occ(44,6,7) occ(53,6,6) occ(62,6,2) occ(68,6,3) occ(8,7,2) occ(19,7,8) occ(20,7,10) occ(25,7,7) occ(33,7,3) occ(46,7,9) occ(47,7,6) occ(64,7,4) occ(70,7,5) occ(77,7,1) occ(12,8,3) occ(21,8,10) occ(22,8,8) occ(27,8,5) occ(34,8,4) occ(52,8,9) occ(60,8,1) occ(66,8,2) occ(14,9,5) occ(18,9,9) occ(24,9,10) occ(28,9,6) occ(31,9,4) occ(32,9,2) occ(48,9,8) occ(54,9,7) occ(58,9,3) occ(16,10,7) occ(26,10,8) occ(29,10,6) occ(30,10,4) occ(50,10,10) occ(56,10,5)
Optimization: -78
Answer: 52
occ(1,2,6) occ(1,3,1) occ(1,5,9) occ(1,10,2) occ(1,1,10) occ(1,5,6) occ(1,3,9) occ(2,2,2) occ(3,4,9) coverage(79) occ(41,1,3) occ(61,1,7) occ(65,1,9) occ(71,1,4) occ(78,1,1) occ(11,2,9) occ(40,2,5) occ(57,2,8) occ(67,2,7) occ(76,2,3) occ(39,3,2) occ(43,3,4) occ(59,3,6) occ(63,3,8) occ(69,3,5) occ(73,3,3) occ(4,4,3) occ(9,4,8) occ(13,4,10) occ(38,4,4) occ(42,4,6) occ(51,4,5) occ(55,4,7) occ(74,4,2) occ(6,5,1) occ(7,5,10) occ(15,5,8) occ(37,5,3) occ(45,5,5) occ(49,5,7) occ(72,5,4) occ(75,5,2) occ(5,6,8) occ(10,6,4) occ(17,6,10) occ(23,6,9) occ(35,6,1) occ(36,6,5) occ(44,6,7) occ(53,6,6) occ(62,6,2) occ(68,6,3) occ(8,7,2) occ(19,7,8) occ(20,7,10) occ(25,7,7) occ(33,7,3) occ(46,7,9) occ(47,7,6) occ(64,7,4) occ(70,7,5) occ(77,7,1) occ(12,8,3) occ(21,8,10) occ(22,8,8) occ(27,8,5) occ(34,8,4) occ(52,8,9) occ(60,8,1) occ(66,8,2) occ(14,9,5) occ(18,9,9) occ(24,9,10) occ(28,9,6) occ(31,9,4) occ(32,9,2) occ(48,9,8) occ(54,9,7) occ(58,9,3) occ(16,10,7) occ(26,10,8) occ(29,10,6) occ(30,10,4) occ(50,10,10) occ(56,10,5)
Optimization: -79
Answer: 53
occ(1,2,6) occ(1,3,1) occ(1,5,9) occ(1,10,2) occ(1,1,10) occ(1,5,6) occ(1,3,9) occ(2,2,2) occ(3,4,9) coverage(80) occ(41,1,3) occ(61,1,7) occ(65,1,9) occ(71,1,4) occ(75,1,2) occ(78,1,1) occ(79,1,6) occ(11,2,9) occ(40,2,5) occ(57,2,8) occ(67,2,7) occ(76,2,3) occ(77,2,4) occ(39,3,2) occ(43,3,4) occ(59,3,6) occ(63,3,8) occ(69,3,5) occ(73,3,3) occ(4,4,3) occ(9,4,8) occ(13,4,10) occ(38,4,4) occ(42,4,6) occ(51,4,5) occ(55,4,7) occ(74,4,2) occ(6,5,1) occ(7,5,10) occ(15,5,8) occ(37,5,3) occ(45,5,5) occ(49,5,7) occ(72,5,4) occ(5,6,8) occ(10,6,4) occ(17,6,10) occ(23,6,9) occ(35,6,1) occ(36,6,5) occ(44,6,7) occ(53,6,6) occ(62,6,2) occ(68,6,3) occ(8,7,2) occ(19,7,8) occ(20,7,10) occ(25,7,7) occ(33,7,3) occ(46,7,9) occ(47,7,6) occ(64,7,4) occ(70,7,5) occ(12,8,3) occ(21,8,10) occ(22,8,8) occ(27,8,5) occ(34,8,4) occ(52,8,9) occ(60,8,1) occ(66,8,2) occ(14,9,5) occ(18,9,9) occ(24,9,10) occ(28,9,6) occ(31,9,4) occ(32,9,2) occ(48,9,8) occ(54,9,7) occ(58,9,3) occ(16,10,7) occ(26,10,8) occ(29,10,6) occ(30,10,4) occ(50,10,10) occ(56,10,5)
Optimization: -80
Answer: 54
occ(1,2,6) occ(1,3,1) occ(1,5,9) occ(1,10,2) occ(1,1,10) occ(1,5,6) occ(1,3,9) occ(2,2,2) occ(3,4,9) coverage(81) occ(7,1,8) occ(61,1,7) occ(65,1,9) occ(71,1,4) occ(75,1,2) occ(78,1,1) occ(79,1,6) occ(5,2,10) occ(11,2,9) occ(57,2,8) occ(67,2,7) occ(76,2,3) occ(77,2,4) occ(9,3,7) occ(19,3,4) occ(59,3,6) occ(63,3,8) occ(69,3,5) occ(73,3,3) occ(80,3,2) occ(4,4,3) occ(13,4,10) occ(17,4,6) occ(42,4,8) occ(51,4,5) occ(55,4,7) occ(74,4,2) occ(6,5,1) occ(15,5,8) occ(21,5,3) occ(44,5,10) occ(45,5,5) occ(49,5,7) occ(72,5,4) occ(10,6,4) occ(22,6,8) occ(23,6,1) occ(36,6,5) occ(40,6,9) occ(43,6,7) occ(53,6,6) occ(62,6,2) occ(68,6,3) occ(8,7,2) occ(20,7,10) occ(25,7,3) occ(35,7,8) occ(38,7,7) occ(46,7,9) occ(47,7,6) occ(64,7,4) occ(70,7,5) occ(12,8,3) occ(24,8,7) occ(27,8,5) occ(33,8,6) occ(34,8,4) occ(37,8,10) occ(41,8,8) occ(52,8,9) occ(60,8,1) occ(66,8,2) occ(14,9,5) occ(18,9,9) occ(28,9,6) occ(31,9,4) occ(32,9,2) occ(48,9,8) occ(54,9,7) occ(58,9,3) occ(16,10,7) occ(26,10,8) occ(29,10,6) occ(30,10,4) occ(39,10,9) occ(50,10,10) occ(56,10,5)
Optimization: -81
Answer: 55
occ(1,2,6) occ(1,3,1) occ(1,5,9) occ(1,10,2) occ(1,1,10) occ(1,5,6) occ(1,3,9) occ(2,2,2) occ(3,4,9) coverage(82) occ(7,1,8) occ(61,1,9) occ(65,1,7) occ(75,1,2) occ(78,1,1) occ(79,1,6) occ(5,2,10) occ(11,2,9) occ(57,2,8) occ(76,2,3) occ(77,2,4) occ(9,3,7) occ(19,3,4) occ(59,3,10) occ(63,3,8) occ(67,3,6) occ(73,3,3) occ(80,3,2) occ(81,3,5) occ(4,4,3) occ(13,4,10) occ(17,4,6) occ(42,4,8) occ(51,4,5) occ(55,4,7) occ(69,4,4) occ(74,4,2) occ(6,5,1) occ(15,5,8) occ(21,5,3) occ(44,5,10) occ(45,5,5) occ(49,5,7) occ(71,5,2) occ(72,5,4) occ(10,6,4) occ(22,6,8) occ(23,6,1) occ(36,6,5) occ(40,6,9) occ(43,6,7) occ(53,6,6) occ(62,6,2) occ(68,6,3) occ(8,7,2) occ(20,7,10) occ(25,7,3) occ(35,7,8) occ(38,7,7) occ(46,7,9) occ(47,7,6) occ(64,7,4) occ(70,7,5) occ(12,8,3) occ(24,8,7) occ(27,8,5) occ(33,8,6) occ(34,8,4) occ(37,8,10) occ(41,8,8) occ(52,8,9) occ(60,8,1) occ(66,8,2) occ(14,9,5) occ(18,9,9) occ(28,9,6) occ(31,9,4) occ(32,9,2) occ(48,9,8) occ(54,9,7) occ(58,9,3) occ(16,10,7) occ(26,10,8) occ(29,10,6) occ(30,10,4) occ(39,10,9) occ(50,10,10) occ(56,10,5)
Optimization: -82
Answer: 56
occ(1,2,6) occ(1,3,1) occ(1,5,9) occ(1,10,2) occ(1,1,10) occ(1,5,6) occ(1,3,9) occ(2,2,2) occ(3,4,9) coverage(84) occ(7,1,8) occ(11,1,6) occ(17,1,3) occ(61,1,7) occ(65,1,9) occ(71,1,4) occ(5,2,10) occ(13,2,4) occ(44,2,9) occ(57,2,8) occ(67,2,7) occ(76,2,3) occ(80,2,5) occ(9,3,7) occ(15,3,2) occ(19,3,4) occ(59,3,6) occ(63,3,8) occ(69,3,5) occ(73,3,3) occ(4,4,3) occ(42,4,8) occ(46,4,10) occ(51,4,5) occ(55,4,7) occ(74,4,2) occ(78,4,4) occ(82,4,6) occ(6,5,1) occ(21,5,3) occ(38,5,7) occ(45,5,5) occ(48,5,8) occ(72,5,4) occ(75,5,2) occ(22,6,8) occ(23,6,1) occ(36,6,5) occ(40,6,9) occ(43,6,7) occ(49,6,4) occ(50,6,10) occ(53,6,6) occ(62,6,2) occ(68,6,3) occ(8,7,2) occ(20,7,10) occ(25,7,3) occ(30,7,9) occ(34,7,7) occ(35,7,8) occ(47,7,6) occ(64,7,4) occ(70,7,5) occ(77,7,1) occ(12,8,3) occ(24,8,7) occ(27,8,5) occ(33,8,6) occ(37,8,10) occ(41,8,8) occ(52,8,9) occ(60,8,1) occ(66,8,2) occ(10,9,1) occ(14,9,5) occ(18,9,9) occ(28,9,10) occ(31,9,4) occ(32,9,8) occ(54,9,7) occ(58,9,3) occ(79,9,2) occ(83,9,6) occ(16,10,7) occ(26,10,8) occ(29,10,6) occ(39,10,9) occ(56,10,5) occ(81,10,4)
Optimization: -84
Answer: 57
occ(1,2,6) occ(1,3,1) occ(1,5,9) occ(1,10,2) occ(1,1,10) occ(1,5,6) occ(1,3,9) occ(2,2,2) occ(3,4,9) coverage(85) occ(4,1,4) occ(8,1,6) occ(12,1,8) occ(57,1,3) occ(61,1,7) occ(65,1,5) occ(70,1,9) occ(84,1,2) occ(14,2,10) occ(35,2,3) occ(59,2,5) occ(66,2,8) occ(72,2,7) occ(82,2,4) occ(6,3,5) occ(10,3,7) occ(16,3,8) occ(25,3,3) occ(55,3,2) occ(63,3,6) occ(67,3,4) occ(68,3,10) occ(18,4,10) occ(23,4,1) occ(33,4,4) occ(36,4,5) occ(37,4,2) occ(64,4,7) occ(69,4,6) occ(74,4,8) occ(80,4,3) occ(20,5,8) occ(27,5,2) occ(34,5,7) occ(41,5,3) occ(53,5,1) occ(71,5,4) occ(78,5,5) occ(5,6,10) occ(21,6,2) occ(31,6,3) occ(38,6,4) occ(39,6,1) occ(44,6,9) occ(62,6,8) occ(76,6,7) occ(17,7,3) occ(22,7,9) occ(29,7,1) occ(32,7,8) occ(42,7,7) occ(43,7,4) occ(51,7,2) occ(60,7,10) occ(73,7,5) occ(7,8,9) occ(19,8,1) occ(28,8,7) occ(40,8,5) occ(46,8,10) occ(47,8,3) occ(54,8,6) occ(58,8,8) occ(77,8,4) occ(81,8,2) occ(11,9,8) occ(15,9,4) occ(24,9,10) occ(30,9,9) occ(45,9,5) occ(49,9,1) occ(50,9,7) occ(75,9,6) occ(9,10,10) occ(13,10,6) occ(26,10,8) occ(48,10,9) occ(52,10,5) occ(56,10,7) occ(79,10,3) occ(83,10,1)
Optimization: -85
Answer: 58
occ(1,2,6) occ(1,3,1) occ(1,5,9) occ(1,10,2) occ(1,1,10) occ(1,5,6) occ(1,3,9) occ(2,2,2) occ(3,4,9) coverage(87) occ(4,1,4) occ(8,1,6) occ(9,1,7) occ(17,1,1) occ(41,1,3) occ(51,1,2) occ(61,1,9) occ(5,2,10) occ(11,2,5) occ(12,2,9) occ(15,2,3) occ(39,2,1) occ(49,2,4) occ(59,2,7) occ(65,2,8) occ(6,3,5) occ(7,3,8) occ(10,3,7) occ(19,3,2) occ(43,3,4) occ(53,3,3) occ(63,3,10) occ(79,3,6) occ(13,4,4) occ(14,4,10) occ(23,4,3) occ(37,4,2) occ(47,4,5) occ(57,4,6) occ(67,4,7) occ(81,4,8) occ(16,5,8) occ(21,5,1) occ(45,5,3) occ(52,5,2) occ(55,5,4) occ(69,5,5) occ(77,5,7) occ(80,5,10) occ(18,6,10) occ(25,6,2) occ(28,6,5) occ(35,6,1) occ(50,6,4) occ(56,6,3) occ(66,6,6) occ(78,6,8) occ(83,6,9) occ(84,6,7) occ(30,7,7) occ(48,7,2) occ(54,7,1) occ(58,7,5) occ(62,7,3) occ(68,7,8) occ(71,7,4) occ(75,7,6) occ(76,7,10) occ(82,7,9) occ(20,8,9) occ(26,8,4) occ(27,8,1) occ(33,8,2) occ(36,8,7) occ(44,8,3) occ(64,8,5) occ(70,8,6) occ(85,8,10) occ(86,8,8) occ(22,9,7) occ(29,9,3) occ(32,9,8) occ(40,9,6) occ(46,9,1) occ(60,9,4) occ(73,9,5) occ(74,9,9) occ(24,10,5) occ(31,10,1) occ(34,10,6) occ(38,10,8) occ(42,10,4) occ(72,10,7)
Optimization: -87
Answer: 59
occ(1,2,6) occ(1,3,1) occ(1,5,9) occ(1,10,2) occ(1,1,10) occ(1,5,6) occ(1,3,9) occ(2,2,2) occ(3,4,9) coverage(88) occ(7,1,6) occ(13,1,9) occ(14,1,7) occ(21,1,3) occ(25,1,1) occ(29,1,5) occ(80,1,2) occ(84,1,4) occ(9,2,8) occ(15,2,7) occ(16,2,5) occ(27,2,3) occ(78,2,4) occ(5,3,7) occ(11,3,10) occ(12,3,8) occ(19,3,4) occ(23,3,2) occ(31,3,6) occ(82,3,3) occ(86,3,5) occ(4,4,1) occ(8,4,5) occ(17,4,6) occ(18,4,4) occ(33,4,8) occ(54,4,2) occ(72,4,7) occ(76,4,3) occ(77,4,10) occ(6,5,3) occ(10,5,7) occ(20,5,2) occ(35,5,10) occ(52,5,4) occ(53,5,1) occ(74,5,5) occ(79,5,8) occ(32,6,7) occ(37,6,8) occ(50,6,2) occ(55,6,3) occ(56,6,1) occ(60,6,5) occ(65,6,4) occ(70,6,6) occ(75,6,9) occ(81,6,10) occ(22,7,1) occ(34,7,9) occ(39,7,10) occ(46,7,5) occ(51,7,2) occ(58,7,3) occ(67,7,6) occ(68,7,4) occ(30,8,8) occ(40,8,7) occ(48,8,3) occ(57,8,2) occ(62,8,4) occ(63,8,5) occ(66,8,6) occ(73,8,10) occ(83,8,9) occ(24,9,2) occ(28,9,6) occ(36,9,10) occ(41,9,9) occ(44,9,4) occ(45,9,5) occ(49,9,1) occ(61,9,3) occ(69,9,7) occ(87,9,8) occ(26,10,4) occ(38,10,8) occ(42,10,6) occ(43,10,7) occ(47,10,3) occ(59,10,1) occ(64,10,5) occ(71,10,9) occ(85,10,10)
Optimization: -88
Answer: 60
occ(1,2,6) occ(1,3,1) occ(1,5,9) occ(1,10,2) occ(1,1,10) occ(1,5,6) occ(1,3,9) occ(2,2,2) occ(3,4,9) coverage(89) occ(4,1,4) occ(30,1,5) occ(34,1,7) occ(42,1,9) occ(48,1,6) occ(52,1,2) occ(74,1,3) occ(80,1,8) occ(36,2,9) occ(40,2,7) occ(46,2,8) occ(50,2,4) occ(68,2,3) occ(72,2,1) occ(76,2,5) occ(82,2,10) occ(6,3,5) occ(28,3,4) occ(32,3,6) occ(44,3,10) occ(54,3,3) occ(60,3,2) occ(78,3,7) occ(84,3,8) occ(7,4,5) occ(24,4,7) occ(38,4,8) occ(45,4,6) occ(56,4,1) occ(66,4,4) occ(70,4,2) occ(86,4,10) occ(5,5,7) occ(8,5,4) occ(26,5,5) occ(58,5,3) occ(62,5,1) occ(75,5,8) occ(87,5,10) occ(9,6,4) occ(17,6,2) occ(21,6,6) occ(22,6,8) occ(43,6,5) occ(47,6,7) occ(64,6,3) occ(73,6,10) occ(88,6,9) occ(10,7,5) occ(11,7,2) occ(19,7,4) occ(20,7,6) occ(41,7,3) occ(55,7,8) occ(77,7,7) occ(85,7,9) occ(12,8,7) occ(15,8,3) occ(23,8,5) occ(29,8,4) occ(33,8,2) occ(39,8,1) occ(49,8,8) occ(53,8,10) occ(61,8,6) occ(71,8,9) occ(13,9,1) occ(14,9,9) occ(18,9,5) occ(27,9,2) occ(37,9,3) occ(57,9,7) occ(63,9,4) occ(67,9,8) occ(79,9,6) occ(83,9,10) occ(16,10,7) occ(25,10,4) occ(31,10,3) occ(35,10,1) occ(51,10,9) occ(59,10,5) occ(65,10,6) occ(69,10,10) occ(81,10,8)
Optimization: -89
Answer: 61
occ(1,2,6) occ(1,3,1) occ(1,5,9) occ(1,10,2) occ(1,1,10) occ(1,5,6) occ(1,3,9) occ(2,2,2) occ(3,4,9) coverage(90) occ(17,1,5) occ(21,1,1) occ(25,1,3) occ(31,1,4) occ(35,1,6) occ(71,1,8) occ(77,1,7) occ(5,2,8) occ(15,2,7) occ(19,2,3) occ(27,2,1) occ(37,2,4) occ(69,2,10) occ(75,2,5) occ(79,2,9) occ(11,3,4) occ(23,3,2) occ(29,3,3) occ(33,3,5) occ(39,3,6) occ(67,3,8) occ(73,3,7) occ(4,4,1) occ(7,4,7) occ(13,4,6) occ(32,4,5) occ(36,4,3) occ(41,4,4) occ(61,4,10) occ(81,4,8) occ(89,4,2) occ(9,5,5) occ(38,5,1) occ(43,5,2) occ(46,5,3) occ(59,5,8) occ(65,5,7) occ(87,5,4) occ(6,6,2) occ(26,6,10) occ(30,6,6) occ(34,6,4) occ(40,6,3) occ(44,6,1) occ(48,6,5) occ(63,6,9) occ(74,6,8) occ(83,6,7) occ(8,7,4) occ(28,7,8) occ(45,7,3) occ(50,7,7) occ(57,7,9) occ(58,7,1) occ(72,7,10) occ(76,7,6) occ(84,7,2) occ(85,7,5) occ(10,8,6) occ(18,8,10) occ(24,8,9) occ(42,8,2) occ(51,8,7) occ(52,8,5) occ(60,8,3) occ(78,8,8) occ(82,8,4) occ(14,9,7) occ(20,9,8) occ(47,9,4) occ(55,9,10) occ(56,9,2) occ(62,9,1) occ(66,9,5) occ(70,9,9) occ(80,9,6) occ(86,9,3) occ(12,10,5) occ(16,10,9) occ(22,10,10) occ(49,10,6) occ(53,10,8) occ(54,10,4) occ(64,10,3) occ(68,10,7) occ(88,10,1)
Optimization: -90
Answer: 62
occ(1,2,6) occ(1,3,1) occ(1,5,9) occ(1,10,2) occ(1,1,10) occ(1,5,6) occ(1,3,9) occ(2,2,2) occ(3,4,9) coverage(91) occ(7,1,8) occ(13,1,3) occ(54,1,7) occ(58,1,9) occ(62,1,5) occ(66,1,1) occ(5,2,10) occ(11,2,5) occ(15,2,1) occ(42,2,4) occ(46,2,8) occ(52,2,9) occ(60,2,7) occ(64,2,3) occ(9,3,7) occ(14,3,5) occ(17,3,3) occ(44,3,6) occ(48,3,10) occ(56,3,8) occ(68,3,2) occ(79,3,4) occ(4,4,1) occ(16,4,7) occ(23,4,3) occ(40,4,5) occ(50,4,8) occ(70,4,4) occ(77,4,2) occ(81,4,6) occ(82,4,10) occ(12,5,4) occ(19,5,2) occ(25,5,5) occ(29,5,7) occ(73,5,3) occ(84,5,8) occ(89,5,1) occ(6,6,2) occ(18,6,8) occ(21,6,4) occ(38,6,6) occ(72,6,5) occ(75,6,1) occ(80,6,9) occ(83,6,7) occ(86,6,10) occ(87,6,3) occ(10,7,3) occ(20,7,10) occ(27,7,6) occ(30,7,1) occ(31,7,8) occ(45,7,9) occ(55,7,4) occ(71,7,2) occ(74,7,7) occ(85,7,5) occ(8,8,1) occ(28,8,3) occ(36,8,5) occ(37,8,8) occ(47,8,7) occ(53,8,6) occ(57,8,2) occ(65,8,4) occ(78,8,10) occ(88,8,9) occ(22,9,9) occ(26,9,5) occ(32,9,2) occ(33,9,7) occ(39,9,6) occ(43,9,10) occ(51,9,4) occ(61,9,3) occ(69,9,1) occ(76,9,8) occ(24,10,7) occ(34,10,4) occ(35,10,9) occ(41,10,8) occ(49,10,6) occ(59,10,1) occ(63,10,5) occ(67,10,3) occ(90,10,10)
Optimization: -91
Answer: 63
occ(1,2,6) occ(1,3,1) occ(1,5,9) occ(1,10,2) occ(1,1,10) occ(1,5,6) occ(1,3,9) occ(2,2,2) occ(3,4,9) coverage(92) occ(4,1,4) occ(48,1,8) occ(54,1,7) occ(78,1,9) occ(81,1,3) occ(84,1,6) occ(85,1,1) occ(89,1,5) occ(46,2,10) occ(52,2,9) occ(56,2,5) occ(76,2,7) occ(79,2,1) occ(82,2,8) occ(86,2,4) occ(87,2,3) occ(6,3,5) occ(10,3,3) occ(44,3,8) occ(50,3,7) occ(80,3,10) occ(83,3,2) occ(88,3,6) occ(91,3,4) occ(11,4,5) occ(12,4,1) occ(28,4,7) occ(42,4,10) occ(58,4,4) occ(64,4,3) occ(74,4,6) occ(77,4,2) occ(90,4,8) occ(8,5,4) occ(13,5,7) occ(26,5,5) occ(60,5,2) occ(66,5,1) occ(67,5,8) occ(70,5,3) occ(5,6,10) occ(9,6,6) occ(14,6,2) occ(19,6,3) occ(30,6,8) occ(40,6,9) occ(62,6,4) occ(63,6,7) occ(72,6,5) occ(75,6,1) occ(7,7,8) occ(15,7,6) occ(21,7,1) occ(24,7,4) occ(39,7,10) occ(61,7,5) occ(65,7,9) occ(68,7,2) occ(69,7,7) occ(73,7,3) occ(16,8,1) occ(17,8,4) occ(22,8,2) occ(27,8,3) occ(32,8,9) occ(38,8,10) occ(41,8,8) occ(49,8,6) occ(55,8,7) occ(71,8,5) occ(18,9,3) occ(23,9,2) occ(29,9,1) occ(33,9,5) occ(36,9,8) occ(37,9,9) occ(45,9,7) occ(51,9,4) occ(59,9,6) occ(20,10,1) occ(25,10,4) occ(31,10,3) occ(34,10,10) occ(35,10,7) occ(43,10,9) occ(47,10,5) occ(53,10,6) occ(57,10,8)
Optimization: -92
Answer: 64
occ(1,2,6) occ(1,3,1) occ(1,5,9) occ(1,10,2) occ(1,1,10) occ(1,5,6) occ(1,3,9) occ(2,2,2) occ(3,4,9) coverage(93) occ(4,1,4) occ(48,1,8) occ(54,1,7) occ(78,1,9) occ(81,1,3) occ(84,1,6) occ(85,1,1) occ(89,1,5) occ(46,2,10) occ(52,2,9) occ(56,2,5) occ(76,2,7) occ(79,2,1) occ(82,2,8) occ(86,2,4) occ(87,2,3) occ(6,3,5) occ(10,3,3) occ(44,3,8) occ(50,3,7) occ(80,3,10) occ(83,3,2) occ(88,3,6) occ(91,3,4) occ(11,4,5) occ(12,4,1) occ(28,4,7) occ(42,4,10) occ(58,4,4) occ(64,4,3) occ(74,4,6) occ(77,4,2) occ(90,4,8) occ(8,5,4) occ(13,5,7) occ(26,5,5) occ(60,5,2) occ(66,5,1) occ(67,5,8) occ(70,5,3) occ(92,5,10) occ(5,6,10) occ(9,6,6) occ(14,6,2) occ(19,6,3) occ(30,6,8) occ(40,6,9) occ(62,6,4) occ(63,6,7) occ(72,6,5) occ(75,6,1) occ(7,7,8) occ(15,7,6) occ(21,7,1) occ(24,7,4) occ(39,7,10) occ(61,7,5) occ(65,7,9) occ(68,7,2) occ(69,7,7) occ(73,7,3) occ(16,8,1) occ(17,8,4) occ(22,8,2) occ(27,8,3) occ(32,8,9) occ(38,8,10) occ(41,8,8) occ(49,8,6) occ(55,8,7) occ(71,8,5) occ(18,9,3) occ(23,9,2) occ(29,9,1) occ(33,9,5) occ(36,9,8) occ(37,9,9) occ(45,9,7) occ(51,9,4) occ(59,9,6) occ(20,10,1) occ(25,10,4) occ(31,10,3) occ(34,10,10) occ(35,10,7) occ(43,10,9) occ(47,10,5) occ(53,10,6) occ(57,10,8)
Optimization: -93
*** Info : (clingo): INTERRUPTED by signal!
SATISFIABLE

TIME LIMIT   : 1
Models       : 64+
  Optimum    : unknown
Optimization : -93
Calls        : 1
Time         : 300.000s (Solving: 298.57s 1st Model: 0.00s Unsat: 0.00s)
CPU Time     : 300.000s
