
-----------------------------------------
| 85|  0| 81|  4| 89| 84| 54| 48| 78|  1|
-----------------------------------------
| 79|  2| 87| 86| 56|  1| 76| 82| 52| 46|
-----------------------------------------
|  1| 83| 10| 91|  6| 88| 50| 44|  1| 80|
-----------------------------------------
| 12| 77| 64| 58| 11| 74| 28| 90|  3| 42|
-----------------------------------------
| 66| 60| 70|  8| 26|  1| 13| 67|  1| 92|
-----------------------------------------
| 75| 14| 19| 62| 72|  9| 63| 30| 40|  5|
-----------------------------------------
| 21| 68| 73| 24| 61| 15| 69|  7| 65| 39|
-----------------------------------------
| 16| 22| 27| 17| 71| 49| 55| 41| 32| 38|
-----------------------------------------
| 29| 23| 18| 51| 33| 59| 45| 36| 37|  0|
-----------------------------------------
| 20|  1| 31| 25| 47| 53| 35| 57| 43| 34|
-----------------------------------------

| n = 10 | k = 7 | coverage = 98, 98.0%
 Time 300.0
 Name 15_10x10_clingo

