
-------------------------------------------------
|121|  0|109| 43| 97|110|105|  3|101|118|124|  0|
-------------------------------------------------
|111| 45|123| 93|107|  1| 99|108|114|104|  7|120|
-------------------------------------------------
|125|119| 41| 47| 24| 95|112|103|  5|122|116|126|
-------------------------------------------------
| 39|113| 26|  0| 91| 16| 51| 85|106| 13|102|  9|
-------------------------------------------------
|117|127| 37| 18| 49| 22| 89| 34|  0| 98|128| 15|
-------------------------------------------------
| 70| 28|115|133| 14| 32| 83| 53| 87| 17| 11|100|
-------------------------------------------------
|129| 35| 68| 30| 20| 55| 36|  0| 81| 54| 96|130|
-------------------------------------------------
| 66| 72|131| 57| 82| 12| 58|  8| 19|132| 46| 77|
-------------------------------------------------
| 33| 59|  0| 78| 60| 23| 84| 38| 56| 79| 52| 94|
-------------------------------------------------
| 74| 64| 27| 65| 86| 80| 10| 21|  6| 48| 75| 44|
-------------------------------------------------
| 61| 31| 76| 62| 25| 67| 88|  2| 40| 71| 92| 50|
-------------------------------------------------
|  0|  0| 63| 29|  0|  0|  0| 69| 90|  4| 42| 73|
-------------------------------------------------

| n = 12 | k = 6 | coverage = 138, 95.83333333333333%
 Time 300.002
 Name 12_12x12_clingo

