
-----------------------------------------
| 52| 58| 59| 66| 67| 70| 71| 74| 75| 78|
-----------------------------------------
| 53| 47| 54| 60| 61| 64| 65| 80| 42|  0|
-----------------------------------------
| 56| 50| 51| 57| 68| 69| 72| 73| 76| 77|
-----------------------------------------
| 49| 55| 45| 48| 62| 63| 82| 44|  1| 40|
-----------------------------------------
| 43| 37| 32| 85| 84| 46| 36| 29| 79|  1|
-----------------------------------------
| 89| 28| 41| 35| 34| 83|  1| 88| 38|  3|
-----------------------------------------
| 39| 14| 87| 30| 19| 86| 31| 81| 27| 90|
-----------------------------------------
| 26| 91| 22| 16| 33|  4| 17| 92|  5| 11|
-----------------------------------------
| 12| 18|  1|  2|  8| 21|  7| 13|  1| 25|
-----------------------------------------
|  0| 24| 10| 20|  1| 15|  6| 23|  9|  0|
-----------------------------------------

| n = 10 | k = 6 | coverage = 97, 97.0%
 Time 301.22
 Name 9_10x10_minizinc

