
-----------------------------------------
| 53|  1| 58| 67| 66| 71| 70| 63| 74| 75|
-----------------------------------------
| 60| 50| 51| 57| 56| 65| 79| 73| 83|  1|
-----------------------------------------
| 49| 55| 54| 64| 69| 68| 61| 72| 77| 76|
-----------------------------------------
| 52| 62| 48|  1| 59|  1| 40| 81| 39| 34|
-----------------------------------------
| 46| 47| 18|  3| 42|  0| 41| 36| 78|  0|
-----------------------------------------
| 16|  5| 44| 45| 20| 38| 23|  1| 32| 37|
-----------------------------------------
|  0| 15|  1|  7|  1| 43| 30| 35|  6| 80|
-----------------------------------------
|  0| 14|  1| 22|  1| 21|  8| 25| 31|  2|
-----------------------------------------
| 13| 24| 17| 12|  9| 28| 33|  4| 82| 27|
-----------------------------------------
|  0|  0| 11| 26| 19| 10| 84| 29|  1|  0|
-----------------------------------------

| n = 10 | k = 10 | coverage = 93, 93.0%
 Time 301.18
 Name 16_10x10_minizinc

