
-------------------------------------------------
|106|100| 62| 56|  0| 96| 17|  0|  9|107|117|111|
-------------------------------------------------
| 60|114|104| 98| 64| 54| 11|105| 19|113|  7|121|
-------------------------------------------------
|102|108| 58|112| 94|103| 66| 15|  0|119|109|115|
-------------------------------------------------
|116| 90|  0|101| 31| 13| 52| 21| 27| 65|123|  5|
-------------------------------------------------
| 46| 35|110| 92| 50| 68| 29| 63|  6|  3| 25| 67|
-------------------------------------------------
| 88|118| 48| 33| 99|122|135| 70| 23| 69|  8|125|
-------------------------------------------------
| 37| 44|134|120|126| 24| 74|131| 61|  4|  1| 71|
-------------------------------------------------
|136| 86| 39| 97|132|133|124|  2| 72| 73|127| 10|
-------------------------------------------------
| 42| 91| 82| 43| 26|128| 22| 76|129| 59| 18| 75|
-------------------------------------------------
| 84| 41| 95|130| 80| 85| 32| 49| 20| 81| 12| 53|
-------------------------------------------------
| 93| 40| 89| 28| 45| 36| 78| 83| 57| 51| 77| 16|
-------------------------------------------------
|  0|  0|  0| 38| 87| 30| 47| 34| 79| 14| 55|  0|
-------------------------------------------------

| n = 12 | k = 5 | coverage = 140, 97.22222222222223%
 Time 300.002
 Name 18_12x12_clingo

