
---------------------------------
| 32| 37| 43| 42| 47| 46| 27|  2|
---------------------------------
| 41| 40| 30| 35| 25|  4| 49|  1|
---------------------------------
|  1| 34| 39| 45| 44|  1| 48| 29|
---------------------------------
| 38| 28| 54| 23| 33| 51|  6|  0|
---------------------------------
| 56| 21| 36| 26|  3| 50| 31| 53|
---------------------------------
| 13|  7| 17| 52| 14| 20|  1|  8|
---------------------------------
| 19|  1| 11|  5| 24| 10| 55| 18|
---------------------------------
|  9| 15|  1| 12|  0| 16| 22|  0|
---------------------------------

| n = 8 | k = 6 | coverage = 61, 95.3125%
 Time 300.49
 Name 0_8x8_minizinc

