
---------------------------------------------------------
|150|129|123|140|110| 21|  2|136|106|132|  0|  0|  0|  0|
---------------------------------------------------------
|125|162|152| 23|121|138|108| 19|  4|115|104|130| 80|  0|
---------------------------------------------------------
|131|148|127|164|142|112|119|  0|134| 17|  6|113|102| 84|
---------------------------------------------------------
|160|154|144|114| 25|166|124| 15|117| 34|128| 82|109| 78|
---------------------------------------------------------
|146|133| 26|156|122|116| 27|168|126| 13|111|  8| 86|100|
---------------------------------------------------------
| 69|158|120| 31| 28|170|  1| 42| 32|  7| 36| 11| 76|107|
---------------------------------------------------------
|135| 24| 71|172|118| 29| 30|  5| 38| 60| 10|  0| 98| 88|
---------------------------------------------------------
|176| 67| 33|139| 73|  3| 40|  0| 44| 79|  9| 62|105| 74|
---------------------------------------------------------
| 22|137|174| 65| 95|141| 75| 81| 58| 12| 46| 72| 90| 96|
---------------------------------------------------------
|  0|178| 20| 35|153| 83| 97|143| 77|  0| 92|103| 64|  0|
---------------------------------------------------------
|  0| 37| 63| 85| 18| 93|151| 56| 14|101| 70| 48| 94|165|
---------------------------------------------------------
| 45| 51| 41| 91| 57|155| 16| 99|145| 50|161|167|173| 66|
---------------------------------------------------------
| 39| 61| 47| 53| 87|149|  0|157| 54|  0|171| 68|163|177|
---------------------------------------------------------
| 49| 43| 89| 59|  0| 55|  0|147|  0|159| 52|175|169|  0|
---------------------------------------------------------

| n = 14 | k = 9 | coverage = 186, 94.89795918367346%
 Time 300.001
 Name 11_14x14_clingo

