
-------------------------------------------------
|108|  0|116| 98| 11| 90|  3|  2| 15| 86| 36|  0|
-------------------------------------------------
|114|100|110|  1|  5| 23| 13| 88|  1| 40| 17| 84|
-------------------------------------------------
|131|106| 96|118| 92|  9|  4| 21| 63| 34|  1| 38|
-------------------------------------------------
| 14|112|102|  7|130|120| 25| 32| 42| 19| 82|  0|
-------------------------------------------------
|104|129| 16| 94| 28|  6| 44| 65| 35| 61| 76|  0|
-------------------------------------------------
| 18| 12|109|127|122|128| 30| 27| 74| 80|  1| 59|
-------------------------------------------------
|111|125| 20| 26|  8| 46|124| 37| 67| 33| 72| 78|
-------------------------------------------------
| 22|107| 10| 52|126| 39| 29| 48| 70|  1| 57| 47|
-------------------------------------------------
|123|113| 24| 73| 56| 50| 68| 69| 31| 45|  1|  0|
-------------------------------------------------
|105| 99| 54|119| 62| 71| 41| 79| 85| 55| 49|  0|
-------------------------------------------------
|115|121| 95|101| 75| 58| 91| 66| 43| 81| 87| 53|
-------------------------------------------------
| 97|103|117| 60| 93| 64| 77| 83| 89| 51|  1|  0|
-------------------------------------------------

| n = 12 | k = 7 | coverage = 137, 95.13888888888889%
 Time 300.002
 Name 1_12x12_clingo

