
---------------------------------
| 35| 38|  3| 42| 43|  2| 47| 46|
---------------------------------
| 57| 28| 37| 31| 49| 44| 41|  4|
---------------------------------
| 36| 33| 40|  5| 39| 45| 48|  1|
---------------------------------
| 26| 55| 30| 16| 29| 51|  6|  1|
---------------------------------
|  0| 34| 19| 53|  7| 14| 27| 50|
---------------------------------
|  1| 24| 18| 32| 21| 52|  9|  8|
---------------------------------
| 20| 17| 56|  1| 12| 13|  1| 25|
---------------------------------
| 58|  0| 22| 15| 54| 23| 10| 11|
---------------------------------

| n = 8 | k = 5 | coverage = 62, 96.875%
 Time 300.51
 Name 17_8x8_minizinc

