
---------------------------------
| 50| 35| 41| 40| 45| 36| 30| 24|
---------------------------------
| 39| 42|  3| 34|  1| 26| 47|  2|
---------------------------------
| 33| 48| 37| 43| 38| 32| 22| 28|
---------------------------------
| 15|  5| 44|  1| 19| 14|  4| 49|
---------------------------------
| 46| 31| 17|  1| 25|  8| 21| 20|
---------------------------------
|  7| 13| 27|  1| 16|  1| 12|  6|
---------------------------------
| 29|  0|  1| 11| 10| 23| 18|  0|
---------------------------------
|  0|  9|  1|  1|  0|  1|  1|  0|
---------------------------------

| n = 8 | k = 10 | coverage = 59, 92.1875%
 Time 300.47
 Name 15_8x8_minizinc

