
---------------------------------------------------------
|115|121| 32| 22| 44|125| 36|129| 40| 61| 75| 65|135|141|
---------------------------------------------------------
| 30| 24|117|123| 34| 20| 42| 59| 77| 87|133|139| 73| 67|
---------------------------------------------------------
|119|113| 47| 26|  0| 46|127| 38|131| 81| 63| 69|143|137|
---------------------------------------------------------
| 49| 28| 54|111| 18|148| 57| 79| 89|155| 85|168|  1| 71|
---------------------------------------------------------
| 56| 45| 16| 53| 52| 93| 48|  1| 83|166|  0|153| 84|145|
---------------------------------------------------------
| 14| 51|109| 43|146| 55|150| 91|157| 19| 82|147|170|151|
---------------------------------------------------------
|  0| 58|144| 66| 95| 50|159| 21| 72|  1|164| 90| 80| 86|
---------------------------------------------------------
|  0| 12|138|107| 41| 23| 70|152|161| 92| 17| 76|149|172|
---------------------------------------------------------
| 60|142| 64| 97| 68|  1|163| 94|100| 74|  0|162| 88| 78|
---------------------------------------------------------
| 10|136|105|140|165| 39| 25|  0|154|  0| 98| 15|174|160|
---------------------------------------------------------
|103| 62| 99|  2|  0|  1|116|  1| 96|102|156|178|  7| 13|
---------------------------------------------------------
|134|  8|  1|167|110|171| 37| 27|118|124|  9| 31|158|176|
---------------------------------------------------------
|  1|101|  4|130|175|114|108|126| 35| 29|104|122| 11|  5|
---------------------------------------------------------
|  6|132|177|112|169|128|173|  0|106|120| 33|  3|  1|  0|
---------------------------------------------------------

| n = 14 | k = 9 | coverage = 186, 94.89795918367346%
 Time 299.999
 Name 1_14x14_clingo

