
-----------------------------------------------------------------
|  0|213|226|217|155|145|222|  0|218|225|126|233|135|132|  7|237|
-----------------------------------------------------------------
|  0| 26|157|147|224|151|216|227|124|231|137|130|  9|235|136| 90|
-----------------------------------------------------------------
|211|228|215|153|219|  1|143|220|223|128|202|133|134| 88| 11|  5|
-----------------------------------------------------------------
| 28|159| 24|230|149|214|221|122|229|139| 12|  6|200|138| 92| 86|
-----------------------------------------------------------------
|  1|209| 30|161|167|120|150|141|210|  4|198|204|131|  8|  3| 13|
-----------------------------------------------------------------
|  0|  1|232| 22|148|163|212|  2|144| 14|208| 10|140| 98| 84| 94|
-----------------------------------------------------------------
|234| 32|207|165|118|169|146|152| 75|125|142|196|206|129| 15|113|
-----------------------------------------------------------------
|205|  1|236|171| 20|154|116| 67| 16|194| 77|127|100|111| 96| 82|
-----------------------------------------------------------------
| 34|173|203|112|238| 69| 18|192|106| 73|123| 21| 79| 80|115| 17|
-----------------------------------------------------------------
|201| 42|  0|175|156|114|108| 71| 65| 23|172|102|121| 19|109| 55|
-----------------------------------------------------------------
|  0| 36|199| 44|110| 89|190| 25|  0|104| 63| 81|174| 57| 78|117|
-----------------------------------------------------------------
| 40|187|177|158|197| 46| 93|166| 85|170|176| 59|  0|119| 53|107|
-----------------------------------------------------------------
|  0|  0| 38|189| 91|164| 87|188| 27| 61| 83|180| 35| 76| 43|  0|
-----------------------------------------------------------------
|185|179|160| 58| 52|195| 48| 95|168|178| 33| 74| 68| 51|105| 47|
-----------------------------------------------------------------
|  0| 56|191|181|162| 60|186| 29| 99| 64|182| 37|103| 45| 70| 41|
-----------------------------------------------------------------
|  0|183|  0| 54|193| 50| 97| 62|184| 31|101| 66| 72| 39| 49|  0|
-----------------------------------------------------------------

| n = 16 | k = 4 | coverage = 241, 94.140625%
 Time 300.001
 Name 12_16x16_clingo

