
---------------------------------------------------------
|101|112|126|131|134|135|130|127|138|139|142|123|145|119|
---------------------------------------------------------
|124|118|103|110|128|129|136|137|144|125|143|117|148|149|
---------------------------------------------------------
|114| 99|  1|120|133|132|106|111|141|140|146|147|121| 96|
---------------------------------------------------------
|164|122|116|105|108| 89| 88| 85|  1|102|115| 94|151|150|
---------------------------------------------------------
| 97| 47|  1| 91| 86| 48|109|104|113| 92| 38|152| 98| 32|
---------------------------------------------------------
| 51|162| 95| 50|107|158| 87| 90| 83|154|100| 34| 40|153|
---------------------------------------------------------
| 45| 56| 49|160| 93| 84| 46|156| 37| 36| 42| 31| 30| 27|
---------------------------------------------------------
|  0| 53| 43| 62| 52|  2| 39| 81| 44| 33| 28| 25|155|  0|
---------------------------------------------------------
| 58|  1| 54| 63| 41| 64| 82| 35| 26| 23| 18|  1| 29| 19|
---------------------------------------------------------
| 55| 69| 60| 66| 72| 61|  4| 10| 79| 22| 15| 21| 16|157|
---------------------------------------------------------
|  0| 68| 65| 59|  6| 80|  1| 24| 13|  3| 14| 20| 17|  7|
---------------------------------------------------------
| 67| 57| 71| 70|  0| 74|  8| 77| 12|  0| 11|  5|159|  0|
---------------------------------------------------------
|  0|  0|  0|  0| 78| 75|  0|  0|  0|  0|161|  0|  9|  0|
---------------------------------------------------------
|  0|  0|  0| 73|  0|  0| 76|  0|  0|  0|  0|  0|163|  0|
---------------------------------------------------------

| n = 14 | k = 6 | coverage = 169, 86.22448979591837%
 Time 305.56
 Name 9_14x14_minizinc

