
---------------------------------
| 56| 34| 33| 39| 40| 43| 29| 47|
---------------------------------
| 30| 37| 54| 36| 31| 49| 42|  1|
---------------------------------
|  1|  1| 32| 35| 41| 38| 45| 27|
---------------------------------
| 11| 28| 14| 52| 51| 25|  2| 44|
---------------------------------
| 12|  0|  9| 26|  4| 18| 53| 23|
---------------------------------
|  7| 13|  1| 16| 50|  1| 46| 20|
---------------------------------
|  1| 10| 17|  3| 24|  6| 21| 55|
---------------------------------
| 15|  5|  0|  8| 19| 48| 22|  0|
---------------------------------

| n = 8 | k = 6 | coverage = 61, 95.3125%
 Time 300.47
 Name 8_8x8_minizinc

