
-------------------------------------------------
| 74| 84| 83| 96|  1| 97|102|101| 91|105|106|121|
-------------------------------------------------
| 73| 94| 72| 82| 85| 98| 89| 95|104|119|  1|107|
-------------------------------------------------
| 86| 76| 71| 81| 70| 44| 99|100|103| 93|  1|108|
-------------------------------------------------
| 69| 75| 92|  2| 80| 87| 37| 42|117|110|109|  0|
-------------------------------------------------
|  0| 88| 78| 41| 79| 68| 46| 36| 35|  1|  1|  1|
-------------------------------------------------
|  0| 67| 77| 90|  4| 39| 33| 66| 40|115|112|111|
-------------------------------------------------
|  0| 25|  1| 49| 43| 29| 38| 48| 34| 28| 54|116|
-------------------------------------------------
| 65| 47|  1| 27| 17|  6| 64| 31| 52|114|113| 30|
-------------------------------------------------
| 23| 12|  3| 45| 51|  0| 50| 13| 26| 32|118| 56|
-------------------------------------------------
|  0| 63| 16| 19|  8| 15| 53| 62|120| 11|  0|  0|
-------------------------------------------------
| 14| 21| 10|  5| 59| 20|  0|  9| 55| 24| 58|  0|
-------------------------------------------------
|  0|  1| 61| 18|  0|  7| 57| 22| 60|122|  0|  0|
-------------------------------------------------

| n = 12 | k = 9 | coverage = 130, 90.27777777777777%
 Time 302.7
 Name 5_12x12_minizinc

