
---------------------------------------------------------
| 99|113|112|129|132|133|136|137|140|141|144|145|148|149|
---------------------------------------------------------
|110|116| 97|111|117|127|130|100| 90|155|150|151|154|  0|
---------------------------------------------------------
| 95|101|115|114|131|134|135|138|139|142|143|146|147|  0|
---------------------------------------------------------
|118|108|109|119|125|128|102| 88| 98| 92|153|152|  1|156|
---------------------------------------------------------
| 47| 93|103|106|107| 50|123|  1| 36| 46| 31| 94| 40|  0|
---------------------------------------------------------
| 53|120| 49| 52|121|104|126| 48| 86| 96| 38| 44| 33| 27|
---------------------------------------------------------
| 91| 45| 55|105|124| 54| 59| 34| 28|  1| 35| 29| 24| 42|
---------------------------------------------------------
| 66| 51|122| 43| 57| 63| 30| 19| 37| 84| 26| 16| 25| 20|
---------------------------------------------------------
| 60| 89| 64| 69| 56|  1| 39| 61| 32| 17| 23| 22| 11| 14|
---------------------------------------------------------
| 77| 68| 58|  0| 41| 71| 65|  0| 21|  7| 82| 15| 18|  0|
---------------------------------------------------------
| 87| 62| 75|  2| 67|  1|  0|  1|  0|  0|  0|  9| 12| 13|
---------------------------------------------------------
| 70| 79|  1| 83| 73|  4|  0|  0|  0| 80|  5|  0|  0|  0|
---------------------------------------------------------
|  1| 85| 72|  0|  0|  0| 76|  6|  0|  0|  0| 10|  0|  0|
---------------------------------------------------------
|  0|  0| 81|  0| 74|  0|  0|  0| 78|  8|  0|  3|  1|  0|
---------------------------------------------------------

| n = 14 | k = 9 | coverage = 164, 83.6734693877551%
 Time 306.8
 Name 1_14x14_minizinc

