
-----------------------------------------------------------------
| 49|  0| 45| 84|126|  0|  6| 39|122|  7|  1| 35|189|107|185|  0|
-----------------------------------------------------------------
|  0|  0| 51|  1| 43|  1|124|101|  4| 37|120|105|183| 33|191|  0|
-----------------------------------------------------------------
| 53| 47| 86|128| 82| 95| 41|  8|  5|103|  9| 20|118|187|109|179|
-----------------------------------------------------------------
|  1|130| 55| 93|  0| 10| 99|  2| 36| 22|  3|186| 31|181|116|193|
-----------------------------------------------------------------
| 57|  1|  1| 88| 97| 80| 34| 24| 14|188| 38| 11| 18|184|177|111|
-----------------------------------------------------------------
|132|225| 59| 65| 91| 30| 12|190|172|  1| 16| 29| 40|114|195|182|
-----------------------------------------------------------------
| 61|  0| 90|223| 78| 67|170| 32| 26|160| 13|176|201|180|113|175|
-----------------------------------------------------------------
|227|134| 63| 89|168|221| 28|158|192|174| 27| 42|  1|173|112|197|
-----------------------------------------------------------------
|  0| 87|142| 92| 69| 76|166|219| 25| 15|162|203|178|199|137|115|
-----------------------------------------------------------------
|136|229| 71| 74|  0|214|156|194|164|205|167| 17| 44|117|171|110|
-----------------------------------------------------------------
| 85|144| 94|140| 73| 72|218| 23|217|196|213|207|169|135|  0|139|
-----------------------------------------------------------------
|231|138| 75|202|216|154|212|198|211| 58| 19|165|119| 46|108|133|
-----------------------------------------------------------------
|146| 83|233| 96|  0|200| 70|220| 21|215|209| 48|106|163|141|155|
-----------------------------------------------------------------
|232| 77|204| 66|152| 98|224|210| 60| 50| 56|121|147|157|131|161|
-----------------------------------------------------------------
| 81|148|234|228|206| 68| 62|100|222|123|149|104| 54|127|153|143|
-----------------------------------------------------------------
|  0|230| 79|150| 64|226|208|  0|  0|102| 52|125|151|145|159|129|
-----------------------------------------------------------------

| n = 16 | k = 8 | coverage = 241, 94.140625%
 Time 299.967
 Name 15_16x16_clingo

