
---------------------------------------------------------
| 99|113|112|129|132|133|136|137|140|141|124|145|144|149|
---------------------------------------------------------
|109|108|101|115|114|127|130|123|126|160|142|151| 86|  0|
---------------------------------------------------------
|100| 97|111|110|131|134|135|138|139|  1|143|122|147|146|
---------------------------------------------------------
|106|107|102|103|117|116|125|128|121|120|158| 88|153| 84|
---------------------------------------------------------
| 95| 98| 44| 45| 48| 49|119|118|156| 90| 55| 33|148|  0|
---------------------------------------------------------
| 38|104|105| 96| 42| 43| 50| 92| 53|  1| 54|  3| 82|155|
---------------------------------------------------------
| 28| 93| 40| 46| 47| 94| 51|154| 52| 57| 35|150| 31|  5|
---------------------------------------------------------
| 22| 36| 26| 63| 41| 64| 21| 59| 37|152|  1| 56|157| 80|
---------------------------------------------------------
| 91| 30| 20| 34| 19| 61| 39| 62| 23| 58| 72| 78|  7| 29|
---------------------------------------------------------
| 18| 24| 65| 71| 77| 12| 66|  4|  1|  0| 25|  0| 74|159|
---------------------------------------------------------
| 67| 89| 32| 14|  0| 17| 75| 10| 60| 70| 76|  9| 27|  0|
---------------------------------------------------------
|  0| 16| 69| 83| 73| 79|  6| 68|  2|  1|  0|  0|  0|  0|
---------------------------------------------------------
| 87|  0|  0|  1|  0|  0| 15|  0|  8|  0| 11|  0|  0|  0|
---------------------------------------------------------
|  0|  0| 85|  0| 81|  0|  0|  0| 13|  0|  0|  0|  1|  0|
---------------------------------------------------------

| n = 14 | k = 7 | coverage = 166, 84.6938775510204%
 Time 306.84
 Name 12_14x14_minizinc

