
-------------------------------------------------
| 77| 78| 73| 74| 81| 70| 69| 87| 65| 66| 61|127|
-------------------------------------------------
|  0| 88| 79|  1| 71| 89| 83| 68| 59|  1| 55| 64|
-------------------------------------------------
| 80| 75| 76| 86| 72| 95|  1| 67| 85| 63|125|  0|
-------------------------------------------------
| 90| 41| 82| 44| 91| 40| 47| 97| 54| 57| 62| 53|
-------------------------------------------------
| 33|  1| 92| 43| 84| 46| 93| 50| 49| 58|101|123|
-------------------------------------------------
| 39|  1| 35| 29| 42| 45| 38| 56| 99| 52| 51| 60|
-------------------------------------------------
|  1| 31| 32| 94| 36| 26| 48|102| 21|  3|121|103|
-------------------------------------------------
| 14| 37|  2| 28| 27|  1| 98| 24|107|104| 19|  5|
-------------------------------------------------
|116| 30| 16| 34| 96| 22|  1| 23|100|115|105|119|
-------------------------------------------------
|  0| 12|118|  4| 18| 25|  1|109|106| 17|  7| 13|
-------------------------------------------------
|  1|114|  8|122|  0|110| 20|126|113| 11|117|  0|
-------------------------------------------------
| 10|120|  0|112|  6|124|111|108|  0|128| 15|  9|
-------------------------------------------------

| n = 12 | k = 10 | coverage = 137, 95.13888888888889%
 Time 857.04
 Name 11_12x12_minizinc

