
---------------------------------------------------------
| 48| 42| 23| 38| 63| 57| 19| 41| 32| 13|155|126|  0|  0|
---------------------------------------------------------
| 25| 51| 46| 55| 21| 36| 61| 15|157|124| 30| 11|153|128|
---------------------------------------------------------
| 44| 50| 40| 65| 59| 17| 43| 34| 39|  1|159|166|120|  9|
---------------------------------------------------------
| 49| 27| 53| 52| 45| 35|  0| 24|161|164|122| 28|130|151|
---------------------------------------------------------
|  0| 54| 47| 33| 67| 73|160| 37| 76| 26|168|149|  7|118|
---------------------------------------------------------
| 29| 60| 69| 75|158| 72| 22|163|162|  1| 78|  3|110|132|
---------------------------------------------------------
| 56| 77| 31| 93| 71|165| 84| 74| 80|170|147|106|116|  5|
---------------------------------------------------------
| 62| 95| 58|156|121| 91| 70| 20|125|  0|  1|112|134|108|
---------------------------------------------------------
| 79|154|119| 97|167| 86|123| 82|100| 18|172|145|104|114|
---------------------------------------------------------
|117| 64| 81| 88| 89| 68| 98|127|  1|140|102| 16|174|136|
---------------------------------------------------------
|152|105| 99| 66| 83|169| 87|142|  0|177|135|138|143| 14|
---------------------------------------------------------
|101|115|109|148| 90| 96|129|171|  2|  1|  6| 12|137|176|
---------------------------------------------------------
|107|150|103|  1|111| 85|144| 94|175|133|179|178|  8|141|
---------------------------------------------------------
|  0|  0|113|  0|146| 92|173|131|181|  4| 10|139|  1|180|
---------------------------------------------------------

| n = 14 | k = 7 | coverage = 187, 95.40816326530613%
 Time 300.001
 Name 12_14x14_clingo

