
---------------------------------------------------------
|119|125|115| 88|143|129|107|153|103| 65|  0|148|159|  0|
---------------------------------------------------------
|113| 90|121|127|109| 86|145| 67|140|146|157|163| 97|  0|
---------------------------------------------------------
|123|117|111| 84|131|141|151|105|155|101| 63|144|150|161|
---------------------------------------------------------
|  0|  6| 92|139| 77|147|133|138| 69|142|165| 99| 61| 95|
---------------------------------------------------------
| 94| 45| 82|  8|135| 76| 79|149|167| 64| 59| 93| 87|152|
---------------------------------------------------------
|  4| 10|137| 47| 80| 75|136| 71| 81|171| 85|154|172| 91|
---------------------------------------------------------
| 43| 96|  2|100| 74|  0| 78|169| 66| 57| 62| 89|  0|  0|
---------------------------------------------------------
| 12| 38| 33|  0| 49|102| 73|134| 53| 83|173|174|156|170|
---------------------------------------------------------
| 35| 41| 98| 72| 31|132| 51| 68|  7| 60| 55|180|175|176|
---------------------------------------------------------
| 40| 14| 36| 39|104| 70|  5|130| 13|179|  9|158|168|182|
---------------------------------------------------------
|  0| 37| 42| 16| 19| 29| 15|  0| 58|128|183|177|178|160|
---------------------------------------------------------
| 44| 18| 21| 34| 28|106| 52|  3|181| 11|124|166|120|114|
---------------------------------------------------------
| 23| 32| 22| 48| 27| 17| 26|108|126| 56|118|112|162|  0|
---------------------------------------------------------
| 20| 46| 25| 30| 24| 50|  0| 54|  1|110|164|122|116|  0|
---------------------------------------------------------

| n = 14 | k = 5 | coverage = 187, 95.40816326530613%
 Time 300.002
 Name 8_14x14_clingo

