
---------------------------------
| 34| 40| 39| 44| 43| 48| 47| 57|
---------------------------------
| 37| 54| 36| 50|  1| 55| 16|  3|
---------------------------------
| 38| 32| 42| 41| 46| 45|  1| 49|
---------------------------------
| 56| 35| 52| 19| 53| 14|  5| 18|
---------------------------------
| 30| 17|  1| 33| 22|  8| 51| 12|
---------------------------------
| 29| 58| 28| 11| 21|  7| 20|  2|
---------------------------------
| 15|  1| 31| 25|  6| 24| 10|  0|
---------------------------------
|  0| 27| 13| 26|  9| 23|  4|  0|
---------------------------------

| n = 8 | k = 4 | coverage = 61, 95.3125%
 Time 300.51
 Name 11_8x8_minizinc

