
-------------------------------------------------
| 73| 84| 93| 96| 97|100|101|104|105|108|109|112|
-------------------------------------------------
| 80| 94| 75| 86| 91|  2| 87| 70|111| 66| 32|  0|
-------------------------------------------------
| 77| 71| 82| 95| 98| 99|102|103|106|107|110| 36|
-------------------------------------------------
| 92| 78| 88|  1|  4| 89| 72| 85| 68| 34| 64| 30|
-------------------------------------------------
| 33| 79| 69| 76| 29| 83|  6| 24|  1| 28| 38| 20|
-------------------------------------------------
| 43| 90| 31| 81| 39| 74| 27| 42| 19| 22| 15| 62|
-------------------------------------------------
| 53| 35| 41| 67| 46|  8| 21|  1| 26| 40| 18|  0|
-------------------------------------------------
|  0| 45| 51| 37| 52| 25| 44| 10| 56| 17| 60| 13|
-------------------------------------------------
| 49| 55|  1| 48| 65| 12| 54| 23|  9| 16|  0|  0|
-------------------------------------------------
|  0|  0| 47| 57|  0| 50|  7| 14|  0| 58| 11|  0|
-------------------------------------------------
|  0| 59|  0|  0|  0| 63|  0|  3|  0|  0|  0|  0|
-------------------------------------------------
|  0|  0|  0| 61|  1|  5|  1|  0|  0|  0|  0|  0|
-------------------------------------------------

| n = 12 | k = 6 | coverage = 117, 81.25%
 Time 302.78
 Name 12_12x12_minizinc

