
-----------------------------------------------------------------
|  0|  0|174|232|226|211|170|215|218|207|166|219|197|  0|125|  0|
-----------------------------------------------------------------
|176|230|224|138|172|234|220|209|168|217|203|  5|164|221|199|  0|
-----------------------------------------------------------------
|  1|  0|150|228|222|136|213|216|205|  3|162|195|201|123|101|127|
-----------------------------------------------------------------
|148|178|208| 85|140|189|212|134|  1|193|  7| 97| 11|105|223|121|
-----------------------------------------------------------------
|  0|152|146|204|210|156|126|191|214|160|133|107| 90| 99|129|103|
-----------------------------------------------------------------
|180|206| 83|154| 87|142|187|158|132|109| 95|  9|131| 13|119|225|
-----------------------------------------------------------------
| 81| 71|202|144|  1|124| 89|128| 93|135|  1| 88|117| 92|  1| 15|
-----------------------------------------------------------------
| 67|182| 79|122|200|185| 32|177|111|130|115|169|  0| 17|227|233|
-----------------------------------------------------------------
| 73|  0| 69|183| 30|175|118| 91| 34|171|137| 51| 86|231| 94|  0|
-----------------------------------------------------------------
|184| 65| 28| 77|120|198|179|173| 20|113|167| 82| 27|  2| 19|229|
-----------------------------------------------------------------
|190| 75|186|196|181|116| 22| 36|165|139| 53| 16| 49| 84| 29| 96|
-----------------------------------------------------------------
| 63| 66|192| 26|  1| 38|163|114| 55| 18| 80| 25| 31| 14|  4| 21|
-----------------------------------------------------------------
|  0|188| 61| 40|194| 24| 57| 39|141| 35|106| 47|145| 23| 98| 12|
-----------------------------------------------------------------
| 68| 46| 64| 58| 59| 54|  0|161|112| 78|143| 33|104| 10|147|  6|
-----------------------------------------------------------------
|  0| 60| 42| 72| 50|159| 41| 76| 37|155| 45|108|  1|151|  0|100|
-----------------------------------------------------------------
| 44| 70| 48| 62| 56| 74| 52|157| 43|110|  0|153|  0|102|  8|149|
-----------------------------------------------------------------

| n = 16 | k = 7 | coverage = 240, 93.75%
 Time 300.0
 Name 11_16x16_clingo

