MiniZinc to FlatZinc converter, version 2.5.3, build 220798393
Copyright (C) 2014-2020 Monash University, NICTA, Data61
Parsing file(s) /mnt/HDD/elenzi/Dovier/AR-Knights_Tour/assets/logs/9_12x12_minizinc/knights_tour.mzn', '/mnt/HDD/elenzi/Dovier/AR-Knights_Tour/assets/logs/9_12x12_minizinc/database.dzn' ...
processing file '/mnt/HDD/elenzi/Dovier/MiniZincIDE-2.5.3-bundle-linux-x86_64/share/minizinc/std/stdlib.mzn'
processing file '/mnt/HDD/elenzi/Dovier/MiniZincIDE-2.5.3-bundle-linux-x86_64/share/minizinc/std/stdlib/stdlib_internal.mzn'
processing file '/mnt/HDD/elenzi/Dovier/MiniZincIDE-2.5.3-bundle-linux-x86_64/share/minizinc/std/stdlib/stdlib_random.mzn'
processing file '/mnt/HDD/elenzi/Dovier/MiniZincIDE-2.5.3-bundle-linux-x86_64/share/minizinc/std/stdlib/stdlib_enum.mzn'
processing file '/mnt/HDD/elenzi/Dovier/MiniZincIDE-2.5.3-bundle-linux-x86_64/share/minizinc/std/stdlib/stdlib_debug.mzn'
processing file '/mnt/HDD/elenzi/Dovier/MiniZincIDE-2.5.3-bundle-linux-x86_64/share/minizinc/std/stdlib/stdlib_reflect.mzn'
processing file '/mnt/HDD/elenzi/Dovier/MiniZincIDE-2.5.3-bundle-linux-x86_64/share/minizinc/std/stdlib/stdlib_string.mzn'
processing file '/mnt/HDD/elenzi/Dovier/MiniZincIDE-2.5.3-bundle-linux-x86_64/share/minizinc/std/stdlib/stdlib_coercion.mzn'
processing file '/mnt/HDD/elenzi/Dovier/MiniZincIDE-2.5.3-bundle-linux-x86_64/share/minizinc/std/stdlib/stdlib_sort.mzn'
processing file '/mnt/HDD/elenzi/Dovier/MiniZincIDE-2.5.3-bundle-linux-x86_64/share/minizinc/std/stdlib/stdlib_array.mzn'
processing file '/mnt/HDD/elenzi/Dovier/MiniZincIDE-2.5.3-bundle-linux-x86_64/share/minizinc/std/stdlib/stdlib_ite.mzn'
processing file '/mnt/HDD/elenzi/Dovier/MiniZincIDE-2.5.3-bundle-linux-x86_64/share/minizinc/std/stdlib/stdlib_set.mzn'
processing file '/mnt/HDD/elenzi/Dovier/MiniZincIDE-2.5.3-bundle-linux-x86_64/share/minizinc/std/stdlib/stdlib_logic.mzn'
processing file '/mnt/HDD/elenzi/Dovier/MiniZincIDE-2.5.3-bundle-linux-x86_64/share/minizinc/std/stdlib/stdlib_math.mzn'
processing file '/mnt/HDD/elenzi/Dovier/MiniZincIDE-2.5.3-bundle-linux-x86_64/share/minizinc/std/stdlib/stdlib_compare.mzn'
processing file '/mnt/HDD/elenzi/Dovier/MiniZincIDE-2.5.3-bundle-linux-x86_64/share/minizinc/std/stdlib/stdlib_opt.mzn'
processing file '/mnt/HDD/elenzi/Dovier/MiniZincIDE-2.5.3-bundle-linux-x86_64/share/minizinc/std/stdlib/stdlib_ann.mzn'
processing file '/mnt/HDD/elenzi/Dovier/MiniZincIDE-2.5.3-bundle-linux-x86_64/share/minizinc/std/stdlib/stdlib_language.mzn'
processing file '/mnt/HDD/elenzi/Dovier/MiniZincIDE-2.5.3-bundle-linux-x86_64/share/minizinc/std/flatzinc_builtins.mzn'
processing file '/mnt/HDD/elenzi/Dovier/MiniZincIDE-2.5.3-bundle-linux-x86_64/share/minizinc/std/solver_redefinitions.mzn'
processing file '/mnt/HDD/elenzi/Dovier/MiniZincIDE-2.5.3-bundle-linux-x86_64/share/minizinc/std/fzn_if_then_else_partiality.mzn'
processing file '/mnt/HDD/elenzi/Dovier/MiniZincIDE-2.5.3-bundle-linux-x86_64/share/minizinc/std/fzn_if_then_else_var_set.mzn'
processing file '/mnt/HDD/elenzi/Dovier/MiniZincIDE-2.5.3-bundle-linux-x86_64/share/minizinc/std/fzn_if_then_else_set.mzn'
processing file '/mnt/HDD/elenzi/Dovier/MiniZincIDE-2.5.3-bundle-linux-x86_64/share/minizinc/std/fzn_if_then_else_var_opt_float.mzn'
processing file '/mnt/HDD/elenzi/Dovier/MiniZincIDE-2.5.3-bundle-linux-x86_64/share/minizinc/std/fzn_if_then_else_var_float.mzn'
processing file '/mnt/HDD/elenzi/Dovier/MiniZincIDE-2.5.3-bundle-linux-x86_64/share/minizinc/std/fzn_if_then_else_opt_float.mzn'
processing file '/mnt/HDD/elenzi/Dovier/MiniZincIDE-2.5.3-bundle-linux-x86_64/share/minizinc/std/fzn_if_then_else_float.mzn'
processing file '/mnt/HDD/elenzi/Dovier/MiniZincIDE-2.5.3-bundle-linux-x86_64/share/minizinc/std/fzn_if_then_else_var_opt_bool.mzn'
processing file '/mnt/HDD/elenzi/Dovier/MiniZincIDE-2.5.3-bundle-linux-x86_64/share/minizinc/std/fzn_if_then_else_var_bool.mzn'
processing file '/mnt/HDD/elenzi/Dovier/MiniZincIDE-2.5.3-bundle-linux-x86_64/share/minizinc/std/fzn_if_then_else_opt_bool.mzn'
processing file '/mnt/HDD/elenzi/Dovier/MiniZincIDE-2.5.3-bundle-linux-x86_64/share/minizinc/std/fzn_if_then_else_bool.mzn'
processing file '/mnt/HDD/elenzi/Dovier/MiniZincIDE-2.5.3-bundle-linux-x86_64/share/minizinc/std/fzn_if_then_else_var_opt_int.mzn'
processing file '/mnt/HDD/elenzi/Dovier/MiniZincIDE-2.5.3-bundle-linux-x86_64/share/minizinc/std/fzn_if_then_else_var_int.mzn'
processing file '/mnt/HDD/elenzi/Dovier/MiniZincIDE-2.5.3-bundle-linux-x86_64/share/minizinc/std/fzn_if_then_else_opt_int.mzn'
processing file '/mnt/HDD/elenzi/Dovier/MiniZincIDE-2.5.3-bundle-linux-x86_64/share/minizinc/std/fzn_if_then_else_int.mzn'
processing file '/mnt/HDD/elenzi/Dovier/MiniZincIDE-2.5.3-bundle-linux-x86_64/share/minizinc/std/count_fn.mzn'
processing file '/mnt/HDD/elenzi/Dovier/MiniZincIDE-2.5.3-bundle-linux-x86_64/share/minizinc/std/count.mzn'
processing file '/mnt/HDD/elenzi/Dovier/MiniZincIDE-2.5.3-bundle-linux-x86_64/share/minizinc/std/count_lt.mzn'
processing file '/mnt/HDD/elenzi/Dovier/MiniZincIDE-2.5.3-bundle-linux-x86_64/share/minizinc/std/fzn_count_lt_par_reif.mzn'
processing file '/mnt/HDD/elenzi/Dovier/MiniZincIDE-2.5.3-bundle-linux-x86_64/share/minizinc/std/fzn_count_lt_reif.mzn'
processing file '/mnt/HDD/elenzi/Dovier/MiniZincIDE-2.5.3-bundle-linux-x86_64/share/minizinc/std/fzn_count_lt_par.mzn'
processing file '/mnt/HDD/elenzi/Dovier/MiniZincIDE-2.5.3-bundle-linux-x86_64/share/minizinc/std/fzn_count_lt.mzn'
processing file '/mnt/HDD/elenzi/Dovier/MiniZincIDE-2.5.3-bundle-linux-x86_64/share/minizinc/std/count_gt.mzn'
processing file '/mnt/HDD/elenzi/Dovier/MiniZincIDE-2.5.3-bundle-linux-x86_64/share/minizinc/std/fzn_count_gt_reif.mzn'
processing file '/mnt/HDD/elenzi/Dovier/MiniZincIDE-2.5.3-bundle-linux-x86_64/share/minizinc/std/fzn_count_gt_par_reif.mzn'
processing file '/mnt/HDD/elenzi/Dovier/MiniZincIDE-2.5.3-bundle-linux-x86_64/share/minizinc/std/fzn_count_gt.mzn'
processing file '/mnt/HDD/elenzi/Dovier/MiniZincIDE-2.5.3-bundle-linux-x86_64/share/minizinc/std/fzn_count_gt_par.mzn'
processing file '/mnt/HDD/elenzi/Dovier/MiniZincIDE-2.5.3-bundle-linux-x86_64/share/minizinc/std/count_neq.mzn'
processing file '/mnt/HDD/elenzi/Dovier/MiniZincIDE-2.5.3-bundle-linux-x86_64/share/minizinc/std/fzn_count_neq_reif.mzn'
processing file '/mnt/HDD/elenzi/Dovier/MiniZincIDE-2.5.3-bundle-linux-x86_64/share/minizinc/std/fzn_count_neq_par_reif.mzn'
processing file '/mnt/HDD/elenzi/Dovier/MiniZincIDE-2.5.3-bundle-linux-x86_64/share/minizinc/std/fzn_count_neq.mzn'
processing file '/mnt/HDD/elenzi/Dovier/MiniZincIDE-2.5.3-bundle-linux-x86_64/share/minizinc/std/fzn_count_neq_par.mzn'
processing file '/mnt/HDD/elenzi/Dovier/MiniZincIDE-2.5.3-bundle-linux-x86_64/share/minizinc/std/count_leq.mzn'
processing file '/mnt/HDD/elenzi/Dovier/MiniZincIDE-2.5.3-bundle-linux-x86_64/share/minizinc/std/fzn_count_leq_reif.mzn'
processing file '/mnt/HDD/elenzi/Dovier/MiniZincIDE-2.5.3-bundle-linux-x86_64/share/minizinc/std/fzn_count_leq_par_reif.mzn'
processing file '/mnt/HDD/elenzi/Dovier/MiniZincIDE-2.5.3-bundle-linux-x86_64/share/minizinc/std/fzn_count_leq.mzn'
processing file '/mnt/HDD/elenzi/Dovier/MiniZincIDE-2.5.3-bundle-linux-x86_64/share/minizinc/std/fzn_count_leq_par.mzn'
processing file '/mnt/HDD/elenzi/Dovier/MiniZincIDE-2.5.3-bundle-linux-x86_64/share/minizinc/std/count_geq.mzn'
processing file '/mnt/HDD/elenzi/Dovier/MiniZincIDE-2.5.3-bundle-linux-x86_64/share/minizinc/std/fzn_count_geq_reif.mzn'
processing file '/mnt/HDD/elenzi/Dovier/MiniZincIDE-2.5.3-bundle-linux-x86_64/share/minizinc/std/fzn_count_geq_par_reif.mzn'
processing file '/mnt/HDD/elenzi/Dovier/MiniZincIDE-2.5.3-bundle-linux-x86_64/share/minizinc/std/fzn_count_geq.mzn'
processing file '/mnt/HDD/elenzi/Dovier/MiniZincIDE-2.5.3-bundle-linux-x86_64/share/minizinc/std/fzn_count_geq_par.mzn'
processing file '/mnt/HDD/elenzi/Dovier/MiniZincIDE-2.5.3-bundle-linux-x86_64/share/minizinc/std/count_eq.mzn'
processing file '/mnt/HDD/elenzi/Dovier/MiniZincIDE-2.5.3-bundle-linux-x86_64/share/minizinc/std/fzn_count_eq_par_reif.mzn'
processing file '/mnt/HDD/elenzi/Dovier/MiniZincIDE-2.5.3-bundle-linux-x86_64/share/minizinc/gecode//fzn_count_eq_reif.mzn'
processing file '/mnt/HDD/elenzi/Dovier/MiniZincIDE-2.5.3-bundle-linux-x86_64/share/minizinc/std/fzn_count_eq_par.mzn'
processing file '/mnt/HDD/elenzi/Dovier/MiniZincIDE-2.5.3-bundle-linux-x86_64/share/minizinc/gecode//fzn_count_eq.mzn'
processing file '/mnt/HDD/elenzi/Dovier/MiniZincIDE-2.5.3-bundle-linux-x86_64/share/minizinc/gecode//redefinitions-2.5.2.mzn'
processing file '/mnt/HDD/elenzi/Dovier/MiniZincIDE-2.5.3-bundle-linux-x86_64/share/minizinc/std/redefinitions-2.3.3.mzn'
processing file '/mnt/HDD/elenzi/Dovier/MiniZincIDE-2.5.3-bundle-linux-x86_64/share/minizinc/std/redefinitions-2.2.1.mzn'
processing file '/mnt/HDD/elenzi/Dovier/MiniZincIDE-2.5.3-bundle-linux-x86_64/share/minizinc/std/redefinitions-2.1.1.mzn'
processing file '/mnt/HDD/elenzi/Dovier/MiniZincIDE-2.5.3-bundle-linux-x86_64/share/minizinc/std/redefinitions-2.1.mzn'
processing file '/mnt/HDD/elenzi/Dovier/MiniZincIDE-2.5.3-bundle-linux-x86_64/share/minizinc/gecode//redefinitions-2.0.2.mzn'
processing file '/mnt/HDD/elenzi/Dovier/MiniZincIDE-2.5.3-bundle-linux-x86_64/share/minizinc/gecode//redefinitions-2.0.mzn'
processing file '/mnt/HDD/elenzi/Dovier/MiniZincIDE-2.5.3-bundle-linux-x86_64/share/minizinc/gecode//redefinitions.mzn'
processing file '/mnt/HDD/elenzi/Dovier/AR-Knights_Tour/assets/logs/9_12x12_minizinc/knights_tour.mzn'
processing file '/mnt/HDD/elenzi/Dovier/MiniZincIDE-2.5.3-bundle-linux-x86_64/share/minizinc/std/globals.mzn'
processing file '/mnt/HDD/elenzi/Dovier/MiniZincIDE-2.5.3-bundle-linux-x86_64/share/minizinc/std/weighted_spanning_tree.mzn'
processing file '/mnt/HDD/elenzi/Dovier/MiniZincIDE-2.5.3-bundle-linux-x86_64/share/minizinc/std/fzn_dwst_reif.mzn'
processing file '/mnt/HDD/elenzi/Dovier/MiniZincIDE-2.5.3-bundle-linux-x86_64/share/minizinc/std/fzn_dwst.mzn'
processing file '/mnt/HDD/elenzi/Dovier/MiniZincIDE-2.5.3-bundle-linux-x86_64/share/minizinc/std/fzn_wst_reif.mzn'
processing file '/mnt/HDD/elenzi/Dovier/MiniZincIDE-2.5.3-bundle-linux-x86_64/share/minizinc/std/fzn_wst.mzn'
processing file '/mnt/HDD/elenzi/Dovier/MiniZincIDE-2.5.3-bundle-linux-x86_64/share/minizinc/std/value_precede_chain.mzn'
processing file '/mnt/HDD/elenzi/Dovier/MiniZincIDE-2.5.3-bundle-linux-x86_64/share/minizinc/std/value_precede_chain_set.mzn'
processing file '/mnt/HDD/elenzi/Dovier/MiniZincIDE-2.5.3-bundle-linux-x86_64/share/minizinc/std/fzn_value_precede_chain_set_reif.mzn'
processing file '/mnt/HDD/elenzi/Dovier/MiniZincIDE-2.5.3-bundle-linux-x86_64/share/minizinc/std/fzn_value_precede_chain_set.mzn'
processing file '/mnt/HDD/elenzi/Dovier/MiniZincIDE-2.5.3-bundle-linux-x86_64/share/minizinc/std/value_precede_chain_int.mzn'
processing file '/mnt/HDD/elenzi/Dovier/MiniZincIDE-2.5.3-bundle-linux-x86_64/share/minizinc/std/fzn_value_precede_chain_int_reif.mzn'
processing file '/mnt/HDD/elenzi/Dovier/MiniZincIDE-2.5.3-bundle-linux-x86_64/share/minizinc/std/fzn_value_precede_chain_int.mzn'
processing file '/mnt/HDD/elenzi/Dovier/MiniZincIDE-2.5.3-bundle-linux-x86_64/share/minizinc/std/value_precede.mzn'
processing file '/mnt/HDD/elenzi/Dovier/MiniZincIDE-2.5.3-bundle-linux-x86_64/share/minizinc/std/value_precede_set.mzn'
processing file '/mnt/HDD/elenzi/Dovier/MiniZincIDE-2.5.3-bundle-linux-x86_64/share/minizinc/std/fzn_value_precede_set_reif.mzn'
processing file '/mnt/HDD/elenzi/Dovier/MiniZincIDE-2.5.3-bundle-linux-x86_64/share/minizinc/gecode//fzn_value_precede_set.mzn'
processing file '/mnt/HDD/elenzi/Dovier/MiniZincIDE-2.5.3-bundle-linux-x86_64/share/minizinc/std/fzn_value_precede_int_opt.mzn'
processing file '/mnt/HDD/elenzi/Dovier/MiniZincIDE-2.5.3-bundle-linux-x86_64/share/minizinc/std/value_precede_int.mzn'
processing file '/mnt/HDD/elenzi/Dovier/MiniZincIDE-2.5.3-bundle-linux-x86_64/share/minizinc/std/fzn_value_precede_int_reif.mzn'
processing file '/mnt/HDD/elenzi/Dovier/MiniZincIDE-2.5.3-bundle-linux-x86_64/share/minizinc/gecode//fzn_value_precede_int.mzn'
processing file '/mnt/HDD/elenzi/Dovier/MiniZincIDE-2.5.3-bundle-linux-x86_64/share/minizinc/std/tree.mzn'
processing file '/mnt/HDD/elenzi/Dovier/MiniZincIDE-2.5.3-bundle-linux-x86_64/share/minizinc/std/fzn_dtree_enum_reif.mzn'
processing file '/mnt/HDD/elenzi/Dovier/MiniZincIDE-2.5.3-bundle-linux-x86_64/share/minizinc/std/fzn_dtree_enum.mzn'
processing file '/mnt/HDD/elenzi/Dovier/MiniZincIDE-2.5.3-bundle-linux-x86_64/share/minizinc/std/fzn_dtree_int_reif.mzn'
processing file '/mnt/HDD/elenzi/Dovier/MiniZincIDE-2.5.3-bundle-linux-x86_64/share/minizinc/std/fzn_dtree_int.mzn'
processing file '/mnt/HDD/elenzi/Dovier/MiniZincIDE-2.5.3-bundle-linux-x86_64/share/minizinc/std/fzn_tree_enum_reif.mzn'
processing file '/mnt/HDD/elenzi/Dovier/MiniZincIDE-2.5.3-bundle-linux-x86_64/share/minizinc/std/fzn_tree_enum.mzn'
processing file '/mnt/HDD/elenzi/Dovier/MiniZincIDE-2.5.3-bundle-linux-x86_64/share/minizinc/std/fzn_tree_int_reif.mzn'
processing file '/mnt/HDD/elenzi/Dovier/MiniZincIDE-2.5.3-bundle-linux-x86_64/share/minizinc/std/fzn_tree_int.mzn'
processing file '/mnt/HDD/elenzi/Dovier/MiniZincIDE-2.5.3-bundle-linux-x86_64/share/minizinc/std/table.mzn'
processing file '/mnt/HDD/elenzi/Dovier/MiniZincIDE-2.5.3-bundle-linux-x86_64/share/minizinc/std/fzn_table_int_opt.mzn'
processing file '/mnt/HDD/elenzi/Dovier/MiniZincIDE-2.5.3-bundle-linux-x86_64/share/minizinc/std/table_int.mzn'
processing file '/mnt/HDD/elenzi/Dovier/MiniZincIDE-2.5.3-bundle-linux-x86_64/share/minizinc/gecode//fzn_table_int_reif.mzn'
processing file '/mnt/HDD/elenzi/Dovier/MiniZincIDE-2.5.3-bundle-linux-x86_64/share/minizinc/gecode//fzn_table_int.mzn'
processing file '/mnt/HDD/elenzi/Dovier/MiniZincIDE-2.5.3-bundle-linux-x86_64/share/minizinc/std/table_bool.mzn'
processing file '/mnt/HDD/elenzi/Dovier/MiniZincIDE-2.5.3-bundle-linux-x86_64/share/minizinc/gecode//fzn_table_bool_reif.mzn'
processing file '/mnt/HDD/elenzi/Dovier/MiniZincIDE-2.5.3-bundle-linux-x86_64/share/minizinc/gecode//fzn_table_bool.mzn'
processing file '/mnt/HDD/elenzi/Dovier/MiniZincIDE-2.5.3-bundle-linux-x86_64/share/minizinc/std/symmetric_all_different.mzn'
processing file '/mnt/HDD/elenzi/Dovier/MiniZincIDE-2.5.3-bundle-linux-x86_64/share/minizinc/std/fzn_symmetric_all_different_reif.mzn'
processing file '/mnt/HDD/elenzi/Dovier/MiniZincIDE-2.5.3-bundle-linux-x86_64/share/minizinc/std/fzn_symmetric_all_different.mzn'
processing file '/mnt/HDD/elenzi/Dovier/MiniZincIDE-2.5.3-bundle-linux-x86_64/share/minizinc/std/analyse_all_different.mzn'
processing file '/mnt/HDD/elenzi/Dovier/MiniZincIDE-2.5.3-bundle-linux-x86_64/share/minizinc/std/sum_set.mzn'
processing file '/mnt/HDD/elenzi/Dovier/MiniZincIDE-2.5.3-bundle-linux-x86_64/share/minizinc/std/fzn_sum_set_reif.mzn'
processing file '/mnt/HDD/elenzi/Dovier/MiniZincIDE-2.5.3-bundle-linux-x86_64/share/minizinc/gecode//fzn_sum_set.mzn'
processing file '/mnt/HDD/elenzi/Dovier/MiniZincIDE-2.5.3-bundle-linux-x86_64/share/minizinc/std/sum_pred.mzn'
processing file '/mnt/HDD/elenzi/Dovier/MiniZincIDE-2.5.3-bundle-linux-x86_64/share/minizinc/std/fzn_sum_pred_reif.mzn'
processing file '/mnt/HDD/elenzi/Dovier/MiniZincIDE-2.5.3-bundle-linux-x86_64/share/minizinc/gecode//fzn_sum_pred.mzn'
processing file '/mnt/HDD/elenzi/Dovier/MiniZincIDE-2.5.3-bundle-linux-x86_64/share/minizinc/std/subgraph.mzn'
processing file '/mnt/HDD/elenzi/Dovier/MiniZincIDE-2.5.3-bundle-linux-x86_64/share/minizinc/std/fzn_subgraph_enum_reif.mzn'
processing file '/mnt/HDD/elenzi/Dovier/MiniZincIDE-2.5.3-bundle-linux-x86_64/share/minizinc/std/fzn_subgraph_enum.mzn'
processing file '/mnt/HDD/elenzi/Dovier/MiniZincIDE-2.5.3-bundle-linux-x86_64/share/minizinc/std/fzn_subgraph_int_reif.mzn'
processing file '/mnt/HDD/elenzi/Dovier/MiniZincIDE-2.5.3-bundle-linux-x86_64/share/minizinc/std/fzn_subgraph_int.mzn'
processing file '/mnt/HDD/elenzi/Dovier/MiniZincIDE-2.5.3-bundle-linux-x86_64/share/minizinc/std/subcircuit.mzn'
processing file '/mnt/HDD/elenzi/Dovier/MiniZincIDE-2.5.3-bundle-linux-x86_64/share/minizinc/std/fzn_subcircuit_reif.mzn'
processing file '/mnt/HDD/elenzi/Dovier/MiniZincIDE-2.5.3-bundle-linux-x86_64/share/minizinc/std/alldifferent.mzn'
processing file '/mnt/HDD/elenzi/Dovier/MiniZincIDE-2.5.3-bundle-linux-x86_64/share/minizinc/std/fzn_subcircuit.mzn'
processing file '/mnt/HDD/elenzi/Dovier/MiniZincIDE-2.5.3-bundle-linux-x86_64/share/minizinc/std/strict_lex2.mzn'
processing file '/mnt/HDD/elenzi/Dovier/MiniZincIDE-2.5.3-bundle-linux-x86_64/share/minizinc/std/fzn_strict_lex2_reif.mzn'
processing file '/mnt/HDD/elenzi/Dovier/MiniZincIDE-2.5.3-bundle-linux-x86_64/share/minizinc/std/fzn_strict_lex2.mzn'
processing file '/mnt/HDD/elenzi/Dovier/MiniZincIDE-2.5.3-bundle-linux-x86_64/share/minizinc/std/strictly_increasing.mzn'
processing file '/mnt/HDD/elenzi/Dovier/MiniZincIDE-2.5.3-bundle-linux-x86_64/share/minizinc/std/fzn_strictly_increasing_bool_reif.mzn'
processing file '/mnt/HDD/elenzi/Dovier/MiniZincIDE-2.5.3-bundle-linux-x86_64/share/minizinc/std/fzn_strictly_increasing_bool.mzn'
processing file '/mnt/HDD/elenzi/Dovier/MiniZincIDE-2.5.3-bundle-linux-x86_64/share/minizinc/std/fzn_strictly_increasing_int_reif.mzn'
processing file '/mnt/HDD/elenzi/Dovier/MiniZincIDE-2.5.3-bundle-linux-x86_64/share/minizinc/std/fzn_strictly_increasing_int_opt.mzn'
processing file '/mnt/HDD/elenzi/Dovier/MiniZincIDE-2.5.3-bundle-linux-x86_64/share/minizinc/std/fzn_strictly_increasing_int.mzn'
processing file '/mnt/HDD/elenzi/Dovier/MiniZincIDE-2.5.3-bundle-linux-x86_64/share/minizinc/std/strictly_decreasing.mzn'
processing file '/mnt/HDD/elenzi/Dovier/MiniZincIDE-2.5.3-bundle-linux-x86_64/share/minizinc/std/fzn_strictly_decreasing_bool_reif.mzn'
processing file '/mnt/HDD/elenzi/Dovier/MiniZincIDE-2.5.3-bundle-linux-x86_64/share/minizinc/std/fzn_strictly_decreasing_bool.mzn'
processing file '/mnt/HDD/elenzi/Dovier/MiniZincIDE-2.5.3-bundle-linux-x86_64/share/minizinc/std/fzn_strictly_decreasing_int_reif.mzn'
processing file '/mnt/HDD/elenzi/Dovier/MiniZincIDE-2.5.3-bundle-linux-x86_64/share/minizinc/std/fzn_strictly_decreasing_int.mzn'
processing file '/mnt/HDD/elenzi/Dovier/MiniZincIDE-2.5.3-bundle-linux-x86_64/share/minizinc/std/steiner.mzn'
processing file '/mnt/HDD/elenzi/Dovier/MiniZincIDE-2.5.3-bundle-linux-x86_64/share/minizinc/std/fzn_dsteiner_reif.mzn'
processing file '/mnt/HDD/elenzi/Dovier/MiniZincIDE-2.5.3-bundle-linux-x86_64/share/minizinc/std/fzn_dsteiner.mzn'
processing file '/mnt/HDD/elenzi/Dovier/MiniZincIDE-2.5.3-bundle-linux-x86_64/share/minizinc/std/fzn_steiner_reif.mzn'
processing file '/mnt/HDD/elenzi/Dovier/MiniZincIDE-2.5.3-bundle-linux-x86_64/share/minizinc/std/fzn_steiner.mzn'
processing file '/mnt/HDD/elenzi/Dovier/MiniZincIDE-2.5.3-bundle-linux-x86_64/share/minizinc/std/span.mzn'
processing file '/mnt/HDD/elenzi/Dovier/MiniZincIDE-2.5.3-bundle-linux-x86_64/share/minizinc/std/fzn_span_reif.mzn'
processing file '/mnt/HDD/elenzi/Dovier/MiniZincIDE-2.5.3-bundle-linux-x86_64/share/minizinc/std/fzn_span.mzn'
processing file '/mnt/HDD/elenzi/Dovier/MiniZincIDE-2.5.3-bundle-linux-x86_64/share/minizinc/std/sort_fn.mzn'
processing file '/mnt/HDD/elenzi/Dovier/MiniZincIDE-2.5.3-bundle-linux-x86_64/share/minizinc/std/sort.mzn'
processing file '/mnt/HDD/elenzi/Dovier/MiniZincIDE-2.5.3-bundle-linux-x86_64/share/minizinc/std/fzn_sort_reif.mzn'
processing file '/mnt/HDD/elenzi/Dovier/MiniZincIDE-2.5.3-bundle-linux-x86_64/share/minizinc/gecode//fzn_sort.mzn'
processing file '/mnt/HDD/elenzi/Dovier/MiniZincIDE-2.5.3-bundle-linux-x86_64/share/minizinc/std/sliding_sum.mzn'
processing file '/mnt/HDD/elenzi/Dovier/MiniZincIDE-2.5.3-bundle-linux-x86_64/share/minizinc/std/fzn_sliding_sum_reif.mzn'
processing file '/mnt/HDD/elenzi/Dovier/MiniZincIDE-2.5.3-bundle-linux-x86_64/share/minizinc/std/fzn_sliding_sum.mzn'
processing file '/mnt/HDD/elenzi/Dovier/MiniZincIDE-2.5.3-bundle-linux-x86_64/share/minizinc/std/seq_precede_chain.mzn'
processing file '/mnt/HDD/elenzi/Dovier/MiniZincIDE-2.5.3-bundle-linux-x86_64/share/minizinc/std/fzn_seq_precede_chain_set_reif.mzn'
processing file '/mnt/HDD/elenzi/Dovier/MiniZincIDE-2.5.3-bundle-linux-x86_64/share/minizinc/std/fzn_seq_precede_chain_set.mzn'
processing file '/mnt/HDD/elenzi/Dovier/MiniZincIDE-2.5.3-bundle-linux-x86_64/share/minizinc/std/fzn_seq_precede_chain_int_reif.mzn'
processing file '/mnt/HDD/elenzi/Dovier/MiniZincIDE-2.5.3-bundle-linux-x86_64/share/minizinc/std/fzn_seq_precede_chain_int.mzn'
processing file '/mnt/HDD/elenzi/Dovier/MiniZincIDE-2.5.3-bundle-linux-x86_64/share/minizinc/std/roots_fn.mzn'
processing file '/mnt/HDD/elenzi/Dovier/MiniZincIDE-2.5.3-bundle-linux-x86_64/share/minizinc/std/roots.mzn'
processing file '/mnt/HDD/elenzi/Dovier/MiniZincIDE-2.5.3-bundle-linux-x86_64/share/minizinc/std/fzn_roots_reif.mzn'
processing file '/mnt/HDD/elenzi/Dovier/MiniZincIDE-2.5.3-bundle-linux-x86_64/share/minizinc/gecode//fzn_roots.mzn'
processing file '/mnt/HDD/elenzi/Dovier/MiniZincIDE-2.5.3-bundle-linux-x86_64/share/minizinc/std/regular_regexp.mzn'
processing file '/mnt/HDD/elenzi/Dovier/MiniZincIDE-2.5.3-bundle-linux-x86_64/share/minizinc/std/fzn_regular_regexp.mzn'
processing file '/mnt/HDD/elenzi/Dovier/MiniZincIDE-2.5.3-bundle-linux-x86_64/share/minizinc/std/regular_set.mzn'
processing file '/mnt/HDD/elenzi/Dovier/MiniZincIDE-2.5.3-bundle-linux-x86_64/share/minizinc/std/fzn_regular_set_reif.mzn'
processing file '/mnt/HDD/elenzi/Dovier/MiniZincIDE-2.5.3-bundle-linux-x86_64/share/minizinc/std/fzn_regular_set.mzn'
processing file '/mnt/HDD/elenzi/Dovier/MiniZincIDE-2.5.3-bundle-linux-x86_64/share/minizinc/std/regular_nfa.mzn'
processing file '/mnt/HDD/elenzi/Dovier/MiniZincIDE-2.5.3-bundle-linux-x86_64/share/minizinc/std/fzn_regular_nfa_set_reif.mzn'
processing file '/mnt/HDD/elenzi/Dovier/MiniZincIDE-2.5.3-bundle-linux-x86_64/share/minizinc/std/fzn_regular_nfa_set.mzn'
processing file '/mnt/HDD/elenzi/Dovier/MiniZincIDE-2.5.3-bundle-linux-x86_64/share/minizinc/std/fzn_regular_nfa_reif.mzn'
processing file '/mnt/HDD/elenzi/Dovier/MiniZincIDE-2.5.3-bundle-linux-x86_64/share/minizinc/std/fzn_regular_nfa.mzn'
processing file '/mnt/HDD/elenzi/Dovier/MiniZincIDE-2.5.3-bundle-linux-x86_64/share/minizinc/std/regular.mzn'
processing file '/mnt/HDD/elenzi/Dovier/MiniZincIDE-2.5.3-bundle-linux-x86_64/share/minizinc/std/fzn_regular_reif.mzn'
processing file '/mnt/HDD/elenzi/Dovier/MiniZincIDE-2.5.3-bundle-linux-x86_64/share/minizinc/gecode//fzn_regular.mzn'
processing file '/mnt/HDD/elenzi/Dovier/MiniZincIDE-2.5.3-bundle-linux-x86_64/share/minizinc/std/reachable.mzn'
processing file '/mnt/HDD/elenzi/Dovier/MiniZincIDE-2.5.3-bundle-linux-x86_64/share/minizinc/std/fzn_dreachable_enum_reif.mzn'
processing file '/mnt/HDD/elenzi/Dovier/MiniZincIDE-2.5.3-bundle-linux-x86_64/share/minizinc/std/fzn_dreachable_enum.mzn'
processing file '/mnt/HDD/elenzi/Dovier/MiniZincIDE-2.5.3-bundle-linux-x86_64/share/minizinc/std/fzn_dreachable_int_reif.mzn'
processing file '/mnt/HDD/elenzi/Dovier/MiniZincIDE-2.5.3-bundle-linux-x86_64/share/minizinc/std/fzn_dreachable_int.mzn'
processing file '/mnt/HDD/elenzi/Dovier/MiniZincIDE-2.5.3-bundle-linux-x86_64/share/minizinc/std/fzn_reachable_enum_reif.mzn'
processing file '/mnt/HDD/elenzi/Dovier/MiniZincIDE-2.5.3-bundle-linux-x86_64/share/minizinc/std/fzn_reachable_enum.mzn'
processing file '/mnt/HDD/elenzi/Dovier/MiniZincIDE-2.5.3-bundle-linux-x86_64/share/minizinc/std/fzn_reachable_int_reif.mzn'
processing file '/mnt/HDD/elenzi/Dovier/MiniZincIDE-2.5.3-bundle-linux-x86_64/share/minizinc/std/fzn_reachable_int.mzn'
processing file '/mnt/HDD/elenzi/Dovier/MiniZincIDE-2.5.3-bundle-linux-x86_64/share/minizinc/std/range_fn.mzn'
processing file '/mnt/HDD/elenzi/Dovier/MiniZincIDE-2.5.3-bundle-linux-x86_64/share/minizinc/std/range.mzn'
processing file '/mnt/HDD/elenzi/Dovier/MiniZincIDE-2.5.3-bundle-linux-x86_64/share/minizinc/std/fzn_range_reif.mzn'
processing file '/mnt/HDD/elenzi/Dovier/MiniZincIDE-2.5.3-bundle-linux-x86_64/share/minizinc/gecode//fzn_range.mzn'
processing file '/mnt/HDD/elenzi/Dovier/MiniZincIDE-2.5.3-bundle-linux-x86_64/share/minizinc/std/piecewise_linear.mzn'
processing file '/mnt/HDD/elenzi/Dovier/MiniZincIDE-2.5.3-bundle-linux-x86_64/share/minizinc/std/fzn_piecewise_linear_reif.mzn'
processing file '/mnt/HDD/elenzi/Dovier/MiniZincIDE-2.5.3-bundle-linux-x86_64/share/minizinc/std/fzn_piecewise_linear.mzn'
processing file '/mnt/HDD/elenzi/Dovier/MiniZincIDE-2.5.3-bundle-linux-x86_64/share/minizinc/std/partition_set.mzn'
processing file '/mnt/HDD/elenzi/Dovier/MiniZincIDE-2.5.3-bundle-linux-x86_64/share/minizinc/std/fzn_partition_set_reif.mzn'
processing file '/mnt/HDD/elenzi/Dovier/MiniZincIDE-2.5.3-bundle-linux-x86_64/share/minizinc/gecode//fzn_partition_set.mzn'
processing file '/mnt/HDD/elenzi/Dovier/MiniZincIDE-2.5.3-bundle-linux-x86_64/share/minizinc/std/nvalue_fn.mzn'
processing file '/mnt/HDD/elenzi/Dovier/MiniZincIDE-2.5.3-bundle-linux-x86_64/share/minizinc/std/nvalue.mzn'
processing file '/mnt/HDD/elenzi/Dovier/MiniZincIDE-2.5.3-bundle-linux-x86_64/share/minizinc/std/fzn_nvalue_reif.mzn'
processing file '/mnt/HDD/elenzi/Dovier/MiniZincIDE-2.5.3-bundle-linux-x86_64/share/minizinc/gecode//fzn_nvalue.mzn'
processing file '/mnt/HDD/elenzi/Dovier/MiniZincIDE-2.5.3-bundle-linux-x86_64/share/minizinc/std/neural_net.mzn'
processing file '/mnt/HDD/elenzi/Dovier/MiniZincIDE-2.5.3-bundle-linux-x86_64/share/minizinc/std/fzn_neural_net_reif.mzn'
processing file '/mnt/HDD/elenzi/Dovier/MiniZincIDE-2.5.3-bundle-linux-x86_64/share/minizinc/std/fzn_neural_net.mzn'
processing file '/mnt/HDD/elenzi/Dovier/MiniZincIDE-2.5.3-bundle-linux-x86_64/share/minizinc/std/network_flow.mzn'
processing file '/mnt/HDD/elenzi/Dovier/MiniZincIDE-2.5.3-bundle-linux-x86_64/share/minizinc/std/fzn_network_flow_cost_reif.mzn'
processing file '/mnt/HDD/elenzi/Dovier/MiniZincIDE-2.5.3-bundle-linux-x86_64/share/minizinc/std/fzn_network_flow_cost.mzn'
processing file '/mnt/HDD/elenzi/Dovier/MiniZincIDE-2.5.3-bundle-linux-x86_64/share/minizinc/std/fzn_network_flow_reif.mzn'
processing file '/mnt/HDD/elenzi/Dovier/MiniZincIDE-2.5.3-bundle-linux-x86_64/share/minizinc/std/fzn_network_flow.mzn'
processing file '/mnt/HDD/elenzi/Dovier/MiniZincIDE-2.5.3-bundle-linux-x86_64/share/minizinc/std/minimum.mzn'
processing file '/mnt/HDD/elenzi/Dovier/MiniZincIDE-2.5.3-bundle-linux-x86_64/share/minizinc/std/member.mzn'
processing file '/mnt/HDD/elenzi/Dovier/MiniZincIDE-2.5.3-bundle-linux-x86_64/share/minizinc/std/set_member.mzn'
processing file '/mnt/HDD/elenzi/Dovier/MiniZincIDE-2.5.3-bundle-linux-x86_64/share/minizinc/std/fzn_set_member_reif.mzn'
processing file '/mnt/HDD/elenzi/Dovier/MiniZincIDE-2.5.3-bundle-linux-x86_64/share/minizinc/std/fzn_set_member.mzn'
processing file '/mnt/HDD/elenzi/Dovier/MiniZincIDE-2.5.3-bundle-linux-x86_64/share/minizinc/std/member_set.mzn'
processing file '/mnt/HDD/elenzi/Dovier/MiniZincIDE-2.5.3-bundle-linux-x86_64/share/minizinc/std/fzn_member_set_reif.mzn'
processing file '/mnt/HDD/elenzi/Dovier/MiniZincIDE-2.5.3-bundle-linux-x86_64/share/minizinc/std/fzn_member_set.mzn'
processing file '/mnt/HDD/elenzi/Dovier/MiniZincIDE-2.5.3-bundle-linux-x86_64/share/minizinc/std/member_int.mzn'
processing file '/mnt/HDD/elenzi/Dovier/MiniZincIDE-2.5.3-bundle-linux-x86_64/share/minizinc/gecode//fzn_member_int_reif.mzn'
processing file '/mnt/HDD/elenzi/Dovier/MiniZincIDE-2.5.3-bundle-linux-x86_64/share/minizinc/gecode//fzn_member_int.mzn'
processing file '/mnt/HDD/elenzi/Dovier/MiniZincIDE-2.5.3-bundle-linux-x86_64/share/minizinc/std/member_float.mzn'
processing file '/mnt/HDD/elenzi/Dovier/MiniZincIDE-2.5.3-bundle-linux-x86_64/share/minizinc/std/fzn_member_float_reif.mzn'
processing file '/mnt/HDD/elenzi/Dovier/MiniZincIDE-2.5.3-bundle-linux-x86_64/share/minizinc/std/fzn_member_float.mzn'
processing file '/mnt/HDD/elenzi/Dovier/MiniZincIDE-2.5.3-bundle-linux-x86_64/share/minizinc/std/member_bool.mzn'
processing file '/mnt/HDD/elenzi/Dovier/MiniZincIDE-2.5.3-bundle-linux-x86_64/share/minizinc/gecode//fzn_member_bool_reif.mzn'
processing file '/mnt/HDD/elenzi/Dovier/MiniZincIDE-2.5.3-bundle-linux-x86_64/share/minizinc/gecode//fzn_member_bool.mzn'
processing file '/mnt/HDD/elenzi/Dovier/MiniZincIDE-2.5.3-bundle-linux-x86_64/share/minizinc/std/mdd_nondet.mzn'
processing file '/mnt/HDD/elenzi/Dovier/MiniZincIDE-2.5.3-bundle-linux-x86_64/share/minizinc/std/fzn_mdd_nondet_reif.mzn'
processing file '/mnt/HDD/elenzi/Dovier/MiniZincIDE-2.5.3-bundle-linux-x86_64/share/minizinc/std/fzn_mdd_nondet.mzn'
processing file '/mnt/HDD/elenzi/Dovier/MiniZincIDE-2.5.3-bundle-linux-x86_64/share/minizinc/std/mdd.mzn'
processing file '/mnt/HDD/elenzi/Dovier/MiniZincIDE-2.5.3-bundle-linux-x86_64/share/minizinc/std/fzn_mdd_reif.mzn'
processing file '/mnt/HDD/elenzi/Dovier/MiniZincIDE-2.5.3-bundle-linux-x86_64/share/minizinc/std/fzn_mdd.mzn'
processing file '/mnt/HDD/elenzi/Dovier/MiniZincIDE-2.5.3-bundle-linux-x86_64/share/minizinc/std/maximum.mzn'
processing file '/mnt/HDD/elenzi/Dovier/MiniZincIDE-2.5.3-bundle-linux-x86_64/share/minizinc/std/link_set_to_booleans.mzn'
processing file '/mnt/HDD/elenzi/Dovier/MiniZincIDE-2.5.3-bundle-linux-x86_64/share/minizinc/std/fzn_link_set_to_booleans_reif.mzn'
processing file '/mnt/HDD/elenzi/Dovier/MiniZincIDE-2.5.3-bundle-linux-x86_64/share/minizinc/gecode//fzn_link_set_to_booleans.mzn'
processing file '/mnt/HDD/elenzi/Dovier/MiniZincIDE-2.5.3-bundle-linux-x86_64/share/minizinc/std/lex2.mzn'
processing file '/mnt/HDD/elenzi/Dovier/MiniZincIDE-2.5.3-bundle-linux-x86_64/share/minizinc/std/fzn_lex2_reif.mzn'
processing file '/mnt/HDD/elenzi/Dovier/MiniZincIDE-2.5.3-bundle-linux-x86_64/share/minizinc/std/fzn_lex2.mzn'
processing file '/mnt/HDD/elenzi/Dovier/MiniZincIDE-2.5.3-bundle-linux-x86_64/share/minizinc/std/lex_less.mzn'
processing file '/mnt/HDD/elenzi/Dovier/MiniZincIDE-2.5.3-bundle-linux-x86_64/share/minizinc/std/lex_less_set.mzn'
processing file '/mnt/HDD/elenzi/Dovier/MiniZincIDE-2.5.3-bundle-linux-x86_64/share/minizinc/std/fzn_lex_less_set_reif.mzn'
processing file '/mnt/HDD/elenzi/Dovier/MiniZincIDE-2.5.3-bundle-linux-x86_64/share/minizinc/std/fzn_lex_less_set.mzn'
processing file '/mnt/HDD/elenzi/Dovier/MiniZincIDE-2.5.3-bundle-linux-x86_64/share/minizinc/std/lex_less_int.mzn'
processing file '/mnt/HDD/elenzi/Dovier/MiniZincIDE-2.5.3-bundle-linux-x86_64/share/minizinc/std/fzn_lex_less_int_reif.mzn'
processing file '/mnt/HDD/elenzi/Dovier/MiniZincIDE-2.5.3-bundle-linux-x86_64/share/minizinc/gecode//fzn_lex_less_int.mzn'
processing file '/mnt/HDD/elenzi/Dovier/MiniZincIDE-2.5.3-bundle-linux-x86_64/share/minizinc/std/lex_less_float.mzn'
processing file '/mnt/HDD/elenzi/Dovier/MiniZincIDE-2.5.3-bundle-linux-x86_64/share/minizinc/std/fzn_lex_less_float_reif.mzn'
processing file '/mnt/HDD/elenzi/Dovier/MiniZincIDE-2.5.3-bundle-linux-x86_64/share/minizinc/std/fzn_lex_less_float.mzn'
processing file '/mnt/HDD/elenzi/Dovier/MiniZincIDE-2.5.3-bundle-linux-x86_64/share/minizinc/std/lex_less_bool.mzn'
processing file '/mnt/HDD/elenzi/Dovier/MiniZincIDE-2.5.3-bundle-linux-x86_64/share/minizinc/std/fzn_lex_less_bool_reif.mzn'
processing file '/mnt/HDD/elenzi/Dovier/MiniZincIDE-2.5.3-bundle-linux-x86_64/share/minizinc/gecode//fzn_lex_less_bool.mzn'
processing file '/mnt/HDD/elenzi/Dovier/MiniZincIDE-2.5.3-bundle-linux-x86_64/share/minizinc/std/lex_lesseq.mzn'
processing file '/mnt/HDD/elenzi/Dovier/MiniZincIDE-2.5.3-bundle-linux-x86_64/share/minizinc/std/lex_lesseq_set.mzn'
processing file '/mnt/HDD/elenzi/Dovier/MiniZincIDE-2.5.3-bundle-linux-x86_64/share/minizinc/std/fzn_lex_lesseq_set_reif.mzn'
processing file '/mnt/HDD/elenzi/Dovier/MiniZincIDE-2.5.3-bundle-linux-x86_64/share/minizinc/std/fzn_lex_lesseq_set.mzn'
processing file '/mnt/HDD/elenzi/Dovier/MiniZincIDE-2.5.3-bundle-linux-x86_64/share/minizinc/std/lex_lesseq_int.mzn'
processing file '/mnt/HDD/elenzi/Dovier/MiniZincIDE-2.5.3-bundle-linux-x86_64/share/minizinc/std/fzn_lex_lesseq_int_reif.mzn'
processing file '/mnt/HDD/elenzi/Dovier/MiniZincIDE-2.5.3-bundle-linux-x86_64/share/minizinc/gecode//fzn_lex_lesseq_int.mzn'
processing file '/mnt/HDD/elenzi/Dovier/MiniZincIDE-2.5.3-bundle-linux-x86_64/share/minizinc/std/lex_lesseq_float.mzn'
processing file '/mnt/HDD/elenzi/Dovier/MiniZincIDE-2.5.3-bundle-linux-x86_64/share/minizinc/std/fzn_lex_lesseq_float_reif.mzn'
processing file '/mnt/HDD/elenzi/Dovier/MiniZincIDE-2.5.3-bundle-linux-x86_64/share/minizinc/std/fzn_lex_lesseq_float.mzn'
processing file '/mnt/HDD/elenzi/Dovier/MiniZincIDE-2.5.3-bundle-linux-x86_64/share/minizinc/std/lex_lesseq_bool.mzn'
processing file '/mnt/HDD/elenzi/Dovier/MiniZincIDE-2.5.3-bundle-linux-x86_64/share/minizinc/std/fzn_lex_lesseq_bool_reif.mzn'
processing file '/mnt/HDD/elenzi/Dovier/MiniZincIDE-2.5.3-bundle-linux-x86_64/share/minizinc/gecode//fzn_lex_lesseq_bool.mzn'
processing file '/mnt/HDD/elenzi/Dovier/MiniZincIDE-2.5.3-bundle-linux-x86_64/share/minizinc/std/lex_greatereq.mzn'
processing file '/mnt/HDD/elenzi/Dovier/MiniZincIDE-2.5.3-bundle-linux-x86_64/share/minizinc/std/lex_greater.mzn'
processing file '/mnt/HDD/elenzi/Dovier/MiniZincIDE-2.5.3-bundle-linux-x86_64/share/minizinc/std/knapsack.mzn'
processing file '/mnt/HDD/elenzi/Dovier/MiniZincIDE-2.5.3-bundle-linux-x86_64/share/minizinc/std/fzn_knapsack_reif.mzn'
processing file '/mnt/HDD/elenzi/Dovier/MiniZincIDE-2.5.3-bundle-linux-x86_64/share/minizinc/std/fzn_knapsack.mzn'
processing file '/mnt/HDD/elenzi/Dovier/MiniZincIDE-2.5.3-bundle-linux-x86_64/share/minizinc/std/inverse_set.mzn'
processing file '/mnt/HDD/elenzi/Dovier/MiniZincIDE-2.5.3-bundle-linux-x86_64/share/minizinc/std/fzn_inverse_set_reif.mzn'
processing file '/mnt/HDD/elenzi/Dovier/MiniZincIDE-2.5.3-bundle-linux-x86_64/share/minizinc/gecode//fzn_inverse_set.mzn'
processing file '/mnt/HDD/elenzi/Dovier/MiniZincIDE-2.5.3-bundle-linux-x86_64/share/minizinc/std/inverse_in_range.mzn'
processing file '/mnt/HDD/elenzi/Dovier/MiniZincIDE-2.5.3-bundle-linux-x86_64/share/minizinc/std/fzn_inverse_in_range_reif.mzn'
processing file '/mnt/HDD/elenzi/Dovier/MiniZincIDE-2.5.3-bundle-linux-x86_64/share/minizinc/std/fzn_inverse_in_range.mzn'
processing file '/mnt/HDD/elenzi/Dovier/MiniZincIDE-2.5.3-bundle-linux-x86_64/share/minizinc/std/inverse_fn.mzn'
processing file '/mnt/HDD/elenzi/Dovier/MiniZincIDE-2.5.3-bundle-linux-x86_64/share/minizinc/std/inverse.mzn'
processing file '/mnt/HDD/elenzi/Dovier/MiniZincIDE-2.5.3-bundle-linux-x86_64/share/minizinc/std/fzn_inverse_reif.mzn'
processing file '/mnt/HDD/elenzi/Dovier/MiniZincIDE-2.5.3-bundle-linux-x86_64/share/minizinc/gecode//fzn_inverse.mzn'
processing file '/mnt/HDD/elenzi/Dovier/MiniZincIDE-2.5.3-bundle-linux-x86_64/share/minizinc/std/int_set_channel.mzn'
processing file '/mnt/HDD/elenzi/Dovier/MiniZincIDE-2.5.3-bundle-linux-x86_64/share/minizinc/std/fzn_int_set_channel_reif.mzn'
processing file '/mnt/HDD/elenzi/Dovier/MiniZincIDE-2.5.3-bundle-linux-x86_64/share/minizinc/gecode//fzn_int_set_channel.mzn'
processing file '/mnt/HDD/elenzi/Dovier/MiniZincIDE-2.5.3-bundle-linux-x86_64/share/minizinc/std/increasing.mzn'
processing file '/mnt/HDD/elenzi/Dovier/MiniZincIDE-2.5.3-bundle-linux-x86_64/share/minizinc/std/increasing_set.mzn'
processing file '/mnt/HDD/elenzi/Dovier/MiniZincIDE-2.5.3-bundle-linux-x86_64/share/minizinc/std/fzn_increasing_set_reif.mzn'
processing file '/mnt/HDD/elenzi/Dovier/MiniZincIDE-2.5.3-bundle-linux-x86_64/share/minizinc/std/fzn_increasing_set.mzn'
processing file '/mnt/HDD/elenzi/Dovier/MiniZincIDE-2.5.3-bundle-linux-x86_64/share/minizinc/std/increasing_int.mzn'
processing file '/mnt/HDD/elenzi/Dovier/MiniZincIDE-2.5.3-bundle-linux-x86_64/share/minizinc/std/fzn_increasing_int_reif.mzn'
processing file '/mnt/HDD/elenzi/Dovier/MiniZincIDE-2.5.3-bundle-linux-x86_64/share/minizinc/gecode//fzn_increasing_int.mzn'
processing file '/mnt/HDD/elenzi/Dovier/MiniZincIDE-2.5.3-bundle-linux-x86_64/share/minizinc/std/increasing_float.mzn'
processing file '/mnt/HDD/elenzi/Dovier/MiniZincIDE-2.5.3-bundle-linux-x86_64/share/minizinc/std/fzn_increasing_float_reif.mzn'
processing file '/mnt/HDD/elenzi/Dovier/MiniZincIDE-2.5.3-bundle-linux-x86_64/share/minizinc/std/fzn_increasing_float.mzn'
processing file '/mnt/HDD/elenzi/Dovier/MiniZincIDE-2.5.3-bundle-linux-x86_64/share/minizinc/std/increasing_bool.mzn'
processing file '/mnt/HDD/elenzi/Dovier/MiniZincIDE-2.5.3-bundle-linux-x86_64/share/minizinc/std/fzn_increasing_bool_reif.mzn'
processing file '/mnt/HDD/elenzi/Dovier/MiniZincIDE-2.5.3-bundle-linux-x86_64/share/minizinc/gecode//fzn_increasing_bool.mzn'
processing file '/mnt/HDD/elenzi/Dovier/MiniZincIDE-2.5.3-bundle-linux-x86_64/share/minizinc/std/global_cardinality_low_up_closed.mzn'
processing file '/mnt/HDD/elenzi/Dovier/MiniZincIDE-2.5.3-bundle-linux-x86_64/share/minizinc/std/fzn_global_cardinality_low_up_closed_reif.mzn'
processing file '/mnt/HDD/elenzi/Dovier/MiniZincIDE-2.5.3-bundle-linux-x86_64/share/minizinc/gecode//fzn_global_cardinality_low_up_closed.mzn'
processing file '/mnt/HDD/elenzi/Dovier/MiniZincIDE-2.5.3-bundle-linux-x86_64/share/minizinc/std/global_cardinality_low_up.mzn'
processing file '/mnt/HDD/elenzi/Dovier/MiniZincIDE-2.5.3-bundle-linux-x86_64/share/minizinc/std/fzn_global_cardinality_low_up_reif.mzn'
processing file '/mnt/HDD/elenzi/Dovier/MiniZincIDE-2.5.3-bundle-linux-x86_64/share/minizinc/gecode//fzn_global_cardinality_low_up.mzn'
processing file '/mnt/HDD/elenzi/Dovier/MiniZincIDE-2.5.3-bundle-linux-x86_64/share/minizinc/std/global_cardinality_closed_fn.mzn'
processing file '/mnt/HDD/elenzi/Dovier/MiniZincIDE-2.5.3-bundle-linux-x86_64/share/minizinc/std/global_cardinality_closed.mzn'
processing file '/mnt/HDD/elenzi/Dovier/MiniZincIDE-2.5.3-bundle-linux-x86_64/share/minizinc/std/fzn_global_cardinality_closed_reif.mzn'
processing file '/mnt/HDD/elenzi/Dovier/MiniZincIDE-2.5.3-bundle-linux-x86_64/share/minizinc/gecode//fzn_global_cardinality_closed.mzn'
processing file '/mnt/HDD/elenzi/Dovier/MiniZincIDE-2.5.3-bundle-linux-x86_64/share/minizinc/std/global_cardinality_fn.mzn'
processing file '/mnt/HDD/elenzi/Dovier/MiniZincIDE-2.5.3-bundle-linux-x86_64/share/minizinc/std/global_cardinality.mzn'
processing file '/mnt/HDD/elenzi/Dovier/MiniZincIDE-2.5.3-bundle-linux-x86_64/share/minizinc/std/fzn_global_cardinality_reif.mzn'
processing file '/mnt/HDD/elenzi/Dovier/MiniZincIDE-2.5.3-bundle-linux-x86_64/share/minizinc/gecode//fzn_global_cardinality.mzn'
processing file '/mnt/HDD/elenzi/Dovier/MiniZincIDE-2.5.3-bundle-linux-x86_64/share/minizinc/std/geost.mzn'
processing file '/mnt/HDD/elenzi/Dovier/MiniZincIDE-2.5.3-bundle-linux-x86_64/share/minizinc/std/fzn_geost_nonoverlap_k_reif.mzn'
processing file '/mnt/HDD/elenzi/Dovier/MiniZincIDE-2.5.3-bundle-linux-x86_64/share/minizinc/std/fzn_geost_nonoverlap_k.mzn'
processing file '/mnt/HDD/elenzi/Dovier/MiniZincIDE-2.5.3-bundle-linux-x86_64/share/minizinc/std/fzn_geost_smallest_bb_reif.mzn'
processing file '/mnt/HDD/elenzi/Dovier/MiniZincIDE-2.5.3-bundle-linux-x86_64/share/minizinc/std/fzn_geost_smallest_bb.mzn'
processing file '/mnt/HDD/elenzi/Dovier/MiniZincIDE-2.5.3-bundle-linux-x86_64/share/minizinc/std/fzn_geost_bb_reif.mzn'
processing file '/mnt/HDD/elenzi/Dovier/MiniZincIDE-2.5.3-bundle-linux-x86_64/share/minizinc/std/fzn_geost_bb.mzn'
processing file '/mnt/HDD/elenzi/Dovier/MiniZincIDE-2.5.3-bundle-linux-x86_64/share/minizinc/std/fzn_geost_reif.mzn'
processing file '/mnt/HDD/elenzi/Dovier/MiniZincIDE-2.5.3-bundle-linux-x86_64/share/minizinc/std/fzn_geost.mzn'
processing file '/mnt/HDD/elenzi/Dovier/MiniZincIDE-2.5.3-bundle-linux-x86_64/share/minizinc/std/exactly.mzn'
processing file '/mnt/HDD/elenzi/Dovier/MiniZincIDE-2.5.3-bundle-linux-x86_64/share/minizinc/std/exactly_set.mzn'
processing file '/mnt/HDD/elenzi/Dovier/MiniZincIDE-2.5.3-bundle-linux-x86_64/share/minizinc/std/fzn_exactly_set_reif.mzn'
processing file '/mnt/HDD/elenzi/Dovier/MiniZincIDE-2.5.3-bundle-linux-x86_64/share/minizinc/gecode//fzn_exactly_set.mzn'
processing file '/mnt/HDD/elenzi/Dovier/MiniZincIDE-2.5.3-bundle-linux-x86_64/share/minizinc/std/exactly_int.mzn'
processing file '/mnt/HDD/elenzi/Dovier/MiniZincIDE-2.5.3-bundle-linux-x86_64/share/minizinc/std/fzn_exactly_int_reif.mzn'
processing file '/mnt/HDD/elenzi/Dovier/MiniZincIDE-2.5.3-bundle-linux-x86_64/share/minizinc/std/fzn_exactly_int.mzn'
processing file '/mnt/HDD/elenzi/Dovier/MiniZincIDE-2.5.3-bundle-linux-x86_64/share/minizinc/std/exactly.mzn.deprecated.mzn'
processing file '/mnt/HDD/elenzi/Dovier/MiniZincIDE-2.5.3-bundle-linux-x86_64/share/minizinc/std/exactly.mzn.deprecated.mzn'
processing file '/mnt/HDD/elenzi/Dovier/MiniZincIDE-2.5.3-bundle-linux-x86_64/share/minizinc/std/exactly.mzn.deprecated.mzn'
processing file '/mnt/HDD/elenzi/Dovier/MiniZincIDE-2.5.3-bundle-linux-x86_64/share/minizinc/std//exactly.mzn.deprecated.mzn'
processing file '/mnt/HDD/elenzi/Dovier/MiniZincIDE-2.5.3-bundle-linux-x86_64/share/minizinc/std/exactly.mzn.deprecated.mzn'
processing file '/mnt/HDD/elenzi/Dovier/MiniZincIDE-2.5.3-bundle-linux-x86_64/share/minizinc/std/exactly.mzn.deprecated.mzn'
processing file '/mnt/HDD/elenzi/Dovier/MiniZincIDE-2.5.3-bundle-linux-x86_64/share/minizinc/std/element.mzn'
processing file '/mnt/HDD/elenzi/Dovier/MiniZincIDE-2.5.3-bundle-linux-x86_64/share/minizinc/std/element_set.mzn'
processing file '/mnt/HDD/elenzi/Dovier/MiniZincIDE-2.5.3-bundle-linux-x86_64/share/minizinc/std/element_int.mzn'
processing file '/mnt/HDD/elenzi/Dovier/MiniZincIDE-2.5.3-bundle-linux-x86_64/share/minizinc/std/element_float.mzn'
processing file '/mnt/HDD/elenzi/Dovier/MiniZincIDE-2.5.3-bundle-linux-x86_64/share/minizinc/std/element_bool.mzn'
processing file '/mnt/HDD/elenzi/Dovier/MiniZincIDE-2.5.3-bundle-linux-x86_64/share/minizinc/std/distribute_fn.mzn'
processing file '/mnt/HDD/elenzi/Dovier/MiniZincIDE-2.5.3-bundle-linux-x86_64/share/minizinc/std/distribute.mzn'
processing file '/mnt/HDD/elenzi/Dovier/MiniZincIDE-2.5.3-bundle-linux-x86_64/share/minizinc/std/fzn_distribute_reif.mzn'
processing file '/mnt/HDD/elenzi/Dovier/MiniZincIDE-2.5.3-bundle-linux-x86_64/share/minizinc/std/fzn_distribute.mzn'
processing file '/mnt/HDD/elenzi/Dovier/MiniZincIDE-2.5.3-bundle-linux-x86_64/share/minizinc/std/disjunctive_strict_opt.mzn'
processing file '/mnt/HDD/elenzi/Dovier/MiniZincIDE-2.5.3-bundle-linux-x86_64/share/minizinc/std/fzn_disjunctive_strict_opt_reif.mzn'
processing file '/mnt/HDD/elenzi/Dovier/MiniZincIDE-2.5.3-bundle-linux-x86_64/share/minizinc/std/fzn_disjunctive_strict_opt.mzn'
processing file '/mnt/HDD/elenzi/Dovier/MiniZincIDE-2.5.3-bundle-linux-x86_64/share/minizinc/std/disjunctive_opt.mzn'
processing file '/mnt/HDD/elenzi/Dovier/MiniZincIDE-2.5.3-bundle-linux-x86_64/share/minizinc/std/fzn_disjunctive_opt_reif.mzn'
processing file '/mnt/HDD/elenzi/Dovier/MiniZincIDE-2.5.3-bundle-linux-x86_64/share/minizinc/std/fzn_disjunctive_opt.mzn'
processing file '/mnt/HDD/elenzi/Dovier/MiniZincIDE-2.5.3-bundle-linux-x86_64/share/minizinc/std/disjunctive_strict.mzn'
processing file '/mnt/HDD/elenzi/Dovier/MiniZincIDE-2.5.3-bundle-linux-x86_64/share/minizinc/std/fzn_disjunctive_strict_reif.mzn'
processing file '/mnt/HDD/elenzi/Dovier/MiniZincIDE-2.5.3-bundle-linux-x86_64/share/minizinc/gecode//fzn_disjunctive_strict.mzn'
processing file '/mnt/HDD/elenzi/Dovier/MiniZincIDE-2.5.3-bundle-linux-x86_64/share/minizinc/gecode//fzn_cumulative.mzn'
processing file '/mnt/HDD/elenzi/Dovier/MiniZincIDE-2.5.3-bundle-linux-x86_64/share/minizinc/std/disjunctive.mzn'
processing file '/mnt/HDD/elenzi/Dovier/MiniZincIDE-2.5.3-bundle-linux-x86_64/share/minizinc/std/fzn_disjunctive_reif.mzn'
processing file '/mnt/HDD/elenzi/Dovier/MiniZincIDE-2.5.3-bundle-linux-x86_64/share/minizinc/std/fzn_disjunctive.mzn'
processing file '/mnt/HDD/elenzi/Dovier/MiniZincIDE-2.5.3-bundle-linux-x86_64/share/minizinc/std/disjoint.mzn'
processing file '/mnt/HDD/elenzi/Dovier/MiniZincIDE-2.5.3-bundle-linux-x86_64/share/minizinc/std/fzn_disjoint_reif.mzn'
processing file '/mnt/HDD/elenzi/Dovier/MiniZincIDE-2.5.3-bundle-linux-x86_64/share/minizinc/gecode//fzn_disjoint.mzn'
processing file '/mnt/HDD/elenzi/Dovier/MiniZincIDE-2.5.3-bundle-linux-x86_64/share/minizinc/std/diffn_nonstrict_k.mzn'
processing file '/mnt/HDD/elenzi/Dovier/MiniZincIDE-2.5.3-bundle-linux-x86_64/share/minizinc/std/fzn_diffn_nonstrict_k_reif.mzn'
processing file '/mnt/HDD/elenzi/Dovier/MiniZincIDE-2.5.3-bundle-linux-x86_64/share/minizinc/std/fzn_diffn_nonstrict_k.mzn'
processing file '/mnt/HDD/elenzi/Dovier/MiniZincIDE-2.5.3-bundle-linux-x86_64/share/minizinc/std/diffn_k.mzn'
processing file '/mnt/HDD/elenzi/Dovier/MiniZincIDE-2.5.3-bundle-linux-x86_64/share/minizinc/std/fzn_diffn_k_reif.mzn'
processing file '/mnt/HDD/elenzi/Dovier/MiniZincIDE-2.5.3-bundle-linux-x86_64/share/minizinc/std/fzn_diffn_k.mzn'
processing file '/mnt/HDD/elenzi/Dovier/MiniZincIDE-2.5.3-bundle-linux-x86_64/share/minizinc/std/diffn_nonstrict.mzn'
processing file '/mnt/HDD/elenzi/Dovier/MiniZincIDE-2.5.3-bundle-linux-x86_64/share/minizinc/std/fzn_diffn_nonstrict_reif.mzn'
processing file '/mnt/HDD/elenzi/Dovier/MiniZincIDE-2.5.3-bundle-linux-x86_64/share/minizinc/std/fzn_diffn_nonstrict.mzn'
processing file '/mnt/HDD/elenzi/Dovier/MiniZincIDE-2.5.3-bundle-linux-x86_64/share/minizinc/std/diffn.mzn'
processing file '/mnt/HDD/elenzi/Dovier/MiniZincIDE-2.5.3-bundle-linux-x86_64/share/minizinc/std/fzn_diffn_reif.mzn'
processing file '/mnt/HDD/elenzi/Dovier/MiniZincIDE-2.5.3-bundle-linux-x86_64/share/minizinc/gecode//fzn_diffn.mzn'
processing file '/mnt/HDD/elenzi/Dovier/MiniZincIDE-2.5.3-bundle-linux-x86_64/share/minizinc/std/decreasing.mzn'
processing file '/mnt/HDD/elenzi/Dovier/MiniZincIDE-2.5.3-bundle-linux-x86_64/share/minizinc/std/decreasing_set.mzn'
processing file '/mnt/HDD/elenzi/Dovier/MiniZincIDE-2.5.3-bundle-linux-x86_64/share/minizinc/std/fzn_decreasing_set.mzn'
processing file '/mnt/HDD/elenzi/Dovier/MiniZincIDE-2.5.3-bundle-linux-x86_64/share/minizinc/std/decreasing_int.mzn'
processing file '/mnt/HDD/elenzi/Dovier/MiniZincIDE-2.5.3-bundle-linux-x86_64/share/minizinc/gecode//fzn_decreasing_int.mzn'
processing file '/mnt/HDD/elenzi/Dovier/MiniZincIDE-2.5.3-bundle-linux-x86_64/share/minizinc/std/decreasing_float.mzn'
processing file '/mnt/HDD/elenzi/Dovier/MiniZincIDE-2.5.3-bundle-linux-x86_64/share/minizinc/std/fzn_decreasing_float.mzn'
processing file '/mnt/HDD/elenzi/Dovier/MiniZincIDE-2.5.3-bundle-linux-x86_64/share/minizinc/std/decreasing_bool.mzn'
processing file '/mnt/HDD/elenzi/Dovier/MiniZincIDE-2.5.3-bundle-linux-x86_64/share/minizinc/std/fzn_decreasing_bool_reif.mzn'
processing file '/mnt/HDD/elenzi/Dovier/MiniZincIDE-2.5.3-bundle-linux-x86_64/share/minizinc/gecode//fzn_decreasing_bool.mzn'
processing file '/mnt/HDD/elenzi/Dovier/MiniZincIDE-2.5.3-bundle-linux-x86_64/share/minizinc/std/dag.mzn'
processing file '/mnt/HDD/elenzi/Dovier/MiniZincIDE-2.5.3-bundle-linux-x86_64/share/minizinc/std/fzn_dag_reif.mzn'
processing file '/mnt/HDD/elenzi/Dovier/MiniZincIDE-2.5.3-bundle-linux-x86_64/share/minizinc/std/fzn_dag.mzn'
processing file '/mnt/HDD/elenzi/Dovier/MiniZincIDE-2.5.3-bundle-linux-x86_64/share/minizinc/std/cumulative_opt.mzn'
processing file '/mnt/HDD/elenzi/Dovier/MiniZincIDE-2.5.3-bundle-linux-x86_64/share/minizinc/std/fzn_cumulative_opt_reif.mzn'
processing file '/mnt/HDD/elenzi/Dovier/MiniZincIDE-2.5.3-bundle-linux-x86_64/share/minizinc/std/fzn_cumulative_opt.mzn'
processing file '/mnt/HDD/elenzi/Dovier/MiniZincIDE-2.5.3-bundle-linux-x86_64/share/minizinc/std/cumulative.mzn'
processing file '/mnt/HDD/elenzi/Dovier/MiniZincIDE-2.5.3-bundle-linux-x86_64/share/minizinc/std/fzn_cumulative_reif.mzn'
processing file '/mnt/HDD/elenzi/Dovier/MiniZincIDE-2.5.3-bundle-linux-x86_64/share/minizinc/std/cost_regular.mzn'
processing file '/mnt/HDD/elenzi/Dovier/MiniZincIDE-2.5.3-bundle-linux-x86_64/share/minizinc/std/fzn_cost_regular_reif.mzn'
processing file '/mnt/HDD/elenzi/Dovier/MiniZincIDE-2.5.3-bundle-linux-x86_64/share/minizinc/std/fzn_cost_regular.mzn'
processing file '/mnt/HDD/elenzi/Dovier/MiniZincIDE-2.5.3-bundle-linux-x86_64/share/minizinc/std/cost_mdd.mzn'
processing file '/mnt/HDD/elenzi/Dovier/MiniZincIDE-2.5.3-bundle-linux-x86_64/share/minizinc/std/fzn_cost_mdd_reif.mzn'
processing file '/mnt/HDD/elenzi/Dovier/MiniZincIDE-2.5.3-bundle-linux-x86_64/share/minizinc/std/fzn_cost_mdd.mzn'
processing file '/mnt/HDD/elenzi/Dovier/MiniZincIDE-2.5.3-bundle-linux-x86_64/share/minizinc/std/connected.mzn'
processing file '/mnt/HDD/elenzi/Dovier/MiniZincIDE-2.5.3-bundle-linux-x86_64/share/minizinc/std/fzn_dconnected_reif.mzn'
processing file '/mnt/HDD/elenzi/Dovier/MiniZincIDE-2.5.3-bundle-linux-x86_64/share/minizinc/std/fzn_dconnected.mzn'
processing file '/mnt/HDD/elenzi/Dovier/MiniZincIDE-2.5.3-bundle-linux-x86_64/share/minizinc/std/fzn_connected_reif.mzn'
processing file '/mnt/HDD/elenzi/Dovier/MiniZincIDE-2.5.3-bundle-linux-x86_64/share/minizinc/std/fzn_connected.mzn'
processing file '/mnt/HDD/elenzi/Dovier/MiniZincIDE-2.5.3-bundle-linux-x86_64/share/minizinc/std/circuit.mzn'
processing file '/mnt/HDD/elenzi/Dovier/MiniZincIDE-2.5.3-bundle-linux-x86_64/share/minizinc/std/fzn_circuit_reif.mzn'
processing file '/mnt/HDD/elenzi/Dovier/MiniZincIDE-2.5.3-bundle-linux-x86_64/share/minizinc/gecode//fzn_circuit.mzn'
processing file '/mnt/HDD/elenzi/Dovier/MiniZincIDE-2.5.3-bundle-linux-x86_64/share/minizinc/std/bounded_path.mzn'
processing file '/mnt/HDD/elenzi/Dovier/MiniZincIDE-2.5.3-bundle-linux-x86_64/share/minizinc/std/fzn_bounded_dpath_enum_reif.mzn'
processing file '/mnt/HDD/elenzi/Dovier/MiniZincIDE-2.5.3-bundle-linux-x86_64/share/minizinc/std/path.mzn'
processing file '/mnt/HDD/elenzi/Dovier/MiniZincIDE-2.5.3-bundle-linux-x86_64/share/minizinc/std/fzn_dpath_enum_reif.mzn'
processing file '/mnt/HDD/elenzi/Dovier/MiniZincIDE-2.5.3-bundle-linux-x86_64/share/minizinc/std/fzn_dpath_enum.mzn'
processing file '/mnt/HDD/elenzi/Dovier/MiniZincIDE-2.5.3-bundle-linux-x86_64/share/minizinc/std/fzn_dpath_int_reif.mzn'
processing file '/mnt/HDD/elenzi/Dovier/MiniZincIDE-2.5.3-bundle-linux-x86_64/share/minizinc/std/fzn_dpath_int.mzn'
processing file '/mnt/HDD/elenzi/Dovier/MiniZincIDE-2.5.3-bundle-linux-x86_64/share/minizinc/std/fzn_path_enum_reif.mzn'
processing file '/mnt/HDD/elenzi/Dovier/MiniZincIDE-2.5.3-bundle-linux-x86_64/share/minizinc/std/fzn_path_enum.mzn'
processing file '/mnt/HDD/elenzi/Dovier/MiniZincIDE-2.5.3-bundle-linux-x86_64/share/minizinc/std/fzn_path_int_reif.mzn'
processing file '/mnt/HDD/elenzi/Dovier/MiniZincIDE-2.5.3-bundle-linux-x86_64/share/minizinc/std/fzn_path_int.mzn'
processing file '/mnt/HDD/elenzi/Dovier/MiniZincIDE-2.5.3-bundle-linux-x86_64/share/minizinc/std/fzn_bounded_dpath_enum.mzn'
processing file '/mnt/HDD/elenzi/Dovier/MiniZincIDE-2.5.3-bundle-linux-x86_64/share/minizinc/std/fzn_bounded_dpath_int_reif.mzn'
processing file '/mnt/HDD/elenzi/Dovier/MiniZincIDE-2.5.3-bundle-linux-x86_64/share/minizinc/std/fzn_bounded_dpath_int.mzn'
processing file '/mnt/HDD/elenzi/Dovier/MiniZincIDE-2.5.3-bundle-linux-x86_64/share/minizinc/std/fzn_bounded_path_enum_reif.mzn'
processing file '/mnt/HDD/elenzi/Dovier/MiniZincIDE-2.5.3-bundle-linux-x86_64/share/minizinc/std/fzn_bounded_path_enum.mzn'
processing file '/mnt/HDD/elenzi/Dovier/MiniZincIDE-2.5.3-bundle-linux-x86_64/share/minizinc/std/fzn_bounded_path_int_reif.mzn'
processing file '/mnt/HDD/elenzi/Dovier/MiniZincIDE-2.5.3-bundle-linux-x86_64/share/minizinc/std/fzn_bounded_path_int.mzn'
processing file '/mnt/HDD/elenzi/Dovier/MiniZincIDE-2.5.3-bundle-linux-x86_64/share/minizinc/std/bin_packing_load_fn.mzn'
processing file '/mnt/HDD/elenzi/Dovier/MiniZincIDE-2.5.3-bundle-linux-x86_64/share/minizinc/gecode//fzn_bin_packing_load.mzn'
processing file '/mnt/HDD/elenzi/Dovier/MiniZincIDE-2.5.3-bundle-linux-x86_64/share/minizinc/std/bin_packing_load.mzn'
processing file '/mnt/HDD/elenzi/Dovier/MiniZincIDE-2.5.3-bundle-linux-x86_64/share/minizinc/std/fzn_bin_packing_load_reif.mzn'
processing file '/mnt/HDD/elenzi/Dovier/MiniZincIDE-2.5.3-bundle-linux-x86_64/share/minizinc/std/bin_packing_capa.mzn'
processing file '/mnt/HDD/elenzi/Dovier/MiniZincIDE-2.5.3-bundle-linux-x86_64/share/minizinc/std/fzn_bin_packing_capa_reif.mzn'
processing file '/mnt/HDD/elenzi/Dovier/MiniZincIDE-2.5.3-bundle-linux-x86_64/share/minizinc/gecode//fzn_bin_packing_capa.mzn'
processing file '/mnt/HDD/elenzi/Dovier/MiniZincIDE-2.5.3-bundle-linux-x86_64/share/minizinc/std/bin_packing.mzn'
processing file '/mnt/HDD/elenzi/Dovier/MiniZincIDE-2.5.3-bundle-linux-x86_64/share/minizinc/std/fzn_bin_packing_reif.mzn'
processing file '/mnt/HDD/elenzi/Dovier/MiniZincIDE-2.5.3-bundle-linux-x86_64/share/minizinc/gecode//fzn_bin_packing.mzn'
processing file '/mnt/HDD/elenzi/Dovier/MiniZincIDE-2.5.3-bundle-linux-x86_64/share/minizinc/std/at_most1.mzn'
processing file '/mnt/HDD/elenzi/Dovier/MiniZincIDE-2.5.3-bundle-linux-x86_64/share/minizinc/std/fzn_at_most1_reif.mzn'
processing file '/mnt/HDD/elenzi/Dovier/MiniZincIDE-2.5.3-bundle-linux-x86_64/share/minizinc/std/fzn_at_most1.mzn'
processing file '/mnt/HDD/elenzi/Dovier/MiniZincIDE-2.5.3-bundle-linux-x86_64/share/minizinc/std/at_most.mzn'
processing file '/mnt/HDD/elenzi/Dovier/MiniZincIDE-2.5.3-bundle-linux-x86_64/share/minizinc/std/fzn_at_most_set_reif.mzn'
processing file '/mnt/HDD/elenzi/Dovier/MiniZincIDE-2.5.3-bundle-linux-x86_64/share/minizinc/gecode//fzn_at_most_set.mzn'
processing file '/mnt/HDD/elenzi/Dovier/MiniZincIDE-2.5.3-bundle-linux-x86_64/share/minizinc/std/fzn_at_most_int_reif.mzn'
processing file '/mnt/HDD/elenzi/Dovier/MiniZincIDE-2.5.3-bundle-linux-x86_64/share/minizinc/gecode//fzn_at_most_int.mzn'
processing file '/mnt/HDD/elenzi/Dovier/MiniZincIDE-2.5.3-bundle-linux-x86_64/share/minizinc/std/at_most.mzn.deprecated.mzn'
processing file '/mnt/HDD/elenzi/Dovier/MiniZincIDE-2.5.3-bundle-linux-x86_64/share/minizinc/std/at_most.mzn.deprecated.mzn'
processing file '/mnt/HDD/elenzi/Dovier/MiniZincIDE-2.5.3-bundle-linux-x86_64/share/minizinc/std/at_most.mzn.deprecated.mzn'
processing file '/mnt/HDD/elenzi/Dovier/MiniZincIDE-2.5.3-bundle-linux-x86_64/share/minizinc/std//at_most.mzn.deprecated.mzn'
processing file '/mnt/HDD/elenzi/Dovier/MiniZincIDE-2.5.3-bundle-linux-x86_64/share/minizinc/std/at_most.mzn.deprecated.mzn'
processing file '/mnt/HDD/elenzi/Dovier/MiniZincIDE-2.5.3-bundle-linux-x86_64/share/minizinc/std/at_most.mzn.deprecated.mzn'
processing file '/mnt/HDD/elenzi/Dovier/MiniZincIDE-2.5.3-bundle-linux-x86_64/share/minizinc/std/at_least.mzn'
processing file '/mnt/HDD/elenzi/Dovier/MiniZincIDE-2.5.3-bundle-linux-x86_64/share/minizinc/std/fzn_at_least_set_reif.mzn'
processing file '/mnt/HDD/elenzi/Dovier/MiniZincIDE-2.5.3-bundle-linux-x86_64/share/minizinc/gecode//fzn_at_least_set.mzn'
processing file '/mnt/HDD/elenzi/Dovier/MiniZincIDE-2.5.3-bundle-linux-x86_64/share/minizinc/std/fzn_at_least_int_reif.mzn'
processing file '/mnt/HDD/elenzi/Dovier/MiniZincIDE-2.5.3-bundle-linux-x86_64/share/minizinc/gecode//fzn_at_least_int.mzn'
processing file '/mnt/HDD/elenzi/Dovier/MiniZincIDE-2.5.3-bundle-linux-x86_64/share/minizinc/std/at_least.mzn.deprecated.mzn'
processing file '/mnt/HDD/elenzi/Dovier/MiniZincIDE-2.5.3-bundle-linux-x86_64/share/minizinc/std/at_least.mzn.deprecated.mzn'
processing file '/mnt/HDD/elenzi/Dovier/MiniZincIDE-2.5.3-bundle-linux-x86_64/share/minizinc/std/at_least.mzn.deprecated.mzn'
processing file '/mnt/HDD/elenzi/Dovier/MiniZincIDE-2.5.3-bundle-linux-x86_64/share/minizinc/std//at_least.mzn.deprecated.mzn'
processing file '/mnt/HDD/elenzi/Dovier/MiniZincIDE-2.5.3-bundle-linux-x86_64/share/minizinc/std/at_least.mzn.deprecated.mzn'
processing file '/mnt/HDD/elenzi/Dovier/MiniZincIDE-2.5.3-bundle-linux-x86_64/share/minizinc/std/at_least.mzn.deprecated.mzn'
processing file '/mnt/HDD/elenzi/Dovier/MiniZincIDE-2.5.3-bundle-linux-x86_64/share/minizinc/std/arg_max.mzn'
processing file '/mnt/HDD/elenzi/Dovier/MiniZincIDE-2.5.3-bundle-linux-x86_64/share/minizinc/std/arg_max_float.mzn'
processing file '/mnt/HDD/elenzi/Dovier/MiniZincIDE-2.5.3-bundle-linux-x86_64/share/minizinc/std/fzn_arg_max_float.mzn'
processing file '/mnt/HDD/elenzi/Dovier/MiniZincIDE-2.5.3-bundle-linux-x86_64/share/minizinc/std/arg_max_bool.mzn'
processing file '/mnt/HDD/elenzi/Dovier/MiniZincIDE-2.5.3-bundle-linux-x86_64/share/minizinc/gecode//fzn_arg_max_bool.mzn'
processing file '/mnt/HDD/elenzi/Dovier/MiniZincIDE-2.5.3-bundle-linux-x86_64/share/minizinc/std/arg_max_int.mzn'
processing file '/mnt/HDD/elenzi/Dovier/MiniZincIDE-2.5.3-bundle-linux-x86_64/share/minizinc/gecode//fzn_arg_max_int.mzn'
processing file '/mnt/HDD/elenzi/Dovier/MiniZincIDE-2.5.3-bundle-linux-x86_64/share/minizinc/std/arg_min.mzn'
processing file '/mnt/HDD/elenzi/Dovier/MiniZincIDE-2.5.3-bundle-linux-x86_64/share/minizinc/std/arg_min_float.mzn'
processing file '/mnt/HDD/elenzi/Dovier/MiniZincIDE-2.5.3-bundle-linux-x86_64/share/minizinc/std/fzn_arg_min_float.mzn'
processing file '/mnt/HDD/elenzi/Dovier/MiniZincIDE-2.5.3-bundle-linux-x86_64/share/minizinc/std/arg_min_bool.mzn'
processing file '/mnt/HDD/elenzi/Dovier/MiniZincIDE-2.5.3-bundle-linux-x86_64/share/minizinc/gecode//fzn_arg_min_bool.mzn'
processing file '/mnt/HDD/elenzi/Dovier/MiniZincIDE-2.5.3-bundle-linux-x86_64/share/minizinc/std/arg_min_int.mzn'
processing file '/mnt/HDD/elenzi/Dovier/MiniZincIDE-2.5.3-bundle-linux-x86_64/share/minizinc/gecode//fzn_arg_min_int.mzn'
processing file '/mnt/HDD/elenzi/Dovier/MiniZincIDE-2.5.3-bundle-linux-x86_64/share/minizinc/std/arg_sort.mzn'
processing file '/mnt/HDD/elenzi/Dovier/MiniZincIDE-2.5.3-bundle-linux-x86_64/share/minizinc/std/arg_sort_float.mzn'
processing file '/mnt/HDD/elenzi/Dovier/MiniZincIDE-2.5.3-bundle-linux-x86_64/share/minizinc/std/fzn_arg_sort_float_reif.mzn'
processing file '/mnt/HDD/elenzi/Dovier/MiniZincIDE-2.5.3-bundle-linux-x86_64/share/minizinc/std/fzn_arg_sort_float.mzn'
processing file '/mnt/HDD/elenzi/Dovier/MiniZincIDE-2.5.3-bundle-linux-x86_64/share/minizinc/std/arg_sort_int.mzn'
processing file '/mnt/HDD/elenzi/Dovier/MiniZincIDE-2.5.3-bundle-linux-x86_64/share/minizinc/std/fzn_arg_sort_int_reif.mzn'
processing file '/mnt/HDD/elenzi/Dovier/MiniZincIDE-2.5.3-bundle-linux-x86_64/share/minizinc/std/fzn_arg_sort_int.mzn'
processing file '/mnt/HDD/elenzi/Dovier/MiniZincIDE-2.5.3-bundle-linux-x86_64/share/minizinc/std/among_fn.mzn'
processing file '/mnt/HDD/elenzi/Dovier/MiniZincIDE-2.5.3-bundle-linux-x86_64/share/minizinc/gecode//fzn_among.mzn'
processing file '/mnt/HDD/elenzi/Dovier/MiniZincIDE-2.5.3-bundle-linux-x86_64/share/minizinc/std/among.mzn'
processing file '/mnt/HDD/elenzi/Dovier/MiniZincIDE-2.5.3-bundle-linux-x86_64/share/minizinc/std/fzn_among_reif.mzn'
processing file '/mnt/HDD/elenzi/Dovier/MiniZincIDE-2.5.3-bundle-linux-x86_64/share/minizinc/std/alternative.mzn'
processing file '/mnt/HDD/elenzi/Dovier/MiniZincIDE-2.5.3-bundle-linux-x86_64/share/minizinc/std/fzn_alternative_reif.mzn'
processing file '/mnt/HDD/elenzi/Dovier/MiniZincIDE-2.5.3-bundle-linux-x86_64/share/minizinc/std/fzn_alternative.mzn'
processing file '/mnt/HDD/elenzi/Dovier/MiniZincIDE-2.5.3-bundle-linux-x86_64/share/minizinc/std/all_equal.mzn'
processing file '/mnt/HDD/elenzi/Dovier/MiniZincIDE-2.5.3-bundle-linux-x86_64/share/minizinc/std/fzn_all_equal_set_reif.mzn'
processing file '/mnt/HDD/elenzi/Dovier/MiniZincIDE-2.5.3-bundle-linux-x86_64/share/minizinc/std/fzn_all_equal_set.mzn'
processing file '/mnt/HDD/elenzi/Dovier/MiniZincIDE-2.5.3-bundle-linux-x86_64/share/minizinc/std/fzn_all_equal_int_reif.mzn'
processing file '/mnt/HDD/elenzi/Dovier/MiniZincIDE-2.5.3-bundle-linux-x86_64/share/minizinc/gecode//fzn_all_equal_int.mzn'
processing file '/mnt/HDD/elenzi/Dovier/MiniZincIDE-2.5.3-bundle-linux-x86_64/share/minizinc/std/all_disjoint.mzn'
processing file '/mnt/HDD/elenzi/Dovier/MiniZincIDE-2.5.3-bundle-linux-x86_64/share/minizinc/std/fzn_all_disjoint_reif.mzn'
processing file '/mnt/HDD/elenzi/Dovier/MiniZincIDE-2.5.3-bundle-linux-x86_64/share/minizinc/std/fzn_all_disjoint.mzn'
processing file '/mnt/HDD/elenzi/Dovier/MiniZincIDE-2.5.3-bundle-linux-x86_64/share/minizinc/std/alldifferent_except_0.mzn'
processing file '/mnt/HDD/elenzi/Dovier/MiniZincIDE-2.5.3-bundle-linux-x86_64/share/minizinc/std/fzn_alldifferent_except_0_reif.mzn'
processing file '/mnt/HDD/elenzi/Dovier/MiniZincIDE-2.5.3-bundle-linux-x86_64/share/minizinc/std/alldifferent_except.mzn'
processing file '/mnt/HDD/elenzi/Dovier/MiniZincIDE-2.5.3-bundle-linux-x86_64/share/minizinc/std/fzn_alldifferent_except_reif.mzn'
processing file '/mnt/HDD/elenzi/Dovier/MiniZincIDE-2.5.3-bundle-linux-x86_64/share/minizinc/std/fzn_alldifferent_except.mzn'
processing file '/mnt/HDD/elenzi/Dovier/MiniZincIDE-2.5.3-bundle-linux-x86_64/share/minizinc/gecode//fzn_alldifferent_except_0.mzn'
processing file '/mnt/HDD/elenzi/Dovier/MiniZincIDE-2.5.3-bundle-linux-x86_64/share/minizinc/std/all_different.mzn'
processing file '/mnt/HDD/elenzi/Dovier/MiniZincIDE-2.5.3-bundle-linux-x86_64/share/minizinc/std/fzn_all_different_set_reif.mzn'
processing file '/mnt/HDD/elenzi/Dovier/MiniZincIDE-2.5.3-bundle-linux-x86_64/share/minizinc/std/fzn_all_different_set.mzn'
processing file '/mnt/HDD/elenzi/Dovier/MiniZincIDE-2.5.3-bundle-linux-x86_64/share/minizinc/std/fzn_all_different_int_reif.mzn'
processing file '/mnt/HDD/elenzi/Dovier/MiniZincIDE-2.5.3-bundle-linux-x86_64/share/minizinc/gecode//fzn_all_different_int.mzn'
processing data file '/mnt/HDD/elenzi/Dovier/AR-Knights_Tour/assets/logs/9_12x12_minizinc/database.dzn'
 done parsing (0.04 s)
Flattening ...
	CompilePass: Flatten with '/mnt/HDD/elenzi/Dovier/MiniZincIDE-2.5.3-bundle-linux-x86_64/share/minizinc/gecode/' library ...
MIP domains ... done (1.92 s)
Optimizing ... done (2.02 s)
Converting to old FlatZinc ... done (2.19 s)
 done (2.19 s)
 done (2.23 s), max stack depth 16
Maximum memory 50 Mbytes.
      % SOLVING PHASE
FZN solver plugin, compiled  Nov 24 2020  23:00:32
Using FZN solver /mnt/HDD/elenzi/Dovier/MiniZincIDE-2.5.3-bundle-linux-x86_64/bin/fzn-gecode for solving, parameters: -a -p 8 -t 300000 
Warning, replacing unsupported annotation indomain_middle with indomain_median
Warning, ignored search annotation: impact
Warning, ignored search annotation: outdomain_max
Warning, replacing unsupported annotation indomain_interval with indomain_split
Warning, replacing unsupported annotation indomain_interval with indomain_split
[[74,84,87,96,99,100,95,104,103,108,107,77
89,94,76,86,93,2,101,110,109,79,69,3
82,72,91,85,98,97,102,81,106,105,75,65
0,31,92,78,88,83,4,1,36,67,5,71
70,80,1,29,35,32,38,28,23,73,63,24
41,47,33,90,40,6,25,34,20,26,1,7
51,68,43,37,27,17,30,21,46,61,22,16
45,39,49,55,56,42,8,59,0,18,9,0
0,53,66,0,15,57,19,44,11,48,14,0
0,0,0,58,0,54,13,10,1,0,0,0
0,64,0,0,0,60,0,0,50,12,0,0
0,0,0,62,0,0,52,0,0,0,0,0]]
----------
[[74,84,83,96,95,100,99,104,103,108,107,112
80,94,76,86,81,2,93,71,109,67,0,3
0,72,82,85,98,97,102,101,106,105,110,65
92,78,88,79,4,91,73,1,69,111,5,0
70,32,1,33,87,77,27,40,23,41,63,0
0,90,28,34,29,6,89,75,45,42,1,7
30,68,31,8,35,24,38,25,39,21,43,61
52,18,56,26,36,10,37,19,44,47,9,15
66,0,50,12,22,0,46,49,11,17,59,0
16,54,20,58,48,0,0,0,1,51,13,0
0,64,14,0,0,60,0,53,0,0,0,57
0,0,0,62,0,0,0,0,0,55,0,0]]
----------
[[74,84,87,96,99,100,95,104,103,108,107,77
89,94,76,86,93,2,101,110,109,79,113,3
82,72,91,85,98,97,102,81,106,105,75,116
0,34,92,78,88,83,4,1,112,111,5,115
70,80,1,36,35,40,31,41,27,44,114,73
32,26,49,90,45,6,37,42,21,7,1,46
51,68,30,24,38,33,43,29,39,25,71,17
28,22,53,47,56,18,8,23,9,19,48,63
0,0,66,20,55,12,54,16,50,65,15,69
0,0,0,58,0,0,57,10,1,11,61,0
0,64,0,0,0,60,14,52,59,0,67,13
0,0,0,62,0,0,0,0,0,0,0,0]]
----------
[[74,84,87,96,99,100,95,104,103,108,107,77
89,94,76,86,93,2,101,110,109,79,113,3
82,72,91,85,98,97,102,81,106,105,75,120
92,59,88,78,64,83,4,1,112,111,5,115
70,80,1,60,55,56,67,52,7,117,118,73
61,90,57,66,65,62,29,6,69,114,1,119
26,68,63,25,58,53,54,17,50,9,71,116
32,38,28,22,37,27,21,31,8,15,0,11
18,24,34,40,23,33,51,41,19,48,0,0
36,30,20,35,45,39,0,10,1,0,13,0
0,16,0,0,42,12,43,49,46,0,0,0
0,0,0,14,0,47,44,0,0,0,0,0]]
----------
[[74,84,87,96,99,100,95,104,103,108,107,77
89,94,76,86,93,2,101,110,109,79,113,3
82,72,91,85,98,97,102,81,106,105,75,124
92,58,88,78,61,83,4,1,112,111,5,115
70,80,1,57,62,65,51,116,6,117,122,73
56,90,60,63,53,59,28,67,120,114,1,7
27,68,55,32,31,64,118,49,119,8,71,41
36,54,29,66,21,30,33,26,69,39,9,10
50,25,34,40,18,24,19,37,47,121,43,0
0,38,52,23,44,35,16,22,1,11,12,0
0,48,42,0,0,20,0,17,14,45,123,13
0,0,0,46,0,0,0,0,0,15,0,0]]
----------
[[74,84,87,96,99,100,95,104,103,108,107,77
89,94,76,86,93,2,101,110,109,79,113,3
82,72,91,85,98,97,102,81,106,105,75,125
92,59,88,78,64,83,4,1,112,111,5,115
70,80,1,60,55,56,67,52,7,117,123,73
61,90,57,66,65,62,33,6,69,114,1,119
34,68,63,37,58,53,54,9,50,121,71,21
40,39,36,30,44,35,45,31,8,19,116,0
0,32,42,24,43,20,51,48,11,124,23,0
0,38,41,18,28,46,29,47,1,10,17,118
0,0,26,0,22,49,14,13,122,25,126,0
0,0,0,0,16,0,0,27,12,15,120,0]]
----------
[[74,84,83,96,99,100,95,104,103,108,107,73
85,94,76,86,93,2,101,110,109,75,113,3
82,72,91,81,98,97,102,77,106,105,71,128
92,87,88,78,57,79,4,1,112,111,5,115
70,80,1,89,58,53,59,52,47,117,126,69
32,90,36,55,37,54,49,6,48,114,1,7
38,68,30,56,51,60,50,61,119,45,67,124
24,34,40,35,25,39,8,46,116,63,9,15
66,33,22,28,62,44,23,121,43,13,122,65
0,26,64,42,20,27,41,10,1,118,17,11
0,0,31,0,0,16,123,21,0,12,127,120
0,0,0,18,29,0,0,14,125,19,0,0]]
----------
[[74,84,87,96,99,100,95,104,103,108,107,77
89,94,76,86,93,2,101,110,109,79,113,3
82,72,91,85,98,97,102,81,106,105,75,129
92,58,88,78,61,83,4,1,112,111,5,115
70,80,1,57,62,65,51,116,7,117,127,73
56,90,60,63,53,59,33,6,36,114,1,119
27,68,55,64,31,49,67,9,118,121,71,125
0,54,29,39,28,35,8,38,69,34,120,18
0,25,66,44,47,40,26,32,11,16,123,124
52,46,41,19,37,30,13,10,1,122,20,0
23,0,50,45,42,17,130,24,14,0,126,0
48,43,21,0,0,0,12,15,128,22,0,0]]
----------
[[74,84,83,96,99,100,95,104,103,108,107,73
85,94,76,86,93,2,101,110,109,75,113,3
82,72,91,81,98,97,102,77,106,105,71,132
92,87,88,78,57,79,4,1,112,111,5,115
70,80,1,89,54,60,55,61,51,117,130,69
36,90,40,58,37,59,41,6,65,114,1,7
42,68,34,52,62,56,63,53,119,49,67,128
29,38,64,35,28,39,8,43,116,18,9,47
66,44,31,32,50,21,26,121,11,45,126,16
129,27,48,19,33,30,13,10,1,118,20,122
46,0,127,0,23,17,123,24,0,124,14,0
0,131,25,0,125,0,0,15,12,22,120,0]]
----------
   Done (overall time 302.79 s).
