
-------------------------------------------------
| 74| 84| 83| 96| 99|100| 95|104|103|108|107| 73|
-------------------------------------------------
| 85| 94| 76| 86| 93|  2|101|110|109| 75|113|  3|
-------------------------------------------------
| 82| 72| 91| 81| 98| 97|102| 77|106|105| 71|132|
-------------------------------------------------
| 92| 87| 88| 78| 57| 79|  4|  1|112|111|  5|115|
-------------------------------------------------
| 70| 80|  1| 89| 54| 60| 55| 61| 51|117|130| 69|
-------------------------------------------------
| 36| 90| 40| 58| 37| 59| 41|  6| 65|114|  1|  7|
-------------------------------------------------
| 42| 68| 34| 52| 62| 56| 63| 53|119| 49| 67|128|
-------------------------------------------------
| 29| 38| 64| 35| 28| 39|  8| 43|116| 18|  9| 47|
-------------------------------------------------
| 66| 44| 31| 32| 50| 21| 26|121| 11| 45|126| 16|
-------------------------------------------------
|129| 27| 48| 19| 33| 30| 13| 10|  1|118| 20|122|
-------------------------------------------------
| 46|  0|127|  0| 23| 17|123| 24|  0|124| 14|  0|
-------------------------------------------------
|  0|131| 25|  0|125|  0|  0| 15| 12| 22|120|  0|
-------------------------------------------------

| n = 12 | k = 4 | coverage = 135, 93.75%
 Time 302.79
 Name 9_12x12_minizinc

