
---------------------------------
|  1|  2| 33| 38| 41| 46| 45| 55|
---------------------------------
| 31| 36| 39| 44| 47|  1| 30| 48|
---------------------------------
|  4| 35| 40| 27| 32| 43| 53|  1|
---------------------------------
| 18| 29| 34| 37| 42| 49| 50| 28|
---------------------------------
| 21|  6| 16| 22| 25| 26| 56| 51|
---------------------------------
|  3| 20| 23|  8| 14| 52| 11|  1|
---------------------------------
|  1| 19|  1|  7| 24| 15| 12| 54|
---------------------------------
|  0|  5|  0| 17| 10|  9|  0| 13|
---------------------------------

| n = 8 | k = 6 | coverage = 61, 95.3125%
 Time 300.49
 Name 2_8x8_minizinc

