
---------------------------------------------------------------------------------
|  0| 58| 52|  1| 64|151| 80|155|  0|  0|  0|163|140|238|169|130|136|190|196|  0|
---------------------------------------------------------------------------------
| 50| 44| 62| 88| 54|157| 66|149| 78|161|142|236|167|244|138|192|126|  0|134|188|
---------------------------------------------------------------------------------
| 60| 86| 56| 46| 68| 82|153|159|112|147|165|195|240|171|128|246|132|194|177|198|
---------------------------------------------------------------------------------
|  3| 48| 42| 84| 90|  0|110| 76|326|193|234|144|322|197|242|124|175|248|186|  0|
---------------------------------------------------------------------------------
|  1|  0|  0|  2| 40| 70|328|114|145|  0|324|191|120|150|173|  0|316|179|200|250|
---------------------------------------------------------------------------------
|  0|  5| 38| 92|330|100|  0|108| 74|116|146|232|199|320|122|152|323|204|314|184|
---------------------------------------------------------------------------------
|  1| 94| 24|102|  4|106| 72|299|  0|143|189|118|148|154|201|318|181|182|252|202|
---------------------------------------------------------------------------------
|  1| 36|  7|332| 98|137|  1|305|  0|301|158|205|230|185| 51|325|254|321|206|312|
---------------------------------------------------------------------------------
|  0| 22| 96| 26|104|  6|297|239|141|307|224|187|156|203|228|183| 53|174|180|319|
---------------------------------------------------------------------------------
| 34| 28|334|  9|135|237|139|  8|303|160|207|309|226| 49| 55|176|327|256|310|208|
---------------------------------------------------------------------------------
| 20|  0| 32|235|  0|295|241|162|101| 10|  0|222| 57|  0|  0|218|172|178|317|258|
---------------------------------------------------------------------------------
| 30|336| 18|117| 11|133| 23| 12|243|164| 99|209|311|220| 47|329|315|216|210|308|
---------------------------------------------------------------------------------
|352|115|233|338|293| 14| 13|103| 25| 95|  0|166| 45| 59|313|170|268|306|260|214|
---------------------------------------------------------------------------------
|231|  0|354| 16|119|340|131| 21| 15|245|211| 97|  0|168|331| 61|298|212|270|261|
---------------------------------------------------------------------------------
|113|350|353|342|356|291|105|287| 93| 27| 17|247|333| 43|300|266|  0|263|304|262|
---------------------------------------------------------------------------------
|355|229|111|349|107|121|  0|129| 19|213|283| 29| 79|249| 63|296|302|264|259|272|
---------------------------------------------------------------------------------
|348|351|357|358|344|127|289| 91|285| 31| 81|335|281|282| 41|251|292|274|265|  0|
---------------------------------------------------------------------------------
|227|360|346|109|347| 89|123| 85|215|337| 71| 77| 35| 65|294|284|267|273|290|257|
---------------------------------------------------------------------------------
|364|359|345|223|125|363|341|219| 73| 83| 33|279| 69| 39|280|275|253|286|276|271|
---------------------------------------------------------------------------------
|  0|225|362|361|343|221| 87|365|339|217| 75| 37|  0|277| 67|  0|278|269|255|288|
---------------------------------------------------------------------------------

| n = 20 | k = 5 | coverage = 369, 92.25%
 Time 300.0
 Name 0_20x20_clingo

