
---------------------------------------------------------
| 98|  1|113|127|126|132|133|  3|137|136|141|140|118|144|
---------------------------------------------------------
|115|125|100|130|131|109|124|134|143|114|120|146| 99|165|
---------------------------------------------------------
|102| 96|129|111|  2|128|  5|135|122|139|138|116|142|148|
---------------------------------------------------------
| 92|117|123|106| 87|  0|107|  1|112|145|152|101|163| 97|
---------------------------------------------------------
|121|104| 94|  1| 54|  4|110|  7|149|103| 49| 95|150|156|
---------------------------------------------------------
| 48| 90|119| 85|108| 89|  1|105|  1| 93|147|154| 47|161|
---------------------------------------------------------
|  1| 40| 46| 52|  6| 56|  1| 91|  9|151| 57| 51|158| 39|
---------------------------------------------------------
| 64| 50| 88| 42| 83| 65| 32| 61| 55| 33|155| 41|159| 45|
---------------------------------------------------------
| 38| 44| 62| 67| 34|  8| 58| 11|153| 59| 53| 31| 37|160|
---------------------------------------------------------
|  0| 66| 36| 86| 60| 81| 63| 30|  1| 26| 35|157| 43| 22|
---------------------------------------------------------
| 73| 72| 69| 68| 21| 84| 10| 80| 13| 16| 29| 24|162|  0|
---------------------------------------------------------
|  0|  1| 75| 74| 79| 78| 23| 14| 28|  0|164|  0| 20|  0|
---------------------------------------------------------
|  0| 71| 70| 19|  0| 12| 82| 15|  0| 27| 18|  0|  0|  0|
---------------------------------------------------------
|  0|  0|  0| 77| 76| 17|  0| 25|  0|  0|  0|166|  0|  0|
---------------------------------------------------------

| n = 14 | k = 9 | coverage = 174, 88.77551020408163%
 Time 305.67
 Name 2_14x14_minizinc

