MiniZinc to FlatZinc converter, version 2.5.3, build 220798393
Copyright (C) 2014-2020 Monash University, NICTA, Data61
Parsing file(s) /mnt/HDD/elenzi/Dovier/AR-Knights_Tour/assets/logs/2_14x14_minizinc/knights_tour.mzn', '/mnt/HDD/elenzi/Dovier/AR-Knights_Tour/assets/logs/2_14x14_minizinc/database.dzn' ...
processing file '/mnt/HDD/elenzi/Dovier/MiniZincIDE-2.5.3-bundle-linux-x86_64/share/minizinc/std/stdlib.mzn'
processing file '/mnt/HDD/elenzi/Dovier/MiniZincIDE-2.5.3-bundle-linux-x86_64/share/minizinc/std/stdlib/stdlib_internal.mzn'
processing file '/mnt/HDD/elenzi/Dovier/MiniZincIDE-2.5.3-bundle-linux-x86_64/share/minizinc/std/stdlib/stdlib_random.mzn'
processing file '/mnt/HDD/elenzi/Dovier/MiniZincIDE-2.5.3-bundle-linux-x86_64/share/minizinc/std/stdlib/stdlib_enum.mzn'
processing file '/mnt/HDD/elenzi/Dovier/MiniZincIDE-2.5.3-bundle-linux-x86_64/share/minizinc/std/stdlib/stdlib_debug.mzn'
processing file '/mnt/HDD/elenzi/Dovier/MiniZincIDE-2.5.3-bundle-linux-x86_64/share/minizinc/std/stdlib/stdlib_reflect.mzn'
processing file '/mnt/HDD/elenzi/Dovier/MiniZincIDE-2.5.3-bundle-linux-x86_64/share/minizinc/std/stdlib/stdlib_string.mzn'
processing file '/mnt/HDD/elenzi/Dovier/MiniZincIDE-2.5.3-bundle-linux-x86_64/share/minizinc/std/stdlib/stdlib_coercion.mzn'
processing file '/mnt/HDD/elenzi/Dovier/MiniZincIDE-2.5.3-bundle-linux-x86_64/share/minizinc/std/stdlib/stdlib_sort.mzn'
processing file '/mnt/HDD/elenzi/Dovier/MiniZincIDE-2.5.3-bundle-linux-x86_64/share/minizinc/std/stdlib/stdlib_array.mzn'
processing file '/mnt/HDD/elenzi/Dovier/MiniZincIDE-2.5.3-bundle-linux-x86_64/share/minizinc/std/stdlib/stdlib_ite.mzn'
processing file '/mnt/HDD/elenzi/Dovier/MiniZincIDE-2.5.3-bundle-linux-x86_64/share/minizinc/std/stdlib/stdlib_set.mzn'
processing file '/mnt/HDD/elenzi/Dovier/MiniZincIDE-2.5.3-bundle-linux-x86_64/share/minizinc/std/stdlib/stdlib_logic.mzn'
processing file '/mnt/HDD/elenzi/Dovier/MiniZincIDE-2.5.3-bundle-linux-x86_64/share/minizinc/std/stdlib/stdlib_math.mzn'
processing file '/mnt/HDD/elenzi/Dovier/MiniZincIDE-2.5.3-bundle-linux-x86_64/share/minizinc/std/stdlib/stdlib_compare.mzn'
processing file '/mnt/HDD/elenzi/Dovier/MiniZincIDE-2.5.3-bundle-linux-x86_64/share/minizinc/std/stdlib/stdlib_opt.mzn'
processing file '/mnt/HDD/elenzi/Dovier/MiniZincIDE-2.5.3-bundle-linux-x86_64/share/minizinc/std/stdlib/stdlib_ann.mzn'
processing file '/mnt/HDD/elenzi/Dovier/MiniZincIDE-2.5.3-bundle-linux-x86_64/share/minizinc/std/stdlib/stdlib_language.mzn'
processing file '/mnt/HDD/elenzi/Dovier/MiniZincIDE-2.5.3-bundle-linux-x86_64/share/minizinc/std/flatzinc_builtins.mzn'
processing file '/mnt/HDD/elenzi/Dovier/MiniZincIDE-2.5.3-bundle-linux-x86_64/share/minizinc/std/solver_redefinitions.mzn'
processing file '/mnt/HDD/elenzi/Dovier/MiniZincIDE-2.5.3-bundle-linux-x86_64/share/minizinc/std/fzn_if_then_else_partiality.mzn'
processing file '/mnt/HDD/elenzi/Dovier/MiniZincIDE-2.5.3-bundle-linux-x86_64/share/minizinc/std/fzn_if_then_else_var_set.mzn'
processing file '/mnt/HDD/elenzi/Dovier/MiniZincIDE-2.5.3-bundle-linux-x86_64/share/minizinc/std/fzn_if_then_else_set.mzn'
processing file '/mnt/HDD/elenzi/Dovier/MiniZincIDE-2.5.3-bundle-linux-x86_64/share/minizinc/std/fzn_if_then_else_var_opt_float.mzn'
processing file '/mnt/HDD/elenzi/Dovier/MiniZincIDE-2.5.3-bundle-linux-x86_64/share/minizinc/std/fzn_if_then_else_var_float.mzn'
processing file '/mnt/HDD/elenzi/Dovier/MiniZincIDE-2.5.3-bundle-linux-x86_64/share/minizinc/std/fzn_if_then_else_opt_float.mzn'
processing file '/mnt/HDD/elenzi/Dovier/MiniZincIDE-2.5.3-bundle-linux-x86_64/share/minizinc/std/fzn_if_then_else_float.mzn'
processing file '/mnt/HDD/elenzi/Dovier/MiniZincIDE-2.5.3-bundle-linux-x86_64/share/minizinc/std/fzn_if_then_else_var_opt_bool.mzn'
processing file '/mnt/HDD/elenzi/Dovier/MiniZincIDE-2.5.3-bundle-linux-x86_64/share/minizinc/std/fzn_if_then_else_var_bool.mzn'
processing file '/mnt/HDD/elenzi/Dovier/MiniZincIDE-2.5.3-bundle-linux-x86_64/share/minizinc/std/fzn_if_then_else_opt_bool.mzn'
processing file '/mnt/HDD/elenzi/Dovier/MiniZincIDE-2.5.3-bundle-linux-x86_64/share/minizinc/std/fzn_if_then_else_bool.mzn'
processing file '/mnt/HDD/elenzi/Dovier/MiniZincIDE-2.5.3-bundle-linux-x86_64/share/minizinc/std/fzn_if_then_else_var_opt_int.mzn'
processing file '/mnt/HDD/elenzi/Dovier/MiniZincIDE-2.5.3-bundle-linux-x86_64/share/minizinc/std/fzn_if_then_else_var_int.mzn'
processing file '/mnt/HDD/elenzi/Dovier/MiniZincIDE-2.5.3-bundle-linux-x86_64/share/minizinc/std/fzn_if_then_else_opt_int.mzn'
processing file '/mnt/HDD/elenzi/Dovier/MiniZincIDE-2.5.3-bundle-linux-x86_64/share/minizinc/std/fzn_if_then_else_int.mzn'
processing file '/mnt/HDD/elenzi/Dovier/MiniZincIDE-2.5.3-bundle-linux-x86_64/share/minizinc/std/count_fn.mzn'
processing file '/mnt/HDD/elenzi/Dovier/MiniZincIDE-2.5.3-bundle-linux-x86_64/share/minizinc/std/count.mzn'
processing file '/mnt/HDD/elenzi/Dovier/MiniZincIDE-2.5.3-bundle-linux-x86_64/share/minizinc/std/count_lt.mzn'
processing file '/mnt/HDD/elenzi/Dovier/MiniZincIDE-2.5.3-bundle-linux-x86_64/share/minizinc/std/fzn_count_lt_par_reif.mzn'
processing file '/mnt/HDD/elenzi/Dovier/MiniZincIDE-2.5.3-bundle-linux-x86_64/share/minizinc/std/fzn_count_lt_reif.mzn'
processing file '/mnt/HDD/elenzi/Dovier/MiniZincIDE-2.5.3-bundle-linux-x86_64/share/minizinc/std/fzn_count_lt_par.mzn'
processing file '/mnt/HDD/elenzi/Dovier/MiniZincIDE-2.5.3-bundle-linux-x86_64/share/minizinc/std/fzn_count_lt.mzn'
processing file '/mnt/HDD/elenzi/Dovier/MiniZincIDE-2.5.3-bundle-linux-x86_64/share/minizinc/std/count_gt.mzn'
processing file '/mnt/HDD/elenzi/Dovier/MiniZincIDE-2.5.3-bundle-linux-x86_64/share/minizinc/std/fzn_count_gt_reif.mzn'
processing file '/mnt/HDD/elenzi/Dovier/MiniZincIDE-2.5.3-bundle-linux-x86_64/share/minizinc/std/fzn_count_gt_par_reif.mzn'
processing file '/mnt/HDD/elenzi/Dovier/MiniZincIDE-2.5.3-bundle-linux-x86_64/share/minizinc/std/fzn_count_gt.mzn'
processing file '/mnt/HDD/elenzi/Dovier/MiniZincIDE-2.5.3-bundle-linux-x86_64/share/minizinc/std/fzn_count_gt_par.mzn'
processing file '/mnt/HDD/elenzi/Dovier/MiniZincIDE-2.5.3-bundle-linux-x86_64/share/minizinc/std/count_neq.mzn'
processing file '/mnt/HDD/elenzi/Dovier/MiniZincIDE-2.5.3-bundle-linux-x86_64/share/minizinc/std/fzn_count_neq_reif.mzn'
processing file '/mnt/HDD/elenzi/Dovier/MiniZincIDE-2.5.3-bundle-linux-x86_64/share/minizinc/std/fzn_count_neq_par_reif.mzn'
processing file '/mnt/HDD/elenzi/Dovier/MiniZincIDE-2.5.3-bundle-linux-x86_64/share/minizinc/std/fzn_count_neq.mzn'
processing file '/mnt/HDD/elenzi/Dovier/MiniZincIDE-2.5.3-bundle-linux-x86_64/share/minizinc/std/fzn_count_neq_par.mzn'
processing file '/mnt/HDD/elenzi/Dovier/MiniZincIDE-2.5.3-bundle-linux-x86_64/share/minizinc/std/count_leq.mzn'
processing file '/mnt/HDD/elenzi/Dovier/MiniZincIDE-2.5.3-bundle-linux-x86_64/share/minizinc/std/fzn_count_leq_reif.mzn'
processing file '/mnt/HDD/elenzi/Dovier/MiniZincIDE-2.5.3-bundle-linux-x86_64/share/minizinc/std/fzn_count_leq_par_reif.mzn'
processing file '/mnt/HDD/elenzi/Dovier/MiniZincIDE-2.5.3-bundle-linux-x86_64/share/minizinc/std/fzn_count_leq.mzn'
processing file '/mnt/HDD/elenzi/Dovier/MiniZincIDE-2.5.3-bundle-linux-x86_64/share/minizinc/std/fzn_count_leq_par.mzn'
processing file '/mnt/HDD/elenzi/Dovier/MiniZincIDE-2.5.3-bundle-linux-x86_64/share/minizinc/std/count_geq.mzn'
processing file '/mnt/HDD/elenzi/Dovier/MiniZincIDE-2.5.3-bundle-linux-x86_64/share/minizinc/std/fzn_count_geq_reif.mzn'
processing file '/mnt/HDD/elenzi/Dovier/MiniZincIDE-2.5.3-bundle-linux-x86_64/share/minizinc/std/fzn_count_geq_par_reif.mzn'
processing file '/mnt/HDD/elenzi/Dovier/MiniZincIDE-2.5.3-bundle-linux-x86_64/share/minizinc/std/fzn_count_geq.mzn'
processing file '/mnt/HDD/elenzi/Dovier/MiniZincIDE-2.5.3-bundle-linux-x86_64/share/minizinc/std/fzn_count_geq_par.mzn'
processing file '/mnt/HDD/elenzi/Dovier/MiniZincIDE-2.5.3-bundle-linux-x86_64/share/minizinc/std/count_eq.mzn'
processing file '/mnt/HDD/elenzi/Dovier/MiniZincIDE-2.5.3-bundle-linux-x86_64/share/minizinc/std/fzn_count_eq_par_reif.mzn'
processing file '/mnt/HDD/elenzi/Dovier/MiniZincIDE-2.5.3-bundle-linux-x86_64/share/minizinc/gecode//fzn_count_eq_reif.mzn'
processing file '/mnt/HDD/elenzi/Dovier/MiniZincIDE-2.5.3-bundle-linux-x86_64/share/minizinc/std/fzn_count_eq_par.mzn'
processing file '/mnt/HDD/elenzi/Dovier/MiniZincIDE-2.5.3-bundle-linux-x86_64/share/minizinc/gecode//fzn_count_eq.mzn'
processing file '/mnt/HDD/elenzi/Dovier/MiniZincIDE-2.5.3-bundle-linux-x86_64/share/minizinc/gecode//redefinitions-2.5.2.mzn'
processing file '/mnt/HDD/elenzi/Dovier/MiniZincIDE-2.5.3-bundle-linux-x86_64/share/minizinc/std/redefinitions-2.3.3.mzn'
processing file '/mnt/HDD/elenzi/Dovier/MiniZincIDE-2.5.3-bundle-linux-x86_64/share/minizinc/std/redefinitions-2.2.1.mzn'
processing file '/mnt/HDD/elenzi/Dovier/MiniZincIDE-2.5.3-bundle-linux-x86_64/share/minizinc/std/redefinitions-2.1.1.mzn'
processing file '/mnt/HDD/elenzi/Dovier/MiniZincIDE-2.5.3-bundle-linux-x86_64/share/minizinc/std/redefinitions-2.1.mzn'
processing file '/mnt/HDD/elenzi/Dovier/MiniZincIDE-2.5.3-bundle-linux-x86_64/share/minizinc/gecode//redefinitions-2.0.2.mzn'
processing file '/mnt/HDD/elenzi/Dovier/MiniZincIDE-2.5.3-bundle-linux-x86_64/share/minizinc/gecode//redefinitions-2.0.mzn'
processing file '/mnt/HDD/elenzi/Dovier/MiniZincIDE-2.5.3-bundle-linux-x86_64/share/minizinc/gecode//redefinitions.mzn'
processing file '/mnt/HDD/elenzi/Dovier/AR-Knights_Tour/assets/logs/2_14x14_minizinc/knights_tour.mzn'
processing file '/mnt/HDD/elenzi/Dovier/MiniZincIDE-2.5.3-bundle-linux-x86_64/share/minizinc/std/globals.mzn'
processing file '/mnt/HDD/elenzi/Dovier/MiniZincIDE-2.5.3-bundle-linux-x86_64/share/minizinc/std/weighted_spanning_tree.mzn'
processing file '/mnt/HDD/elenzi/Dovier/MiniZincIDE-2.5.3-bundle-linux-x86_64/share/minizinc/std/fzn_dwst_reif.mzn'
processing file '/mnt/HDD/elenzi/Dovier/MiniZincIDE-2.5.3-bundle-linux-x86_64/share/minizinc/std/fzn_dwst.mzn'
processing file '/mnt/HDD/elenzi/Dovier/MiniZincIDE-2.5.3-bundle-linux-x86_64/share/minizinc/std/fzn_wst_reif.mzn'
processing file '/mnt/HDD/elenzi/Dovier/MiniZincIDE-2.5.3-bundle-linux-x86_64/share/minizinc/std/fzn_wst.mzn'
processing file '/mnt/HDD/elenzi/Dovier/MiniZincIDE-2.5.3-bundle-linux-x86_64/share/minizinc/std/value_precede_chain.mzn'
processing file '/mnt/HDD/elenzi/Dovier/MiniZincIDE-2.5.3-bundle-linux-x86_64/share/minizinc/std/value_precede_chain_set.mzn'
processing file '/mnt/HDD/elenzi/Dovier/MiniZincIDE-2.5.3-bundle-linux-x86_64/share/minizinc/std/fzn_value_precede_chain_set_reif.mzn'
processing file '/mnt/HDD/elenzi/Dovier/MiniZincIDE-2.5.3-bundle-linux-x86_64/share/minizinc/std/fzn_value_precede_chain_set.mzn'
processing file '/mnt/HDD/elenzi/Dovier/MiniZincIDE-2.5.3-bundle-linux-x86_64/share/minizinc/std/value_precede_chain_int.mzn'
processing file '/mnt/HDD/elenzi/Dovier/MiniZincIDE-2.5.3-bundle-linux-x86_64/share/minizinc/std/fzn_value_precede_chain_int_reif.mzn'
processing file '/mnt/HDD/elenzi/Dovier/MiniZincIDE-2.5.3-bundle-linux-x86_64/share/minizinc/std/fzn_value_precede_chain_int.mzn'
processing file '/mnt/HDD/elenzi/Dovier/MiniZincIDE-2.5.3-bundle-linux-x86_64/share/minizinc/std/value_precede.mzn'
processing file '/mnt/HDD/elenzi/Dovier/MiniZincIDE-2.5.3-bundle-linux-x86_64/share/minizinc/std/value_precede_set.mzn'
processing file '/mnt/HDD/elenzi/Dovier/MiniZincIDE-2.5.3-bundle-linux-x86_64/share/minizinc/std/fzn_value_precede_set_reif.mzn'
processing file '/mnt/HDD/elenzi/Dovier/MiniZincIDE-2.5.3-bundle-linux-x86_64/share/minizinc/gecode//fzn_value_precede_set.mzn'
processing file '/mnt/HDD/elenzi/Dovier/MiniZincIDE-2.5.3-bundle-linux-x86_64/share/minizinc/std/fzn_value_precede_int_opt.mzn'
processing file '/mnt/HDD/elenzi/Dovier/MiniZincIDE-2.5.3-bundle-linux-x86_64/share/minizinc/std/value_precede_int.mzn'
processing file '/mnt/HDD/elenzi/Dovier/MiniZincIDE-2.5.3-bundle-linux-x86_64/share/minizinc/std/fzn_value_precede_int_reif.mzn'
processing file '/mnt/HDD/elenzi/Dovier/MiniZincIDE-2.5.3-bundle-linux-x86_64/share/minizinc/gecode//fzn_value_precede_int.mzn'
processing file '/mnt/HDD/elenzi/Dovier/MiniZincIDE-2.5.3-bundle-linux-x86_64/share/minizinc/std/tree.mzn'
processing file '/mnt/HDD/elenzi/Dovier/MiniZincIDE-2.5.3-bundle-linux-x86_64/share/minizinc/std/fzn_dtree_enum_reif.mzn'
processing file '/mnt/HDD/elenzi/Dovier/MiniZincIDE-2.5.3-bundle-linux-x86_64/share/minizinc/std/fzn_dtree_enum.mzn'
processing file '/mnt/HDD/elenzi/Dovier/MiniZincIDE-2.5.3-bundle-linux-x86_64/share/minizinc/std/fzn_dtree_int_reif.mzn'
processing file '/mnt/HDD/elenzi/Dovier/MiniZincIDE-2.5.3-bundle-linux-x86_64/share/minizinc/std/fzn_dtree_int.mzn'
processing file '/mnt/HDD/elenzi/Dovier/MiniZincIDE-2.5.3-bundle-linux-x86_64/share/minizinc/std/fzn_tree_enum_reif.mzn'
processing file '/mnt/HDD/elenzi/Dovier/MiniZincIDE-2.5.3-bundle-linux-x86_64/share/minizinc/std/fzn_tree_enum.mzn'
processing file '/mnt/HDD/elenzi/Dovier/MiniZincIDE-2.5.3-bundle-linux-x86_64/share/minizinc/std/fzn_tree_int_reif.mzn'
processing file '/mnt/HDD/elenzi/Dovier/MiniZincIDE-2.5.3-bundle-linux-x86_64/share/minizinc/std/fzn_tree_int.mzn'
processing file '/mnt/HDD/elenzi/Dovier/MiniZincIDE-2.5.3-bundle-linux-x86_64/share/minizinc/std/table.mzn'
processing file '/mnt/HDD/elenzi/Dovier/MiniZincIDE-2.5.3-bundle-linux-x86_64/share/minizinc/std/fzn_table_int_opt.mzn'
processing file '/mnt/HDD/elenzi/Dovier/MiniZincIDE-2.5.3-bundle-linux-x86_64/share/minizinc/std/table_int.mzn'
processing file '/mnt/HDD/elenzi/Dovier/MiniZincIDE-2.5.3-bundle-linux-x86_64/share/minizinc/gecode//fzn_table_int_reif.mzn'
processing file '/mnt/HDD/elenzi/Dovier/MiniZincIDE-2.5.3-bundle-linux-x86_64/share/minizinc/gecode//fzn_table_int.mzn'
processing file '/mnt/HDD/elenzi/Dovier/MiniZincIDE-2.5.3-bundle-linux-x86_64/share/minizinc/std/table_bool.mzn'
processing file '/mnt/HDD/elenzi/Dovier/MiniZincIDE-2.5.3-bundle-linux-x86_64/share/minizinc/gecode//fzn_table_bool_reif.mzn'
processing file '/mnt/HDD/elenzi/Dovier/MiniZincIDE-2.5.3-bundle-linux-x86_64/share/minizinc/gecode//fzn_table_bool.mzn'
processing file '/mnt/HDD/elenzi/Dovier/MiniZincIDE-2.5.3-bundle-linux-x86_64/share/minizinc/std/symmetric_all_different.mzn'
processing file '/mnt/HDD/elenzi/Dovier/MiniZincIDE-2.5.3-bundle-linux-x86_64/share/minizinc/std/fzn_symmetric_all_different_reif.mzn'
processing file '/mnt/HDD/elenzi/Dovier/MiniZincIDE-2.5.3-bundle-linux-x86_64/share/minizinc/std/fzn_symmetric_all_different.mzn'
processing file '/mnt/HDD/elenzi/Dovier/MiniZincIDE-2.5.3-bundle-linux-x86_64/share/minizinc/std/analyse_all_different.mzn'
processing file '/mnt/HDD/elenzi/Dovier/MiniZincIDE-2.5.3-bundle-linux-x86_64/share/minizinc/std/sum_set.mzn'
processing file '/mnt/HDD/elenzi/Dovier/MiniZincIDE-2.5.3-bundle-linux-x86_64/share/minizinc/std/fzn_sum_set_reif.mzn'
processing file '/mnt/HDD/elenzi/Dovier/MiniZincIDE-2.5.3-bundle-linux-x86_64/share/minizinc/gecode//fzn_sum_set.mzn'
processing file '/mnt/HDD/elenzi/Dovier/MiniZincIDE-2.5.3-bundle-linux-x86_64/share/minizinc/std/sum_pred.mzn'
processing file '/mnt/HDD/elenzi/Dovier/MiniZincIDE-2.5.3-bundle-linux-x86_64/share/minizinc/std/fzn_sum_pred_reif.mzn'
processing file '/mnt/HDD/elenzi/Dovier/MiniZincIDE-2.5.3-bundle-linux-x86_64/share/minizinc/gecode//fzn_sum_pred.mzn'
processing file '/mnt/HDD/elenzi/Dovier/MiniZincIDE-2.5.3-bundle-linux-x86_64/share/minizinc/std/subgraph.mzn'
processing file '/mnt/HDD/elenzi/Dovier/MiniZincIDE-2.5.3-bundle-linux-x86_64/share/minizinc/std/fzn_subgraph_enum_reif.mzn'
processing file '/mnt/HDD/elenzi/Dovier/MiniZincIDE-2.5.3-bundle-linux-x86_64/share/minizinc/std/fzn_subgraph_enum.mzn'
processing file '/mnt/HDD/elenzi/Dovier/MiniZincIDE-2.5.3-bundle-linux-x86_64/share/minizinc/std/fzn_subgraph_int_reif.mzn'
processing file '/mnt/HDD/elenzi/Dovier/MiniZincIDE-2.5.3-bundle-linux-x86_64/share/minizinc/std/fzn_subgraph_int.mzn'
processing file '/mnt/HDD/elenzi/Dovier/MiniZincIDE-2.5.3-bundle-linux-x86_64/share/minizinc/std/subcircuit.mzn'
processing file '/mnt/HDD/elenzi/Dovier/MiniZincIDE-2.5.3-bundle-linux-x86_64/share/minizinc/std/fzn_subcircuit_reif.mzn'
processing file '/mnt/HDD/elenzi/Dovier/MiniZincIDE-2.5.3-bundle-linux-x86_64/share/minizinc/std/alldifferent.mzn'
processing file '/mnt/HDD/elenzi/Dovier/MiniZincIDE-2.5.3-bundle-linux-x86_64/share/minizinc/std/fzn_subcircuit.mzn'
processing file '/mnt/HDD/elenzi/Dovier/MiniZincIDE-2.5.3-bundle-linux-x86_64/share/minizinc/std/strict_lex2.mzn'
processing file '/mnt/HDD/elenzi/Dovier/MiniZincIDE-2.5.3-bundle-linux-x86_64/share/minizinc/std/fzn_strict_lex2_reif.mzn'
processing file '/mnt/HDD/elenzi/Dovier/MiniZincIDE-2.5.3-bundle-linux-x86_64/share/minizinc/std/fzn_strict_lex2.mzn'
processing file '/mnt/HDD/elenzi/Dovier/MiniZincIDE-2.5.3-bundle-linux-x86_64/share/minizinc/std/strictly_increasing.mzn'
processing file '/mnt/HDD/elenzi/Dovier/MiniZincIDE-2.5.3-bundle-linux-x86_64/share/minizinc/std/fzn_strictly_increasing_bool_reif.mzn'
processing file '/mnt/HDD/elenzi/Dovier/MiniZincIDE-2.5.3-bundle-linux-x86_64/share/minizinc/std/fzn_strictly_increasing_bool.mzn'
processing file '/mnt/HDD/elenzi/Dovier/MiniZincIDE-2.5.3-bundle-linux-x86_64/share/minizinc/std/fzn_strictly_increasing_int_reif.mzn'
processing file '/mnt/HDD/elenzi/Dovier/MiniZincIDE-2.5.3-bundle-linux-x86_64/share/minizinc/std/fzn_strictly_increasing_int_opt.mzn'
processing file '/mnt/HDD/elenzi/Dovier/MiniZincIDE-2.5.3-bundle-linux-x86_64/share/minizinc/std/fzn_strictly_increasing_int.mzn'
processing file '/mnt/HDD/elenzi/Dovier/MiniZincIDE-2.5.3-bundle-linux-x86_64/share/minizinc/std/strictly_decreasing.mzn'
processing file '/mnt/HDD/elenzi/Dovier/MiniZincIDE-2.5.3-bundle-linux-x86_64/share/minizinc/std/fzn_strictly_decreasing_bool_reif.mzn'
processing file '/mnt/HDD/elenzi/Dovier/MiniZincIDE-2.5.3-bundle-linux-x86_64/share/minizinc/std/fzn_strictly_decreasing_bool.mzn'
processing file '/mnt/HDD/elenzi/Dovier/MiniZincIDE-2.5.3-bundle-linux-x86_64/share/minizinc/std/fzn_strictly_decreasing_int_reif.mzn'
processing file '/mnt/HDD/elenzi/Dovier/MiniZincIDE-2.5.3-bundle-linux-x86_64/share/minizinc/std/fzn_strictly_decreasing_int.mzn'
processing file '/mnt/HDD/elenzi/Dovier/MiniZincIDE-2.5.3-bundle-linux-x86_64/share/minizinc/std/steiner.mzn'
processing file '/mnt/HDD/elenzi/Dovier/MiniZincIDE-2.5.3-bundle-linux-x86_64/share/minizinc/std/fzn_dsteiner_reif.mzn'
processing file '/mnt/HDD/elenzi/Dovier/MiniZincIDE-2.5.3-bundle-linux-x86_64/share/minizinc/std/fzn_dsteiner.mzn'
processing file '/mnt/HDD/elenzi/Dovier/MiniZincIDE-2.5.3-bundle-linux-x86_64/share/minizinc/std/fzn_steiner_reif.mzn'
processing file '/mnt/HDD/elenzi/Dovier/MiniZincIDE-2.5.3-bundle-linux-x86_64/share/minizinc/std/fzn_steiner.mzn'
processing file '/mnt/HDD/elenzi/Dovier/MiniZincIDE-2.5.3-bundle-linux-x86_64/share/minizinc/std/span.mzn'
processing file '/mnt/HDD/elenzi/Dovier/MiniZincIDE-2.5.3-bundle-linux-x86_64/share/minizinc/std/fzn_span_reif.mzn'
processing file '/mnt/HDD/elenzi/Dovier/MiniZincIDE-2.5.3-bundle-linux-x86_64/share/minizinc/std/fzn_span.mzn'
processing file '/mnt/HDD/elenzi/Dovier/MiniZincIDE-2.5.3-bundle-linux-x86_64/share/minizinc/std/sort_fn.mzn'
processing file '/mnt/HDD/elenzi/Dovier/MiniZincIDE-2.5.3-bundle-linux-x86_64/share/minizinc/std/sort.mzn'
processing file '/mnt/HDD/elenzi/Dovier/MiniZincIDE-2.5.3-bundle-linux-x86_64/share/minizinc/std/fzn_sort_reif.mzn'
processing file '/mnt/HDD/elenzi/Dovier/MiniZincIDE-2.5.3-bundle-linux-x86_64/share/minizinc/gecode//fzn_sort.mzn'
processing file '/mnt/HDD/elenzi/Dovier/MiniZincIDE-2.5.3-bundle-linux-x86_64/share/minizinc/std/sliding_sum.mzn'
processing file '/mnt/HDD/elenzi/Dovier/MiniZincIDE-2.5.3-bundle-linux-x86_64/share/minizinc/std/fzn_sliding_sum_reif.mzn'
processing file '/mnt/HDD/elenzi/Dovier/MiniZincIDE-2.5.3-bundle-linux-x86_64/share/minizinc/std/fzn_sliding_sum.mzn'
processing file '/mnt/HDD/elenzi/Dovier/MiniZincIDE-2.5.3-bundle-linux-x86_64/share/minizinc/std/seq_precede_chain.mzn'
processing file '/mnt/HDD/elenzi/Dovier/MiniZincIDE-2.5.3-bundle-linux-x86_64/share/minizinc/std/fzn_seq_precede_chain_set_reif.mzn'
processing file '/mnt/HDD/elenzi/Dovier/MiniZincIDE-2.5.3-bundle-linux-x86_64/share/minizinc/std/fzn_seq_precede_chain_set.mzn'
processing file '/mnt/HDD/elenzi/Dovier/MiniZincIDE-2.5.3-bundle-linux-x86_64/share/minizinc/std/fzn_seq_precede_chain_int_reif.mzn'
processing file '/mnt/HDD/elenzi/Dovier/MiniZincIDE-2.5.3-bundle-linux-x86_64/share/minizinc/std/fzn_seq_precede_chain_int.mzn'
processing file '/mnt/HDD/elenzi/Dovier/MiniZincIDE-2.5.3-bundle-linux-x86_64/share/minizinc/std/roots_fn.mzn'
processing file '/mnt/HDD/elenzi/Dovier/MiniZincIDE-2.5.3-bundle-linux-x86_64/share/minizinc/std/roots.mzn'
processing file '/mnt/HDD/elenzi/Dovier/MiniZincIDE-2.5.3-bundle-linux-x86_64/share/minizinc/std/fzn_roots_reif.mzn'
processing file '/mnt/HDD/elenzi/Dovier/MiniZincIDE-2.5.3-bundle-linux-x86_64/share/minizinc/gecode//fzn_roots.mzn'
processing file '/mnt/HDD/elenzi/Dovier/MiniZincIDE-2.5.3-bundle-linux-x86_64/share/minizinc/std/regular_regexp.mzn'
processing file '/mnt/HDD/elenzi/Dovier/MiniZincIDE-2.5.3-bundle-linux-x86_64/share/minizinc/std/fzn_regular_regexp.mzn'
processing file '/mnt/HDD/elenzi/Dovier/MiniZincIDE-2.5.3-bundle-linux-x86_64/share/minizinc/std/regular_set.mzn'
processing file '/mnt/HDD/elenzi/Dovier/MiniZincIDE-2.5.3-bundle-linux-x86_64/share/minizinc/std/fzn_regular_set_reif.mzn'
processing file '/mnt/HDD/elenzi/Dovier/MiniZincIDE-2.5.3-bundle-linux-x86_64/share/minizinc/std/fzn_regular_set.mzn'
processing file '/mnt/HDD/elenzi/Dovier/MiniZincIDE-2.5.3-bundle-linux-x86_64/share/minizinc/std/regular_nfa.mzn'
processing file '/mnt/HDD/elenzi/Dovier/MiniZincIDE-2.5.3-bundle-linux-x86_64/share/minizinc/std/fzn_regular_nfa_set_reif.mzn'
processing file '/mnt/HDD/elenzi/Dovier/MiniZincIDE-2.5.3-bundle-linux-x86_64/share/minizinc/std/fzn_regular_nfa_set.mzn'
processing file '/mnt/HDD/elenzi/Dovier/MiniZincIDE-2.5.3-bundle-linux-x86_64/share/minizinc/std/fzn_regular_nfa_reif.mzn'
processing file '/mnt/HDD/elenzi/Dovier/MiniZincIDE-2.5.3-bundle-linux-x86_64/share/minizinc/std/fzn_regular_nfa.mzn'
processing file '/mnt/HDD/elenzi/Dovier/MiniZincIDE-2.5.3-bundle-linux-x86_64/share/minizinc/std/regular.mzn'
processing file '/mnt/HDD/elenzi/Dovier/MiniZincIDE-2.5.3-bundle-linux-x86_64/share/minizinc/std/fzn_regular_reif.mzn'
processing file '/mnt/HDD/elenzi/Dovier/MiniZincIDE-2.5.3-bundle-linux-x86_64/share/minizinc/gecode//fzn_regular.mzn'
processing file '/mnt/HDD/elenzi/Dovier/MiniZincIDE-2.5.3-bundle-linux-x86_64/share/minizinc/std/reachable.mzn'
processing file '/mnt/HDD/elenzi/Dovier/MiniZincIDE-2.5.3-bundle-linux-x86_64/share/minizinc/std/fzn_dreachable_enum_reif.mzn'
processing file '/mnt/HDD/elenzi/Dovier/MiniZincIDE-2.5.3-bundle-linux-x86_64/share/minizinc/std/fzn_dreachable_enum.mzn'
processing file '/mnt/HDD/elenzi/Dovier/MiniZincIDE-2.5.3-bundle-linux-x86_64/share/minizinc/std/fzn_dreachable_int_reif.mzn'
processing file '/mnt/HDD/elenzi/Dovier/MiniZincIDE-2.5.3-bundle-linux-x86_64/share/minizinc/std/fzn_dreachable_int.mzn'
processing file '/mnt/HDD/elenzi/Dovier/MiniZincIDE-2.5.3-bundle-linux-x86_64/share/minizinc/std/fzn_reachable_enum_reif.mzn'
processing file '/mnt/HDD/elenzi/Dovier/MiniZincIDE-2.5.3-bundle-linux-x86_64/share/minizinc/std/fzn_reachable_enum.mzn'
processing file '/mnt/HDD/elenzi/Dovier/MiniZincIDE-2.5.3-bundle-linux-x86_64/share/minizinc/std/fzn_reachable_int_reif.mzn'
processing file '/mnt/HDD/elenzi/Dovier/MiniZincIDE-2.5.3-bundle-linux-x86_64/share/minizinc/std/fzn_reachable_int.mzn'
processing file '/mnt/HDD/elenzi/Dovier/MiniZincIDE-2.5.3-bundle-linux-x86_64/share/minizinc/std/range_fn.mzn'
processing file '/mnt/HDD/elenzi/Dovier/MiniZincIDE-2.5.3-bundle-linux-x86_64/share/minizinc/std/range.mzn'
processing file '/mnt/HDD/elenzi/Dovier/MiniZincIDE-2.5.3-bundle-linux-x86_64/share/minizinc/std/fzn_range_reif.mzn'
processing file '/mnt/HDD/elenzi/Dovier/MiniZincIDE-2.5.3-bundle-linux-x86_64/share/minizinc/gecode//fzn_range.mzn'
processing file '/mnt/HDD/elenzi/Dovier/MiniZincIDE-2.5.3-bundle-linux-x86_64/share/minizinc/std/piecewise_linear.mzn'
processing file '/mnt/HDD/elenzi/Dovier/MiniZincIDE-2.5.3-bundle-linux-x86_64/share/minizinc/std/fzn_piecewise_linear_reif.mzn'
processing file '/mnt/HDD/elenzi/Dovier/MiniZincIDE-2.5.3-bundle-linux-x86_64/share/minizinc/std/fzn_piecewise_linear.mzn'
processing file '/mnt/HDD/elenzi/Dovier/MiniZincIDE-2.5.3-bundle-linux-x86_64/share/minizinc/std/partition_set.mzn'
processing file '/mnt/HDD/elenzi/Dovier/MiniZincIDE-2.5.3-bundle-linux-x86_64/share/minizinc/std/fzn_partition_set_reif.mzn'
processing file '/mnt/HDD/elenzi/Dovier/MiniZincIDE-2.5.3-bundle-linux-x86_64/share/minizinc/gecode//fzn_partition_set.mzn'
processing file '/mnt/HDD/elenzi/Dovier/MiniZincIDE-2.5.3-bundle-linux-x86_64/share/minizinc/std/nvalue_fn.mzn'
processing file '/mnt/HDD/elenzi/Dovier/MiniZincIDE-2.5.3-bundle-linux-x86_64/share/minizinc/std/nvalue.mzn'
processing file '/mnt/HDD/elenzi/Dovier/MiniZincIDE-2.5.3-bundle-linux-x86_64/share/minizinc/std/fzn_nvalue_reif.mzn'
processing file '/mnt/HDD/elenzi/Dovier/MiniZincIDE-2.5.3-bundle-linux-x86_64/share/minizinc/gecode//fzn_nvalue.mzn'
processing file '/mnt/HDD/elenzi/Dovier/MiniZincIDE-2.5.3-bundle-linux-x86_64/share/minizinc/std/neural_net.mzn'
processing file '/mnt/HDD/elenzi/Dovier/MiniZincIDE-2.5.3-bundle-linux-x86_64/share/minizinc/std/fzn_neural_net_reif.mzn'
processing file '/mnt/HDD/elenzi/Dovier/MiniZincIDE-2.5.3-bundle-linux-x86_64/share/minizinc/std/fzn_neural_net.mzn'
processing file '/mnt/HDD/elenzi/Dovier/MiniZincIDE-2.5.3-bundle-linux-x86_64/share/minizinc/std/network_flow.mzn'
processing file '/mnt/HDD/elenzi/Dovier/MiniZincIDE-2.5.3-bundle-linux-x86_64/share/minizinc/std/fzn_network_flow_cost_reif.mzn'
processing file '/mnt/HDD/elenzi/Dovier/MiniZincIDE-2.5.3-bundle-linux-x86_64/share/minizinc/std/fzn_network_flow_cost.mzn'
processing file '/mnt/HDD/elenzi/Dovier/MiniZincIDE-2.5.3-bundle-linux-x86_64/share/minizinc/std/fzn_network_flow_reif.mzn'
processing file '/mnt/HDD/elenzi/Dovier/MiniZincIDE-2.5.3-bundle-linux-x86_64/share/minizinc/std/fzn_network_flow.mzn'
processing file '/mnt/HDD/elenzi/Dovier/MiniZincIDE-2.5.3-bundle-linux-x86_64/share/minizinc/std/minimum.mzn'
processing file '/mnt/HDD/elenzi/Dovier/MiniZincIDE-2.5.3-bundle-linux-x86_64/share/minizinc/std/member.mzn'
processing file '/mnt/HDD/elenzi/Dovier/MiniZincIDE-2.5.3-bundle-linux-x86_64/share/minizinc/std/set_member.mzn'
processing file '/mnt/HDD/elenzi/Dovier/MiniZincIDE-2.5.3-bundle-linux-x86_64/share/minizinc/std/fzn_set_member_reif.mzn'
processing file '/mnt/HDD/elenzi/Dovier/MiniZincIDE-2.5.3-bundle-linux-x86_64/share/minizinc/std/fzn_set_member.mzn'
processing file '/mnt/HDD/elenzi/Dovier/MiniZincIDE-2.5.3-bundle-linux-x86_64/share/minizinc/std/member_set.mzn'
processing file '/mnt/HDD/elenzi/Dovier/MiniZincIDE-2.5.3-bundle-linux-x86_64/share/minizinc/std/fzn_member_set_reif.mzn'
processing file '/mnt/HDD/elenzi/Dovier/MiniZincIDE-2.5.3-bundle-linux-x86_64/share/minizinc/std/fzn_member_set.mzn'
processing file '/mnt/HDD/elenzi/Dovier/MiniZincIDE-2.5.3-bundle-linux-x86_64/share/minizinc/std/member_int.mzn'
processing file '/mnt/HDD/elenzi/Dovier/MiniZincIDE-2.5.3-bundle-linux-x86_64/share/minizinc/gecode//fzn_member_int_reif.mzn'
processing file '/mnt/HDD/elenzi/Dovier/MiniZincIDE-2.5.3-bundle-linux-x86_64/share/minizinc/gecode//fzn_member_int.mzn'
processing file '/mnt/HDD/elenzi/Dovier/MiniZincIDE-2.5.3-bundle-linux-x86_64/share/minizinc/std/member_float.mzn'
processing file '/mnt/HDD/elenzi/Dovier/MiniZincIDE-2.5.3-bundle-linux-x86_64/share/minizinc/std/fzn_member_float_reif.mzn'
processing file '/mnt/HDD/elenzi/Dovier/MiniZincIDE-2.5.3-bundle-linux-x86_64/share/minizinc/std/fzn_member_float.mzn'
processing file '/mnt/HDD/elenzi/Dovier/MiniZincIDE-2.5.3-bundle-linux-x86_64/share/minizinc/std/member_bool.mzn'
processing file '/mnt/HDD/elenzi/Dovier/MiniZincIDE-2.5.3-bundle-linux-x86_64/share/minizinc/gecode//fzn_member_bool_reif.mzn'
processing file '/mnt/HDD/elenzi/Dovier/MiniZincIDE-2.5.3-bundle-linux-x86_64/share/minizinc/gecode//fzn_member_bool.mzn'
processing file '/mnt/HDD/elenzi/Dovier/MiniZincIDE-2.5.3-bundle-linux-x86_64/share/minizinc/std/mdd_nondet.mzn'
processing file '/mnt/HDD/elenzi/Dovier/MiniZincIDE-2.5.3-bundle-linux-x86_64/share/minizinc/std/fzn_mdd_nondet_reif.mzn'
processing file '/mnt/HDD/elenzi/Dovier/MiniZincIDE-2.5.3-bundle-linux-x86_64/share/minizinc/std/fzn_mdd_nondet.mzn'
processing file '/mnt/HDD/elenzi/Dovier/MiniZincIDE-2.5.3-bundle-linux-x86_64/share/minizinc/std/mdd.mzn'
processing file '/mnt/HDD/elenzi/Dovier/MiniZincIDE-2.5.3-bundle-linux-x86_64/share/minizinc/std/fzn_mdd_reif.mzn'
processing file '/mnt/HDD/elenzi/Dovier/MiniZincIDE-2.5.3-bundle-linux-x86_64/share/minizinc/std/fzn_mdd.mzn'
processing file '/mnt/HDD/elenzi/Dovier/MiniZincIDE-2.5.3-bundle-linux-x86_64/share/minizinc/std/maximum.mzn'
processing file '/mnt/HDD/elenzi/Dovier/MiniZincIDE-2.5.3-bundle-linux-x86_64/share/minizinc/std/link_set_to_booleans.mzn'
processing file '/mnt/HDD/elenzi/Dovier/MiniZincIDE-2.5.3-bundle-linux-x86_64/share/minizinc/std/fzn_link_set_to_booleans_reif.mzn'
processing file '/mnt/HDD/elenzi/Dovier/MiniZincIDE-2.5.3-bundle-linux-x86_64/share/minizinc/gecode//fzn_link_set_to_booleans.mzn'
processing file '/mnt/HDD/elenzi/Dovier/MiniZincIDE-2.5.3-bundle-linux-x86_64/share/minizinc/std/lex2.mzn'
processing file '/mnt/HDD/elenzi/Dovier/MiniZincIDE-2.5.3-bundle-linux-x86_64/share/minizinc/std/fzn_lex2_reif.mzn'
processing file '/mnt/HDD/elenzi/Dovier/MiniZincIDE-2.5.3-bundle-linux-x86_64/share/minizinc/std/fzn_lex2.mzn'
processing file '/mnt/HDD/elenzi/Dovier/MiniZincIDE-2.5.3-bundle-linux-x86_64/share/minizinc/std/lex_less.mzn'
processing file '/mnt/HDD/elenzi/Dovier/MiniZincIDE-2.5.3-bundle-linux-x86_64/share/minizinc/std/lex_less_set.mzn'
processing file '/mnt/HDD/elenzi/Dovier/MiniZincIDE-2.5.3-bundle-linux-x86_64/share/minizinc/std/fzn_lex_less_set_reif.mzn'
processing file '/mnt/HDD/elenzi/Dovier/MiniZincIDE-2.5.3-bundle-linux-x86_64/share/minizinc/std/fzn_lex_less_set.mzn'
processing file '/mnt/HDD/elenzi/Dovier/MiniZincIDE-2.5.3-bundle-linux-x86_64/share/minizinc/std/lex_less_int.mzn'
processing file '/mnt/HDD/elenzi/Dovier/MiniZincIDE-2.5.3-bundle-linux-x86_64/share/minizinc/std/fzn_lex_less_int_reif.mzn'
processing file '/mnt/HDD/elenzi/Dovier/MiniZincIDE-2.5.3-bundle-linux-x86_64/share/minizinc/gecode//fzn_lex_less_int.mzn'
processing file '/mnt/HDD/elenzi/Dovier/MiniZincIDE-2.5.3-bundle-linux-x86_64/share/minizinc/std/lex_less_float.mzn'
processing file '/mnt/HDD/elenzi/Dovier/MiniZincIDE-2.5.3-bundle-linux-x86_64/share/minizinc/std/fzn_lex_less_float_reif.mzn'
processing file '/mnt/HDD/elenzi/Dovier/MiniZincIDE-2.5.3-bundle-linux-x86_64/share/minizinc/std/fzn_lex_less_float.mzn'
processing file '/mnt/HDD/elenzi/Dovier/MiniZincIDE-2.5.3-bundle-linux-x86_64/share/minizinc/std/lex_less_bool.mzn'
processing file '/mnt/HDD/elenzi/Dovier/MiniZincIDE-2.5.3-bundle-linux-x86_64/share/minizinc/std/fzn_lex_less_bool_reif.mzn'
processing file '/mnt/HDD/elenzi/Dovier/MiniZincIDE-2.5.3-bundle-linux-x86_64/share/minizinc/gecode//fzn_lex_less_bool.mzn'
processing file '/mnt/HDD/elenzi/Dovier/MiniZincIDE-2.5.3-bundle-linux-x86_64/share/minizinc/std/lex_lesseq.mzn'
processing file '/mnt/HDD/elenzi/Dovier/MiniZincIDE-2.5.3-bundle-linux-x86_64/share/minizinc/std/lex_lesseq_set.mzn'
processing file '/mnt/HDD/elenzi/Dovier/MiniZincIDE-2.5.3-bundle-linux-x86_64/share/minizinc/std/fzn_lex_lesseq_set_reif.mzn'
processing file '/mnt/HDD/elenzi/Dovier/MiniZincIDE-2.5.3-bundle-linux-x86_64/share/minizinc/std/fzn_lex_lesseq_set.mzn'
processing file '/mnt/HDD/elenzi/Dovier/MiniZincIDE-2.5.3-bundle-linux-x86_64/share/minizinc/std/lex_lesseq_int.mzn'
processing file '/mnt/HDD/elenzi/Dovier/MiniZincIDE-2.5.3-bundle-linux-x86_64/share/minizinc/std/fzn_lex_lesseq_int_reif.mzn'
processing file '/mnt/HDD/elenzi/Dovier/MiniZincIDE-2.5.3-bundle-linux-x86_64/share/minizinc/gecode//fzn_lex_lesseq_int.mzn'
processing file '/mnt/HDD/elenzi/Dovier/MiniZincIDE-2.5.3-bundle-linux-x86_64/share/minizinc/std/lex_lesseq_float.mzn'
processing file '/mnt/HDD/elenzi/Dovier/MiniZincIDE-2.5.3-bundle-linux-x86_64/share/minizinc/std/fzn_lex_lesseq_float_reif.mzn'
processing file '/mnt/HDD/elenzi/Dovier/MiniZincIDE-2.5.3-bundle-linux-x86_64/share/minizinc/std/fzn_lex_lesseq_float.mzn'
processing file '/mnt/HDD/elenzi/Dovier/MiniZincIDE-2.5.3-bundle-linux-x86_64/share/minizinc/std/lex_lesseq_bool.mzn'
processing file '/mnt/HDD/elenzi/Dovier/MiniZincIDE-2.5.3-bundle-linux-x86_64/share/minizinc/std/fzn_lex_lesseq_bool_reif.mzn'
processing file '/mnt/HDD/elenzi/Dovier/MiniZincIDE-2.5.3-bundle-linux-x86_64/share/minizinc/gecode//fzn_lex_lesseq_bool.mzn'
processing file '/mnt/HDD/elenzi/Dovier/MiniZincIDE-2.5.3-bundle-linux-x86_64/share/minizinc/std/lex_greatereq.mzn'
processing file '/mnt/HDD/elenzi/Dovier/MiniZincIDE-2.5.3-bundle-linux-x86_64/share/minizinc/std/lex_greater.mzn'
processing file '/mnt/HDD/elenzi/Dovier/MiniZincIDE-2.5.3-bundle-linux-x86_64/share/minizinc/std/knapsack.mzn'
processing file '/mnt/HDD/elenzi/Dovier/MiniZincIDE-2.5.3-bundle-linux-x86_64/share/minizinc/std/fzn_knapsack_reif.mzn'
processing file '/mnt/HDD/elenzi/Dovier/MiniZincIDE-2.5.3-bundle-linux-x86_64/share/minizinc/std/fzn_knapsack.mzn'
processing file '/mnt/HDD/elenzi/Dovier/MiniZincIDE-2.5.3-bundle-linux-x86_64/share/minizinc/std/inverse_set.mzn'
processing file '/mnt/HDD/elenzi/Dovier/MiniZincIDE-2.5.3-bundle-linux-x86_64/share/minizinc/std/fzn_inverse_set_reif.mzn'
processing file '/mnt/HDD/elenzi/Dovier/MiniZincIDE-2.5.3-bundle-linux-x86_64/share/minizinc/gecode//fzn_inverse_set.mzn'
processing file '/mnt/HDD/elenzi/Dovier/MiniZincIDE-2.5.3-bundle-linux-x86_64/share/minizinc/std/inverse_in_range.mzn'
processing file '/mnt/HDD/elenzi/Dovier/MiniZincIDE-2.5.3-bundle-linux-x86_64/share/minizinc/std/fzn_inverse_in_range_reif.mzn'
processing file '/mnt/HDD/elenzi/Dovier/MiniZincIDE-2.5.3-bundle-linux-x86_64/share/minizinc/std/fzn_inverse_in_range.mzn'
processing file '/mnt/HDD/elenzi/Dovier/MiniZincIDE-2.5.3-bundle-linux-x86_64/share/minizinc/std/inverse_fn.mzn'
processing file '/mnt/HDD/elenzi/Dovier/MiniZincIDE-2.5.3-bundle-linux-x86_64/share/minizinc/std/inverse.mzn'
processing file '/mnt/HDD/elenzi/Dovier/MiniZincIDE-2.5.3-bundle-linux-x86_64/share/minizinc/std/fzn_inverse_reif.mzn'
processing file '/mnt/HDD/elenzi/Dovier/MiniZincIDE-2.5.3-bundle-linux-x86_64/share/minizinc/gecode//fzn_inverse.mzn'
processing file '/mnt/HDD/elenzi/Dovier/MiniZincIDE-2.5.3-bundle-linux-x86_64/share/minizinc/std/int_set_channel.mzn'
processing file '/mnt/HDD/elenzi/Dovier/MiniZincIDE-2.5.3-bundle-linux-x86_64/share/minizinc/std/fzn_int_set_channel_reif.mzn'
processing file '/mnt/HDD/elenzi/Dovier/MiniZincIDE-2.5.3-bundle-linux-x86_64/share/minizinc/gecode//fzn_int_set_channel.mzn'
processing file '/mnt/HDD/elenzi/Dovier/MiniZincIDE-2.5.3-bundle-linux-x86_64/share/minizinc/std/increasing.mzn'
processing file '/mnt/HDD/elenzi/Dovier/MiniZincIDE-2.5.3-bundle-linux-x86_64/share/minizinc/std/increasing_set.mzn'
processing file '/mnt/HDD/elenzi/Dovier/MiniZincIDE-2.5.3-bundle-linux-x86_64/share/minizinc/std/fzn_increasing_set_reif.mzn'
processing file '/mnt/HDD/elenzi/Dovier/MiniZincIDE-2.5.3-bundle-linux-x86_64/share/minizinc/std/fzn_increasing_set.mzn'
processing file '/mnt/HDD/elenzi/Dovier/MiniZincIDE-2.5.3-bundle-linux-x86_64/share/minizinc/std/increasing_int.mzn'
processing file '/mnt/HDD/elenzi/Dovier/MiniZincIDE-2.5.3-bundle-linux-x86_64/share/minizinc/std/fzn_increasing_int_reif.mzn'
processing file '/mnt/HDD/elenzi/Dovier/MiniZincIDE-2.5.3-bundle-linux-x86_64/share/minizinc/gecode//fzn_increasing_int.mzn'
processing file '/mnt/HDD/elenzi/Dovier/MiniZincIDE-2.5.3-bundle-linux-x86_64/share/minizinc/std/increasing_float.mzn'
processing file '/mnt/HDD/elenzi/Dovier/MiniZincIDE-2.5.3-bundle-linux-x86_64/share/minizinc/std/fzn_increasing_float_reif.mzn'
processing file '/mnt/HDD/elenzi/Dovier/MiniZincIDE-2.5.3-bundle-linux-x86_64/share/minizinc/std/fzn_increasing_float.mzn'
processing file '/mnt/HDD/elenzi/Dovier/MiniZincIDE-2.5.3-bundle-linux-x86_64/share/minizinc/std/increasing_bool.mzn'
processing file '/mnt/HDD/elenzi/Dovier/MiniZincIDE-2.5.3-bundle-linux-x86_64/share/minizinc/std/fzn_increasing_bool_reif.mzn'
processing file '/mnt/HDD/elenzi/Dovier/MiniZincIDE-2.5.3-bundle-linux-x86_64/share/minizinc/gecode//fzn_increasing_bool.mzn'
processing file '/mnt/HDD/elenzi/Dovier/MiniZincIDE-2.5.3-bundle-linux-x86_64/share/minizinc/std/global_cardinality_low_up_closed.mzn'
processing file '/mnt/HDD/elenzi/Dovier/MiniZincIDE-2.5.3-bundle-linux-x86_64/share/minizinc/std/fzn_global_cardinality_low_up_closed_reif.mzn'
processing file '/mnt/HDD/elenzi/Dovier/MiniZincIDE-2.5.3-bundle-linux-x86_64/share/minizinc/gecode//fzn_global_cardinality_low_up_closed.mzn'
processing file '/mnt/HDD/elenzi/Dovier/MiniZincIDE-2.5.3-bundle-linux-x86_64/share/minizinc/std/global_cardinality_low_up.mzn'
processing file '/mnt/HDD/elenzi/Dovier/MiniZincIDE-2.5.3-bundle-linux-x86_64/share/minizinc/std/fzn_global_cardinality_low_up_reif.mzn'
processing file '/mnt/HDD/elenzi/Dovier/MiniZincIDE-2.5.3-bundle-linux-x86_64/share/minizinc/gecode//fzn_global_cardinality_low_up.mzn'
processing file '/mnt/HDD/elenzi/Dovier/MiniZincIDE-2.5.3-bundle-linux-x86_64/share/minizinc/std/global_cardinality_closed_fn.mzn'
processing file '/mnt/HDD/elenzi/Dovier/MiniZincIDE-2.5.3-bundle-linux-x86_64/share/minizinc/std/global_cardinality_closed.mzn'
processing file '/mnt/HDD/elenzi/Dovier/MiniZincIDE-2.5.3-bundle-linux-x86_64/share/minizinc/std/fzn_global_cardinality_closed_reif.mzn'
processing file '/mnt/HDD/elenzi/Dovier/MiniZincIDE-2.5.3-bundle-linux-x86_64/share/minizinc/gecode//fzn_global_cardinality_closed.mzn'
processing file '/mnt/HDD/elenzi/Dovier/MiniZincIDE-2.5.3-bundle-linux-x86_64/share/minizinc/std/global_cardinality_fn.mzn'
processing file '/mnt/HDD/elenzi/Dovier/MiniZincIDE-2.5.3-bundle-linux-x86_64/share/minizinc/std/global_cardinality.mzn'
processing file '/mnt/HDD/elenzi/Dovier/MiniZincIDE-2.5.3-bundle-linux-x86_64/share/minizinc/std/fzn_global_cardinality_reif.mzn'
processing file '/mnt/HDD/elenzi/Dovier/MiniZincIDE-2.5.3-bundle-linux-x86_64/share/minizinc/gecode//fzn_global_cardinality.mzn'
processing file '/mnt/HDD/elenzi/Dovier/MiniZincIDE-2.5.3-bundle-linux-x86_64/share/minizinc/std/geost.mzn'
processing file '/mnt/HDD/elenzi/Dovier/MiniZincIDE-2.5.3-bundle-linux-x86_64/share/minizinc/std/fzn_geost_nonoverlap_k_reif.mzn'
processing file '/mnt/HDD/elenzi/Dovier/MiniZincIDE-2.5.3-bundle-linux-x86_64/share/minizinc/std/fzn_geost_nonoverlap_k.mzn'
processing file '/mnt/HDD/elenzi/Dovier/MiniZincIDE-2.5.3-bundle-linux-x86_64/share/minizinc/std/fzn_geost_smallest_bb_reif.mzn'
processing file '/mnt/HDD/elenzi/Dovier/MiniZincIDE-2.5.3-bundle-linux-x86_64/share/minizinc/std/fzn_geost_smallest_bb.mzn'
processing file '/mnt/HDD/elenzi/Dovier/MiniZincIDE-2.5.3-bundle-linux-x86_64/share/minizinc/std/fzn_geost_bb_reif.mzn'
processing file '/mnt/HDD/elenzi/Dovier/MiniZincIDE-2.5.3-bundle-linux-x86_64/share/minizinc/std/fzn_geost_bb.mzn'
processing file '/mnt/HDD/elenzi/Dovier/MiniZincIDE-2.5.3-bundle-linux-x86_64/share/minizinc/std/fzn_geost_reif.mzn'
processing file '/mnt/HDD/elenzi/Dovier/MiniZincIDE-2.5.3-bundle-linux-x86_64/share/minizinc/std/fzn_geost.mzn'
processing file '/mnt/HDD/elenzi/Dovier/MiniZincIDE-2.5.3-bundle-linux-x86_64/share/minizinc/std/exactly.mzn'
processing file '/mnt/HDD/elenzi/Dovier/MiniZincIDE-2.5.3-bundle-linux-x86_64/share/minizinc/std/exactly_set.mzn'
processing file '/mnt/HDD/elenzi/Dovier/MiniZincIDE-2.5.3-bundle-linux-x86_64/share/minizinc/std/fzn_exactly_set_reif.mzn'
processing file '/mnt/HDD/elenzi/Dovier/MiniZincIDE-2.5.3-bundle-linux-x86_64/share/minizinc/gecode//fzn_exactly_set.mzn'
processing file '/mnt/HDD/elenzi/Dovier/MiniZincIDE-2.5.3-bundle-linux-x86_64/share/minizinc/std/exactly_int.mzn'
processing file '/mnt/HDD/elenzi/Dovier/MiniZincIDE-2.5.3-bundle-linux-x86_64/share/minizinc/std/fzn_exactly_int_reif.mzn'
processing file '/mnt/HDD/elenzi/Dovier/MiniZincIDE-2.5.3-bundle-linux-x86_64/share/minizinc/std/fzn_exactly_int.mzn'
processing file '/mnt/HDD/elenzi/Dovier/MiniZincIDE-2.5.3-bundle-linux-x86_64/share/minizinc/std/exactly.mzn.deprecated.mzn'
processing file '/mnt/HDD/elenzi/Dovier/MiniZincIDE-2.5.3-bundle-linux-x86_64/share/minizinc/std/exactly.mzn.deprecated.mzn'
processing file '/mnt/HDD/elenzi/Dovier/MiniZincIDE-2.5.3-bundle-linux-x86_64/share/minizinc/std/exactly.mzn.deprecated.mzn'
processing file '/mnt/HDD/elenzi/Dovier/MiniZincIDE-2.5.3-bundle-linux-x86_64/share/minizinc/std//exactly.mzn.deprecated.mzn'
processing file '/mnt/HDD/elenzi/Dovier/MiniZincIDE-2.5.3-bundle-linux-x86_64/share/minizinc/std/exactly.mzn.deprecated.mzn'
processing file '/mnt/HDD/elenzi/Dovier/MiniZincIDE-2.5.3-bundle-linux-x86_64/share/minizinc/std/exactly.mzn.deprecated.mzn'
processing file '/mnt/HDD/elenzi/Dovier/MiniZincIDE-2.5.3-bundle-linux-x86_64/share/minizinc/std/element.mzn'
processing file '/mnt/HDD/elenzi/Dovier/MiniZincIDE-2.5.3-bundle-linux-x86_64/share/minizinc/std/element_set.mzn'
processing file '/mnt/HDD/elenzi/Dovier/MiniZincIDE-2.5.3-bundle-linux-x86_64/share/minizinc/std/element_int.mzn'
processing file '/mnt/HDD/elenzi/Dovier/MiniZincIDE-2.5.3-bundle-linux-x86_64/share/minizinc/std/element_float.mzn'
processing file '/mnt/HDD/elenzi/Dovier/MiniZincIDE-2.5.3-bundle-linux-x86_64/share/minizinc/std/element_bool.mzn'
processing file '/mnt/HDD/elenzi/Dovier/MiniZincIDE-2.5.3-bundle-linux-x86_64/share/minizinc/std/distribute_fn.mzn'
processing file '/mnt/HDD/elenzi/Dovier/MiniZincIDE-2.5.3-bundle-linux-x86_64/share/minizinc/std/distribute.mzn'
processing file '/mnt/HDD/elenzi/Dovier/MiniZincIDE-2.5.3-bundle-linux-x86_64/share/minizinc/std/fzn_distribute_reif.mzn'
processing file '/mnt/HDD/elenzi/Dovier/MiniZincIDE-2.5.3-bundle-linux-x86_64/share/minizinc/std/fzn_distribute.mzn'
processing file '/mnt/HDD/elenzi/Dovier/MiniZincIDE-2.5.3-bundle-linux-x86_64/share/minizinc/std/disjunctive_strict_opt.mzn'
processing file '/mnt/HDD/elenzi/Dovier/MiniZincIDE-2.5.3-bundle-linux-x86_64/share/minizinc/std/fzn_disjunctive_strict_opt_reif.mzn'
processing file '/mnt/HDD/elenzi/Dovier/MiniZincIDE-2.5.3-bundle-linux-x86_64/share/minizinc/std/fzn_disjunctive_strict_opt.mzn'
processing file '/mnt/HDD/elenzi/Dovier/MiniZincIDE-2.5.3-bundle-linux-x86_64/share/minizinc/std/disjunctive_opt.mzn'
processing file '/mnt/HDD/elenzi/Dovier/MiniZincIDE-2.5.3-bundle-linux-x86_64/share/minizinc/std/fzn_disjunctive_opt_reif.mzn'
processing file '/mnt/HDD/elenzi/Dovier/MiniZincIDE-2.5.3-bundle-linux-x86_64/share/minizinc/std/fzn_disjunctive_opt.mzn'
processing file '/mnt/HDD/elenzi/Dovier/MiniZincIDE-2.5.3-bundle-linux-x86_64/share/minizinc/std/disjunctive_strict.mzn'
processing file '/mnt/HDD/elenzi/Dovier/MiniZincIDE-2.5.3-bundle-linux-x86_64/share/minizinc/std/fzn_disjunctive_strict_reif.mzn'
processing file '/mnt/HDD/elenzi/Dovier/MiniZincIDE-2.5.3-bundle-linux-x86_64/share/minizinc/gecode//fzn_disjunctive_strict.mzn'
processing file '/mnt/HDD/elenzi/Dovier/MiniZincIDE-2.5.3-bundle-linux-x86_64/share/minizinc/gecode//fzn_cumulative.mzn'
processing file '/mnt/HDD/elenzi/Dovier/MiniZincIDE-2.5.3-bundle-linux-x86_64/share/minizinc/std/disjunctive.mzn'
processing file '/mnt/HDD/elenzi/Dovier/MiniZincIDE-2.5.3-bundle-linux-x86_64/share/minizinc/std/fzn_disjunctive_reif.mzn'
processing file '/mnt/HDD/elenzi/Dovier/MiniZincIDE-2.5.3-bundle-linux-x86_64/share/minizinc/std/fzn_disjunctive.mzn'
processing file '/mnt/HDD/elenzi/Dovier/MiniZincIDE-2.5.3-bundle-linux-x86_64/share/minizinc/std/disjoint.mzn'
processing file '/mnt/HDD/elenzi/Dovier/MiniZincIDE-2.5.3-bundle-linux-x86_64/share/minizinc/std/fzn_disjoint_reif.mzn'
processing file '/mnt/HDD/elenzi/Dovier/MiniZincIDE-2.5.3-bundle-linux-x86_64/share/minizinc/gecode//fzn_disjoint.mzn'
processing file '/mnt/HDD/elenzi/Dovier/MiniZincIDE-2.5.3-bundle-linux-x86_64/share/minizinc/std/diffn_nonstrict_k.mzn'
processing file '/mnt/HDD/elenzi/Dovier/MiniZincIDE-2.5.3-bundle-linux-x86_64/share/minizinc/std/fzn_diffn_nonstrict_k_reif.mzn'
processing file '/mnt/HDD/elenzi/Dovier/MiniZincIDE-2.5.3-bundle-linux-x86_64/share/minizinc/std/fzn_diffn_nonstrict_k.mzn'
processing file '/mnt/HDD/elenzi/Dovier/MiniZincIDE-2.5.3-bundle-linux-x86_64/share/minizinc/std/diffn_k.mzn'
processing file '/mnt/HDD/elenzi/Dovier/MiniZincIDE-2.5.3-bundle-linux-x86_64/share/minizinc/std/fzn_diffn_k_reif.mzn'
processing file '/mnt/HDD/elenzi/Dovier/MiniZincIDE-2.5.3-bundle-linux-x86_64/share/minizinc/std/fzn_diffn_k.mzn'
processing file '/mnt/HDD/elenzi/Dovier/MiniZincIDE-2.5.3-bundle-linux-x86_64/share/minizinc/std/diffn_nonstrict.mzn'
processing file '/mnt/HDD/elenzi/Dovier/MiniZincIDE-2.5.3-bundle-linux-x86_64/share/minizinc/std/fzn_diffn_nonstrict_reif.mzn'
processing file '/mnt/HDD/elenzi/Dovier/MiniZincIDE-2.5.3-bundle-linux-x86_64/share/minizinc/std/fzn_diffn_nonstrict.mzn'
processing file '/mnt/HDD/elenzi/Dovier/MiniZincIDE-2.5.3-bundle-linux-x86_64/share/minizinc/std/diffn.mzn'
processing file '/mnt/HDD/elenzi/Dovier/MiniZincIDE-2.5.3-bundle-linux-x86_64/share/minizinc/std/fzn_diffn_reif.mzn'
processing file '/mnt/HDD/elenzi/Dovier/MiniZincIDE-2.5.3-bundle-linux-x86_64/share/minizinc/gecode//fzn_diffn.mzn'
processing file '/mnt/HDD/elenzi/Dovier/MiniZincIDE-2.5.3-bundle-linux-x86_64/share/minizinc/std/decreasing.mzn'
processing file '/mnt/HDD/elenzi/Dovier/MiniZincIDE-2.5.3-bundle-linux-x86_64/share/minizinc/std/decreasing_set.mzn'
processing file '/mnt/HDD/elenzi/Dovier/MiniZincIDE-2.5.3-bundle-linux-x86_64/share/minizinc/std/fzn_decreasing_set.mzn'
processing file '/mnt/HDD/elenzi/Dovier/MiniZincIDE-2.5.3-bundle-linux-x86_64/share/minizinc/std/decreasing_int.mzn'
processing file '/mnt/HDD/elenzi/Dovier/MiniZincIDE-2.5.3-bundle-linux-x86_64/share/minizinc/gecode//fzn_decreasing_int.mzn'
processing file '/mnt/HDD/elenzi/Dovier/MiniZincIDE-2.5.3-bundle-linux-x86_64/share/minizinc/std/decreasing_float.mzn'
processing file '/mnt/HDD/elenzi/Dovier/MiniZincIDE-2.5.3-bundle-linux-x86_64/share/minizinc/std/fzn_decreasing_float.mzn'
processing file '/mnt/HDD/elenzi/Dovier/MiniZincIDE-2.5.3-bundle-linux-x86_64/share/minizinc/std/decreasing_bool.mzn'
processing file '/mnt/HDD/elenzi/Dovier/MiniZincIDE-2.5.3-bundle-linux-x86_64/share/minizinc/std/fzn_decreasing_bool_reif.mzn'
processing file '/mnt/HDD/elenzi/Dovier/MiniZincIDE-2.5.3-bundle-linux-x86_64/share/minizinc/gecode//fzn_decreasing_bool.mzn'
processing file '/mnt/HDD/elenzi/Dovier/MiniZincIDE-2.5.3-bundle-linux-x86_64/share/minizinc/std/dag.mzn'
processing file '/mnt/HDD/elenzi/Dovier/MiniZincIDE-2.5.3-bundle-linux-x86_64/share/minizinc/std/fzn_dag_reif.mzn'
processing file '/mnt/HDD/elenzi/Dovier/MiniZincIDE-2.5.3-bundle-linux-x86_64/share/minizinc/std/fzn_dag.mzn'
processing file '/mnt/HDD/elenzi/Dovier/MiniZincIDE-2.5.3-bundle-linux-x86_64/share/minizinc/std/cumulative_opt.mzn'
processing file '/mnt/HDD/elenzi/Dovier/MiniZincIDE-2.5.3-bundle-linux-x86_64/share/minizinc/std/fzn_cumulative_opt_reif.mzn'
processing file '/mnt/HDD/elenzi/Dovier/MiniZincIDE-2.5.3-bundle-linux-x86_64/share/minizinc/std/fzn_cumulative_opt.mzn'
processing file '/mnt/HDD/elenzi/Dovier/MiniZincIDE-2.5.3-bundle-linux-x86_64/share/minizinc/std/cumulative.mzn'
processing file '/mnt/HDD/elenzi/Dovier/MiniZincIDE-2.5.3-bundle-linux-x86_64/share/minizinc/std/fzn_cumulative_reif.mzn'
processing file '/mnt/HDD/elenzi/Dovier/MiniZincIDE-2.5.3-bundle-linux-x86_64/share/minizinc/std/cost_regular.mzn'
processing file '/mnt/HDD/elenzi/Dovier/MiniZincIDE-2.5.3-bundle-linux-x86_64/share/minizinc/std/fzn_cost_regular_reif.mzn'
processing file '/mnt/HDD/elenzi/Dovier/MiniZincIDE-2.5.3-bundle-linux-x86_64/share/minizinc/std/fzn_cost_regular.mzn'
processing file '/mnt/HDD/elenzi/Dovier/MiniZincIDE-2.5.3-bundle-linux-x86_64/share/minizinc/std/cost_mdd.mzn'
processing file '/mnt/HDD/elenzi/Dovier/MiniZincIDE-2.5.3-bundle-linux-x86_64/share/minizinc/std/fzn_cost_mdd_reif.mzn'
processing file '/mnt/HDD/elenzi/Dovier/MiniZincIDE-2.5.3-bundle-linux-x86_64/share/minizinc/std/fzn_cost_mdd.mzn'
processing file '/mnt/HDD/elenzi/Dovier/MiniZincIDE-2.5.3-bundle-linux-x86_64/share/minizinc/std/connected.mzn'
processing file '/mnt/HDD/elenzi/Dovier/MiniZincIDE-2.5.3-bundle-linux-x86_64/share/minizinc/std/fzn_dconnected_reif.mzn'
processing file '/mnt/HDD/elenzi/Dovier/MiniZincIDE-2.5.3-bundle-linux-x86_64/share/minizinc/std/fzn_dconnected.mzn'
processing file '/mnt/HDD/elenzi/Dovier/MiniZincIDE-2.5.3-bundle-linux-x86_64/share/minizinc/std/fzn_connected_reif.mzn'
processing file '/mnt/HDD/elenzi/Dovier/MiniZincIDE-2.5.3-bundle-linux-x86_64/share/minizinc/std/fzn_connected.mzn'
processing file '/mnt/HDD/elenzi/Dovier/MiniZincIDE-2.5.3-bundle-linux-x86_64/share/minizinc/std/circuit.mzn'
processing file '/mnt/HDD/elenzi/Dovier/MiniZincIDE-2.5.3-bundle-linux-x86_64/share/minizinc/std/fzn_circuit_reif.mzn'
processing file '/mnt/HDD/elenzi/Dovier/MiniZincIDE-2.5.3-bundle-linux-x86_64/share/minizinc/gecode//fzn_circuit.mzn'
processing file '/mnt/HDD/elenzi/Dovier/MiniZincIDE-2.5.3-bundle-linux-x86_64/share/minizinc/std/bounded_path.mzn'
processing file '/mnt/HDD/elenzi/Dovier/MiniZincIDE-2.5.3-bundle-linux-x86_64/share/minizinc/std/fzn_bounded_dpath_enum_reif.mzn'
processing file '/mnt/HDD/elenzi/Dovier/MiniZincIDE-2.5.3-bundle-linux-x86_64/share/minizinc/std/path.mzn'
processing file '/mnt/HDD/elenzi/Dovier/MiniZincIDE-2.5.3-bundle-linux-x86_64/share/minizinc/std/fzn_dpath_enum_reif.mzn'
processing file '/mnt/HDD/elenzi/Dovier/MiniZincIDE-2.5.3-bundle-linux-x86_64/share/minizinc/std/fzn_dpath_enum.mzn'
processing file '/mnt/HDD/elenzi/Dovier/MiniZincIDE-2.5.3-bundle-linux-x86_64/share/minizinc/std/fzn_dpath_int_reif.mzn'
processing file '/mnt/HDD/elenzi/Dovier/MiniZincIDE-2.5.3-bundle-linux-x86_64/share/minizinc/std/fzn_dpath_int.mzn'
processing file '/mnt/HDD/elenzi/Dovier/MiniZincIDE-2.5.3-bundle-linux-x86_64/share/minizinc/std/fzn_path_enum_reif.mzn'
processing file '/mnt/HDD/elenzi/Dovier/MiniZincIDE-2.5.3-bundle-linux-x86_64/share/minizinc/std/fzn_path_enum.mzn'
processing file '/mnt/HDD/elenzi/Dovier/MiniZincIDE-2.5.3-bundle-linux-x86_64/share/minizinc/std/fzn_path_int_reif.mzn'
processing file '/mnt/HDD/elenzi/Dovier/MiniZincIDE-2.5.3-bundle-linux-x86_64/share/minizinc/std/fzn_path_int.mzn'
processing file '/mnt/HDD/elenzi/Dovier/MiniZincIDE-2.5.3-bundle-linux-x86_64/share/minizinc/std/fzn_bounded_dpath_enum.mzn'
processing file '/mnt/HDD/elenzi/Dovier/MiniZincIDE-2.5.3-bundle-linux-x86_64/share/minizinc/std/fzn_bounded_dpath_int_reif.mzn'
processing file '/mnt/HDD/elenzi/Dovier/MiniZincIDE-2.5.3-bundle-linux-x86_64/share/minizinc/std/fzn_bounded_dpath_int.mzn'
processing file '/mnt/HDD/elenzi/Dovier/MiniZincIDE-2.5.3-bundle-linux-x86_64/share/minizinc/std/fzn_bounded_path_enum_reif.mzn'
processing file '/mnt/HDD/elenzi/Dovier/MiniZincIDE-2.5.3-bundle-linux-x86_64/share/minizinc/std/fzn_bounded_path_enum.mzn'
processing file '/mnt/HDD/elenzi/Dovier/MiniZincIDE-2.5.3-bundle-linux-x86_64/share/minizinc/std/fzn_bounded_path_int_reif.mzn'
processing file '/mnt/HDD/elenzi/Dovier/MiniZincIDE-2.5.3-bundle-linux-x86_64/share/minizinc/std/fzn_bounded_path_int.mzn'
processing file '/mnt/HDD/elenzi/Dovier/MiniZincIDE-2.5.3-bundle-linux-x86_64/share/minizinc/std/bin_packing_load_fn.mzn'
processing file '/mnt/HDD/elenzi/Dovier/MiniZincIDE-2.5.3-bundle-linux-x86_64/share/minizinc/gecode//fzn_bin_packing_load.mzn'
processing file '/mnt/HDD/elenzi/Dovier/MiniZincIDE-2.5.3-bundle-linux-x86_64/share/minizinc/std/bin_packing_load.mzn'
processing file '/mnt/HDD/elenzi/Dovier/MiniZincIDE-2.5.3-bundle-linux-x86_64/share/minizinc/std/fzn_bin_packing_load_reif.mzn'
processing file '/mnt/HDD/elenzi/Dovier/MiniZincIDE-2.5.3-bundle-linux-x86_64/share/minizinc/std/bin_packing_capa.mzn'
processing file '/mnt/HDD/elenzi/Dovier/MiniZincIDE-2.5.3-bundle-linux-x86_64/share/minizinc/std/fzn_bin_packing_capa_reif.mzn'
processing file '/mnt/HDD/elenzi/Dovier/MiniZincIDE-2.5.3-bundle-linux-x86_64/share/minizinc/gecode//fzn_bin_packing_capa.mzn'
processing file '/mnt/HDD/elenzi/Dovier/MiniZincIDE-2.5.3-bundle-linux-x86_64/share/minizinc/std/bin_packing.mzn'
processing file '/mnt/HDD/elenzi/Dovier/MiniZincIDE-2.5.3-bundle-linux-x86_64/share/minizinc/std/fzn_bin_packing_reif.mzn'
processing file '/mnt/HDD/elenzi/Dovier/MiniZincIDE-2.5.3-bundle-linux-x86_64/share/minizinc/gecode//fzn_bin_packing.mzn'
processing file '/mnt/HDD/elenzi/Dovier/MiniZincIDE-2.5.3-bundle-linux-x86_64/share/minizinc/std/at_most1.mzn'
processing file '/mnt/HDD/elenzi/Dovier/MiniZincIDE-2.5.3-bundle-linux-x86_64/share/minizinc/std/fzn_at_most1_reif.mzn'
processing file '/mnt/HDD/elenzi/Dovier/MiniZincIDE-2.5.3-bundle-linux-x86_64/share/minizinc/std/fzn_at_most1.mzn'
processing file '/mnt/HDD/elenzi/Dovier/MiniZincIDE-2.5.3-bundle-linux-x86_64/share/minizinc/std/at_most.mzn'
processing file '/mnt/HDD/elenzi/Dovier/MiniZincIDE-2.5.3-bundle-linux-x86_64/share/minizinc/std/fzn_at_most_set_reif.mzn'
processing file '/mnt/HDD/elenzi/Dovier/MiniZincIDE-2.5.3-bundle-linux-x86_64/share/minizinc/gecode//fzn_at_most_set.mzn'
processing file '/mnt/HDD/elenzi/Dovier/MiniZincIDE-2.5.3-bundle-linux-x86_64/share/minizinc/std/fzn_at_most_int_reif.mzn'
processing file '/mnt/HDD/elenzi/Dovier/MiniZincIDE-2.5.3-bundle-linux-x86_64/share/minizinc/gecode//fzn_at_most_int.mzn'
processing file '/mnt/HDD/elenzi/Dovier/MiniZincIDE-2.5.3-bundle-linux-x86_64/share/minizinc/std/at_most.mzn.deprecated.mzn'
processing file '/mnt/HDD/elenzi/Dovier/MiniZincIDE-2.5.3-bundle-linux-x86_64/share/minizinc/std/at_most.mzn.deprecated.mzn'
processing file '/mnt/HDD/elenzi/Dovier/MiniZincIDE-2.5.3-bundle-linux-x86_64/share/minizinc/std/at_most.mzn.deprecated.mzn'
processing file '/mnt/HDD/elenzi/Dovier/MiniZincIDE-2.5.3-bundle-linux-x86_64/share/minizinc/std//at_most.mzn.deprecated.mzn'
processing file '/mnt/HDD/elenzi/Dovier/MiniZincIDE-2.5.3-bundle-linux-x86_64/share/minizinc/std/at_most.mzn.deprecated.mzn'
processing file '/mnt/HDD/elenzi/Dovier/MiniZincIDE-2.5.3-bundle-linux-x86_64/share/minizinc/std/at_most.mzn.deprecated.mzn'
processing file '/mnt/HDD/elenzi/Dovier/MiniZincIDE-2.5.3-bundle-linux-x86_64/share/minizinc/std/at_least.mzn'
processing file '/mnt/HDD/elenzi/Dovier/MiniZincIDE-2.5.3-bundle-linux-x86_64/share/minizinc/std/fzn_at_least_set_reif.mzn'
processing file '/mnt/HDD/elenzi/Dovier/MiniZincIDE-2.5.3-bundle-linux-x86_64/share/minizinc/gecode//fzn_at_least_set.mzn'
processing file '/mnt/HDD/elenzi/Dovier/MiniZincIDE-2.5.3-bundle-linux-x86_64/share/minizinc/std/fzn_at_least_int_reif.mzn'
processing file '/mnt/HDD/elenzi/Dovier/MiniZincIDE-2.5.3-bundle-linux-x86_64/share/minizinc/gecode//fzn_at_least_int.mzn'
processing file '/mnt/HDD/elenzi/Dovier/MiniZincIDE-2.5.3-bundle-linux-x86_64/share/minizinc/std/at_least.mzn.deprecated.mzn'
processing file '/mnt/HDD/elenzi/Dovier/MiniZincIDE-2.5.3-bundle-linux-x86_64/share/minizinc/std/at_least.mzn.deprecated.mzn'
processing file '/mnt/HDD/elenzi/Dovier/MiniZincIDE-2.5.3-bundle-linux-x86_64/share/minizinc/std/at_least.mzn.deprecated.mzn'
processing file '/mnt/HDD/elenzi/Dovier/MiniZincIDE-2.5.3-bundle-linux-x86_64/share/minizinc/std//at_least.mzn.deprecated.mzn'
processing file '/mnt/HDD/elenzi/Dovier/MiniZincIDE-2.5.3-bundle-linux-x86_64/share/minizinc/std/at_least.mzn.deprecated.mzn'
processing file '/mnt/HDD/elenzi/Dovier/MiniZincIDE-2.5.3-bundle-linux-x86_64/share/minizinc/std/at_least.mzn.deprecated.mzn'
processing file '/mnt/HDD/elenzi/Dovier/MiniZincIDE-2.5.3-bundle-linux-x86_64/share/minizinc/std/arg_max.mzn'
processing file '/mnt/HDD/elenzi/Dovier/MiniZincIDE-2.5.3-bundle-linux-x86_64/share/minizinc/std/arg_max_float.mzn'
processing file '/mnt/HDD/elenzi/Dovier/MiniZincIDE-2.5.3-bundle-linux-x86_64/share/minizinc/std/fzn_arg_max_float.mzn'
processing file '/mnt/HDD/elenzi/Dovier/MiniZincIDE-2.5.3-bundle-linux-x86_64/share/minizinc/std/arg_max_bool.mzn'
processing file '/mnt/HDD/elenzi/Dovier/MiniZincIDE-2.5.3-bundle-linux-x86_64/share/minizinc/gecode//fzn_arg_max_bool.mzn'
processing file '/mnt/HDD/elenzi/Dovier/MiniZincIDE-2.5.3-bundle-linux-x86_64/share/minizinc/std/arg_max_int.mzn'
processing file '/mnt/HDD/elenzi/Dovier/MiniZincIDE-2.5.3-bundle-linux-x86_64/share/minizinc/gecode//fzn_arg_max_int.mzn'
processing file '/mnt/HDD/elenzi/Dovier/MiniZincIDE-2.5.3-bundle-linux-x86_64/share/minizinc/std/arg_min.mzn'
processing file '/mnt/HDD/elenzi/Dovier/MiniZincIDE-2.5.3-bundle-linux-x86_64/share/minizinc/std/arg_min_float.mzn'
processing file '/mnt/HDD/elenzi/Dovier/MiniZincIDE-2.5.3-bundle-linux-x86_64/share/minizinc/std/fzn_arg_min_float.mzn'
processing file '/mnt/HDD/elenzi/Dovier/MiniZincIDE-2.5.3-bundle-linux-x86_64/share/minizinc/std/arg_min_bool.mzn'
processing file '/mnt/HDD/elenzi/Dovier/MiniZincIDE-2.5.3-bundle-linux-x86_64/share/minizinc/gecode//fzn_arg_min_bool.mzn'
processing file '/mnt/HDD/elenzi/Dovier/MiniZincIDE-2.5.3-bundle-linux-x86_64/share/minizinc/std/arg_min_int.mzn'
processing file '/mnt/HDD/elenzi/Dovier/MiniZincIDE-2.5.3-bundle-linux-x86_64/share/minizinc/gecode//fzn_arg_min_int.mzn'
processing file '/mnt/HDD/elenzi/Dovier/MiniZincIDE-2.5.3-bundle-linux-x86_64/share/minizinc/std/arg_sort.mzn'
processing file '/mnt/HDD/elenzi/Dovier/MiniZincIDE-2.5.3-bundle-linux-x86_64/share/minizinc/std/arg_sort_float.mzn'
processing file '/mnt/HDD/elenzi/Dovier/MiniZincIDE-2.5.3-bundle-linux-x86_64/share/minizinc/std/fzn_arg_sort_float_reif.mzn'
processing file '/mnt/HDD/elenzi/Dovier/MiniZincIDE-2.5.3-bundle-linux-x86_64/share/minizinc/std/fzn_arg_sort_float.mzn'
processing file '/mnt/HDD/elenzi/Dovier/MiniZincIDE-2.5.3-bundle-linux-x86_64/share/minizinc/std/arg_sort_int.mzn'
processing file '/mnt/HDD/elenzi/Dovier/MiniZincIDE-2.5.3-bundle-linux-x86_64/share/minizinc/std/fzn_arg_sort_int_reif.mzn'
processing file '/mnt/HDD/elenzi/Dovier/MiniZincIDE-2.5.3-bundle-linux-x86_64/share/minizinc/std/fzn_arg_sort_int.mzn'
processing file '/mnt/HDD/elenzi/Dovier/MiniZincIDE-2.5.3-bundle-linux-x86_64/share/minizinc/std/among_fn.mzn'
processing file '/mnt/HDD/elenzi/Dovier/MiniZincIDE-2.5.3-bundle-linux-x86_64/share/minizinc/gecode//fzn_among.mzn'
processing file '/mnt/HDD/elenzi/Dovier/MiniZincIDE-2.5.3-bundle-linux-x86_64/share/minizinc/std/among.mzn'
processing file '/mnt/HDD/elenzi/Dovier/MiniZincIDE-2.5.3-bundle-linux-x86_64/share/minizinc/std/fzn_among_reif.mzn'
processing file '/mnt/HDD/elenzi/Dovier/MiniZincIDE-2.5.3-bundle-linux-x86_64/share/minizinc/std/alternative.mzn'
processing file '/mnt/HDD/elenzi/Dovier/MiniZincIDE-2.5.3-bundle-linux-x86_64/share/minizinc/std/fzn_alternative_reif.mzn'
processing file '/mnt/HDD/elenzi/Dovier/MiniZincIDE-2.5.3-bundle-linux-x86_64/share/minizinc/std/fzn_alternative.mzn'
processing file '/mnt/HDD/elenzi/Dovier/MiniZincIDE-2.5.3-bundle-linux-x86_64/share/minizinc/std/all_equal.mzn'
processing file '/mnt/HDD/elenzi/Dovier/MiniZincIDE-2.5.3-bundle-linux-x86_64/share/minizinc/std/fzn_all_equal_set_reif.mzn'
processing file '/mnt/HDD/elenzi/Dovier/MiniZincIDE-2.5.3-bundle-linux-x86_64/share/minizinc/std/fzn_all_equal_set.mzn'
processing file '/mnt/HDD/elenzi/Dovier/MiniZincIDE-2.5.3-bundle-linux-x86_64/share/minizinc/std/fzn_all_equal_int_reif.mzn'
processing file '/mnt/HDD/elenzi/Dovier/MiniZincIDE-2.5.3-bundle-linux-x86_64/share/minizinc/gecode//fzn_all_equal_int.mzn'
processing file '/mnt/HDD/elenzi/Dovier/MiniZincIDE-2.5.3-bundle-linux-x86_64/share/minizinc/std/all_disjoint.mzn'
processing file '/mnt/HDD/elenzi/Dovier/MiniZincIDE-2.5.3-bundle-linux-x86_64/share/minizinc/std/fzn_all_disjoint_reif.mzn'
processing file '/mnt/HDD/elenzi/Dovier/MiniZincIDE-2.5.3-bundle-linux-x86_64/share/minizinc/std/fzn_all_disjoint.mzn'
processing file '/mnt/HDD/elenzi/Dovier/MiniZincIDE-2.5.3-bundle-linux-x86_64/share/minizinc/std/alldifferent_except_0.mzn'
processing file '/mnt/HDD/elenzi/Dovier/MiniZincIDE-2.5.3-bundle-linux-x86_64/share/minizinc/std/fzn_alldifferent_except_0_reif.mzn'
processing file '/mnt/HDD/elenzi/Dovier/MiniZincIDE-2.5.3-bundle-linux-x86_64/share/minizinc/std/alldifferent_except.mzn'
processing file '/mnt/HDD/elenzi/Dovier/MiniZincIDE-2.5.3-bundle-linux-x86_64/share/minizinc/std/fzn_alldifferent_except_reif.mzn'
processing file '/mnt/HDD/elenzi/Dovier/MiniZincIDE-2.5.3-bundle-linux-x86_64/share/minizinc/std/fzn_alldifferent_except.mzn'
processing file '/mnt/HDD/elenzi/Dovier/MiniZincIDE-2.5.3-bundle-linux-x86_64/share/minizinc/gecode//fzn_alldifferent_except_0.mzn'
processing file '/mnt/HDD/elenzi/Dovier/MiniZincIDE-2.5.3-bundle-linux-x86_64/share/minizinc/std/all_different.mzn'
processing file '/mnt/HDD/elenzi/Dovier/MiniZincIDE-2.5.3-bundle-linux-x86_64/share/minizinc/std/fzn_all_different_set_reif.mzn'
processing file '/mnt/HDD/elenzi/Dovier/MiniZincIDE-2.5.3-bundle-linux-x86_64/share/minizinc/std/fzn_all_different_set.mzn'
processing file '/mnt/HDD/elenzi/Dovier/MiniZincIDE-2.5.3-bundle-linux-x86_64/share/minizinc/std/fzn_all_different_int_reif.mzn'
processing file '/mnt/HDD/elenzi/Dovier/MiniZincIDE-2.5.3-bundle-linux-x86_64/share/minizinc/gecode//fzn_all_different_int.mzn'
processing data file '/mnt/HDD/elenzi/Dovier/AR-Knights_Tour/assets/logs/2_14x14_minizinc/database.dzn'
 done parsing (0.04 s)
Flattening ...
	CompilePass: Flatten with '/mnt/HDD/elenzi/Dovier/MiniZincIDE-2.5.3-bundle-linux-x86_64/share/minizinc/gecode/' library ...
MIP domains ... done (3.81 s)
Optimizing ... done (4.02 s)
Converting to old FlatZinc ... done (4.60 s)
 done (4.60 s)
 done (4.64 s), max stack depth 16
Maximum memory 97 Mbytes.
      % SOLVING PHASE
FZN solver plugin, compiled  Nov 24 2020  23:00:32
Using FZN solver /mnt/HDD/elenzi/Dovier/MiniZincIDE-2.5.3-bundle-linux-x86_64/bin/fzn-gecode for solving, parameters: -a -p 4 -t 300000 
Warning, replacing unsupported annotation indomain_middle with indomain_median
Warning, ignored search annotation: impact
Warning, ignored search annotation: outdomain_max
Warning, replacing unsupported annotation indomain_interval with indomain_split
Warning, replacing unsupported annotation indomain_interval with indomain_split
[[98,1,113,127,126,132,133,3,137,136,141,140,118,144
115,125,100,130,131,109,124,134,143,114,120,146,99,153
50,96,129,111,2,128,5,135,122,139,138,116,142,148
123,117,48,102,51,9,107,1,112,145,59,101,151,97
94,52,121,1,46,4,49,7,105,63,41,147,150,0
119,42,104,6,11,53,1,110,1,57,103,61,95,149
1,92,54,44,106,47,1,55,62,43,65,39,33,152
40,34,28,70,8,13,108,45,67,37,31,25,71,93
90,72,38,56,30,68,18,60,29,64,69,35,154,23
36,26,32,10,76,58,15,66,1,77,27,21,91,73
0,88,74,24,0,20,81,16,17,0,0,75,0,0
0,1,0,82,12,78,0,0,79,0,19,0,0,89
86,0,0,0,22,0,14,83,0,0,0,87,0,0
0,0,84,0,80,0,0,0,0,85,0,0,0,0]]
----------
[[98,1,113,127,126,132,133,3,137,136,141,140,118,144
115,125,100,130,131,109,124,134,143,114,120,146,99,157
102,96,129,111,2,128,5,135,122,139,138,116,142,148
92,117,123,106,87,0,107,1,112,145,156,101,155,97
0,104,94,1,121,4,110,7,158,103,45,95,150,0
48,90,119,85,108,89,1,105,1,93,147,154,43,153
1,40,50,44,6,51,1,91,9,47,41,151,37,152
52,46,88,53,83,57,32,49,31,149,35,26,27,0
38,63,42,59,34,8,66,19,30,11,29,39,18,0
0,54,36,86,55,81,71,10,1,33,28,25,24,0
65,72,61,56,69,68,17,64,21,12,13,20,0,16
76,1,67,70,84,58,79,73,15,0,23,14,0,22
0,0,74,80,0,0,0,0,62,75,0,0,0,0
0,78,0,0,0,82,60,77,0,0,0,0,0,0]]
----------
[[98,1,113,127,126,132,133,3,137,136,141,140,118,144
115,125,100,130,131,109,124,134,143,114,120,146,99,161
102,96,129,111,2,128,5,135,122,139,138,116,142,148
92,117,123,106,87,0,107,1,112,145,155,101,159,97
121,104,94,1,50,4,110,7,153,103,49,95,150,0
56,90,119,85,108,89,1,105,1,93,147,157,47,53
1,44,58,52,6,48,1,91,9,151,41,51,33,152
60,54,88,46,83,38,63,34,39,26,35,149,55,45
70,71,42,8,66,32,81,28,61,11,57,43,154,31
0,62,68,86,40,65,36,21,1,37,24,29,20,158
73,72,69,64,10,79,30,0,13,59,18,156,0,0
0,1,84,77,67,78,19,14,23,0,27,22,160,0
0,75,74,80,0,12,0,15,0,16,0,0,0,0
0,82,0,0,76,17,0,0,0,25,0,0,0,162]]
----------
[[98,1,113,127,126,132,133,3,137,136,141,140,118,144
115,125,100,130,131,109,124,134,143,114,120,146,99,165
102,96,129,111,2,128,5,135,122,139,138,116,142,148
92,117,123,106,87,0,107,1,112,145,152,101,163,97
121,104,94,1,54,4,110,7,149,103,49,95,150,156
48,90,119,85,108,89,1,105,1,93,147,154,47,161
1,40,46,52,6,56,1,91,9,151,57,51,158,39
64,50,88,42,83,65,32,61,55,33,155,41,159,45
38,44,62,67,34,8,58,11,153,59,53,31,37,160
0,66,36,86,60,81,63,30,1,26,35,157,43,22
73,72,69,68,21,84,10,80,13,16,29,24,162,0
0,1,75,74,79,78,23,14,28,0,164,0,20,0
0,71,70,19,0,12,82,15,0,27,18,0,0,0
0,0,0,77,76,17,0,25,0,0,0,166,0,0]]
----------
   Done (overall time 305.67 s).
