
-----------------------------------------
| 92| 51| 60| 59| 64| 63| 56| 67| 52| 70|
-----------------------------------------
| 47| 57| 90| 53| 58| 69| 66| 72| 35|  0|
-----------------------------------------
| 88|  3| 49| 62| 61|  2| 65| 54| 68| 50|
-----------------------------------------
| 34| 45| 55| 40| 71| 29|  1| 37| 74| 33|
-----------------------------------------
|  5| 86| 36| 27| 41| 42|  4| 31| 48|  0|
-----------------------------------------
| 26| 32| 43| 84| 38| 73| 39| 44| 18| 76|
-----------------------------------------
| 21|  7| 24| 30| 25| 82| 20|  6| 77| 46|
-----------------------------------------
| 87| 28| 23| 13| 22|  8| 75| 12| 78| 16|
-----------------------------------------
|  9| 19| 89| 83|  1| 15| 80| 79|  1|  0|
-----------------------------------------
|  0| 85| 11| 17| 91| 81| 10|  1| 14|  0|
-----------------------------------------

| n = 10 | k = 4 | coverage = 95, 95.0%
 Time 301.3
 Name 2_10x10_minizinc

