
-------------------------------------------------
| 74| 84| 83| 96| 95|100| 99| 92|103|  1|106| 69|
-------------------------------------------------
|  1| 66| 76| 86| 85| 94| 93|102|109| 71|105|126|
-------------------------------------------------
| 78| 72| 82| 81| 98| 97| 90|101| 91|104| 67|108|
-------------------------------------------------
| 64| 58| 68|  3| 88| 87| 77|111| 73|107|124|  0|
-------------------------------------------------
| 70| 80| 62|  1| 79| 37| 38| 89| 42|  1|110| 65|
-------------------------------------------------
| 60| 30| 56| 35|  5| 31| 44| 75|113| 63| 45|122|
-------------------------------------------------
| 26| 21| 22| 32| 46| 36| 39| 40| 47|112|  1| 61|
-------------------------------------------------
|  0| 54| 28|  2| 33|  7| 29|115|  8| 43|120|  1|
-------------------------------------------------
| 19| 24| 23| 20| 34| 48|  6| 41|114| 49| 59|121|
-------------------------------------------------
|  0|  1| 52| 15|  4| 27|  9| 10|117|123| 53|118|
-------------------------------------------------
|  0| 17| 18| 25| 50| 13| 14|  0| 51|116|119| 57|
-------------------------------------------------
|  1|  0|  0|  1| 16|  0|  0| 11| 12| 55|125|  0|
-------------------------------------------------

| n = 12 | k = 9 | coverage = 134, 93.05555555555556%
 Time 302.74
 Name 4_12x12_minizinc

