
-------------------------------------------------
|128|122| 28| 34| 24|  0|  1| 35|105| 19|  1|  0|
-------------------------------------------------
| 30| 36|130|124| 39| 33|107| 29|  1|101| 23| 17|
-------------------------------------------------
|120|126| 32| 26|109| 22| 37|103| 21| 27| 80| 99|
-------------------------------------------------
| 38|132|111| 41| 18| 77| 31| 45| 82| 88| 15| 25|
-------------------------------------------------
| 60|118| 16| 75|  1| 43| 20| 90| 72| 78| 97| 86|
-------------------------------------------------
| 14| 40| 62|113| 79| 44| 70| 76| 47| 84| 51| 13|
-------------------------------------------------
|116| 58| 73| 42| 64| 54| 92| 46| 68| 74|  1| 95|
-------------------------------------------------
| 71| 12|114| 56|115| 81| 66| 52| 94| 49| 11| 53|
-------------------------------------------------
|  0|  1|117| 10|112|  6|129| 83| 48| 55| 93|  3|
-------------------------------------------------
|119| 69|123|  4|127| 85| 50| 96|131|  5|102|  9|
-------------------------------------------------
|  0|  2| 65|  1|  8|110| 61| 87|100|106| 57| 91|
-------------------------------------------------
| 67|121|  1|125| 63|  0| 98|108| 59| 89|  7|104|
-------------------------------------------------

| n = 12 | k = 8 | coverage = 139, 96.52777777777777%
 Time 300.002
 Name 0_12x12_clingo

