
---------------------------------
|  3| 33|  1| 38| 43|  1| 44| 50|
---------------------------------
| 49| 36|  5|  1| 46| 40| 18|  0|
---------------------------------
| 35|  1| 31| 45|  7| 41| 48| 42|
---------------------------------
| 34| 47| 37|  1|  1| 16|  9| 20|
---------------------------------
| 19| 26| 32| 29| 39| 22|  8| 14|
---------------------------------
| 30| 27| 21| 24| 10|  1|  1| 11|
---------------------------------
|  1| 17| 28|  2| 23| 13| 12|  6|
---------------------------------
|  0|  1| 25| 15|  0|  4|  0|  0|
---------------------------------

| n = 8 | k = 10 | coverage = 59, 92.1875%
 Time 300.46
 Name 4_8x8_minizinc

