
-----------------------------------------
| 50| 56| 61| 68| 69| 75| 74| 79| 89|  0|
-----------------------------------------
| 59| 66| 48| 54| 63| 70| 67| 73| 76|  0|
-----------------------------------------
|  1| 52| 58|  1|  2| 71| 77| 72| 81| 87|
-----------------------------------------
| 32| 57| 64| 46| 31| 65| 35| 85|  3| 78|
-----------------------------------------
| 26| 60| 30|  4| 37|  1| 29| 19| 25| 83|
-----------------------------------------
| 55| 34| 24| 62| 44| 33| 23|  1| 80|  5|
-----------------------------------------
| 22| 28| 42| 39|  6| 43| 17| 27| 21| 84|
-----------------------------------------
| 36| 53| 16| 10| 15| 90|  0| 82|  7|  1|
-----------------------------------------
| 14| 20| 49| 40| 41|  8| 45| 11| 86|  1|
-----------------------------------------
| 51| 38| 12| 18| 47| 13| 88|  1|  0|  9|
-----------------------------------------

| n = 10 | k = 7 | coverage = 96, 96.0%
 Time 301.2
 Name 14_10x10_minizinc

