
---------------------------------------------------------
|176|170| 61|  6| 65|166| 52|  2|156|155|152|146|145|  0|
---------------------------------------------------------
| 59|  8|174|168| 47|  4| 67|164| 50|160|147|157|151|148|
---------------------------------------------------------
|172|  0| 53| 63|  1| 54| 49|158|137|154|153|150|144|143|
---------------------------------------------------------
| 10| 57|  3| 56| 51| 45| 26| 69|162| 48|139|149|159|  0|
---------------------------------------------------------
| 88| 58| 12| 55|  5|131|  9| 43| 28|135|  0|  0|141|142|
---------------------------------------------------------
| 14| 64| 90|  0|123| 24| 71|133| 46| 41| 30|169|  0|161|
---------------------------------------------------------
| 60| 86| 16| 22|129|  7|  0| 11|173|167| 44|163|140|  0|
---------------------------------------------------------
| 66| 92| 62|121| 18|125| 19| 73| 39| 32|171|  0| 42|136|
---------------------------------------------------------
| 84| 83| 20|127| 21|119|  0|175| 13|103|165|138| 36|  0|
---------------------------------------------------------
| 94| 68| 98| 81| 95| 17| 75|117| 99| 37| 34|105|134| 40|
---------------------------------------------------------
|100| 82| 85| 70| 77| 23| 97| 15|177|130|101| 38|  0|107|
---------------------------------------------------------
| 87| 96| 79| 93|106| 72|115| 29| 35|  0|114|132|118|124|
---------------------------------------------------------
| 80|102| 89|  0| 76|  0| 25|110|113| 31|128|122|109|  0|
---------------------------------------------------------
|  0|  0| 78|104| 91|108| 74| 33| 27|112|111|116|126|120|
---------------------------------------------------------

| n = 14 | k = 9 | coverage = 185, 94.38775510204081%
 Time 300.0
 Name 16_14x14_clingo

