
-----------------------------------------
| 52| 58|  1| 59| 68| 67| 72| 71| 76| 75|
-----------------------------------------
| 55| 61| 54| 60|  1|  1| 78| 77| 83|  0|
-----------------------------------------
| 56| 50| 57| 66| 65| 70| 69| 74| 73| 79|
-----------------------------------------
|  0| 53| 63| 28| 62| 80| 27| 81|  1|  1|
-----------------------------------------
| 48| 26| 64| 23| 32|  1| 33| 18| 29| 14|
-----------------------------------------
| 51| 36| 30| 24| 11| 25| 82| 12| 35|  0|
-----------------------------------------
|  1| 46| 49| 34| 21|  2| 20| 31| 16|  0|
-----------------------------------------
| 47|  1| 38| 13| 22|  9| 10| 84|  6| 37|
-----------------------------------------
| 44| 15|  5| 43| 40| 19|  4| 39|  1|  0|
-----------------------------------------
|  3| 45| 42| 17|  7| 41|  0|  8|  0|  0|
-----------------------------------------

| n = 10 | k = 9 | coverage = 92, 92.0%
 Time 301.18
 Name 5_10x10_minizinc

